=== Suite started at 2016-03-25 12:01:44
=== Starting test, 5 test cases
=cases         5
=user          travis
=host          testing-gce-faded0c4-e7b2-4703-8583-2fdc7dc5050a
=hosts         testing-gce-faded0c4-e7b2-4703-8583-2fdc7dc5050a 
=emulator_vsn  6.4
=emulator      beam
=otp_release   17
=started       2016-03-25 12:01:44
=case          metrics_session_SUITE:init_per_suite
=logfile       metrics_session_suite.init_per_suite.html
=started       2016-03-25 12:01:44
=ended         2016-03-25 12:01:44
=result        ok
=elapsed       0.00185
=case          metrics_session_SUITE:init_per_group
=logfile       metrics_session_suite.init_per_group.html
=group_props   [{name,session},sequence]
=started       2016-03-25 12:01:44
=ended         2016-03-25 12:01:45
=result        failed: {failed_to_register,
                           [{escalus_users,verify_creation,1,
                                [{file,"src/escalus_users.erl"},{line,268}]},
                            {lists,foreach,2,[{file,"lists.erl"},{line,1336}]},
                            {escalus_users,create_users_via_xmpp,2,
                                [{file,"src/escalus_users.erl"},{line,100}]},
                            {test_server,ts_tc,3,
                                [{file,"test_server.erl"},{line,1429}]},
                            {test_server,run_test_case_eval1,6,
                                [{file,"test_server.erl"},{line,1099}]},
                            {test_server,run_test_case_eval,9,
                                [{file,"test_server.erl"},{line,968}]}]}, [{escalus_users,
                                                                            verify_creation,
                                                                            268},
                                                                           {lists,
                                                                            foreach,
                                                                            1336},
                                                                           {escalus_users,
                                                                            create_users_via_xmpp,
                                                                            100},
                                                                           {test_server,
                                                                            ts_tc,
                                                                            1429},
                                                                           {test_server,
                                                                            run_test_case_eval1,
                                                                            1099},
                                                                           {test_server,
                                                                            run_test_case_eval,
                                                                            968}]
=== *** FAILED {metrics_session_SUITE,init_per_group} ***
=== 
=case          metrics_session_SUITE:login_one
=group_props   [{name,"session"}]
=started       2016-03-25 12:01:45
=result        auto_skipped: init_per_group failed
=== *** Skipping test case #1 {metrics_session_SUITE,login_one} ***
=== 
=case          metrics_session_SUITE:login_many
=group_props   [{name,"session"}]
=started       2016-03-25 12:01:45
=result        auto_skipped: init_per_group failed
=== *** Skipping test case #2 {metrics_session_SUITE,login_many} ***
=== 
=case          metrics_session_SUITE:auth_failed
=group_props   [{name,"session"}]
=started       2016-03-25 12:01:45
=result        auto_skipped: init_per_group failed
=== *** Skipping test case #3 {metrics_session_SUITE,auth_failed} ***
=== 
=case          metrics_session_SUITE:end_per_group
=group_props   [{name,"session"}]
=started       2016-03-25 12:01:45
=result        auto_skipped: init_per_group failed
=== *** Skipping {metrics_session_SUITE,end_per_group} ***
=case          metrics_session_SUITE:init_per_group
=logfile       metrics_session_suite.init_per_group.907305.534.html
=group_props   [{name,session_global},sequence]
=started       2016-03-25 12:01:45
=ended         2016-03-25 12:01:46
=result        failed: {failed_to_register,
                           [{escalus_users,verify_creation,1,
                                [{file,"src/escalus_users.erl"},{line,268}]},
                            {lists,foreach,2,[{file,"lists.erl"},{line,1336}]},
                            {escalus_users,create_users_via_xmpp,2,
                                [{file,"src/escalus_users.erl"},{line,100}]},
                            {test_server,ts_tc,3,
                                [{file,"test_server.erl"},{line,1429}]},
                            {test_server,run_test_case_eval1,6,
                                [{file,"test_server.erl"},{line,1099}]},
                            {test_server,run_test_case_eval,9,
                                [{file,"test_server.erl"},{line,968}]}]}, [{escalus_users,
                                                                            verify_creation,
                                                                            268},
                                                                           {lists,
                                                                            foreach,
                                                                            1336},
                                                                           {escalus_users,
                                                                            create_users_via_xmpp,
                                                                            100},
                                                                           {test_server,
                                                                            ts_tc,
                                                                            1429},
                                                                           {test_server,
                                                                            run_test_case_eval1,
                                                                            1099},
                                                                           {test_server,
                                                                            run_test_case_eval,
                                                                            968}]
=== *** FAILED {metrics_session_SUITE,init_per_group} ***
=== 
=case          metrics_session_SUITE:session_global
=group_props   [{name,"session_global"}]
=started       2016-03-25 12:01:46
=result        auto_skipped: init_per_group failed
=== *** Skipping test case #4 {metrics_session_SUITE,session_global} ***
=== 
=case          metrics_session_SUITE:session_unique
=group_props   [{name,"session_global"}]
=started       2016-03-25 12:01:46
=result        auto_skipped: init_per_group failed
=== *** Skipping test case #5 {metrics_session_SUITE,session_unique} ***
=== 
=case          metrics_session_SUITE:end_per_group
=group_props   [{name,"session_global"}]
=started       2016-03-25 12:01:46
=result        auto_skipped: init_per_group failed
=== *** Skipping {metrics_session_SUITE,end_per_group} ***
=case          metrics_session_SUITE:end_per_suite
=logfile       metrics_session_suite.end_per_suite.html
=started       2016-03-25 12:01:46
=ended         2016-03-25 12:01:46
=result        ok
=elapsed       0.001283
=group_time    1.117s
=== TEST COMPLETE, 0 ok, 0 failed, 5 skipped of 5 test cases

=finished      2016-03-25 12:01:46
=failed        0
=successful    0
=user_skipped  0
=auto_skipped  5
