=== Suite started at 2016-04-06 17:57:16
=== Starting test, 27 test cases
=cases         27
=user          travis
=host          testing-gce-402bb558-83e9-406b-b92a-ce1af48dc89b
=hosts         testing-gce-402bb558-83e9-406b-b92a-ce1af48dc89b 
=emulator_vsn  6.4
=emulator      beam
=otp_release   17
=started       2016-04-06 17:57:16
=case          connect_SUITE:init_per_suite
=logfile       connect_suite.init_per_suite.html
=started       2016-04-06 17:57:16
=ended         2016-04-06 17:57:16
=result        ok
=elapsed       0.025003
=case          connect_SUITE:init_per_group
=logfile       connect_suite.init_per_group.html
=group_props   [{name,c2s_noproc}]
=started       2016-04-06 17:57:16
=ended         2016-04-06 17:57:16
=result        ok
=elapsed       1.0e-6
=case          connect_SUITE:reset_stream_noproc
=logfile       connect_suite.reset_stream_noproc.html
=started       2016-04-06 17:57:16
=ended         2016-04-06 17:57:16
=result        failed: {{badmatch,false},
                        [{escalus_utils,make_jid,1,
                             [{file,"src/escalus_utils.erl"},{line,150}]},
                         {escalus_connection,start,2,
                             [{file,"src/escalus_connection.erl"},{line,109}]},
                         {connect_SUITE,reset_stream_noproc,1,
                             [{file,"connect_SUITE.erl"},{line,280}]},
                         {test_server,ts_tc,3,
                             [{file,"test_server.erl"},{line,1429}]},
                         {test_server,run_test_case_eval1,6,
                             [{file,"test_server.erl"},{line,1026}]},
                         {test_server,run_test_case_eval,9,
                             [{file,"test_server.erl"},{line,968}]}]}, [{escalus_utils,
                                                                         make_jid,
                                                                         150},
                                                                        {escalus_connection,
                                                                         start,
                                                                         109},
                                                                        {connect_SUITE,
                                                                         reset_stream_noproc,
                                                                         280},
                                                                        {test_server,
                                                                         ts_tc,
                                                                         1429},
                                                                        {test_server,
                                                                         run_test_case_eval1,
                                                                         1026},
                                                                        {test_server,
                                                                         run_test_case_eval,
                                                                         968}]
=== *** FAILED test case 1 of 27 ***
=case          connect_SUITE:starttls_noproc
=logfile       connect_suite.starttls_noproc.html
=started       2016-04-06 17:57:16
=ended         2016-04-06 17:57:16
=result        failed: {{badmatch,false},
                        [{escalus_utils,make_jid,1,
                             [{file,"src/escalus_utils.erl"},{line,150}]},
                         {escalus_connection,start,2,
                             [{file,"src/escalus_connection.erl"},{line,109}]},
                         {connect_SUITE,starttls_noproc,1,
                             [{file,"connect_SUITE.erl"},{line,310}]},
                         {test_server,ts_tc,3,
                             [{file,"test_server.erl"},{line,1429}]},
                         {test_server,run_test_case_eval1,6,
                             [{file,"test_server.erl"},{line,1026}]},
                         {test_server,run_test_case_eval,9,
                             [{file,"test_server.erl"},{line,968}]}]}, [{escalus_utils,
                                                                         make_jid,
                                                                         150},
                                                                        {escalus_connection,
                                                                         start,
                                                                         109},
                                                                        {connect_SUITE,
                                                                         starttls_noproc,
                                                                         310},
                                                                        {test_server,
                                                                         ts_tc,
                                                                         1429},
                                                                        {test_server,
                                                                         run_test_case_eval1,
                                                                         1026},
                                                                        {test_server,
                                                                         run_test_case_eval,
                                                                         968}]
=== *** FAILED test case 2 of 27 ***
=case          connect_SUITE:compress_noproc
=logfile       connect_suite.compress_noproc.html
=started       2016-04-06 17:57:16
=ended         2016-04-06 17:57:16
=result        failed: {{badmatch,false},
                        [{escalus_utils,make_jid,1,
                             [{file,"src/escalus_utils.erl"},{line,150}]},
                         {escalus_connection,start,2,
                             [{file,"src/escalus_connection.erl"},{line,109}]},
                         {connect_SUITE,compress_noproc,1,
                             [{file,"connect_SUITE.erl"},{line,340}]},
                         {test_server,ts_tc,3,
                             [{file,"test_server.erl"},{line,1429}]},
                         {test_server,run_test_case_eval1,6,
                             [{file,"test_server.erl"},{line,1026}]},
                         {test_server,run_test_case_eval,9,
                             [{file,"test_server.erl"},{line,968}]}]}, [{escalus_utils,
                                                                         make_jid,
                                                                         150},
                                                                        {escalus_connection,
                                                                         start,
                                                                         109},
                                                                        {connect_SUITE,
                                                                         compress_noproc,
                                                                         340},
                                                                        {test_server,
                                                                         ts_tc,
                                                                         1429},
                                                                        {test_server,
                                                                         run_test_case_eval1,
                                                                         1026},
                                                                        {test_server,
                                                                         run_test_case_eval,
                                                                         968}]
=== *** FAILED test case 3 of 27 ***
=case          connect_SUITE:end_per_group
=logfile       connect_suite.end_per_group.html
=group_props   [{name,c2s_noproc}]
=started       2016-04-06 17:57:16
=ended         2016-04-06 17:57:16
=result        ok
=elapsed       1.0e-6
=group_time    0.114s
=case          connect_SUITE:init_per_group
=logfile       connect_suite.init_per_group.965436.992.html
=group_props   [{name,negative}]
=started       2016-04-06 17:57:16
=ended         2016-04-06 17:57:17
=result        ok
=elapsed       1.0e-6
=case          connect_SUITE:bad_xml
=logfile       connect_suite.bad_xml.html
=started       2016-04-06 17:57:17
=ended         2016-04-06 17:57:17
=result        failed: {{badmatch,false},
                        [{escalus_utils,make_jid,1,
                             [{file,"src/escalus_utils.erl"},{line,150}]},
                         {escalus_connection,start,2,
                             [{file,"src/escalus_connection.erl"},{line,109}]},
                         {connect_SUITE,connect_with_bad_xml,1,
                             [{file,"connect_SUITE.erl"},{line,547}]},
                         {connect_SUITE,bad_xml,1,
                             [{file,"connect_SUITE.erl"},{line,154}]},
                         {test_server,ts_tc,3,
                             [{file,"test_server.erl"},{line,1429}]},
                         {test_server,run_test_case_eval1,6,
                             [{file,"test_server.erl"},{line,1026}]},
                         {test_server,run_test_case_eval,9,
                             [{file,"test_server.erl"},{line,968}]}]}, [{escalus_utils,
                                                                         make_jid,
                                                                         150},
                                                                        {escalus_connection,
                                                                         start,
                                                                         109},
                                                                        {connect_SUITE,
                                                                         connect_with_bad_xml,
                                                                         547},
                                                                        {connect_SUITE,
                                                                         bad_xml,
                                                                         154},
                                                                        {test_server,
                                                                         ts_tc,
                                                                         1429},
                                                                        {test_server,
                                                                         run_test_case_eval1,
                                                                         1026},
                                                                        {test_server,
                                                                         run_test_case_eval,
                                                                         968}]
=== *** FAILED test case 4 of 27 ***
=case          connect_SUITE:invalid_host
=logfile       connect_suite.invalid_host.html
=started       2016-04-06 17:57:17
=ended         2016-04-06 17:57:17
=result        failed: {{badmatch,false},
                        [{escalus_utils,make_jid,1,
                             [{file,"src/escalus_utils.erl"},{line,150}]},
                         {escalus_connection,start,2,
                             [{file,"src/escalus_connection.erl"},{line,109}]},
                         {connect_SUITE,connect_to_invalid_host,1,
                             [{file,"connect_SUITE.erl"},{line,538}]},
                         {connect_SUITE,invalid_host,1,
                             [{file,"connect_SUITE.erl"},{line,166}]},
                         {test_server,ts_tc,3,
                             [{file,"test_server.erl"},{line,1429}]},
                         {test_server,run_test_case_eval1,6,
                             [{file,"test_server.erl"},{line,1026}]},
                         {test_server,run_test_case_eval,9,
                             [{file,"test_server.erl"},{line,968}]}]}, [{escalus_utils,
                                                                         make_jid,
                                                                         150},
                                                                        {escalus_connection,
                                                                         start,
                                                                         109},
                                                                        {connect_SUITE,
                                                                         connect_to_invalid_host,
                                                                         538},
                                                                        {connect_SUITE,
                                                                         invalid_host,
                                                                         166},
                                                                        {test_server,
                                                                         ts_tc,
                                                                         1429},
                                                                        {test_server,
                                                                         run_test_case_eval1,
                                                                         1026},
                                                                        {test_server,
                                                                         run_test_case_eval,
                                                                         968}]
=== *** FAILED test case 5 of 27 ***
=case          connect_SUITE:invalid_stream_namespace
=logfile       connect_suite.invalid_stream_namespace.html
=started       2016-04-06 17:57:17
=ended         2016-04-06 17:57:17
=result        failed: {{badmatch,false},
                        [{escalus_utils,make_jid,1,
                             [{file,"src/escalus_utils.erl"},{line,150}]},
                         {escalus_connection,start,2,
                             [{file,"src/escalus_connection.erl"},{line,109}]},
                         {connect_SUITE,
                             connect_with_invalid_stream_namespace,1,
                             [{file,"connect_SUITE.erl"},{line,560}]},
                         {connect_SUITE,invalid_stream_namespace,1,
                             [{file,"connect_SUITE.erl"},{line,178}]},
                         {test_server,ts_tc,3,
                             [{file,"test_server.erl"},{line,1429}]},
                         {test_server,run_test_case_eval1,6,
                             [{file,"test_server.erl"},{line,1026}]},
                         {test_server,run_test_case_eval,9,
                             [{file,"test_server.erl"},{line,968}]}]}, [{escalus_utils,
                                                                         make_jid,
                                                                         150},
                                                                        {escalus_connection,
                                                                         start,
                                                                         109},
                                                                        {connect_SUITE,
                                                                         connect_with_invalid_stream_namespace,
                                                                         560},
                                                                        {connect_SUITE,
                                                                         invalid_stream_namespace,
                                                                         178},
                                                                        {test_server,
                                                                         ts_tc,
                                                                         1429},
                                                                        {test_server,
                                                                         run_test_case_eval1,
                                                                         1026},
                                                                        {test_server,
                                                                         run_test_case_eval,
                                                                         968}]
=== *** FAILED test case 6 of 27 ***
=case          connect_SUITE:end_per_group
=logfile       connect_suite.end_per_group.965437.107.html
=group_props   [{name,negative}]
=started       2016-04-06 17:57:17
=ended         2016-04-06 17:57:17
=result        ok
=elapsed       1.0e-6
=group_time    0.115s
=case          connect_SUITE:init_per_group
=logfile       connect_suite.init_per_group.965437.133.html
=group_props   [{name,pre_xmpp_1_0}]
=started       2016-04-06 17:57:17
=ended         2016-04-06 17:57:17
=result        ok
=elapsed       7.0e-6
=case          connect_SUITE:pre_xmpp_1_0_stream
=logfile       connect_suite.pre_xmpp_1_0_stream.html
=started       2016-04-06 17:57:17
=ended         2016-04-06 17:57:17
=result        failed: {{badmatch,false},
                        [{escalus_utils,make_jid,1,
                             [{file,"src/escalus_utils.erl"},{line,150}]},
                         {escalus_connection,start,2,
                             [{file,"src/escalus_connection.erl"},{line,109}]},
                         {connect_SUITE,pre_xmpp_1_0_stream,1,
                             [{file,"connect_SUITE.erl"},{line,193}]},
                         {test_server,ts_tc,3,
                             [{file,"test_server.erl"},{line,1429}]},
                         {test_server,run_test_case_eval1,6,
                             [{file,"test_server.erl"},{line,1026}]},
                         {test_server,run_test_case_eval,9,
                             [{file,"test_server.erl"},{line,968}]}]}, [{escalus_utils,
                                                                         make_jid,
                                                                         150},
                                                                        {escalus_connection,
                                                                         start,
                                                                         109},
                                                                        {connect_SUITE,
                                                                         pre_xmpp_1_0_stream,
                                                                         193},
                                                                        {test_server,
                                                                         ts_tc,
                                                                         1429},
                                                                        {test_server,
                                                                         run_test_case_eval1,
                                                                         1026},
                                                                        {test_server,
                                                                         run_test_case_eval,
                                                                         968}]
=== *** FAILED test case 7 of 27 ***
=case          connect_SUITE:end_per_group
=logfile       connect_suite.end_per_group.965437.188.html
=group_props   [{name,pre_xmpp_1_0}]
=started       2016-04-06 17:57:17
=ended         2016-04-06 17:57:17
=result        ok
=elapsed       1.0e-6
=group_time    0.054s
=case          connect_SUITE:init_per_group
=logfile       connect_suite.init_per_group.965437.216.html
=group_props   [{name,starttls}]
=started       2016-04-06 17:57:17
=ended         2016-04-06 17:57:23
=result        ok
=elapsed       5.972549
=case          connect_SUITE:should_pass_with_tlsv1
=logfile       connect_suite.should_pass_with_tlsv1.html
=started       2016-04-06 17:57:23
=ended         2016-04-06 17:57:23
=result        ok
=elapsed       0.241326
=case          connect_SUITE:'should_pass_with_tlsv1.1'
=logfile       connect_suite.'should_pass_with_tlsv1.1'.html
=started       2016-04-06 17:57:23
=ended         2016-04-06 17:57:23
=result        ok
=elapsed       0.240409
=case          connect_SUITE:'should_pass_with_tlsv1.2'
=logfile       connect_suite.'should_pass_with_tlsv1.2'.html
=started       2016-04-06 17:57:23
=ended         2016-04-06 17:57:24
=result        ok
=elapsed       0.243367
=case          connect_SUITE:should_fail_with_sslv3
=logfile       connect_suite.should_fail_with_sslv3.html
=started       2016-04-06 17:57:24
=ended         2016-04-06 17:57:24
=result        ok
=elapsed       0.028422
=case          connect_SUITE:should_fail_to_authenticate_without_starttls
=logfile       connect_suite.should_fail_to_authenticate_without_starttls.html
=started       2016-04-06 17:57:24
=ended         2016-04-06 17:57:24
=result        failed: {{badmatch,false},
                        [{escalus_utils,make_jid,1,
                             [{file,"src/escalus_utils.erl"},{line,150}]},
                         {escalus_connection,start,2,
                             [{file,"src/escalus_connection.erl"},{line,109}]},
                         {connect_SUITE,start_stream_with_compression,1,
                             [{file,"connect_SUITE.erl"},{line,533}]},
                         {connect_SUITE,
                             should_fail_to_authenticate_without_starttls,1,
                             [{file,"connect_SUITE.erl"},{line,232}]},
                         {test_server,ts_tc,3,
                             [{file,"test_server.erl"},{line,1429}]},
                         {test_server,run_test_case_eval1,6,
                             [{file,"test_server.erl"},{line,1026}]},
                         {test_server,run_test_case_eval,9,
                             [{file,"test_server.erl"},{line,968}]}]}, [{escalus_utils,
                                                                         make_jid,
                                                                         150},
                                                                        {escalus_connection,
                                                                         start,
                                                                         109},
                                                                        {connect_SUITE,
                                                                         start_stream_with_compression,
                                                                         533},
                                                                        {connect_SUITE,
                                                                         should_fail_to_authenticate_without_starttls,
                                                                         232},
                                                                        {test_server,
                                                                         ts_tc,
                                                                         1429},
                                                                        {test_server,
                                                                         run_test_case_eval1,
                                                                         1026},
                                                                        {test_server,
                                                                         run_test_case_eval,
                                                                         968}]
=== *** FAILED test case 12 of 27 ***
=case          connect_SUITE:should_not_send_other_features_with_starttls_required
=logfile       connect_suite.should_not_send_other_features_with_starttls_required.html
=started       2016-04-06 17:57:24
=ended         2016-04-06 17:57:24
=result        failed: {{badmatch,false},
                        [{escalus_utils,make_jid,1,
                             [{file,"src/escalus_utils.erl"},{line,150}]},
                         {escalus_connection,start,2,
                             [{file,"src/escalus_connection.erl"},{line,109}]},
                         {connect_SUITE,
                             should_not_send_other_features_with_starttls_required,
                             1,
                             [{file,"connect_SUITE.erl"},{line,249}]},
                         {test_server,ts_tc,3,
                             [{file,"test_server.erl"},{line,1429}]},
                         {test_server,run_test_case_eval1,6,
                             [{file,"test_server.erl"},{line,1026}]},
                         {test_server,run_test_case_eval,9,
                             [{file,"test_server.erl"},{line,968}]}]}, [{escalus_utils,
                                                                         make_jid,
                                                                         150},
                                                                        {escalus_connection,
                                                                         start,
                                                                         109},
                                                                        {connect_SUITE,
                                                                         should_not_send_other_features_with_starttls_required,
                                                                         249},
                                                                        {test_server,
                                                                         ts_tc,
                                                                         1429},
                                                                        {test_server,
                                                                         run_test_case_eval1,
                                                                         1026},
                                                                        {test_server,
                                                                         run_test_case_eval,
                                                                         968}]
=== *** FAILED test case 13 of 27 ***
=case          connect_SUITE:end_per_group
=logfile       connect_suite.end_per_group.965444.144.html
=group_props   [{name,starttls}]
=started       2016-04-06 17:57:24
=ended         2016-04-06 17:57:24
=result        ok
=elapsed       1.0e-6
=group_time    6.929s
=case          connect_SUITE:init_per_group
=logfile       connect_suite.init_per_group.965444.171.html
=group_props   [{name,feature_order},parallel]
=started       2016-04-06 17:57:24
=ended         2016-04-06 17:57:30
=result        ok
=elapsed       5.935221
=case          connect_SUITE:stream_features_test
=logfile       connect_suite.stream_features_test.965450.136.html
=started       2016-04-06 17:57:30
=ended         2016-04-06 17:57:30
=result        failed: {{badmatch,false},
                        [{escalus_utils,make_jid,1,
                             [{file,"src/escalus_utils.erl"},{line,150}]},
                         {escalus_connection,start,2,
                             [{file,"src/escalus_connection.erl"},{line,109}]},
                         {connect_SUITE,stream_features_test,1,
                             [{file,"connect_SUITE.erl"},{line,370}]},
                         {test_server,ts_tc,3,
                             [{file,"test_server.erl"},{line,1429}]},
                         {test_server,run_test_case_eval1,6,
                             [{file,"test_server.erl"},{line,1026}]},
                         {test_server,run_test_case_eval,9,
                             [{file,"test_server.erl"},{line,968}]}]}, [{escalus_utils,
                                                                         make_jid,
                                                                         150},
                                                                        {escalus_connection,
                                                                         start,
                                                                         109},
                                                                        {connect_SUITE,
                                                                         stream_features_test,
                                                                         370},
                                                                        {test_server,
                                                                         ts_tc,
                                                                         1429},
                                                                        {test_server,
                                                                         run_test_case_eval1,
                                                                         1026},
                                                                        {test_server,
                                                                         run_test_case_eval,
                                                                         968}]
=== *** FAILED test case 14 of 27 ***
=case          connect_SUITE:tls_authenticate
=logfile       connect_suite.tls_authenticate.965450.148.html
=started       2016-04-06 17:57:30
=ended         2016-04-06 17:57:30
=result        failed: {{badmatch,false},
                        [{escalus_utils,make_jid,1,
                             [{file,"src/escalus_utils.erl"},{line,150}]},
                         {escalus_connection,start,2,
                             [{file,"src/escalus_connection.erl"},{line,109}]},
                         {connect_SUITE,tls_authenticate,1,
                             [{file,"connect_SUITE.erl"},{line,432}]},
                         {test_server,ts_tc,3,
                             [{file,"test_server.erl"},{line,1429}]},
                         {test_server,run_test_case_eval1,6,
                             [{file,"test_server.erl"},{line,1026}]},
                         {test_server,run_test_case_eval,9,
                             [{file,"test_server.erl"},{line,968}]}]}, [{escalus_utils,
                                                                         make_jid,
                                                                         150},
                                                                        {escalus_connection,
                                                                         start,
                                                                         109},
                                                                        {connect_SUITE,
                                                                         tls_authenticate,
                                                                         432},
                                                                        {test_server,
                                                                         ts_tc,
                                                                         1429},
                                                                        {test_server,
                                                                         run_test_case_eval1,
                                                                         1026},
                                                                        {test_server,
                                                                         run_test_case_eval,
                                                                         968}]
=== *** FAILED test case 15 of 27 ***
=case          connect_SUITE:tls_compression_fail
=logfile       connect_suite.tls_compression_fail.965450.138.html
=started       2016-04-06 17:57:30
=ended         2016-04-06 17:57:30
=result        ok
=elapsed       0.180758
=case          connect_SUITE:tls_compression_authenticate_fail
=logfile       connect_suite.tls_compression_authenticate_fail.965450.144.html
=started       2016-04-06 17:57:30
=ended         2016-04-06 17:57:30
=result        ok
=elapsed       0.1767
=case          connect_SUITE:tls_authenticate_compression
=logfile       connect_suite.tls_authenticate_compression.965450.140.html
=started       2016-04-06 17:57:30
=ended         2016-04-06 17:57:30
=result        failed: {{badmatch,false},
                        [{escalus_utils,make_jid,1,
                             [{file,"src/escalus_utils.erl"},{line,150}]},
                         {escalus_connection,start,2,
                             [{file,"src/escalus_connection.erl"},{line,109}]},
                         {connect_SUITE,tls_authenticate_compression,1,
                             [{file,"connect_SUITE.erl"},{line,419}]},
                         {test_server,ts_tc,3,
                             [{file,"test_server.erl"},{line,1429}]},
                         {test_server,run_test_case_eval1,6,
                             [{file,"test_server.erl"},{line,1026}]},
                         {test_server,run_test_case_eval,9,
                             [{file,"test_server.erl"},{line,968}]}]}, [{escalus_utils,
                                                                         make_jid,
                                                                         150},
                                                                        {escalus_connection,
                                                                         start,
                                                                         109},
                                                                        {connect_SUITE,
                                                                         tls_authenticate_compression,
                                                                         419},
                                                                        {test_server,
                                                                         ts_tc,
                                                                         1429},
                                                                        {test_server,
                                                                         run_test_case_eval1,
                                                                         1026},
                                                                        {test_server,
                                                                         run_test_case_eval,
                                                                         968}]
=== *** FAILED test case 18 of 27 ***
=case          connect_SUITE:auth_compression_bind_session
=logfile       connect_suite.auth_compression_bind_session.965450.142.html
=started       2016-04-06 17:57:30
=ended         2016-04-06 17:57:30
=result        ok
=elapsed       0.351227
=case          connect_SUITE:auth_bind_compression_session
=logfile       connect_suite.auth_bind_compression_session.965450.146.html
=started       2016-04-06 17:57:30
=ended         2016-04-06 17:57:30
=result        ok
=elapsed       0.358522
=case          connect_SUITE:end_per_group
=logfile       connect_suite.end_per_group.965450.570.html
=group_props   [{name,feature_order},parallel]
=started       2016-04-06 17:57:30
=ended         2016-04-06 17:57:30
=result        ok
=elapsed       0.098735
=group_time    6.399s
=case          connect_SUITE:init_per_group
=logfile       connect_suite.init_per_group.965450.695.html
=group_props   [{name,tls}]
=started       2016-04-06 17:57:30
=ended         2016-04-06 17:57:36
=result        ok
=elapsed       5.960934
=case          connect_SUITE:should_pass_with_tlsv1
=logfile       connect_suite.should_pass_with_tlsv1.965456.683.html
=started       2016-04-06 17:57:36
=ended         2016-04-06 17:57:36
=result        ok
=elapsed       0.225771
=case          connect_SUITE:'should_pass_with_tlsv1.1'
=logfile       connect_suite.'should_pass_with_tlsv1.1'.965456.935.html
=started       2016-04-06 17:57:36
=ended         2016-04-06 17:57:37
=result        ok
=elapsed       0.225567
=case          connect_SUITE:'should_pass_with_tlsv1.2'
=logfile       connect_suite.'should_pass_with_tlsv1.2'.965457.188.html
=started       2016-04-06 17:57:37
=ended         2016-04-06 17:57:37
=result        ok
=elapsed       0.224995
=case          connect_SUITE:end_per_group
=logfile       connect_suite.end_per_group.965457.439.html
=group_props   [{name,tls}]
=started       2016-04-06 17:57:37
=ended         2016-04-06 17:57:37
=result        ok
=elapsed       1.0e-6
=group_time    6.744s
=case          connect_SUITE:init_per_group
=logfile       connect_suite.init_per_group.965457.466.html
=group_props   [{name,ciphers_default}]
=started       2016-04-06 17:57:37
=ended         2016-04-06 17:57:43
=result        ok
=elapsed       5.908861
=case          connect_SUITE:clients_can_connect_with_advertised_ciphers
=logfile       connect_suite.clients_can_connect_with_advertised_ciphers.html
=started       2016-04-06 17:57:43
=ended         2016-04-06 17:57:44
=result        ok
=elapsed       0.827699
=case          connect_SUITE:'clients_can_connect_with_DHE-RSA-AES256-SHA'
=logfile       connect_suite.'clients_can_connect_with_dhe-rsa-aes256-sha'.html
=started       2016-04-06 17:57:44
=ended         2016-04-06 17:57:45
=result        ok
=elapsed       0.825629
=case          connect_SUITE:'clients_can_connect_with_DHE-RSA-AES128-SHA'
=logfile       connect_suite.'clients_can_connect_with_dhe-rsa-aes128-sha'.html
=started       2016-04-06 17:57:45
=ended         2016-04-06 17:57:45
=result        ok
=elapsed       0.802623
=case          connect_SUITE:end_per_group
=logfile       connect_suite.end_per_group.965465.944.html
=group_props   [{name,ciphers_default}]
=started       2016-04-06 17:57:45
=ended         2016-04-06 17:57:45
=result        ok
=elapsed       1.0e-6
=group_time    8.478s
=case          connect_SUITE:init_per_group
=logfile       connect_suite.init_per_group.965465.972.html
=group_props   [{name,'node2_supports_DHE-RSA-AES256-SHA_only'}]
=started       2016-04-06 17:57:45
=ended         2016-04-06 17:57:45
=result        ok
=elapsed       1.0e-6
=case          connect_SUITE:'clients_can_connect_with_DHE-RSA-AES256-SHA_only'
=logfile       connect_suite.'clients_can_connect_with_dhe-rsa-aes256-sha_only'.html
=started       2016-04-06 17:57:45
=ended         2016-04-06 17:57:46
=result        ok
=elapsed       0.720892
=case          connect_SUITE:end_per_group
=logfile       connect_suite.end_per_group.965466.746.html
=group_props   [{name,'node2_supports_DHE-RSA-AES256-SHA_only'}]
=started       2016-04-06 17:57:46
=ended         2016-04-06 17:57:46
=result        ok
=elapsed       1.0e-6
=group_time    0.774s
=case          connect_SUITE:end_per_suite
=logfile       connect_suite.end_per_suite.html
=started       2016-04-06 17:57:46
=ended         2016-04-06 17:57:54
=result        ok
=elapsed       7.496996
=group_time    29.990s
=== TEST COMPLETE, 15 ok, 12 failed of 27 test cases

=finished      2016-04-06 17:57:54
=failed        12
=successful    15
=user_skipped  0
=auto_skipped  0
