=== Suite started at 2016-04-12 21:54:13
=== Starting test, 21 test cases
=cases         21
=user          travis
=host          testing-gce-c6b2947f-c4cf-447e-8fb1-0fada03b19b0
=hosts         testing-gce-c6b2947f-c4cf-447e-8fb1-0fada03b19b0 
=emulator_vsn  6.4
=emulator      beam
=otp_release   17
=started       2016-04-12 21:54:13
=case          vcard_SUITE:init_per_suite
=logfile       vcard_suite.init_per_suite.html
=started       2016-04-12 21:54:13
=ended         2016-04-12 21:54:15
=result        ok
=elapsed       1.048183
=case          vcard_SUITE:init_per_group
=logfile       vcard_suite.init_per_group.html
=group_props   [{name,rw},sequence]
=started       2016-04-12 21:54:15
=ended         2016-04-12 21:54:15
=result        ok
=elapsed       0.068295
=case          vcard_SUITE:update_own_card
=logfile       vcard_suite.update_own_card.html
=started       2016-04-12 21:54:15
=ended         2016-04-12 21:54:16
=result        failed: {timeout_when_waiting_for_stanza,
                           [{escalus_client,wait_for_stanza,
                                [{client,<<"alicE@localhost/res1">>,
                                     escalus_tcp,#Port<0.30760>,false,false,
                                     <0.30595.0>,
                                     [{event_manager,<0.30593.0>},
                                      {server,<<"localhost">>},
                                      {username,<<"alicE">>},
                                      {resource,<<"res1">>}]},
                                 1000],
                                [{file,"src/escalus_client.erl"},{line,119}]},
                            {vcard_SUITE,'-do_update_own_card/1-fun-0-',1,
                                [{file,"vcard_SUITE.erl"},{line,182}]},
                            {escalus_story,story,3,
                                [{file,"src/escalus_story.erl"},{line,40}]},
                            {test_server,ts_tc,3,
                                [{file,"test_server.erl"},{line,1429}]},
                            {test_server,run_test_case_eval1,6,
                                [{file,"test_server.erl"},{line,1026}]},
                            {test_server,run_test_case_eval,9,
                                [{file,"test_server.erl"},{line,968}]}]}, [{escalus_client,
                                                                            wait_for_stanza,
                                                                            119},
                                                                           {vcard_SUITE,
                                                                            '-do_update_own_card/1-fun-0-',
                                                                            182},
                                                                           {escalus_story,
                                                                            story,
                                                                            40},
                                                                           {test_server,
                                                                            ts_tc,
                                                                            1429},
                                                                           {test_server,
                                                                            run_test_case_eval1,
                                                                            1026},
                                                                           {test_server,
                                                                            run_test_case_eval,
                                                                            968}]
=== *** FAILED test case 1 of 21 ***
=case          vcard_SUITE:end_per_group
=logfile       vcard_suite.end_per_group.html
=group_props   [{name,rw},sequence]
=started       2016-04-12 21:54:16
=ended         2016-04-12 21:54:16
=result        ok
=elapsed       0.001313
=group_time    1.393s
=case          vcard_SUITE:init_per_group
=logfile       vcard_suite.init_per_group.498056.522.html
=group_props   [{name,ro_full}]
=started       2016-04-12 21:54:16
=ended         2016-04-12 21:54:19
=result        ok
=elapsed       3.066816
=case          vcard_SUITE:retrieve_own_card
=logfile       vcard_suite.retrieve_own_card.html
=started       2016-04-12 21:54:19
=ended         2016-04-12 21:54:20
=result        failed: {timeout_when_waiting_for_stanza,
                           [{escalus_client,wait_for_stanza,
                                [{client,<<"alicE@localhost/res1">>,
                                     escalus_tcp,#Port<0.30765>,false,false,
                                     <0.30619.0>,
                                     [{event_manager,<0.30618.0>},
                                      {server,<<"localhost">>},
                                      {username,<<"alicE">>},
                                      {resource,<<"res1">>}]},
                                 1000],
                                [{file,"src/escalus_client.erl"},{line,119}]},
                            {vcard_SUITE,'-retrieve_own_card/1-fun-0-',2,
                                [{file,"vcard_SUITE.erl"},{line,196}]},
                            {escalus_story,story,3,
                                [{file,"src/escalus_story.erl"},{line,40}]},
                            {test_server,ts_tc,3,
                                [{file,"test_server.erl"},{line,1429}]},
                            {test_server,run_test_case_eval1,6,
                                [{file,"test_server.erl"},{line,1026}]},
                            {test_server,run_test_case_eval,9,
                                [{file,"test_server.erl"},{line,968}]}]}, [{escalus_client,
                                                                            wait_for_stanza,
                                                                            119},
                                                                           {vcard_SUITE,
                                                                            '-retrieve_own_card/1-fun-0-',
                                                                            196},
                                                                           {escalus_story,
                                                                            story,
                                                                            40},
                                                                           {test_server,
                                                                            ts_tc,
                                                                            1429},
                                                                           {test_server,
                                                                            run_test_case_eval1,
                                                                            1026},
                                                                           {test_server,
                                                                            run_test_case_eval,
                                                                            968}]
=== *** FAILED test case 2 of 21 ***
=case          vcard_SUITE:user_doesnt_exist
=logfile       vcard_suite.user_doesnt_exist.html
=started       2016-04-12 21:54:20
=ended         2016-04-12 21:54:22
=result        failed: {timeout_when_waiting_for_stanza,
                           [{escalus_client,wait_for_stanza,
                                [{client,<<"alicE@localhost/res1">>,
                                     escalus_tcp,#Port<0.30768>,false,false,
                                     <0.30626.0>,
                                     [{event_manager,<0.30625.0>},
                                      {server,<<"localhost">>},
                                      {username,<<"alicE">>},
                                      {resource,<<"res1">>}]},
                                 1000],
                                [{file,"src/escalus_client.erl"},{line,119}]},
                            {vcard_SUITE,'-user_doesnt_exist/1-fun-0-',1,
                                [{file,"vcard_SUITE.erl"},{line,213}]},
                            {escalus_story,story,3,
                                [{file,"src/escalus_story.erl"},{line,40}]},
                            {test_server,ts_tc,3,
                                [{file,"test_server.erl"},{line,1429}]},
                            {test_server,run_test_case_eval1,6,
                                [{file,"test_server.erl"},{line,1026}]},
                            {test_server,run_test_case_eval,9,
                                [{file,"test_server.erl"},{line,968}]}]}, [{escalus_client,
                                                                            wait_for_stanza,
                                                                            119},
                                                                           {vcard_SUITE,
                                                                            '-user_doesnt_exist/1-fun-0-',
                                                                            213},
                                                                           {escalus_story,
                                                                            story,
                                                                            40},
                                                                           {test_server,
                                                                            ts_tc,
                                                                            1429},
                                                                           {test_server,
                                                                            run_test_case_eval1,
                                                                            1026},
                                                                           {test_server,
                                                                            run_test_case_eval,
                                                                            968}]
=== *** FAILED test case 3 of 21 ***
=case          vcard_SUITE:update_other_card
=logfile       vcard_suite.update_other_card.html
=started       2016-04-12 21:54:22
=ended         2016-04-12 21:54:23
=result        failed: {timeout_when_waiting_for_stanza,
                           [{escalus_client,wait_for_stanza,
                                [{client,<<"alicE@localhost/res1">>,
                                     escalus_tcp,#Port<0.30771>,false,false,
                                     <0.30633.0>,
                                     [{event_manager,<0.30632.0>},
                                      {server,<<"localhost">>},
                                      {username,<<"alicE">>},
                                      {resource,<<"res1">>}]},
                                 1000],
                                [{file,"src/escalus_client.erl"},{line,119}]},
                            {vcard_SUITE,'-update_other_card/1-fun-0-',3,
                                [{file,"vcard_SUITE.erl"},{line,241}]},
                            {escalus_story,story,3,
                                [{file,"src/escalus_story.erl"},{line,40}]},
                            {test_server,ts_tc,3,
                                [{file,"test_server.erl"},{line,1429}]},
                            {test_server,run_test_case_eval1,6,
                                [{file,"test_server.erl"},{line,1026}]},
                            {test_server,run_test_case_eval,9,
                                [{file,"test_server.erl"},{line,968}]}]}, [{escalus_client,
                                                                            wait_for_stanza,
                                                                            119},
                                                                           {vcard_SUITE,
                                                                            '-update_other_card/1-fun-0-',
                                                                            241},
                                                                           {escalus_story,
                                                                            story,
                                                                            40},
                                                                           {test_server,
                                                                            ts_tc,
                                                                            1429},
                                                                           {test_server,
                                                                            run_test_case_eval1,
                                                                            1026},
                                                                           {test_server,
                                                                            run_test_case_eval,
                                                                            968}]
=== *** FAILED test case 4 of 21 ***
=case          vcard_SUITE:retrieve_others_card
=logfile       vcard_suite.retrieve_others_card.html
=started       2016-04-12 21:54:23
=ended         2016-04-12 21:54:25
=result        failed: {timeout_when_waiting_for_stanza,
                           [{escalus_client,wait_for_stanza,
                                [{client,<<"alicE@localhost/res1">>,
                                     escalus_tcp,#Port<0.30775>,false,false,
                                     <0.30641.0>,
                                     [{event_manager,<0.30640.0>},
                                      {server,<<"localhost">>},
                                      {username,<<"alicE">>},
                                      {resource,<<"res1">>}]},
                                 1000],
                                [{file,"src/escalus_client.erl"},{line,119}]},
                            {vcard_SUITE,'-retrieve_others_card/1-fun-0-',3,
                                [{file,"vcard_SUITE.erl"},{line,252}]},
                            {escalus_story,story,3,
                                [{file,"src/escalus_story.erl"},{line,40}]},
                            {test_server,ts_tc,3,
                                [{file,"test_server.erl"},{line,1429}]},
                            {test_server,run_test_case_eval1,6,
                                [{file,"test_server.erl"},{line,1026}]},
                            {test_server,run_test_case_eval,9,
                                [{file,"test_server.erl"},{line,968}]}]}, [{escalus_client,
                                                                            wait_for_stanza,
                                                                            119},
                                                                           {vcard_SUITE,
                                                                            '-retrieve_others_card/1-fun-0-',
                                                                            252},
                                                                           {escalus_story,
                                                                            story,
                                                                            40},
                                                                           {test_server,
                                                                            ts_tc,
                                                                            1429},
                                                                           {test_server,
                                                                            run_test_case_eval1,
                                                                            1026},
                                                                           {test_server,
                                                                            run_test_case_eval,
                                                                            968}]
=== *** FAILED test case 5 of 21 ***
=case          vcard_SUITE:vcard_service_discovery
=logfile       vcard_suite.vcard_service_discovery.html
=started       2016-04-12 21:54:25
=ended         2016-04-12 21:54:26
=result        ok
=elapsed       0.462865
=case          vcard_SUITE:server_vcard
=logfile       vcard_suite.server_vcard.html
=started       2016-04-12 21:54:26
=ended         2016-04-12 21:54:26
=result        ok
=elapsed       0.462168
=case          vcard_SUITE:directory_service_vcard
=logfile       vcard_suite.directory_service_vcard.html
=started       2016-04-12 21:54:26
=ended         2016-04-12 21:54:27
=result        ok
=elapsed       0.464744
=case          vcard_SUITE:request_search_fields
=logfile       vcard_suite.request_search_fields.html
=started       2016-04-12 21:54:27
=ended         2016-04-12 21:54:27
=result        ok
=elapsed       0.461126
=case          vcard_SUITE:search_open
=logfile       vcard_suite.search_open.html
=started       2016-04-12 21:54:27
=ended         2016-04-12 21:54:28
=result        ok
=elapsed       0.461998
=case          vcard_SUITE:search_empty
=logfile       vcard_suite.search_empty.html
=started       2016-04-12 21:54:28
=ended         2016-04-12 21:54:28
=result        ok
=elapsed       0.466413
=case          vcard_SUITE:search_some
=logfile       vcard_suite.search_some.html
=started       2016-04-12 21:54:28
=ended         2016-04-12 21:54:29
=result        failed: {{badmatch,[]},
                        [{vcard_SUITE,'-search_some/1-fun-0-',2,
                             [{file,"vcard_SUITE.erl"},{line,373}]},
                         {escalus_story,story,3,
                             [{file,"src/escalus_story.erl"},{line,40}]},
                         {test_server,ts_tc,3,
                             [{file,"test_server.erl"},{line,1429}]},
                         {test_server,run_test_case_eval1,6,
                             [{file,"test_server.erl"},{line,1026}]},
                         {test_server,run_test_case_eval,9,
                             [{file,"test_server.erl"},{line,968}]}]}, [{vcard_SUITE,
                                                                         '-search_some/1-fun-0-',
                                                                         373},
                                                                        {escalus_story,
                                                                         story,
                                                                         40},
                                                                        {test_server,
                                                                         ts_tc,
                                                                         1429},
                                                                        {test_server,
                                                                         run_test_case_eval1,
                                                                         1026},
                                                                        {test_server,
                                                                         run_test_case_eval,
                                                                         968}]
=== *** FAILED test case 12 of 21 ***
=case          vcard_SUITE:search_some_many_fields
=logfile       vcard_suite.search_some_many_fields.html
=started       2016-04-12 21:54:29
=ended         2016-04-12 21:54:29
=result        failed: {{badmatch,[]},
                        [{vcard_SUITE,'-search_some_many_fields/1-fun-0-',1,
                             [{file,"vcard_SUITE.erl"},{line,409}]},
                         {escalus_story,story,3,
                             [{file,"src/escalus_story.erl"},{line,40}]},
                         {test_server,ts_tc,3,
                             [{file,"test_server.erl"},{line,1429}]},
                         {test_server,run_test_case_eval1,6,
                             [{file,"test_server.erl"},{line,1026}]},
                         {test_server,run_test_case_eval,9,
                             [{file,"test_server.erl"},{line,968}]}]}, [{vcard_SUITE,
                                                                         '-search_some_many_fields/1-fun-0-',
                                                                         409},
                                                                        {escalus_story,
                                                                         story,
                                                                         40},
                                                                        {test_server,
                                                                         ts_tc,
                                                                         1429},
                                                                        {test_server,
                                                                         run_test_case_eval1,
                                                                         1026},
                                                                        {test_server,
                                                                         run_test_case_eval,
                                                                         968}]
=== *** FAILED test case 13 of 21 ***
=case          vcard_SUITE:search_wildcard
=logfile       vcard_suite.search_wildcard.html
=started       2016-04-12 21:54:29
=ended         2016-04-12 21:54:30
=result        failed: {test_case_failed,
                           "can't find user <<\"bobb@localhost.bis\">> in received results: []"}, [{escalus_story,
                                                                                                    story,
                                                                                                    40},
                                                                                                   {test_server,
                                                                                                    ts_tc,
                                                                                                    1429},
                                                                                                   {test_server,
                                                                                                    run_test_case_eval1,
                                                                                                    1026},
                                                                                                   {test_server,
                                                                                                    run_test_case_eval,
                                                                                                    968}]
=== *** FAILED test case 14 of 21 ***
=case          vcard_SUITE:end_per_group
=logfile       vcard_suite.end_per_group.498070.156.html
=group_props   [{name,ro_full}]
=started       2016-04-12 21:54:30
=ended         2016-04-12 21:54:30
=result        ok
=elapsed       9.18e-4
=group_time    13.634s
=case          vcard_SUITE:init_per_group
=logfile       vcard_suite.init_per_group.498070.183.html
=group_props   [{name,ro_limited}]
=started       2016-04-12 21:54:30
=ended         2016-04-12 21:54:33
=result        ok
=elapsed       3.064321
=case          vcard_SUITE:search_open_limited
=logfile       vcard_suite.search_open_limited.html
=started       2016-04-12 21:54:33
=ended         2016-04-12 21:54:33
=result        ok
=elapsed       0.467643
=case          vcard_SUITE:search_some_limited
=logfile       vcard_suite.search_some_limited.html
=started       2016-04-12 21:54:33
=ended         2016-04-12 21:54:34
=result        failed: {{badmatch,[]},
                        [{vcard_SUITE,'-search_some_limited/1-fun-0-',1,
                             [{file,"vcard_SUITE.erl"},{line,490}]},
                         {escalus_story,story,3,
                             [{file,"src/escalus_story.erl"},{line,40}]},
                         {test_server,ts_tc,3,
                             [{file,"test_server.erl"},{line,1429}]},
                         {test_server,run_test_case_eval1,6,
                             [{file,"test_server.erl"},{line,1026}]},
                         {test_server,run_test_case_eval,9,
                             [{file,"test_server.erl"},{line,968}]}]}, [{vcard_SUITE,
                                                                         '-search_some_limited/1-fun-0-',
                                                                         490},
                                                                        {escalus_story,
                                                                         story,
                                                                         40},
                                                                        {test_server,
                                                                         ts_tc,
                                                                         1429},
                                                                        {test_server,
                                                                         run_test_case_eval1,
                                                                         1026},
                                                                        {test_server,
                                                                         run_test_case_eval,
                                                                         968}]
=== *** FAILED test case 16 of 21 ***
=case          vcard_SUITE:search_in_service_discovery
=logfile       vcard_suite.search_in_service_discovery.html
=started       2016-04-12 21:54:34
=ended         2016-04-12 21:54:34
=result        ok
=elapsed       0.524489
=case          vcard_SUITE:end_per_group
=logfile       vcard_suite.end_per_group.498074.823.html
=group_props   [{name,ro_limited}]
=started       2016-04-12 21:54:34
=ended         2016-04-12 21:54:34
=result        ok
=elapsed       7.75e-4
=group_time    4.640s
=case          vcard_SUITE:init_per_group
=logfile       vcard_suite.init_per_group.498074.850.html
=group_props   [{name,ro_no},sequence]
=started       2016-04-12 21:54:34
=ended         2016-04-12 21:54:37
=result        ok
=elapsed       3.064666
=case          vcard_SUITE:search_not_allowed
=logfile       vcard_suite.search_not_allowed.html
=started       2016-04-12 21:54:37
=ended         2016-04-12 21:54:38
=result        ok
=elapsed       0.462662
=case          vcard_SUITE:search_not_in_service_discovery
=logfile       vcard_suite.search_not_in_service_discovery.html
=started       2016-04-12 21:54:38
=ended         2016-04-12 21:54:38
=result        ok
=elapsed       0.465575
=case          vcard_SUITE:end_per_group
=logfile       vcard_suite.end_per_group.498078.928.html
=group_props   [{name,ro_no},sequence]
=started       2016-04-12 21:54:38
=ended         2016-04-12 21:54:38
=result        ok
=elapsed       8.16e-4
=group_time    4.077s
=case          vcard_SUITE:init_per_group
=logfile       vcard_suite.init_per_group.498078.955.html
=group_props   [{name,ldap_only}]
=started       2016-04-12 21:54:38
=ended         2016-04-12 21:54:38
=result        skipped: "this group is only for ldap vCard backend"
=== *** SKIPPED {vcard_SUITE,init_per_group} ***
=== 
=case          vcard_SUITE:search_some_many_fields_with_or_operator
=group_props   [{name,"ldap_only"}]
=started       2016-04-12 21:54:38
=result        skipped: this group is only for ldap vCard backend
=== *** Skipping test case #20 {vcard_SUITE,search_some_many_fields_with_or_operator} ***
=== 
=case          vcard_SUITE:return_photo_inserted_as_binary_by_3rd_party_service
=group_props   [{name,"ldap_only"}]
=started       2016-04-12 21:54:38
=result        skipped: this group is only for ldap vCard backend
=== *** Skipping test case #21 {vcard_SUITE,return_photo_inserted_as_binary_by_3rd_party_service} ***
=== 
=case          vcard_SUITE:end_per_group
=group_props   [{name,"ldap_only"}]
=started       2016-04-12 21:54:38
=result        skipped: this group is only for ldap vCard backend
=== *** Skipping {vcard_SUITE,end_per_group} ***
=case          vcard_SUITE:end_per_suite
=logfile       vcard_suite.end_per_suite.html
=started       2016-04-12 21:54:38
=ended         2016-04-12 21:54:40
=result        ok
=elapsed       1.881556
=group_time    25.037s
=== TEST COMPLETE, 10 ok, 9 failed, 2 skipped of 21 test cases

=finished      2016-04-12 21:54:40
=failed        9
=successful    10
=user_skipped  2
=auto_skipped  0
