=== Suite started at 2016-04-06 17:24:02
=== Starting test, 27 test cases
=cases         27
=user          travis
=host          testing-gce-96c2a039-c17e-41b4-b2d1-2d41ac5f5cdf
=hosts         testing-gce-96c2a039-c17e-41b4-b2d1-2d41ac5f5cdf 
=emulator_vsn  6.4
=emulator      beam
=otp_release   17
=started       2016-04-06 17:24:02
=case          login_SUITE:init_per_suite
=logfile       login_suite.init_per_suite.html
=started       2016-04-06 17:24:02
=ended         2016-04-06 17:24:02
=result        ok
=elapsed       0.003685
=case          login_SUITE:init_per_group
=logfile       login_suite.init_per_group.html
=group_props   [{name,register},sequence]
=started       2016-04-06 17:24:02
=ended         2016-04-06 17:24:02
=result        failed: {{badmatch,false},
                        [{escalus_utils,make_jid,1,
                             [{file,"src/escalus_utils.erl"},{line,148}]},
                         {escalus_connection,start,2,
                             [{file,"src/escalus_connection.erl"},{line,109}]},
                         {escalus_users,is_mod_register_enabled,1,
                             [{file,"src/escalus_users.erl"},{line,304}]},
                         {login_SUITE,skip_if_mod_register_not_enabled,1,
                             [{file,"login_SUITE.erl"},{line,518}]},
                         {test_server,ts_tc,3,
                             [{file,"test_server.erl"},{line,1429}]},
                         {test_server,run_test_case_eval1,6,
                             [{file,"test_server.erl"},{line,1099}]},
                         {test_server,run_test_case_eval,9,
                             [{file,"test_server.erl"},{line,968}]}]}, [{escalus_utils,
                                                                         make_jid,
                                                                         148},
                                                                        {escalus_connection,
                                                                         start,
                                                                         109},
                                                                        {escalus_users,
                                                                         is_mod_register_enabled,
                                                                         304},
                                                                        {login_SUITE,
                                                                         skip_if_mod_register_not_enabled,
                                                                         518},
                                                                        {test_server,
                                                                         ts_tc,
                                                                         1429},
                                                                        {test_server,
                                                                         run_test_case_eval1,
                                                                         1099},
                                                                        {test_server,
                                                                         run_test_case_eval,
                                                                         968}]
=== *** FAILED {login_SUITE,init_per_group} ***
=== 
=case          login_SUITE:register
=group_props   [{name,"register"}]
=started       2016-04-06 17:24:02
=result        auto_skipped: init_per_group failed
=== *** Skipping test case #1 {login_SUITE,register} ***
=== 
=case          login_SUITE:already_registered
=group_props   [{name,"register"}]
=started       2016-04-06 17:24:02
=result        auto_skipped: init_per_group failed
=== *** Skipping test case #2 {login_SUITE,already_registered} ***
=== 
=case          login_SUITE:check_unregistered
=group_props   [{name,"register"}]
=started       2016-04-06 17:24:02
=result        auto_skipped: init_per_group failed
=== *** Skipping test case #3 {login_SUITE,check_unregistered} ***
=== 
=case          login_SUITE:end_per_group
=group_props   [{name,"register"}]
=started       2016-04-06 17:24:02
=result        auto_skipped: init_per_group failed
=== *** Skipping {login_SUITE,end_per_group} ***
=case          login_SUITE:init_per_group
=logfile       login_suite.init_per_group.963442.929.html
=group_props   [{name,bad_registration},no_sequence]
=started       2016-04-06 17:24:02
=ended         2016-04-06 17:24:02
=result        ok
=elapsed       1.0e-6
=case          login_SUITE:null_password
=logfile       login_suite.null_password.html
=started       2016-04-06 17:24:02
=ended         2016-04-06 17:24:02
=result        failed: {{badmatch,false},
                        [{escalus_utils,make_jid,1,
                             [{file,"src/escalus_utils.erl"},{line,150}]},
                         {escalus_connection,start,2,
                             [{file,"src/escalus_connection.erl"},{line,109}]},
                         {escalus_users,create_user,2,
                             [{file,"src/escalus_users.erl"},{line,247}]},
                         {login_SUITE,null_password,1,
                             [{file,"login_SUITE.erl"},{line,269}]},
                         {test_server,ts_tc,3,
                             [{file,"test_server.erl"},{line,1429}]},
                         {test_server,run_test_case_eval1,6,
                             [{file,"test_server.erl"},{line,1026}]},
                         {test_server,run_test_case_eval,9,
                             [{file,"test_server.erl"},{line,968}]}]}, [{escalus_utils,
                                                                         make_jid,
                                                                         150},
                                                                        {escalus_connection,
                                                                         start,
                                                                         109},
                                                                        {escalus_users,
                                                                         create_user,
                                                                         247},
                                                                        {login_SUITE,
                                                                         null_password,
                                                                         269},
                                                                        {test_server,
                                                                         ts_tc,
                                                                         1429},
                                                                        {test_server,
                                                                         run_test_case_eval1,
                                                                         1026},
                                                                        {test_server,
                                                                         run_test_case_eval,
                                                                         968}]
=== *** FAILED test case 4 of 27 ***
=case          login_SUITE:end_per_group
=logfile       login_suite.end_per_group.html
=group_props   [{name,bad_registration},no_sequence]
=started       2016-04-06 17:24:02
=ended         2016-04-06 17:24:03
=result        ok
=elapsed       1.0e-6
=group_time    0.055s
=case          login_SUITE:init_per_group
=logfile       login_suite.init_per_group.963443.9.html
=group_props   [{name,bad_cancelation},no_sequence]
=started       2016-04-06 17:24:03
=ended         2016-04-06 17:24:03
=result        failed: {{badmatch,false},
                        [{escalus_utils,make_jid,1,
                             [{file,"src/escalus_utils.erl"},{line,148}]},
                         {escalus_connection,start,2,
                             [{file,"src/escalus_connection.erl"},{line,109}]},
                         {escalus_users,is_mod_register_enabled,1,
                             [{file,"src/escalus_users.erl"},{line,304}]},
                         {login_SUITE,skip_if_mod_register_not_enabled,1,
                             [{file,"login_SUITE.erl"},{line,518}]},
                         {test_server,ts_tc,3,
                             [{file,"test_server.erl"},{line,1429}]},
                         {test_server,run_test_case_eval1,6,
                             [{file,"test_server.erl"},{line,1099}]},
                         {test_server,run_test_case_eval,9,
                             [{file,"test_server.erl"},{line,968}]}]}, [{escalus_utils,
                                                                         make_jid,
                                                                         148},
                                                                        {escalus_connection,
                                                                         start,
                                                                         109},
                                                                        {escalus_users,
                                                                         is_mod_register_enabled,
                                                                         304},
                                                                        {login_SUITE,
                                                                         skip_if_mod_register_not_enabled,
                                                                         518},
                                                                        {test_server,
                                                                         ts_tc,
                                                                         1429},
                                                                        {test_server,
                                                                         run_test_case_eval1,
                                                                         1099},
                                                                        {test_server,
                                                                         run_test_case_eval,
                                                                         968}]
=== *** FAILED {login_SUITE,init_per_group} ***
=== 
=case          login_SUITE:bad_request_registration_cancelation
=group_props   [{name,"bad_cancelation"}]
=started       2016-04-06 17:24:03
=result        auto_skipped: init_per_group failed
=== *** Skipping test case #5 {login_SUITE,bad_request_registration_cancelation} ***
=== 
=case          login_SUITE:not_allowed_registration_cancelation
=group_props   [{name,"bad_cancelation"}]
=started       2016-04-06 17:24:03
=result        auto_skipped: init_per_group failed
=== *** Skipping test case #6 {login_SUITE,not_allowed_registration_cancelation} ***
=== 
=case          login_SUITE:end_per_group
=group_props   [{name,"bad_cancelation"}]
=started       2016-04-06 17:24:03
=result        auto_skipped: init_per_group failed
=== *** Skipping {login_SUITE,end_per_group} ***
=case          login_SUITE:init_per_group
=logfile       login_suite.init_per_group.963443.40.html
=group_props   [{name,registration_timeout},sequence]
=started       2016-04-06 17:24:03
=ended         2016-04-06 17:24:03
=result        failed: {{badmatch,false},
                        [{escalus_utils,make_jid,1,
                             [{file,"src/escalus_utils.erl"},{line,148}]},
                         {escalus_connection,start,2,
                             [{file,"src/escalus_connection.erl"},{line,109}]},
                         {escalus_users,is_mod_register_enabled,1,
                             [{file,"src/escalus_users.erl"},{line,304}]},
                         {login_SUITE,init_per_group,2,
                             [{file,"login_SUITE.erl"},{line,101}]},
                         {test_server,ts_tc,3,
                             [{file,"test_server.erl"},{line,1429}]},
                         {test_server,run_test_case_eval1,6,
                             [{file,"test_server.erl"},{line,1099}]},
                         {test_server,run_test_case_eval,9,
                             [{file,"test_server.erl"},{line,968}]}]}, [{escalus_utils,
                                                                         make_jid,
                                                                         148},
                                                                        {escalus_connection,
                                                                         start,
                                                                         109},
                                                                        {escalus_users,
                                                                         is_mod_register_enabled,
                                                                         304},
                                                                        {login_SUITE,
                                                                         init_per_group,
                                                                         101},
                                                                        {test_server,
                                                                         ts_tc,
                                                                         1429},
                                                                        {test_server,
                                                                         run_test_case_eval1,
                                                                         1099},
                                                                        {test_server,
                                                                         run_test_case_eval,
                                                                         968}]
=== *** FAILED {login_SUITE,init_per_group} ***
=== 
=case          login_SUITE:registration_timeout
=group_props   [{name,"registration_timeout"}]
=started       2016-04-06 17:24:03
=result        auto_skipped: init_per_group failed
=== *** Skipping test case #7 {login_SUITE,registration_timeout} ***
=== 
=case          login_SUITE:registration_failure_timeout
=group_props   [{name,"registration_timeout"}]
=started       2016-04-06 17:24:03
=result        auto_skipped: init_per_group failed
=== *** Skipping test case #8 {login_SUITE,registration_failure_timeout} ***
=== 
=case          login_SUITE:end_per_group
=group_props   [{name,"registration_timeout"}]
=started       2016-04-06 17:24:03
=result        auto_skipped: init_per_group failed
=== *** Skipping {login_SUITE,end_per_group} ***
=case          login_SUITE:init_per_group
=logfile       login_suite.init_per_group.963443.72.html
=group_props   [{name,change_account_details},no_sequence]
=started       2016-04-06 17:24:03
=ended         2016-04-06 17:24:03
=result        failed: {{badmatch,false},
                        [{escalus_utils,make_jid,1,
                             [{file,"src/escalus_utils.erl"},{line,148}]},
                         {escalus_connection,start,2,
                             [{file,"src/escalus_connection.erl"},{line,109}]},
                         {escalus_users,is_mod_register_enabled,1,
                             [{file,"src/escalus_users.erl"},{line,304}]},
                         {login_SUITE,skip_if_mod_register_not_enabled,1,
                             [{file,"login_SUITE.erl"},{line,518}]},
                         {test_server,ts_tc,3,
                             [{file,"test_server.erl"},{line,1429}]},
                         {test_server,run_test_case_eval1,6,
                             [{file,"test_server.erl"},{line,1099}]},
                         {test_server,run_test_case_eval,9,
                             [{file,"test_server.erl"},{line,968}]}]}, [{escalus_utils,
                                                                         make_jid,
                                                                         148},
                                                                        {escalus_connection,
                                                                         start,
                                                                         109},
                                                                        {escalus_users,
                                                                         is_mod_register_enabled,
                                                                         304},
                                                                        {login_SUITE,
                                                                         skip_if_mod_register_not_enabled,
                                                                         518},
                                                                        {test_server,
                                                                         ts_tc,
                                                                         1429},
                                                                        {test_server,
                                                                         run_test_case_eval1,
                                                                         1099},
                                                                        {test_server,
                                                                         run_test_case_eval,
                                                                         968}]
=== *** FAILED {login_SUITE,init_per_group} ***
=== 
=case          login_SUITE:change_password
=group_props   [{name,"change_account_details"}]
=started       2016-04-06 17:24:03
=result        auto_skipped: init_per_group failed
=== *** Skipping test case #9 {login_SUITE,change_password} ***
=== 
=case          login_SUITE:change_password_to_null
=group_props   [{name,"change_account_details"}]
=started       2016-04-06 17:24:03
=result        auto_skipped: init_per_group failed
=== *** Skipping test case #10 {login_SUITE,change_password_to_null} ***
=== 
=case          login_SUITE:end_per_group
=group_props   [{name,"change_account_details"}]
=started       2016-04-06 17:24:03
=result        auto_skipped: init_per_group failed
=== *** Skipping {login_SUITE,end_per_group} ***
=case          login_SUITE:init_per_group
=logfile       login_suite.init_per_group.963443.103.html
=group_props   [{name,login},sequence]
=started       2016-04-06 17:24:03
=ended         2016-04-06 17:24:03
=result        ok
=elapsed       0.002314
=case          login_SUITE:log_one
=logfile       login_suite.log_one.html
=started       2016-04-06 17:24:03
=ended         2016-04-06 17:24:03
=result        ok
=elapsed       0.464568
=case          login_SUITE:log_non_existent_plain
=logfile       login_suite.log_non_existent_plain.html
=started       2016-04-06 17:24:03
=ended         2016-04-06 17:24:03
=result        ok
=elapsed       0.202485
=case          login_SUITE:log_one_digest
=logfile       login_suite.log_one_digest.html
=started       2016-04-06 17:24:03
=ended         2016-04-06 17:24:04
=result        ok
=elapsed       0.901499
=case          login_SUITE:log_non_existent_digest
=logfile       login_suite.log_non_existent_digest.html
=started       2016-04-06 17:24:04
=ended         2016-04-06 17:24:05
=result        ok
=elapsed       0.238516
=case          login_SUITE:log_one_scram
=logfile       login_suite.log_one_scram.html
=started       2016-04-06 17:24:05
=ended         2016-04-06 17:24:05
=result        ok
=elapsed       0.657987
=case          login_SUITE:log_non_existent_scram
=logfile       login_suite.log_non_existent_scram.html
=started       2016-04-06 17:24:05
=ended         2016-04-06 17:24:05
=result        ok
=elapsed       0.202704
=case          login_SUITE:blocked_user
=logfile       login_suite.blocked_user.html
=started       2016-04-06 17:24:05
=ended         2016-04-06 17:24:06
=result        ok
=elapsed       0.18041
=case          login_SUITE:end_per_group
=logfile       login_suite.end_per_group.963446.172.html
=group_props   [{name,login},sequence]
=started       2016-04-06 17:24:06
=ended         2016-04-06 17:24:06
=result        ok
=elapsed       0.00473
=group_time    3.069s
=case          login_SUITE:init_per_group
=logfile       login_suite.init_per_group.963446.202.html
=group_props   [{name,login_scram},sequence]
=started       2016-04-06 17:24:06
=ended         2016-04-06 17:24:06
=result        ok
=elapsed       0.027886
=case          login_SUITE:log_one
=logfile       login_suite.log_one.963446.261.html
=started       2016-04-06 17:24:06
=ended         2016-04-06 17:24:06
=result        ok
=elapsed       0.459334
=case          login_SUITE:log_one_scram
=logfile       login_suite.log_one_scram.963446.746.html
=started       2016-04-06 17:24:06
=ended         2016-04-06 17:24:07
=result        ok
=elapsed       0.661028
=case          login_SUITE:end_per_group
=logfile       login_suite.end_per_group.963447.437.html
=group_props   [{name,login_scram},sequence]
=started       2016-04-06 17:24:07
=ended         2016-04-06 17:24:07
=result        ok
=elapsed       0.005049
=group_time    1.235s
=case          login_SUITE:init_per_group
=logfile       login_suite.init_per_group.963447.468.html
=group_props   [{name,login_scram_store_plain},sequence]
=started       2016-04-06 17:24:07
=ended         2016-04-06 17:24:07
=result        ok
=elapsed       0.007902
=case          login_SUITE:log_one
=logfile       login_suite.log_one.963447.501.html
=started       2016-04-06 17:24:07
=ended         2016-04-06 17:24:07
=result        ok
=elapsed       0.459933
=case          login_SUITE:log_one_scram
=logfile       login_suite.log_one_scram.963447.989.html
=started       2016-04-06 17:24:07
=ended         2016-04-06 17:24:08
=result        ok
=elapsed       0.659004
=case          login_SUITE:end_per_group
=logfile       login_suite.end_per_group.963448.677.html
=group_props   [{name,login_scram_store_plain},sequence]
=started       2016-04-06 17:24:08
=ended         2016-04-06 17:24:08
=result        ok
=elapsed       0.004464
=group_time    1.209s
=case          login_SUITE:init_per_group
=logfile       login_suite.init_per_group.963448.708.html
=group_props   [{name,legacy_auth},sequence]
=started       2016-04-06 17:24:08
=ended         2016-04-06 17:24:08
=result        ok
=elapsed       0.001948
=case          login_SUITE:legacy_successful_plain
=logfile       login_suite.legacy_successful_plain.html
=started       2016-04-06 17:24:08
=ended         2016-04-06 17:24:08
=result        failed: {{badmatch,false},
                        [{escalus_utils,make_jid,1,
                             [{file,"src/escalus_utils.erl"},{line,150}]},
                         {escalus_connection,start,2,
                             [{file,"src/escalus_connection.erl"},{line,109}]},
                         {login_SUITE,legacy_auth,2,
                             [{file,"login_SUITE.erl"},{line,498}]},
                         {test_server,ts_tc,3,
                             [{file,"test_server.erl"},{line,1429}]},
                         {test_server,run_test_case_eval1,6,
                             [{file,"test_server.erl"},{line,1026}]},
                         {test_server,run_test_case_eval,9,
                             [{file,"test_server.erl"},{line,968}]}]}, [{escalus_utils,
                                                                         make_jid,
                                                                         150},
                                                                        {escalus_connection,
                                                                         start,
                                                                         109},
                                                                        {login_SUITE,
                                                                         legacy_auth,
                                                                         498},
                                                                        {test_server,
                                                                         ts_tc,
                                                                         1429},
                                                                        {test_server,
                                                                         run_test_case_eval1,
                                                                         1026},
                                                                        {test_server,
                                                                         run_test_case_eval,
                                                                         968}]
=== *** FAILED test case 22 of 27 ***
=== 
=case          login_SUITE:legacy_unsuccessful_plain
=group_props   [{name,"legacy_auth"}]
=started       2016-04-06 17:24:08
=result        auto_skipped: {failed,{login_SUITE,legacy_successful_plain}}
=== *** Skipping test case #23 {login_SUITE,legacy_unsuccessful_plain} ***
=== 
=case          login_SUITE:legacy_successful_digest
=group_props   [{name,"legacy_auth"}]
=started       2016-04-06 17:24:08
=result        auto_skipped: {failed,{login_SUITE,legacy_successful_plain}}
=== *** Skipping test case #24 {login_SUITE,legacy_successful_digest} ***
=== 
=case          login_SUITE:legacy_blocked_user
=group_props   [{name,"legacy_auth"}]
=started       2016-04-06 17:24:08
=result        auto_skipped: {failed,{login_SUITE,legacy_successful_plain}}
=== *** Skipping test case #25 {login_SUITE,legacy_blocked_user} ***
=case          login_SUITE:end_per_group
=logfile       login_suite.end_per_group.963448.768.html
=group_props   [{name,legacy_auth},sequence]
=started       2016-04-06 17:24:08
=ended         2016-04-06 17:24:08
=result        ok
=elapsed       0.003925
=group_time    0.060s
=case          login_SUITE:init_per_group
=logfile       login_suite.init_per_group.963448.801.html
=group_props   [{name,messages},sequence]
=started       2016-04-06 17:24:08
=ended         2016-04-06 17:24:08
=result        ok
=elapsed       0.001538
=case          login_SUITE:messages_story
=logfile       login_suite.messages_story.html
=started       2016-04-06 17:24:08
=ended         2016-04-06 17:24:09
=result        ok
=elapsed       0.916809
=case          login_SUITE:message_zlib_limit
=logfile       login_suite.message_zlib_limit.html
=started       2016-04-06 17:24:09
=ended         2016-04-06 17:24:10
=result        ok
=elapsed       0.835466
=case          login_SUITE:end_per_group
=logfile       login_suite.end_per_group.963450.641.html
=group_props   [{name,messages},sequence]
=started       2016-04-06 17:24:10
=ended         2016-04-06 17:24:10
=result        ok
=elapsed       0.004079
=group_time    1.840s
=case          login_SUITE:end_per_suite
=logfile       login_suite.end_per_suite.html
=started       2016-04-06 17:24:10
=ended         2016-04-06 17:24:10
=result        ok
=elapsed       9.7e-4
=group_time    7.837s
=== TEST COMPLETE, 13 ok, 2 failed, 12 skipped of 27 test cases

=finished      2016-04-06 17:24:10
=failed        2
=successful    13
=user_skipped  0
=auto_skipped  12
