=== Suite started at 2016-04-06 17:58:55
=== Starting test, 27 test cases
=cases         27
=user          travis
=host          testing-gce-402bb558-83e9-406b-b92a-ce1af48dc89b
=hosts         testing-gce-402bb558-83e9-406b-b92a-ce1af48dc89b 
=emulator_vsn  6.4
=emulator      beam
=otp_release   17
=started       2016-04-06 17:58:55
=case          login_SUITE:init_per_suite
=logfile       login_suite.init_per_suite.html
=started       2016-04-06 17:58:55
=ended         2016-04-06 17:58:55
=result        ok
=elapsed       0.001848
=case          login_SUITE:init_per_group
=logfile       login_suite.init_per_group.html
=group_props   [{name,register},sequence]
=started       2016-04-06 17:58:55
=ended         2016-04-06 17:58:55
=result        failed: {{badmatch,false},
                        [{escalus_utils,make_jid,1,
                             [{file,"src/escalus_utils.erl"},{line,148}]},
                         {escalus_connection,start,2,
                             [{file,"src/escalus_connection.erl"},{line,109}]},
                         {escalus_users,is_mod_register_enabled,1,
                             [{file,"src/escalus_users.erl"},{line,304}]},
                         {login_SUITE,skip_if_mod_register_not_enabled,1,
                             [{file,"login_SUITE.erl"},{line,518}]},
                         {test_server,ts_tc,3,
                             [{file,"test_server.erl"},{line,1429}]},
                         {test_server,run_test_case_eval1,6,
                             [{file,"test_server.erl"},{line,1099}]},
                         {test_server,run_test_case_eval,9,
                             [{file,"test_server.erl"},{line,968}]}]}, [{escalus_utils,
                                                                         make_jid,
                                                                         148},
                                                                        {escalus_connection,
                                                                         start,
                                                                         109},
                                                                        {escalus_users,
                                                                         is_mod_register_enabled,
                                                                         304},
                                                                        {login_SUITE,
                                                                         skip_if_mod_register_not_enabled,
                                                                         518},
                                                                        {test_server,
                                                                         ts_tc,
                                                                         1429},
                                                                        {test_server,
                                                                         run_test_case_eval1,
                                                                         1099},
                                                                        {test_server,
                                                                         run_test_case_eval,
                                                                         968}]
=== *** FAILED {login_SUITE,init_per_group} ***
=== 
=case          login_SUITE:register
=group_props   [{name,"register"}]
=started       2016-04-06 17:58:55
=result        auto_skipped: init_per_group failed
=== *** Skipping test case #1 {login_SUITE,register} ***
=== 
=case          login_SUITE:already_registered
=group_props   [{name,"register"}]
=started       2016-04-06 17:58:55
=result        auto_skipped: init_per_group failed
=== *** Skipping test case #2 {login_SUITE,already_registered} ***
=== 
=case          login_SUITE:check_unregistered
=group_props   [{name,"register"}]
=started       2016-04-06 17:58:55
=result        auto_skipped: init_per_group failed
=== *** Skipping test case #3 {login_SUITE,check_unregistered} ***
=== 
=case          login_SUITE:end_per_group
=group_props   [{name,"register"}]
=started       2016-04-06 17:58:55
=result        auto_skipped: init_per_group failed
=== *** Skipping {login_SUITE,end_per_group} ***
=case          login_SUITE:init_per_group
=logfile       login_suite.init_per_group.965535.181.html
=group_props   [{name,bad_registration},no_sequence]
=started       2016-04-06 17:58:55
=ended         2016-04-06 17:58:55
=result        ok
=elapsed       1.0e-6
=case          login_SUITE:null_password
=logfile       login_suite.null_password.html
=started       2016-04-06 17:58:55
=ended         2016-04-06 17:58:55
=result        failed: {{badmatch,false},
                        [{escalus_utils,make_jid,1,
                             [{file,"src/escalus_utils.erl"},{line,150}]},
                         {escalus_connection,start,2,
                             [{file,"src/escalus_connection.erl"},{line,109}]},
                         {escalus_users,create_user,2,
                             [{file,"src/escalus_users.erl"},{line,247}]},
                         {login_SUITE,null_password,1,
                             [{file,"login_SUITE.erl"},{line,269}]},
                         {test_server,ts_tc,3,
                             [{file,"test_server.erl"},{line,1429}]},
                         {test_server,run_test_case_eval1,6,
                             [{file,"test_server.erl"},{line,1026}]},
                         {test_server,run_test_case_eval,9,
                             [{file,"test_server.erl"},{line,968}]}]}, [{escalus_utils,
                                                                         make_jid,
                                                                         150},
                                                                        {escalus_connection,
                                                                         start,
                                                                         109},
                                                                        {escalus_users,
                                                                         create_user,
                                                                         247},
                                                                        {login_SUITE,
                                                                         null_password,
                                                                         269},
                                                                        {test_server,
                                                                         ts_tc,
                                                                         1429},
                                                                        {test_server,
                                                                         run_test_case_eval1,
                                                                         1026},
                                                                        {test_server,
                                                                         run_test_case_eval,
                                                                         968}]
=== *** FAILED test case 4 of 27 ***
=case          login_SUITE:end_per_group
=logfile       login_suite.end_per_group.html
=group_props   [{name,bad_registration},no_sequence]
=started       2016-04-06 17:58:55
=ended         2016-04-06 17:58:55
=result        ok
=elapsed       1.0e-6
=group_time    0.054s
=case          login_SUITE:init_per_group
=logfile       login_suite.init_per_group.965535.264.html
=group_props   [{name,bad_cancelation},no_sequence]
=started       2016-04-06 17:58:55
=ended         2016-04-06 17:58:55
=result        failed: {{badmatch,false},
                        [{escalus_utils,make_jid,1,
                             [{file,"src/escalus_utils.erl"},{line,148}]},
                         {escalus_connection,start,2,
                             [{file,"src/escalus_connection.erl"},{line,109}]},
                         {escalus_users,is_mod_register_enabled,1,
                             [{file,"src/escalus_users.erl"},{line,304}]},
                         {login_SUITE,skip_if_mod_register_not_enabled,1,
                             [{file,"login_SUITE.erl"},{line,518}]},
                         {test_server,ts_tc,3,
                             [{file,"test_server.erl"},{line,1429}]},
                         {test_server,run_test_case_eval1,6,
                             [{file,"test_server.erl"},{line,1099}]},
                         {test_server,run_test_case_eval,9,
                             [{file,"test_server.erl"},{line,968}]}]}, [{escalus_utils,
                                                                         make_jid,
                                                                         148},
                                                                        {escalus_connection,
                                                                         start,
                                                                         109},
                                                                        {escalus_users,
                                                                         is_mod_register_enabled,
                                                                         304},
                                                                        {login_SUITE,
                                                                         skip_if_mod_register_not_enabled,
                                                                         518},
                                                                        {test_server,
                                                                         ts_tc,
                                                                         1429},
                                                                        {test_server,
                                                                         run_test_case_eval1,
                                                                         1099},
                                                                        {test_server,
                                                                         run_test_case_eval,
                                                                         968}]
=== *** FAILED {login_SUITE,init_per_group} ***
=== 
=case          login_SUITE:bad_request_registration_cancelation
=group_props   [{name,"bad_cancelation"}]
=started       2016-04-06 17:58:55
=result        auto_skipped: init_per_group failed
=== *** Skipping test case #5 {login_SUITE,bad_request_registration_cancelation} ***
=== 
=case          login_SUITE:not_allowed_registration_cancelation
=group_props   [{name,"bad_cancelation"}]
=started       2016-04-06 17:58:55
=result        auto_skipped: init_per_group failed
=== *** Skipping test case #6 {login_SUITE,not_allowed_registration_cancelation} ***
=== 
=case          login_SUITE:end_per_group
=group_props   [{name,"bad_cancelation"}]
=started       2016-04-06 17:58:55
=result        auto_skipped: init_per_group failed
=== *** Skipping {login_SUITE,end_per_group} ***
=case          login_SUITE:init_per_group
=logfile       login_suite.init_per_group.965535.297.html
=group_props   [{name,registration_timeout},sequence]
=started       2016-04-06 17:58:55
=ended         2016-04-06 17:58:55
=result        failed: {{badmatch,false},
                        [{escalus_utils,make_jid,1,
                             [{file,"src/escalus_utils.erl"},{line,148}]},
                         {escalus_connection,start,2,
                             [{file,"src/escalus_connection.erl"},{line,109}]},
                         {escalus_users,is_mod_register_enabled,1,
                             [{file,"src/escalus_users.erl"},{line,304}]},
                         {login_SUITE,init_per_group,2,
                             [{file,"login_SUITE.erl"},{line,101}]},
                         {test_server,ts_tc,3,
                             [{file,"test_server.erl"},{line,1429}]},
                         {test_server,run_test_case_eval1,6,
                             [{file,"test_server.erl"},{line,1099}]},
                         {test_server,run_test_case_eval,9,
                             [{file,"test_server.erl"},{line,968}]}]}, [{escalus_utils,
                                                                         make_jid,
                                                                         148},
                                                                        {escalus_connection,
                                                                         start,
                                                                         109},
                                                                        {escalus_users,
                                                                         is_mod_register_enabled,
                                                                         304},
                                                                        {login_SUITE,
                                                                         init_per_group,
                                                                         101},
                                                                        {test_server,
                                                                         ts_tc,
                                                                         1429},
                                                                        {test_server,
                                                                         run_test_case_eval1,
                                                                         1099},
                                                                        {test_server,
                                                                         run_test_case_eval,
                                                                         968}]
=== *** FAILED {login_SUITE,init_per_group} ***
=== 
=case          login_SUITE:registration_timeout
=group_props   [{name,"registration_timeout"}]
=started       2016-04-06 17:58:55
=result        auto_skipped: init_per_group failed
=== *** Skipping test case #7 {login_SUITE,registration_timeout} ***
=== 
=case          login_SUITE:registration_failure_timeout
=group_props   [{name,"registration_timeout"}]
=started       2016-04-06 17:58:55
=result        auto_skipped: init_per_group failed
=== *** Skipping test case #8 {login_SUITE,registration_failure_timeout} ***
=== 
=case          login_SUITE:end_per_group
=group_props   [{name,"registration_timeout"}]
=started       2016-04-06 17:58:55
=result        auto_skipped: init_per_group failed
=== *** Skipping {login_SUITE,end_per_group} ***
=case          login_SUITE:init_per_group
=logfile       login_suite.init_per_group.965535.329.html
=group_props   [{name,change_account_details},no_sequence]
=started       2016-04-06 17:58:55
=ended         2016-04-06 17:58:55
=result        failed: {{badmatch,false},
                        [{escalus_utils,make_jid,1,
                             [{file,"src/escalus_utils.erl"},{line,148}]},
                         {escalus_connection,start,2,
                             [{file,"src/escalus_connection.erl"},{line,109}]},
                         {escalus_users,is_mod_register_enabled,1,
                             [{file,"src/escalus_users.erl"},{line,304}]},
                         {login_SUITE,skip_if_mod_register_not_enabled,1,
                             [{file,"login_SUITE.erl"},{line,518}]},
                         {test_server,ts_tc,3,
                             [{file,"test_server.erl"},{line,1429}]},
                         {test_server,run_test_case_eval1,6,
                             [{file,"test_server.erl"},{line,1099}]},
                         {test_server,run_test_case_eval,9,
                             [{file,"test_server.erl"},{line,968}]}]}, [{escalus_utils,
                                                                         make_jid,
                                                                         148},
                                                                        {escalus_connection,
                                                                         start,
                                                                         109},
                                                                        {escalus_users,
                                                                         is_mod_register_enabled,
                                                                         304},
                                                                        {login_SUITE,
                                                                         skip_if_mod_register_not_enabled,
                                                                         518},
                                                                        {test_server,
                                                                         ts_tc,
                                                                         1429},
                                                                        {test_server,
                                                                         run_test_case_eval1,
                                                                         1099},
                                                                        {test_server,
                                                                         run_test_case_eval,
                                                                         968}]
=== *** FAILED {login_SUITE,init_per_group} ***
=== 
=case          login_SUITE:change_password
=group_props   [{name,"change_account_details"}]
=started       2016-04-06 17:58:55
=result        auto_skipped: init_per_group failed
=== *** Skipping test case #9 {login_SUITE,change_password} ***
=== 
=case          login_SUITE:change_password_to_null
=group_props   [{name,"change_account_details"}]
=started       2016-04-06 17:58:55
=result        auto_skipped: init_per_group failed
=== *** Skipping test case #10 {login_SUITE,change_password_to_null} ***
=== 
=case          login_SUITE:end_per_group
=group_props   [{name,"change_account_details"}]
=started       2016-04-06 17:58:55
=result        auto_skipped: init_per_group failed
=== *** Skipping {login_SUITE,end_per_group} ***
=case          login_SUITE:init_per_group
=logfile       login_suite.init_per_group.965535.360.html
=group_props   [{name,login},sequence]
=started       2016-04-06 17:58:55
=ended         2016-04-06 17:58:55
=result        ok
=elapsed       0.012537
=case          login_SUITE:log_one
=logfile       login_suite.log_one.html
=started       2016-04-06 17:58:55
=ended         2016-04-06 17:58:55
=result        ok
=elapsed       0.464905
=case          login_SUITE:log_non_existent_plain
=logfile       login_suite.log_non_existent_plain.html
=started       2016-04-06 17:58:55
=ended         2016-04-06 17:58:56
=result        ok
=elapsed       0.203789
=case          login_SUITE:log_one_digest
=logfile       login_suite.log_one_digest.html
=started       2016-04-06 17:58:56
=ended         2016-04-06 17:58:57
=result        ok
=elapsed       0.90512
=case          login_SUITE:log_non_existent_digest
=logfile       login_suite.log_non_existent_digest.html
=started       2016-04-06 17:58:57
=ended         2016-04-06 17:58:57
=result        ok
=elapsed       0.241759
=case          login_SUITE:log_one_scram
=logfile       login_suite.log_one_scram.html
=started       2016-04-06 17:58:57
=ended         2016-04-06 17:58:58
=result        ok
=elapsed       0.662048
=case          login_SUITE:log_non_existent_scram
=logfile       login_suite.log_non_existent_scram.html
=started       2016-04-06 17:58:58
=ended         2016-04-06 17:58:58
=result        ok
=elapsed       0.202906
=case          login_SUITE:blocked_user
=logfile       login_suite.blocked_user.html
=started       2016-04-06 17:58:58
=ended         2016-04-06 17:58:58
=result        ok
=elapsed       0.178317
=case          login_SUITE:end_per_group
=logfile       login_suite.end_per_group.965538.452.html
=group_props   [{name,login},sequence]
=started       2016-04-06 17:58:58
=ended         2016-04-06 17:58:58
=result        ok
=elapsed       0.02206
=group_time    3.092s
=case          login_SUITE:init_per_group
=logfile       login_suite.init_per_group.965538.499.html
=group_props   [{name,login_scram},sequence]
=started       2016-04-06 17:58:58
=ended         2016-04-06 17:58:58
=result        ok
=elapsed       0.030879
=case          login_SUITE:log_one
=logfile       login_suite.log_one.965538.555.html
=started       2016-04-06 17:58:58
=ended         2016-04-06 17:58:59
=result        ok
=elapsed       0.462645
=case          login_SUITE:log_one_scram
=logfile       login_suite.log_one_scram.965539.44.html
=started       2016-04-06 17:58:59
=ended         2016-04-06 17:58:59
=result        ok
=elapsed       0.665685
=case          login_SUITE:end_per_group
=logfile       login_suite.end_per_group.965539.735.html
=group_props   [{name,login_scram},sequence]
=started       2016-04-06 17:58:59
=ended         2016-04-06 17:58:59
=result        ok
=elapsed       0.022655
=group_time    1.236s
=case          login_SUITE:init_per_group
=logfile       login_suite.init_per_group.965539.783.html
=group_props   [{name,login_scram_store_plain},sequence]
=started       2016-04-06 17:58:59
=ended         2016-04-06 17:58:59
=result        ok
=elapsed       0.007226
=case          login_SUITE:log_one
=logfile       login_suite.log_one.965539.816.html
=started       2016-04-06 17:58:59
=ended         2016-04-06 17:59:00
=result        ok
=elapsed       0.461915
=case          login_SUITE:log_one_scram
=logfile       login_suite.log_one_scram.965540.303.html
=started       2016-04-06 17:59:00
=ended         2016-04-06 17:59:00
=result        ok
=elapsed       0.662516
=case          login_SUITE:end_per_group
=logfile       login_suite.end_per_group.965540.996.html
=group_props   [{name,login_scram_store_plain},sequence]
=started       2016-04-06 17:59:00
=ended         2016-04-06 17:59:01
=result        ok
=elapsed       0.025868
=group_time    1.212s
=case          login_SUITE:init_per_group
=logfile       login_suite.init_per_group.965541.47.html
=group_props   [{name,legacy_auth},sequence]
=started       2016-04-06 17:59:01
=ended         2016-04-06 17:59:01
=result        ok
=elapsed       0.003963
=case          login_SUITE:legacy_successful_plain
=logfile       login_suite.legacy_successful_plain.html
=started       2016-04-06 17:59:01
=ended         2016-04-06 17:59:01
=result        failed: {{badmatch,false},
                        [{escalus_utils,make_jid,1,
                             [{file,"src/escalus_utils.erl"},{line,150}]},
                         {escalus_connection,start,2,
                             [{file,"src/escalus_connection.erl"},{line,109}]},
                         {login_SUITE,legacy_auth,2,
                             [{file,"login_SUITE.erl"},{line,498}]},
                         {test_server,ts_tc,3,
                             [{file,"test_server.erl"},{line,1429}]},
                         {test_server,run_test_case_eval1,6,
                             [{file,"test_server.erl"},{line,1026}]},
                         {test_server,run_test_case_eval,9,
                             [{file,"test_server.erl"},{line,968}]}]}, [{escalus_utils,
                                                                         make_jid,
                                                                         150},
                                                                        {escalus_connection,
                                                                         start,
                                                                         109},
                                                                        {login_SUITE,
                                                                         legacy_auth,
                                                                         498},
                                                                        {test_server,
                                                                         ts_tc,
                                                                         1429},
                                                                        {test_server,
                                                                         run_test_case_eval1,
                                                                         1026},
                                                                        {test_server,
                                                                         run_test_case_eval,
                                                                         968}]
=== *** FAILED test case 22 of 27 ***
=== 
=case          login_SUITE:legacy_unsuccessful_plain
=group_props   [{name,"legacy_auth"}]
=started       2016-04-06 17:59:01
=result        auto_skipped: {failed,{login_SUITE,legacy_successful_plain}}
=== *** Skipping test case #23 {login_SUITE,legacy_unsuccessful_plain} ***
=== 
=case          login_SUITE:legacy_successful_digest
=group_props   [{name,"legacy_auth"}]
=started       2016-04-06 17:59:01
=result        auto_skipped: {failed,{login_SUITE,legacy_successful_plain}}
=== *** Skipping test case #24 {login_SUITE,legacy_successful_digest} ***
=== 
=case          login_SUITE:legacy_blocked_user
=group_props   [{name,"legacy_auth"}]
=started       2016-04-06 17:59:01
=result        auto_skipped: {failed,{login_SUITE,legacy_successful_plain}}
=== *** Skipping test case #25 {login_SUITE,legacy_blocked_user} ***
=case          login_SUITE:end_per_group
=logfile       login_suite.end_per_group.965541.114.html
=group_props   [{name,legacy_auth},sequence]
=started       2016-04-06 17:59:01
=ended         2016-04-06 17:59:01
=result        ok
=elapsed       0.019706
=group_time    0.067s
=case          login_SUITE:init_per_group
=logfile       login_suite.init_per_group.965541.158.html
=group_props   [{name,messages},sequence]
=started       2016-04-06 17:59:01
=ended         2016-04-06 17:59:01
=result        ok
=elapsed       0.004234
=case          login_SUITE:messages_story
=logfile       login_suite.messages_story.html
=started       2016-04-06 17:59:01
=ended         2016-04-06 17:59:02
=result        ok
=elapsed       0.921904
=case          login_SUITE:message_zlib_limit
=logfile       login_suite.message_zlib_limit.html
=started       2016-04-06 17:59:02
=ended         2016-04-06 17:59:03
=result        ok
=elapsed       0.838587
=case          login_SUITE:end_per_group
=logfile       login_suite.end_per_group.965543.15.html
=group_props   [{name,messages},sequence]
=started       2016-04-06 17:59:03
=ended         2016-04-06 17:59:03
=result        ok
=elapsed       0.019521
=group_time    1.857s
=case          login_SUITE:end_per_suite
=logfile       login_suite.end_per_suite.html
=started       2016-04-06 17:59:03
=ended         2016-04-06 17:59:03
=result        ok
=elapsed       8.67e-4
=group_time    7.971s
=== TEST COMPLETE, 13 ok, 2 failed, 12 skipped of 27 test cases

=finished      2016-04-06 17:59:03
=failed        2
=successful    13
=user_skipped  0
=auto_skipped  12
