=== Suite started at 2016-04-14 14:28:57
=== Starting test, 21 test cases
=cases         21
=user          travis
=host          testing-gce-9cd4fec2-edc9-4244-8878-19b2d869930b
=hosts         testing-gce-9cd4fec2-edc9-4244-8878-19b2d869930b 
=emulator_vsn  6.4
=emulator      beam
=otp_release   17
=started       2016-04-14 14:28:57
=case          vcard_SUITE:init_per_suite
=logfile       vcard_suite.init_per_suite.html
=started       2016-04-14 14:28:57
=ended         2016-04-14 14:28:57
=result        ok
=elapsed       0.035521
=case          vcard_SUITE:init_per_group
=logfile       vcard_suite.init_per_group.html
=group_props   [{name,rw},sequence]
=started       2016-04-14 14:28:57
=ended         2016-04-14 14:28:58
=result        ok
=elapsed       0.066479
=case          vcard_SUITE:update_own_card
=logfile       vcard_suite.update_own_card.html
=started       2016-04-14 14:28:58
=ended         2016-04-14 14:28:59
=result        failed: {timeout_when_waiting_for_stanza,
                           [{escalus_client,wait_for_stanza,
                                [{client,<<"alicE@localhost/res1">>,
                                     escalus_tcp,#Port<0.30967>,false,false,
                                     <0.29763.0>,
                                     [{event_manager,<0.29761.0>},
                                      {server,<<"localhost">>},
                                      {username,<<"alicE">>},
                                      {resource,<<"res1">>}]},
                                 1000],
                                [{file,"src/escalus_client.erl"},{line,119}]},
                            {vcard_SUITE,'-do_update_own_card/1-fun-0-',1,
                                [{file,"vcard_SUITE.erl"},{line,182}]},
                            {escalus_story,story,3,
                                [{file,"src/escalus_story.erl"},{line,40}]},
                            {test_server,ts_tc,3,
                                [{file,"test_server.erl"},{line,1429}]},
                            {test_server,run_test_case_eval1,6,
                                [{file,"test_server.erl"},{line,1026}]},
                            {test_server,run_test_case_eval,9,
                                [{file,"test_server.erl"},{line,968}]}]}, [{escalus_client,
                                                                            wait_for_stanza,
                                                                            119},
                                                                           {vcard_SUITE,
                                                                            '-do_update_own_card/1-fun-0-',
                                                                            182},
                                                                           {escalus_story,
                                                                            story,
                                                                            40},
                                                                           {test_server,
                                                                            ts_tc,
                                                                            1429},
                                                                           {test_server,
                                                                            run_test_case_eval1,
                                                                            1026},
                                                                           {test_server,
                                                                            run_test_case_eval,
                                                                            968}]
=== *** FAILED test case 1 of 21 ***
=case          vcard_SUITE:end_per_group
=logfile       vcard_suite.end_per_group.html
=group_props   [{name,rw},sequence]
=started       2016-04-14 14:28:59
=ended         2016-04-14 14:28:59
=result        ok
=elapsed       0.001112
=group_time    1.396s
=case          vcard_SUITE:init_per_group
=logfile       vcard_suite.init_per_group.644139.411.html
=group_props   [{name,ro_full}]
=started       2016-04-14 14:28:59
=ended         2016-04-14 14:29:02
=result        ok
=elapsed       3.070919
=case          vcard_SUITE:retrieve_own_card
=logfile       vcard_suite.retrieve_own_card.html
=started       2016-04-14 14:29:02
=ended         2016-04-14 14:29:03
=result        failed: {timeout_when_waiting_for_stanza,
                           [{escalus_client,wait_for_stanza,
                                [{client,<<"alicE@localhost/res1">>,
                                     escalus_tcp,#Port<0.30972>,false,false,
                                     <0.29787.0>,
                                     [{event_manager,<0.29786.0>},
                                      {server,<<"localhost">>},
                                      {username,<<"alicE">>},
                                      {resource,<<"res1">>}]},
                                 1000],
                                [{file,"src/escalus_client.erl"},{line,119}]},
                            {vcard_SUITE,'-retrieve_own_card/1-fun-0-',2,
                                [{file,"vcard_SUITE.erl"},{line,196}]},
                            {escalus_story,story,3,
                                [{file,"src/escalus_story.erl"},{line,40}]},
                            {test_server,ts_tc,3,
                                [{file,"test_server.erl"},{line,1429}]},
                            {test_server,run_test_case_eval1,6,
                                [{file,"test_server.erl"},{line,1026}]},
                            {test_server,run_test_case_eval,9,
                                [{file,"test_server.erl"},{line,968}]}]}, [{escalus_client,
                                                                            wait_for_stanza,
                                                                            119},
                                                                           {vcard_SUITE,
                                                                            '-retrieve_own_card/1-fun-0-',
                                                                            196},
                                                                           {escalus_story,
                                                                            story,
                                                                            40},
                                                                           {test_server,
                                                                            ts_tc,
                                                                            1429},
                                                                           {test_server,
                                                                            run_test_case_eval1,
                                                                            1026},
                                                                           {test_server,
                                                                            run_test_case_eval,
                                                                            968}]
=== *** FAILED test case 2 of 21 ***
=case          vcard_SUITE:user_doesnt_exist
=logfile       vcard_suite.user_doesnt_exist.html
=started       2016-04-14 14:29:03
=ended         2016-04-14 14:29:05
=result        failed: {timeout_when_waiting_for_stanza,
                           [{escalus_client,wait_for_stanza,
                                [{client,<<"alicE@localhost/res1">>,
                                     escalus_tcp,#Port<0.30975>,false,false,
                                     <0.29794.0>,
                                     [{event_manager,<0.29793.0>},
                                      {server,<<"localhost">>},
                                      {username,<<"alicE">>},
                                      {resource,<<"res1">>}]},
                                 1000],
                                [{file,"src/escalus_client.erl"},{line,119}]},
                            {vcard_SUITE,'-user_doesnt_exist/1-fun-0-',1,
                                [{file,"vcard_SUITE.erl"},{line,213}]},
                            {escalus_story,story,3,
                                [{file,"src/escalus_story.erl"},{line,40}]},
                            {test_server,ts_tc,3,
                                [{file,"test_server.erl"},{line,1429}]},
                            {test_server,run_test_case_eval1,6,
                                [{file,"test_server.erl"},{line,1026}]},
                            {test_server,run_test_case_eval,9,
                                [{file,"test_server.erl"},{line,968}]}]}, [{escalus_client,
                                                                            wait_for_stanza,
                                                                            119},
                                                                           {vcard_SUITE,
                                                                            '-user_doesnt_exist/1-fun-0-',
                                                                            213},
                                                                           {escalus_story,
                                                                            story,
                                                                            40},
                                                                           {test_server,
                                                                            ts_tc,
                                                                            1429},
                                                                           {test_server,
                                                                            run_test_case_eval1,
                                                                            1026},
                                                                           {test_server,
                                                                            run_test_case_eval,
                                                                            968}]
=== *** FAILED test case 3 of 21 ***
=case          vcard_SUITE:update_other_card
=logfile       vcard_suite.update_other_card.html
=started       2016-04-14 14:29:05
=ended         2016-04-14 14:29:06
=result        failed: {timeout_when_waiting_for_stanza,
                           [{escalus_client,wait_for_stanza,
                                [{client,<<"alicE@localhost/res1">>,
                                     escalus_tcp,#Port<0.30978>,false,false,
                                     <0.29801.0>,
                                     [{event_manager,<0.29800.0>},
                                      {server,<<"localhost">>},
                                      {username,<<"alicE">>},
                                      {resource,<<"res1">>}]},
                                 1000],
                                [{file,"src/escalus_client.erl"},{line,119}]},
                            {vcard_SUITE,'-update_other_card/1-fun-0-',3,
                                [{file,"vcard_SUITE.erl"},{line,241}]},
                            {escalus_story,story,3,
                                [{file,"src/escalus_story.erl"},{line,40}]},
                            {test_server,ts_tc,3,
                                [{file,"test_server.erl"},{line,1429}]},
                            {test_server,run_test_case_eval1,6,
                                [{file,"test_server.erl"},{line,1026}]},
                            {test_server,run_test_case_eval,9,
                                [{file,"test_server.erl"},{line,968}]}]}, [{escalus_client,
                                                                            wait_for_stanza,
                                                                            119},
                                                                           {vcard_SUITE,
                                                                            '-update_other_card/1-fun-0-',
                                                                            241},
                                                                           {escalus_story,
                                                                            story,
                                                                            40},
                                                                           {test_server,
                                                                            ts_tc,
                                                                            1429},
                                                                           {test_server,
                                                                            run_test_case_eval1,
                                                                            1026},
                                                                           {test_server,
                                                                            run_test_case_eval,
                                                                            968}]
=== *** FAILED test case 4 of 21 ***
=case          vcard_SUITE:retrieve_others_card
=logfile       vcard_suite.retrieve_others_card.html
=started       2016-04-14 14:29:06
=ended         2016-04-14 14:29:08
=result        failed: {timeout_when_waiting_for_stanza,
                           [{escalus_client,wait_for_stanza,
                                [{client,<<"alicE@localhost/res1">>,
                                     escalus_tcp,#Port<0.30982>,false,false,
                                     <0.29809.0>,
                                     [{event_manager,<0.29808.0>},
                                      {server,<<"localhost">>},
                                      {username,<<"alicE">>},
                                      {resource,<<"res1">>}]},
                                 1000],
                                [{file,"src/escalus_client.erl"},{line,119}]},
                            {vcard_SUITE,'-retrieve_others_card/1-fun-0-',3,
                                [{file,"vcard_SUITE.erl"},{line,252}]},
                            {escalus_story,story,3,
                                [{file,"src/escalus_story.erl"},{line,40}]},
                            {test_server,ts_tc,3,
                                [{file,"test_server.erl"},{line,1429}]},
                            {test_server,run_test_case_eval1,6,
                                [{file,"test_server.erl"},{line,1026}]},
                            {test_server,run_test_case_eval,9,
                                [{file,"test_server.erl"},{line,968}]}]}, [{escalus_client,
                                                                            wait_for_stanza,
                                                                            119},
                                                                           {vcard_SUITE,
                                                                            '-retrieve_others_card/1-fun-0-',
                                                                            252},
                                                                           {escalus_story,
                                                                            story,
                                                                            40},
                                                                           {test_server,
                                                                            ts_tc,
                                                                            1429},
                                                                           {test_server,
                                                                            run_test_case_eval1,
                                                                            1026},
                                                                           {test_server,
                                                                            run_test_case_eval,
                                                                            968}]
=== *** FAILED test case 5 of 21 ***
=case          vcard_SUITE:vcard_service_discovery
=logfile       vcard_suite.vcard_service_discovery.html
=started       2016-04-14 14:29:08
=ended         2016-04-14 14:29:09
=result        ok
=elapsed       0.465867
=case          vcard_SUITE:server_vcard
=logfile       vcard_suite.server_vcard.html
=started       2016-04-14 14:29:09
=ended         2016-04-14 14:29:09
=result        ok
=elapsed       0.464738
=case          vcard_SUITE:directory_service_vcard
=logfile       vcard_suite.directory_service_vcard.html
=started       2016-04-14 14:29:09
=ended         2016-04-14 14:29:10
=result        ok
=elapsed       0.464965
=case          vcard_SUITE:request_search_fields
=logfile       vcard_suite.request_search_fields.html
=started       2016-04-14 14:29:10
=ended         2016-04-14 14:29:10
=result        ok
=elapsed       0.465537
=case          vcard_SUITE:search_open
=logfile       vcard_suite.search_open.html
=started       2016-04-14 14:29:10
=ended         2016-04-14 14:29:11
=result        ok
=elapsed       0.466426
=case          vcard_SUITE:search_empty
=logfile       vcard_suite.search_empty.html
=started       2016-04-14 14:29:11
=ended         2016-04-14 14:29:11
=result        ok
=elapsed       0.471749
=case          vcard_SUITE:search_some
=logfile       vcard_suite.search_some.html
=started       2016-04-14 14:29:11
=ended         2016-04-14 14:29:12
=result        failed: {{badmatch,[]},
                        [{vcard_SUITE,'-search_some/1-fun-0-',2,
                             [{file,"vcard_SUITE.erl"},{line,373}]},
                         {escalus_story,story,3,
                             [{file,"src/escalus_story.erl"},{line,40}]},
                         {test_server,ts_tc,3,
                             [{file,"test_server.erl"},{line,1429}]},
                         {test_server,run_test_case_eval1,6,
                             [{file,"test_server.erl"},{line,1026}]},
                         {test_server,run_test_case_eval,9,
                             [{file,"test_server.erl"},{line,968}]}]}, [{vcard_SUITE,
                                                                         '-search_some/1-fun-0-',
                                                                         373},
                                                                        {escalus_story,
                                                                         story,
                                                                         40},
                                                                        {test_server,
                                                                         ts_tc,
                                                                         1429},
                                                                        {test_server,
                                                                         run_test_case_eval1,
                                                                         1026},
                                                                        {test_server,
                                                                         run_test_case_eval,
                                                                         968}]
=== *** FAILED test case 12 of 21 ***
=case          vcard_SUITE:search_some_many_fields
=logfile       vcard_suite.search_some_many_fields.html
=started       2016-04-14 14:29:12
=ended         2016-04-14 14:29:12
=result        failed: {{badmatch,[]},
                        [{vcard_SUITE,'-search_some_many_fields/1-fun-0-',1,
                             [{file,"vcard_SUITE.erl"},{line,409}]},
                         {escalus_story,story,3,
                             [{file,"src/escalus_story.erl"},{line,40}]},
                         {test_server,ts_tc,3,
                             [{file,"test_server.erl"},{line,1429}]},
                         {test_server,run_test_case_eval1,6,
                             [{file,"test_server.erl"},{line,1026}]},
                         {test_server,run_test_case_eval,9,
                             [{file,"test_server.erl"},{line,968}]}]}, [{vcard_SUITE,
                                                                         '-search_some_many_fields/1-fun-0-',
                                                                         409},
                                                                        {escalus_story,
                                                                         story,
                                                                         40},
                                                                        {test_server,
                                                                         ts_tc,
                                                                         1429},
                                                                        {test_server,
                                                                         run_test_case_eval1,
                                                                         1026},
                                                                        {test_server,
                                                                         run_test_case_eval,
                                                                         968}]
=== *** FAILED test case 13 of 21 ***
=case          vcard_SUITE:search_wildcard
=logfile       vcard_suite.search_wildcard.html
=started       2016-04-14 14:29:12
=ended         2016-04-14 14:29:13
=result        failed: {test_case_failed,
                           "can't find user <<\"bobb@localhost.bis\">> in received results: []"}, [{escalus_story,
                                                                                                    story,
                                                                                                    40},
                                                                                                   {test_server,
                                                                                                    ts_tc,
                                                                                                    1429},
                                                                                                   {test_server,
                                                                                                    run_test_case_eval1,
                                                                                                    1026},
                                                                                                   {test_server,
                                                                                                    run_test_case_eval,
                                                                                                    968}]
=== *** FAILED test case 14 of 21 ***
=case          vcard_SUITE:end_per_group
=logfile       vcard_suite.end_per_group.644153.84.html
=group_props   [{name,ro_full}]
=started       2016-04-14 14:29:13
=ended         2016-04-14 14:29:13
=result        ok
=elapsed       8.32e-4
=group_time    13.673s
=case          vcard_SUITE:init_per_group
=logfile       vcard_suite.init_per_group.644153.112.html
=group_props   [{name,ro_limited}]
=started       2016-04-14 14:29:13
=ended         2016-04-14 14:29:16
=result        ok
=elapsed       3.064865
=case          vcard_SUITE:search_open_limited
=logfile       vcard_suite.search_open_limited.html
=started       2016-04-14 14:29:16
=ended         2016-04-14 14:29:16
=result        ok
=elapsed       0.462778
=case          vcard_SUITE:search_some_limited
=logfile       vcard_suite.search_some_limited.html
=started       2016-04-14 14:29:16
=ended         2016-04-14 14:29:17
=result        failed: {{badmatch,[]},
                        [{vcard_SUITE,'-search_some_limited/1-fun-0-',1,
                             [{file,"vcard_SUITE.erl"},{line,490}]},
                         {escalus_story,story,3,
                             [{file,"src/escalus_story.erl"},{line,40}]},
                         {test_server,ts_tc,3,
                             [{file,"test_server.erl"},{line,1429}]},
                         {test_server,run_test_case_eval1,6,
                             [{file,"test_server.erl"},{line,1026}]},
                         {test_server,run_test_case_eval,9,
                             [{file,"test_server.erl"},{line,968}]}]}, [{vcard_SUITE,
                                                                         '-search_some_limited/1-fun-0-',
                                                                         490},
                                                                        {escalus_story,
                                                                         story,
                                                                         40},
                                                                        {test_server,
                                                                         ts_tc,
                                                                         1429},
                                                                        {test_server,
                                                                         run_test_case_eval1,
                                                                         1026},
                                                                        {test_server,
                                                                         run_test_case_eval,
                                                                         968}]
=== *** FAILED test case 16 of 21 ***
=case          vcard_SUITE:search_in_service_discovery
=logfile       vcard_suite.search_in_service_discovery.html
=started       2016-04-14 14:29:17
=ended         2016-04-14 14:29:17
=result        ok
=elapsed       0.523755
=case          vcard_SUITE:end_per_group
=logfile       vcard_suite.end_per_group.644157.746.html
=group_props   [{name,ro_limited}]
=started       2016-04-14 14:29:17
=ended         2016-04-14 14:29:17
=result        ok
=elapsed       0.001161
=group_time    4.635s
=case          vcard_SUITE:init_per_group
=logfile       vcard_suite.init_per_group.644157.786.html
=group_props   [{name,ro_no},sequence]
=started       2016-04-14 14:29:17
=ended         2016-04-14 14:29:20
=result        ok
=elapsed       3.074356
=case          vcard_SUITE:search_not_allowed
=logfile       vcard_suite.search_not_allowed.html
=started       2016-04-14 14:29:20
=ended         2016-04-14 14:29:21
=result        ok
=elapsed       0.46403
=case          vcard_SUITE:search_not_in_service_discovery
=logfile       vcard_suite.search_not_in_service_discovery.html
=started       2016-04-14 14:29:21
=ended         2016-04-14 14:29:21
=result        ok
=elapsed       0.468375
=case          vcard_SUITE:end_per_group
=logfile       vcard_suite.end_per_group.644161.882.html
=group_props   [{name,ro_no},sequence]
=started       2016-04-14 14:29:21
=ended         2016-04-14 14:29:21
=result        ok
=elapsed       0.00131
=group_time    4.096s
=case          vcard_SUITE:init_per_group
=logfile       vcard_suite.init_per_group.644161.910.html
=group_props   [{name,ldap_only}]
=started       2016-04-14 14:29:21
=ended         2016-04-14 14:29:21
=result        skipped: "this group is only for ldap vCard backend"
=== *** SKIPPED {vcard_SUITE,init_per_group} ***
=== 
=case          vcard_SUITE:search_some_many_fields_with_or_operator
=group_props   [{name,"ldap_only"}]
=started       2016-04-14 14:29:21
=result        skipped: this group is only for ldap vCard backend
=== *** Skipping test case #20 {vcard_SUITE,search_some_many_fields_with_or_operator} ***
=== 
=case          vcard_SUITE:return_photo_inserted_as_binary_by_3rd_party_service
=group_props   [{name,"ldap_only"}]
=started       2016-04-14 14:29:21
=result        skipped: this group is only for ldap vCard backend
=== *** Skipping test case #21 {vcard_SUITE,return_photo_inserted_as_binary_by_3rd_party_service} ***
=== 
=case          vcard_SUITE:end_per_group
=group_props   [{name,"ldap_only"}]
=started       2016-04-14 14:29:21
=result        skipped: this group is only for ldap vCard backend
=== *** Skipping {vcard_SUITE,end_per_group} ***
=case          vcard_SUITE:end_per_suite
=logfile       vcard_suite.end_per_suite.html
=started       2016-04-14 14:29:21
=ended         2016-04-14 14:29:22
=result        ok
=elapsed       0.133297
=group_time    24.090s
=== TEST COMPLETE, 10 ok, 9 failed, 2 skipped of 21 test cases

=finished      2016-04-14 14:29:22
=failed        9
=successful    10
=user_skipped  2
=auto_skipped  0
