=== Suite started at 2016-04-06 17:22:44
=== Starting test, 14 test cases
=cases         14
=user          travis
=host          testing-gce-96c2a039-c17e-41b4-b2d1-2d41ac5f5cdf
=hosts         testing-gce-96c2a039-c17e-41b4-b2d1-2d41ac5f5cdf 
=emulator_vsn  6.4
=emulator      beam
=otp_release   17
=started       2016-04-06 17:22:44
=case          component_SUITE:init_per_suite
=logfile       component_suite.init_per_suite.html
=started       2016-04-06 17:22:44
=ended         2016-04-06 17:22:44
=result        ok
=elapsed       0.00475
=case          component_SUITE:init_per_group
=logfile       component_suite.init_per_group.html
=group_props   [{name,xep0114_tcp}]
=started       2016-04-06 17:22:44
=ended         2016-04-06 17:22:44
=result        ok
=elapsed       0.002302
=case          component_SUITE:register_one_component
=logfile       component_suite.register_one_component.html
=started       2016-04-06 17:22:44
=ended         2016-04-06 17:22:44
=result        failed: {{badmatch,false},
                        [{escalus_utils,make_jid,1,
                             [{file,"src/escalus_utils.erl"},{line,148}]},
                         {escalus_connection,start,2,
                             [{file,"src/escalus_connection.erl"},{line,109}]},
                         {component_SUITE,connect_component,2,
                             [{file,"component_SUITE.erl"},{line,357}]},
                         {component_SUITE,register_one_component,1,
                             [{file,"component_SUITE.erl"},{line,115}]},
                         {test_server,ts_tc,3,
                             [{file,"test_server.erl"},{line,1429}]},
                         {test_server,run_test_case_eval1,6,
                             [{file,"test_server.erl"},{line,1026}]},
                         {test_server,run_test_case_eval,9,
                             [{file,"test_server.erl"},{line,968}]}]}, [{escalus_utils,
                                                                         make_jid,
                                                                         148},
                                                                        {escalus_connection,
                                                                         start,
                                                                         109},
                                                                        {component_SUITE,
                                                                         connect_component,
                                                                         357},
                                                                        {component_SUITE,
                                                                         register_one_component,
                                                                         115},
                                                                        {test_server,
                                                                         ts_tc,
                                                                         1429},
                                                                        {test_server,
                                                                         run_test_case_eval1,
                                                                         1026},
                                                                        {test_server,
                                                                         run_test_case_eval,
                                                                         968}]
=== *** FAILED test case 1 of 14 ***
=case          component_SUITE:register_two_components
=logfile       component_suite.register_two_components.html
=started       2016-04-06 17:22:44
=ended         2016-04-06 17:22:44
=result        failed: {{badmatch,false},
                        [{escalus_utils,make_jid,1,
                             [{file,"src/escalus_utils.erl"},{line,148}]},
                         {escalus_connection,start,2,
                             [{file,"src/escalus_connection.erl"},{line,109}]},
                         {component_SUITE,connect_component,2,
                             [{file,"component_SUITE.erl"},{line,357}]},
                         {component_SUITE,register_two_components,1,
                             [{file,"component_SUITE.erl"},{line,141}]},
                         {test_server,ts_tc,3,
                             [{file,"test_server.erl"},{line,1429}]},
                         {test_server,run_test_case_eval1,6,
                             [{file,"test_server.erl"},{line,1026}]},
                         {test_server,run_test_case_eval,9,
                             [{file,"test_server.erl"},{line,968}]}]}, [{escalus_utils,
                                                                         make_jid,
                                                                         148},
                                                                        {escalus_connection,
                                                                         start,
                                                                         109},
                                                                        {component_SUITE,
                                                                         connect_component,
                                                                         357},
                                                                        {component_SUITE,
                                                                         register_two_components,
                                                                         141},
                                                                        {test_server,
                                                                         ts_tc,
                                                                         1429},
                                                                        {test_server,
                                                                         run_test_case_eval1,
                                                                         1026},
                                                                        {test_server,
                                                                         run_test_case_eval,
                                                                         968}]
=== *** FAILED test case 2 of 14 ***
=case          component_SUITE:try_registering_with_wrong_password
=logfile       component_suite.try_registering_with_wrong_password.html
=started       2016-04-06 17:22:44
=ended         2016-04-06 17:22:44
=result        ok
=elapsed       0.003569
=case          component_SUITE:try_registering_component_twice
=logfile       component_suite.try_registering_component_twice.html
=started       2016-04-06 17:22:44
=ended         2016-04-06 17:22:44
=result        failed: {{badmatch,false},
                        [{escalus_utils,make_jid,1,
                             [{file,"src/escalus_utils.erl"},{line,148}]},
                         {escalus_connection,start,2,
                             [{file,"src/escalus_connection.erl"},{line,109}]},
                         {component_SUITE,connect_component,2,
                             [{file,"component_SUITE.erl"},{line,357}]},
                         {component_SUITE,try_registering_component_twice,1,
                             [{file,"component_SUITE.erl"},{line,198}]},
                         {test_server,ts_tc,3,
                             [{file,"test_server.erl"},{line,1429}]},
                         {test_server,run_test_case_eval1,6,
                             [{file,"test_server.erl"},{line,1026}]},
                         {test_server,run_test_case_eval,9,
                             [{file,"test_server.erl"},{line,968}]}]}, [{escalus_utils,
                                                                         make_jid,
                                                                         148},
                                                                        {escalus_connection,
                                                                         start,
                                                                         109},
                                                                        {component_SUITE,
                                                                         connect_component,
                                                                         357},
                                                                        {component_SUITE,
                                                                         try_registering_component_twice,
                                                                         198},
                                                                        {test_server,
                                                                         ts_tc,
                                                                         1429},
                                                                        {test_server,
                                                                         run_test_case_eval1,
                                                                         1026},
                                                                        {test_server,
                                                                         run_test_case_eval,
                                                                         968}]
=== *** FAILED test case 4 of 14 ***
=case          component_SUITE:try_registering_existing_host
=logfile       component_suite.try_registering_existing_host.html
=started       2016-04-06 17:22:44
=ended         2016-04-06 17:22:44
=result        ok
=elapsed       0.003409
=case          component_SUITE:disco_components
=logfile       component_suite.disco_components.html
=started       2016-04-06 17:22:44
=ended         2016-04-06 17:22:44
=result        failed: {{badmatch,false},
                        [{escalus_utils,make_jid,1,
                             [{file,"src/escalus_utils.erl"},{line,148}]},
                         {escalus_connection,start,2,
                             [{file,"src/escalus_connection.erl"},{line,109}]},
                         {component_SUITE,connect_component,2,
                             [{file,"component_SUITE.erl"},{line,357}]},
                         {component_SUITE,disco_components,1,
                             [{file,"component_SUITE.erl"},{line,230}]},
                         {test_server,ts_tc,3,
                             [{file,"test_server.erl"},{line,1429}]},
                         {test_server,run_test_case_eval1,6,
                             [{file,"test_server.erl"},{line,1026}]},
                         {test_server,run_test_case_eval,9,
                             [{file,"test_server.erl"},{line,968}]}]}, [{escalus_utils,
                                                                         make_jid,
                                                                         148},
                                                                        {escalus_connection,
                                                                         start,
                                                                         109},
                                                                        {component_SUITE,
                                                                         connect_component,
                                                                         357},
                                                                        {component_SUITE,
                                                                         disco_components,
                                                                         230},
                                                                        {test_server,
                                                                         ts_tc,
                                                                         1429},
                                                                        {test_server,
                                                                         run_test_case_eval1,
                                                                         1026},
                                                                        {test_server,
                                                                         run_test_case_eval,
                                                                         968}]
=== *** FAILED test case 6 of 14 ***
=case          component_SUITE:end_per_group
=logfile       component_suite.end_per_group.html
=group_props   [{name,xep0114_tcp}]
=started       2016-04-06 17:22:44
=ended         2016-04-06 17:22:44
=result        ok
=elapsed       0.010737
=group_time    0.215s
=case          component_SUITE:init_per_group
=logfile       component_suite.init_per_group.963364.388.html
=group_props   [{name,xep0114_ws}]
=started       2016-04-06 17:22:44
=ended         2016-04-06 17:22:44
=result        ok
=elapsed       0.002171
=case          component_SUITE:register_one_component
=logfile       component_suite.register_one_component.963364.416.html
=started       2016-04-06 17:22:44
=ended         2016-04-06 17:22:44
=result        failed: {{badmatch,false},
                        [{escalus_utils,make_jid,1,
                             [{file,"src/escalus_utils.erl"},{line,148}]},
                         {escalus_connection,start,2,
                             [{file,"src/escalus_connection.erl"},{line,109}]},
                         {component_SUITE,connect_component,2,
                             [{file,"component_SUITE.erl"},{line,357}]},
                         {component_SUITE,register_one_component,1,
                             [{file,"component_SUITE.erl"},{line,115}]},
                         {test_server,ts_tc,3,
                             [{file,"test_server.erl"},{line,1429}]},
                         {test_server,run_test_case_eval1,6,
                             [{file,"test_server.erl"},{line,1026}]},
                         {test_server,run_test_case_eval,9,
                             [{file,"test_server.erl"},{line,968}]}]}, [{escalus_utils,
                                                                         make_jid,
                                                                         148},
                                                                        {escalus_connection,
                                                                         start,
                                                                         109},
                                                                        {component_SUITE,
                                                                         connect_component,
                                                                         357},
                                                                        {component_SUITE,
                                                                         register_one_component,
                                                                         115},
                                                                        {test_server,
                                                                         ts_tc,
                                                                         1429},
                                                                        {test_server,
                                                                         run_test_case_eval1,
                                                                         1026},
                                                                        {test_server,
                                                                         run_test_case_eval,
                                                                         968}]
=== *** FAILED test case 7 of 14 ***
=case          component_SUITE:register_two_components
=logfile       component_suite.register_two_components.963364.448.html
=started       2016-04-06 17:22:44
=ended         2016-04-06 17:22:44
=result        failed: {{badmatch,false},
                        [{escalus_utils,make_jid,1,
                             [{file,"src/escalus_utils.erl"},{line,148}]},
                         {escalus_connection,start,2,
                             [{file,"src/escalus_connection.erl"},{line,109}]},
                         {component_SUITE,connect_component,2,
                             [{file,"component_SUITE.erl"},{line,357}]},
                         {component_SUITE,register_two_components,1,
                             [{file,"component_SUITE.erl"},{line,141}]},
                         {test_server,ts_tc,3,
                             [{file,"test_server.erl"},{line,1429}]},
                         {test_server,run_test_case_eval1,6,
                             [{file,"test_server.erl"},{line,1026}]},
                         {test_server,run_test_case_eval,9,
                             [{file,"test_server.erl"},{line,968}]}]}, [{escalus_utils,
                                                                         make_jid,
                                                                         148},
                                                                        {escalus_connection,
                                                                         start,
                                                                         109},
                                                                        {component_SUITE,
                                                                         connect_component,
                                                                         357},
                                                                        {component_SUITE,
                                                                         register_two_components,
                                                                         141},
                                                                        {test_server,
                                                                         ts_tc,
                                                                         1429},
                                                                        {test_server,
                                                                         run_test_case_eval1,
                                                                         1026},
                                                                        {test_server,
                                                                         run_test_case_eval,
                                                                         968}]
=== *** FAILED test case 8 of 14 ***
=case          component_SUITE:try_registering_with_wrong_password
=logfile       component_suite.try_registering_with_wrong_password.963364.480.html
=started       2016-04-06 17:22:44
=ended         2016-04-06 17:22:44
=result        ok
=elapsed       0.003278
=case          component_SUITE:try_registering_component_twice
=logfile       component_suite.try_registering_component_twice.963364.510.html
=started       2016-04-06 17:22:44
=ended         2016-04-06 17:22:44
=result        failed: {{badmatch,false},
                        [{escalus_utils,make_jid,1,
                             [{file,"src/escalus_utils.erl"},{line,148}]},
                         {escalus_connection,start,2,
                             [{file,"src/escalus_connection.erl"},{line,109}]},
                         {component_SUITE,connect_component,2,
                             [{file,"component_SUITE.erl"},{line,357}]},
                         {component_SUITE,try_registering_component_twice,1,
                             [{file,"component_SUITE.erl"},{line,198}]},
                         {test_server,ts_tc,3,
                             [{file,"test_server.erl"},{line,1429}]},
                         {test_server,run_test_case_eval1,6,
                             [{file,"test_server.erl"},{line,1026}]},
                         {test_server,run_test_case_eval,9,
                             [{file,"test_server.erl"},{line,968}]}]}, [{escalus_utils,
                                                                         make_jid,
                                                                         148},
                                                                        {escalus_connection,
                                                                         start,
                                                                         109},
                                                                        {component_SUITE,
                                                                         connect_component,
                                                                         357},
                                                                        {component_SUITE,
                                                                         try_registering_component_twice,
                                                                         198},
                                                                        {test_server,
                                                                         ts_tc,
                                                                         1429},
                                                                        {test_server,
                                                                         run_test_case_eval1,
                                                                         1026},
                                                                        {test_server,
                                                                         run_test_case_eval,
                                                                         968}]
=== *** FAILED test case 10 of 14 ***
=case          component_SUITE:try_registering_existing_host
=logfile       component_suite.try_registering_existing_host.963364.542.html
=started       2016-04-06 17:22:44
=ended         2016-04-06 17:22:44
=result        ok
=elapsed       0.003921
=case          component_SUITE:disco_components
=logfile       component_suite.disco_components.963364.577.html
=started       2016-04-06 17:22:44
=ended         2016-04-06 17:22:44
=result        failed: {{badmatch,false},
                        [{escalus_utils,make_jid,1,
                             [{file,"src/escalus_utils.erl"},{line,148}]},
                         {escalus_connection,start,2,
                             [{file,"src/escalus_connection.erl"},{line,109}]},
                         {component_SUITE,connect_component,2,
                             [{file,"component_SUITE.erl"},{line,357}]},
                         {component_SUITE,disco_components,1,
                             [{file,"component_SUITE.erl"},{line,230}]},
                         {test_server,ts_tc,3,
                             [{file,"test_server.erl"},{line,1429}]},
                         {test_server,run_test_case_eval1,6,
                             [{file,"test_server.erl"},{line,1026}]},
                         {test_server,run_test_case_eval,9,
                             [{file,"test_server.erl"},{line,968}]}]}, [{escalus_utils,
                                                                         make_jid,
                                                                         148},
                                                                        {escalus_connection,
                                                                         start,
                                                                         109},
                                                                        {component_SUITE,
                                                                         connect_component,
                                                                         357},
                                                                        {component_SUITE,
                                                                         disco_components,
                                                                         230},
                                                                        {test_server,
                                                                         ts_tc,
                                                                         1429},
                                                                        {test_server,
                                                                         run_test_case_eval1,
                                                                         1026},
                                                                        {test_server,
                                                                         run_test_case_eval,
                                                                         968}]
=== *** FAILED test case 12 of 14 ***
=case          component_SUITE:end_per_group
=logfile       component_suite.end_per_group.963364.609.html
=group_props   [{name,xep0114_ws}]
=started       2016-04-06 17:22:44
=ended         2016-04-06 17:22:44
=result        ok
=elapsed       0.006248
=group_time    0.221s
=case          component_SUITE:init_per_group
=logfile       component_suite.init_per_group.963364.642.html
=group_props   [{name,subdomain}]
=started       2016-04-06 17:22:44
=ended         2016-04-06 17:22:45
=result        ok
=elapsed       0.477317
=case          component_SUITE:register_subdomain
=logfile       component_suite.register_subdomain.html
=started       2016-04-06 17:22:45
=ended         2016-04-06 17:22:45
=result        failed: {{badmatch,false},
                        [{escalus_utils,make_jid,1,
                             [{file,"src/escalus_utils.erl"},{line,148}]},
                         {escalus_connection,start,2,
                             [{file,"src/escalus_connection.erl"},{line,109}]},
                         {component_SUITE,connect_component,2,
                             [{file,"component_SUITE.erl"},{line,357}]},
                         {component_SUITE,register_subdomain,1,
                             [{file,"component_SUITE.erl"},{line,251}]},
                         {test_server,ts_tc,3,
                             [{file,"test_server.erl"},{line,1429}]},
                         {test_server,run_test_case_eval1,6,
                             [{file,"test_server.erl"},{line,1026}]},
                         {test_server,run_test_case_eval,9,
                             [{file,"test_server.erl"},{line,968}]}]}, [{escalus_utils,
                                                                         make_jid,
                                                                         148},
                                                                        {escalus_connection,
                                                                         start,
                                                                         109},
                                                                        {component_SUITE,
                                                                         connect_component,
                                                                         357},
                                                                        {component_SUITE,
                                                                         register_subdomain,
                                                                         251},
                                                                        {test_server,
                                                                         ts_tc,
                                                                         1429},
                                                                        {test_server,
                                                                         run_test_case_eval1,
                                                                         1026},
                                                                        {test_server,
                                                                         run_test_case_eval,
                                                                         968}]
=== *** FAILED test case 13 of 14 ***
=case          component_SUITE:end_per_group
=logfile       component_suite.end_per_group.963365.179.html
=group_props   [{name,subdomain}]
=started       2016-04-06 17:22:45
=ended         2016-04-06 17:22:51
=result        ok
=elapsed       6.333175
=group_time    0.537s
=case          component_SUITE:init_per_group
=logfile       component_suite.init_per_group.963371.540.html
=group_props   [{name,distributed}]
=started       2016-04-06 17:22:51
=ended         2016-04-06 17:22:58
=result        ok
=elapsed       6.586623
=case          component_SUITE:register_in_cluster
=logfile       component_suite.register_in_cluster.html
=started       2016-04-06 17:22:58
=ended         2016-04-06 17:22:58
=result        failed: {{badmatch,false},
                        [{escalus_utils,make_jid,1,
                             [{file,"src/escalus_utils.erl"},{line,148}]},
                         {escalus_connection,start,2,
                             [{file,"src/escalus_connection.erl"},{line,109}]},
                         {component_SUITE,connect_component,2,
                             [{file,"component_SUITE.erl"},{line,357}]},
                         {component_SUITE,register_in_cluster,1,
                             [{file,"component_SUITE.erl"},{line,283}]},
                         {test_server,ts_tc,3,
                             [{file,"test_server.erl"},{line,1429}]},
                         {test_server,run_test_case_eval1,6,
                             [{file,"test_server.erl"},{line,1026}]},
                         {test_server,run_test_case_eval,9,
                             [{file,"test_server.erl"},{line,968}]}]}, [{escalus_utils,
                                                                         make_jid,
                                                                         148},
                                                                        {escalus_connection,
                                                                         start,
                                                                         109},
                                                                        {component_SUITE,
                                                                         connect_component,
                                                                         357},
                                                                        {component_SUITE,
                                                                         register_in_cluster,
                                                                         283},
                                                                        {test_server,
                                                                         ts_tc,
                                                                         1429},
                                                                        {test_server,
                                                                         run_test_case_eval1,
                                                                         1026},
                                                                        {test_server,
                                                                         run_test_case_eval,
                                                                         968}]
=== *** FAILED test case 14 of 14 ***
=case          component_SUITE:end_per_group
=logfile       component_suite.end_per_group.963378.194.html
=group_props   [{name,distributed}]
=started       2016-04-06 17:22:58
=ended         2016-04-06 17:23:04
=result        ok
=elapsed       6.430538
=group_time    6.654s
=case          component_SUITE:end_per_suite
=logfile       component_suite.end_per_suite.html
=started       2016-04-06 17:23:04
=ended         2016-04-06 17:23:04
=result        ok
=elapsed       0.001456
=group_time    20.569s
=== TEST COMPLETE, 4 ok, 10 failed of 14 test cases

=finished      2016-04-06 17:23:04
=failed        10
=successful    4
=user_skipped  0
=auto_skipped  0
