=== Suite started at 2016-02-01 23:22:03
=== Starting test, 75 test cases
=cases         75
=user          travis
=host          testing-gce-fe2daee9-8b1b-490e-ab98-dd18bb3d9ad9
=hosts         testing-gce-fe2daee9-8b1b-490e-ab98-dd18bb3d9ad9 
=emulator_vsn  6.4
=emulator      beam
=otp_release   17
=started       2016-02-01 23:22:03
=case          mam_SUITE:init_per_suite
=logfile       mam_suite.init_per_suite.html
=started       2016-02-01 23:22:03
=ended         2016-02-01 23:22:03
=result        ok
=elapsed       0.036153
=case          mam_SUITE:init_per_group
=logfile       mam_suite.init_per_group.html
=group_props   [{name,riak_timed_yz_buckets_mam}]
=started       2016-02-01 23:22:03
=ended         2016-02-01 23:22:05
=result        ok
=elapsed       1.756114
=case          mam_SUITE:mam_service_discovery
=logfile       mam_suite.mam_service_discovery.html
=started       2016-02-01 23:22:05
=ended         2016-02-01 23:22:05
=result        ok
=elapsed       0.461688
=case          mam_SUITE:simple_archive_request
=logfile       mam_suite.simple_archive_request.html
=started       2016-02-01 23:22:05
=ended         2016-02-01 23:22:09
=result        failed: {test_case_failed,"Respond size is 0, 1 is expected."}, [{mam_SUITE,
                                                                                 '-simple_archive_request/1-fun-0-',
                                                                                 816},
                                                                                {escalus_story,
                                                                                 story,
                                                                                 40},
                                                                                {test_server,
                                                                                 ts_tc,
                                                                                 1429},
                                                                                {test_server,
                                                                                 run_test_case_eval1,
                                                                                 1026},
                                                                                {test_server,
                                                                                 run_test_case_eval,
                                                                                 968}]
=== *** FAILED test case 2 of 75 ***
=case          mam_SUITE:range_archive_request
=logfile       mam_suite.range_archive_request.html
=started       2016-02-01 23:22:09
=ended         2016-02-01 23:22:09
=result        ok
=elapsed       0.468684
=case          mam_SUITE:range_archive_request_not_empty
=logfile       mam_suite.range_archive_request_not_empty.html
=started       2016-02-01 23:22:09
=ended         2016-02-01 23:22:18
=result        failed: {timeout_when_waiting_for_stanza,
                           [{escalus_client,wait_for_stanza,
                                [{client,<<"alicE@localhost/res1">>,
                                     escalus_tcp,#Port<0.16756>,false,false,
                                     <0.16081.0>,
                                     [{event_manager,<0.16080.0>},
                                      {server,<<"localhost">>},
                                      {username,<<"alicE">>},
                                      {resource,<<"res1">>}]},
                                 5000],
                                [{file,"src/escalus_client.erl"},{line,117}]},
                            {mam_SUITE,
                                '-range_archive_request_not_empty/1-fun-0-',2,
                                [{file,"mam_SUITE.erl"},{line,1314}]},
                            {escalus_story,story,3,
                                [{file,"src/escalus_story.erl"},{line,40}]},
                            {test_server,ts_tc,3,
                                [{file,"test_server.erl"},{line,1429}]},
                            {test_server,run_test_case_eval1,6,
                                [{file,"test_server.erl"},{line,1026}]},
                            {test_server,run_test_case_eval,9,
                                [{file,"test_server.erl"},{line,968}]}]}, [{escalus_client,
                                                                            wait_for_stanza,
                                                                            117},
                                                                           {mam_SUITE,
                                                                            '-range_archive_request_not_empty/1-fun-0-',
                                                                            1314},
                                                                           {escalus_story,
                                                                            story,
                                                                            40},
                                                                           {test_server,
                                                                            ts_tc,
                                                                            1429},
                                                                           {test_server,
                                                                            run_test_case_eval1,
                                                                            1026},
                                                                           {test_server,
                                                                            run_test_case_eval,
                                                                            968}]
=== *** FAILED test case 4 of 75 ***
=case          mam_SUITE:limit_archive_request
=logfile       mam_suite.limit_archive_request.html
=started       2016-02-01 23:22:18
=ended         2016-02-01 23:22:19
=result        failed: {{badmatch,0},
                        [{mam_SUITE,'-limit_archive_request/1-fun-0-',1,
                             [{file,"mam_SUITE.erl"},{line,1347}]},
                         {escalus_story,story,3,
                             [{file,"src/escalus_story.erl"},{line,40}]},
                         {test_server,ts_tc,3,
                             [{file,"test_server.erl"},{line,1429}]},
                         {test_server,run_test_case_eval1,6,
                             [{file,"test_server.erl"},{line,1026}]},
                         {test_server,run_test_case_eval,9,
                             [{file,"test_server.erl"},{line,968}]}]}, [{mam_SUITE,
                                                                         '-limit_archive_request/1-fun-0-',
                                                                         1347},
                                                                        {escalus_story,
                                                                         story,
                                                                         40},
                                                                        {test_server,
                                                                         ts_tc,
                                                                         1429},
                                                                        {test_server,
                                                                         run_test_case_eval1,
                                                                         1026},
                                                                        {test_server,
                                                                         run_test_case_eval,
                                                                         968}]
=== *** FAILED test case 5 of 75 ***
=case          mam_SUITE:prefs_set_request
=logfile       mam_suite.prefs_set_request.html
=started       2016-02-01 23:22:19
=ended         2016-02-01 23:22:19
=result        skipped: "prefs not implemented for riak"
=== *** SKIPPED test case 6 of 75 ***
=case          mam_SUITE:prefs_set_cdata_request
=logfile       mam_suite.prefs_set_cdata_request.html
=started       2016-02-01 23:22:19
=ended         2016-02-01 23:22:19
=result        skipped: "prefs not implemented for riak"
=== *** SKIPPED test case 7 of 75 ***
=case          mam_SUITE:iq_spoofing
=logfile       mam_suite.iq_spoofing.html
=started       2016-02-01 23:22:19
=ended         2016-02-01 23:22:20
=result        ok
=elapsed       0.922318
=case          mam_SUITE:end_per_group
=logfile       mam_suite.end_per_group.html
=group_props   [{name,riak_timed_yz_buckets_mam}]
=started       2016-02-01 23:22:20
=ended         2016-02-01 23:22:20
=result        ok
=elapsed       0.062946
=group_time    16.611s
=case          mam_SUITE:init_per_group
=logfile       mam_suite.init_per_group.368940.373.html
=group_props   [{name,riak_timed_yz_buckets_mam_purge}]
=started       2016-02-01 23:22:20
=ended         2016-02-01 23:22:22
=result        ok
=elapsed       1.614529
=case          mam_SUITE:purge_single_message
=logfile       mam_suite.purge_single_message.html
=started       2016-02-01 23:22:22
=ended         2016-02-01 23:22:27
=result        failed: {test_case_failed,"Respond size is 0, 1 is expected."}, [{mam_SUITE,
                                                                                 '-purge_single_message/1-fun-0-',
                                                                                 1045},
                                                                                {escalus_story,
                                                                                 story,
                                                                                 40},
                                                                                {test_server,
                                                                                 ts_tc,
                                                                                 1429},
                                                                                {test_server,
                                                                                 run_test_case_eval1,
                                                                                 1026},
                                                                                {test_server,
                                                                                 run_test_case_eval,
                                                                                 968}]
=== *** FAILED test case 9 of 75 ***
=case          mam_SUITE:purge_multiple_messages
=logfile       mam_suite.purge_multiple_messages.html
=started       2016-02-01 23:22:27
=ended         2016-02-01 23:22:33
=result        ok
=elapsed       4.961638
=case          mam_SUITE:end_per_group
=logfile       mam_suite.end_per_group.368953.664.html
=group_props   [{name,riak_timed_yz_buckets_mam_purge}]
=started       2016-02-01 23:22:33
=ended         2016-02-01 23:22:33
=result        ok
=elapsed       0.054821
=group_time    13.291s
=case          mam_SUITE:init_per_group
=logfile       mam_suite.init_per_group.368953.749.html
=group_props   [{name,riak_timed_yz_buckets_muc}]
=started       2016-02-01 23:22:33
=ended         2016-02-01 23:22:33
=result        ok
=elapsed       0.017519
=case          mam_SUITE:muc_service_discovery
=logfile       mam_suite.muc_service_discovery.html
=started       2016-02-01 23:22:33
=ended         2016-02-01 23:22:34
=result        ok
=elapsed       0.458744
=case          mam_SUITE:muc_archive_request
=logfile       mam_suite.muc_archive_request.html
=started       2016-02-01 23:22:34
=ended         2016-02-01 23:22:38
=result        failed: {function_clause,
                           [{exml_query,attr,
                                [undefined,<<"by">>,undefined],
                                [{file,"src/exml_query.erl"},{line,83}]},
                            {mam_SUITE,'-muc_archive_request/1-fun-0-',3,
                                [{file,"mam_SUITE.erl"},{line,1124}]},
                            {escalus_story,story,3,
                                [{file,"src/escalus_story.erl"},{line,40}]},
                            {test_server,ts_tc,3,
                                [{file,"test_server.erl"},{line,1429}]},
                            {test_server,run_test_case_eval1,6,
                                [{file,"test_server.erl"},{line,1026}]},
                            {test_server,run_test_case_eval,9,
                                [{file,"test_server.erl"},{line,968}]}]}, [{exml_query,
                                                                            attr,
                                                                            83},
                                                                           {mam_SUITE,
                                                                            '-muc_archive_request/1-fun-0-',
                                                                            1124},
                                                                           {escalus_story,
                                                                            story,
                                                                            40},
                                                                           {test_server,
                                                                            ts_tc,
                                                                            1429},
                                                                           {test_server,
                                                                            run_test_case_eval1,
                                                                            1026},
                                                                           {test_server,
                                                                            run_test_case_eval,
                                                                            968}]
=== *** FAILED test case 12 of 75 ***
=case          mam_SUITE:muc_archive_purge
=logfile       mam_suite.muc_archive_purge.html
=started       2016-02-01 23:22:38
=ended         2016-02-01 23:22:45
=result        ok
=elapsed       4.444289
=case          mam_SUITE:muc_multiple_devices
=logfile       mam_suite.muc_multiple_devices.html
=started       2016-02-01 23:22:45
=ended         2016-02-01 23:22:50
=result        failed: {function_clause,
                           [{exml_query,attr,
                                [undefined,<<"by">>,undefined],
                                [{file,"src/exml_query.erl"},{line,83}]},
                            {mam_SUITE,'-muc_multiple_devices/1-fun-0-',4,
                                [{file,"mam_SUITE.erl"},{line,1220}]},
                            {escalus_story,story,3,
                                [{file,"src/escalus_story.erl"},{line,40}]},
                            {test_server,ts_tc,3,
                                [{file,"test_server.erl"},{line,1429}]},
                            {test_server,run_test_case_eval1,6,
                                [{file,"test_server.erl"},{line,1026}]},
                            {test_server,run_test_case_eval,9,
                                [{file,"test_server.erl"},{line,968}]}]}, [{exml_query,
                                                                            attr,
                                                                            83},
                                                                           {mam_SUITE,
                                                                            '-muc_multiple_devices/1-fun-0-',
                                                                            1220},
                                                                           {escalus_story,
                                                                            story,
                                                                            40},
                                                                           {test_server,
                                                                            ts_tc,
                                                                            1429},
                                                                           {test_server,
                                                                            run_test_case_eval1,
                                                                            1026},
                                                                           {test_server,
                                                                            run_test_case_eval,
                                                                            968}]
=== *** FAILED test case 14 of 75 ***
=case          mam_SUITE:muc_private_message
=logfile       mam_suite.muc_private_message.html
=started       2016-02-01 23:22:50
=ended         2016-02-01 23:22:51
=result        ok
=elapsed       0.97152
=case          mam_SUITE:muc_querying_for_all_messages
=logfile       mam_suite.muc_querying_for_all_messages.html
=started       2016-02-01 23:22:51
=ended         2016-02-01 23:22:54
=result        failed: {test_case_failed,"Respond size is 0, 34 is expected."}, [{mam_SUITE,
                                                                                  '-muc_querying_for_all_messages/1-fun-0-',
                                                                                  848},
                                                                                 {escalus_story,
                                                                                  story,
                                                                                  40},
                                                                                 {test_server,
                                                                                  ts_tc,
                                                                                  1429},
                                                                                 {test_server,
                                                                                  run_test_case_eval1,
                                                                                  1026},
                                                                                 {test_server,
                                                                                  run_test_case_eval,
                                                                                  968}]
=== *** FAILED test case 16 of 75 ***
=case          mam_SUITE:muc_querying_for_all_messages_with_jid
=logfile       mam_suite.muc_querying_for_all_messages_with_jid.html
=started       2016-02-01 23:22:54
=ended         2016-02-01 23:22:57
=result        failed: {test_case_failed,"Respond size is 0, 17 is expected."}, [{mam_SUITE,
                                                                                  '-muc_querying_for_all_messages_with_jid/1-fun-0-',
                                                                                  867},
                                                                                 {escalus_story,
                                                                                  story,
                                                                                  40},
                                                                                 {test_server,
                                                                                  ts_tc,
                                                                                  1429},
                                                                                 {test_server,
                                                                                  run_test_case_eval1,
                                                                                  1026},
                                                                                 {test_server,
                                                                                  run_test_case_eval,
                                                                                  968}]
=== *** FAILED test case 17 of 75 ***
=case          mam_SUITE:end_per_group
=logfile       mam_suite.end_per_group.368977.949.html
=group_props   [{name,riak_timed_yz_buckets_muc}]
=started       2016-02-01 23:22:57
=ended         2016-02-01 23:22:58
=result        ok
=elapsed       0.060134
=group_time    24.200s
=case          mam_SUITE:init_per_group
=logfile       mam_suite.init_per_group.368978.36.html
=group_props   [{name,riak_timed_yz_buckets_muc_with_pm}]
=started       2016-02-01 23:22:58
=ended         2016-02-01 23:22:58
=result        ok
=elapsed       0.014297
=case          mam_SUITE:muc_service_discovery
=logfile       mam_suite.muc_service_discovery.368978.75.html
=started       2016-02-01 23:22:58
=ended         2016-02-01 23:22:58
=result        ok
=elapsed       0.460475
=case          mam_SUITE:muc_archive_request
=logfile       mam_suite.muc_archive_request.368978.561.html
=started       2016-02-01 23:22:58
=ended         2016-02-01 23:23:02
=result        failed: {function_clause,
                           [{exml_query,attr,
                                [undefined,<<"by">>,undefined],
                                [{file,"src/exml_query.erl"},{line,83}]},
                            {mam_SUITE,'-muc_archive_request/1-fun-0-',3,
                                [{file,"mam_SUITE.erl"},{line,1124}]},
                            {escalus_story,story,3,
                                [{file,"src/escalus_story.erl"},{line,40}]},
                            {test_server,ts_tc,3,
                                [{file,"test_server.erl"},{line,1429}]},
                            {test_server,run_test_case_eval1,6,
                                [{file,"test_server.erl"},{line,1026}]},
                            {test_server,run_test_case_eval,9,
                                [{file,"test_server.erl"},{line,968}]}]}, [{exml_query,
                                                                            attr,
                                                                            83},
                                                                           {mam_SUITE,
                                                                            '-muc_archive_request/1-fun-0-',
                                                                            1124},
                                                                           {escalus_story,
                                                                            story,
                                                                            40},
                                                                           {test_server,
                                                                            ts_tc,
                                                                            1429},
                                                                           {test_server,
                                                                            run_test_case_eval1,
                                                                            1026},
                                                                           {test_server,
                                                                            run_test_case_eval,
                                                                            968}]
=== *** FAILED test case 19 of 75 ***
=case          mam_SUITE:muc_archive_purge
=logfile       mam_suite.muc_archive_purge.368982.550.html
=started       2016-02-01 23:23:02
=ended         2016-02-01 23:23:10
=result        ok
=elapsed       4.441632
=case          mam_SUITE:muc_multiple_devices
=logfile       mam_suite.muc_multiple_devices.368990.27.html
=started       2016-02-01 23:23:10
=ended         2016-02-01 23:23:14
=result        failed: {function_clause,
                           [{exml_query,attr,
                                [undefined,<<"by">>,undefined],
                                [{file,"src/exml_query.erl"},{line,83}]},
                            {mam_SUITE,'-muc_multiple_devices/1-fun-0-',4,
                                [{file,"mam_SUITE.erl"},{line,1220}]},
                            {escalus_story,story,3,
                                [{file,"src/escalus_story.erl"},{line,40}]},
                            {test_server,ts_tc,3,
                                [{file,"test_server.erl"},{line,1429}]},
                            {test_server,run_test_case_eval1,6,
                                [{file,"test_server.erl"},{line,1026}]},
                            {test_server,run_test_case_eval,9,
                                [{file,"test_server.erl"},{line,968}]}]}, [{exml_query,
                                                                            attr,
                                                                            83},
                                                                           {mam_SUITE,
                                                                            '-muc_multiple_devices/1-fun-0-',
                                                                            1220},
                                                                           {escalus_story,
                                                                            story,
                                                                            40},
                                                                           {test_server,
                                                                            ts_tc,
                                                                            1429},
                                                                           {test_server,
                                                                            run_test_case_eval1,
                                                                            1026},
                                                                           {test_server,
                                                                            run_test_case_eval,
                                                                            968}]
=== *** FAILED test case 21 of 75 ***
=case          mam_SUITE:muc_private_message
=logfile       mam_suite.muc_private_message.368994.476.html
=started       2016-02-01 23:23:14
=ended         2016-02-01 23:23:15
=result        ok
=elapsed       0.971209
=case          mam_SUITE:muc_querying_for_all_messages
=logfile       mam_suite.muc_querying_for_all_messages.368995.479.html
=started       2016-02-01 23:23:15
=ended         2016-02-01 23:23:18
=result        failed: {test_case_failed,"Respond size is 0, 34 is expected."}, [{mam_SUITE,
                                                                                  '-muc_querying_for_all_messages/1-fun-0-',
                                                                                  848},
                                                                                 {escalus_story,
                                                                                  story,
                                                                                  40},
                                                                                 {test_server,
                                                                                  ts_tc,
                                                                                  1429},
                                                                                 {test_server,
                                                                                  run_test_case_eval1,
                                                                                  1026},
                                                                                 {test_server,
                                                                                  run_test_case_eval,
                                                                                  968}]
=== *** FAILED test case 23 of 75 ***
=case          mam_SUITE:muc_querying_for_all_messages_with_jid
=logfile       mam_suite.muc_querying_for_all_messages_with_jid.368998.613.html
=started       2016-02-01 23:23:18
=ended         2016-02-01 23:23:22
=result        failed: {test_case_failed,"Respond size is 0, 17 is expected."}, [{mam_SUITE,
                                                                                  '-muc_querying_for_all_messages_with_jid/1-fun-0-',
                                                                                  867},
                                                                                 {escalus_story,
                                                                                  story,
                                                                                  40},
                                                                                 {test_server,
                                                                                  ts_tc,
                                                                                  1429},
                                                                                 {test_server,
                                                                                  run_test_case_eval1,
                                                                                  1026},
                                                                                 {test_server,
                                                                                  run_test_case_eval,
                                                                                  968}]
=== *** FAILED test case 24 of 75 ***
=case          mam_SUITE:end_per_group
=logfile       mam_suite.end_per_group.369002.206.html
=group_props   [{name,riak_timed_yz_buckets_muc_with_pm}]
=started       2016-02-01 23:23:22
=ended         2016-02-01 23:23:22
=result        ok
=elapsed       0.072636
=group_time    24.170s
=case          mam_SUITE:init_per_group
=logfile       mam_suite.init_per_group.369002.304.html
=group_props   [{name,riak_timed_yz_buckets_rsm}]
=started       2016-02-01 23:23:22
=ended         2016-02-01 23:23:27
=result        failed: {test_case_failed,"Respond size is 0, 15 is expected."}, [{mam_SUITE,
                                                                                  '-send_rsm_messages/1-fun-0-',
                                                                                  2122},
                                                                                 {escalus_story,
                                                                                  story,
                                                                                  40},
                                                                                 {mam_SUITE,
                                                                                  send_rsm_messages,
                                                                                  2128},
                                                                                 {mam_SUITE,
                                                                                  init_per_group,
                                                                                  338},
                                                                                 {test_server,
                                                                                  ts_tc,
                                                                                  1429},
                                                                                 {test_server,
                                                                                  run_test_case_eval1,
                                                                                  1099},
                                                                                 {test_server,
                                                                                  run_test_case_eval,
                                                                                  968}]
=== *** FAILED {mam_SUITE,init_per_group} ***
=== 
=case          mam_SUITE:pagination_first5
=group_props   [{name,"riak_timed_yz_buckets_rsm"}]
=started       2016-02-01 23:23:27
=result        auto_skipped: init_per_group failed
=== *** Skipping test case #25 {mam_SUITE,pagination_first5} ***
=== 
=case          mam_SUITE:pagination_last5
=group_props   [{name,"riak_timed_yz_buckets_rsm"}]
=started       2016-02-01 23:23:27
=result        auto_skipped: init_per_group failed
=== *** Skipping test case #26 {mam_SUITE,pagination_last5} ***
=== 
=case          mam_SUITE:pagination_before10
=group_props   [{name,"riak_timed_yz_buckets_rsm"}]
=started       2016-02-01 23:23:27
=result        auto_skipped: init_per_group failed
=== *** Skipping test case #27 {mam_SUITE,pagination_before10} ***
=== 
=case          mam_SUITE:pagination_after10
=group_props   [{name,"riak_timed_yz_buckets_rsm"}]
=started       2016-02-01 23:23:27
=result        auto_skipped: init_per_group failed
=== *** Skipping test case #28 {mam_SUITE,pagination_after10} ***
=== 
=case          mam_SUITE:pagination_empty_rset
=group_props   [{name,"riak_timed_yz_buckets_rsm"}]
=started       2016-02-01 23:23:27
=result        auto_skipped: init_per_group failed
=== *** Skipping test case #29 {mam_SUITE,pagination_empty_rset} ***
=== 
=case          mam_SUITE:pagination_last_after_id5
=group_props   [{name,"riak_timed_yz_buckets_rsm"}]
=started       2016-02-01 23:23:27
=result        auto_skipped: init_per_group failed
=== *** Skipping test case #30 {mam_SUITE,pagination_last_after_id5} ***
=== 
=case          mam_SUITE:pagination_last_after_id5_before_id11
=group_props   [{name,"riak_timed_yz_buckets_rsm"}]
=started       2016-02-01 23:23:27
=result        auto_skipped: init_per_group failed
=== *** Skipping test case #31 {mam_SUITE,pagination_last_after_id5_before_id11} ***
=== 
=case          mam_SUITE:pagination_simple_before10
=group_props   [{name,"riak_timed_yz_buckets_rsm"}]
=started       2016-02-01 23:23:27
=result        auto_skipped: init_per_group failed
=== *** Skipping test case #32 {mam_SUITE,pagination_simple_before10} ***
=== 
=case          mam_SUITE:pagination_first5_opt_count
=group_props   [{name,"riak_timed_yz_buckets_rsm"}]
=started       2016-02-01 23:23:27
=result        auto_skipped: init_per_group failed
=== *** Skipping test case #33 {mam_SUITE,pagination_first5_opt_count} ***
=== 
=case          mam_SUITE:pagination_last5_opt_count
=group_props   [{name,"riak_timed_yz_buckets_rsm"}]
=started       2016-02-01 23:23:27
=result        auto_skipped: init_per_group failed
=== *** Skipping test case #34 {mam_SUITE,pagination_last5_opt_count} ***
=== 
=case          mam_SUITE:pagination_offset5_opt_count
=group_props   [{name,"riak_timed_yz_buckets_rsm"}]
=started       2016-02-01 23:23:27
=result        auto_skipped: init_per_group failed
=== *** Skipping test case #35 {mam_SUITE,pagination_offset5_opt_count} ***
=== 
=case          mam_SUITE:pagination_first25_opt_count_all
=group_props   [{name,"riak_timed_yz_buckets_rsm"}]
=started       2016-02-01 23:23:27
=result        auto_skipped: init_per_group failed
=== *** Skipping test case #36 {mam_SUITE,pagination_first25_opt_count_all} ***
=== 
=case          mam_SUITE:pagination_last25_opt_count_all
=group_props   [{name,"riak_timed_yz_buckets_rsm"}]
=started       2016-02-01 23:23:27
=result        auto_skipped: init_per_group failed
=== *** Skipping test case #37 {mam_SUITE,pagination_last25_opt_count_all} ***
=== 
=case          mam_SUITE:pagination_offset5_opt_count_all
=group_props   [{name,"riak_timed_yz_buckets_rsm"}]
=started       2016-02-01 23:23:27
=result        auto_skipped: init_per_group failed
=== *** Skipping test case #38 {mam_SUITE,pagination_offset5_opt_count_all} ***
=== 
=case          mam_SUITE:end_per_group
=group_props   [{name,"riak_timed_yz_buckets_rsm"}]
=started       2016-02-01 23:23:27
=result        auto_skipped: init_per_group failed
=== *** Skipping {mam_SUITE,end_per_group} ***
=case          mam_SUITE:init_per_group
=logfile       mam_suite.init_per_group.369007.490.html
=group_props   [{name,riak_timed_yz_buckets_with_rsm}]
=started       2016-02-01 23:23:27
=ended         2016-02-01 23:23:32
=result        failed: {test_case_failed,"Respond size is 0, 15 is expected."}, [{mam_SUITE,
                                                                                  '-send_rsm_messages/1-fun-0-',
                                                                                  2122},
                                                                                 {escalus_story,
                                                                                  story,
                                                                                  40},
                                                                                 {mam_SUITE,
                                                                                  send_rsm_messages,
                                                                                  2128},
                                                                                 {mam_SUITE,
                                                                                  init_per_group,
                                                                                  338},
                                                                                 {test_server,
                                                                                  ts_tc,
                                                                                  1429},
                                                                                 {test_server,
                                                                                  run_test_case_eval1,
                                                                                  1099},
                                                                                 {test_server,
                                                                                  run_test_case_eval,
                                                                                  968}]
=== *** FAILED {mam_SUITE,init_per_group} ***
=== 
=case          mam_SUITE:pagination_first5
=group_props   [{name,"riak_timed_yz_buckets_with_rsm"}]
=started       2016-02-01 23:23:32
=result        auto_skipped: init_per_group failed
=== *** Skipping test case #39 {mam_SUITE,pagination_first5} ***
=== 
=case          mam_SUITE:pagination_last5
=group_props   [{name,"riak_timed_yz_buckets_with_rsm"}]
=started       2016-02-01 23:23:32
=result        auto_skipped: init_per_group failed
=== *** Skipping test case #40 {mam_SUITE,pagination_last5} ***
=== 
=case          mam_SUITE:pagination_before10
=group_props   [{name,"riak_timed_yz_buckets_with_rsm"}]
=started       2016-02-01 23:23:32
=result        auto_skipped: init_per_group failed
=== *** Skipping test case #41 {mam_SUITE,pagination_before10} ***
=== 
=case          mam_SUITE:pagination_after10
=group_props   [{name,"riak_timed_yz_buckets_with_rsm"}]
=started       2016-02-01 23:23:32
=result        auto_skipped: init_per_group failed
=== *** Skipping test case #42 {mam_SUITE,pagination_after10} ***
=== 
=case          mam_SUITE:pagination_empty_rset
=group_props   [{name,"riak_timed_yz_buckets_with_rsm"}]
=started       2016-02-01 23:23:32
=result        auto_skipped: init_per_group failed
=== *** Skipping test case #43 {mam_SUITE,pagination_empty_rset} ***
=== 
=case          mam_SUITE:pagination_last_after_id5
=group_props   [{name,"riak_timed_yz_buckets_with_rsm"}]
=started       2016-02-01 23:23:32
=result        auto_skipped: init_per_group failed
=== *** Skipping test case #44 {mam_SUITE,pagination_last_after_id5} ***
=== 
=case          mam_SUITE:pagination_last_after_id5_before_id11
=group_props   [{name,"riak_timed_yz_buckets_with_rsm"}]
=started       2016-02-01 23:23:32
=result        auto_skipped: init_per_group failed
=== *** Skipping test case #45 {mam_SUITE,pagination_last_after_id5_before_id11} ***
=== 
=case          mam_SUITE:pagination_simple_before10
=group_props   [{name,"riak_timed_yz_buckets_with_rsm"}]
=started       2016-02-01 23:23:32
=result        auto_skipped: init_per_group failed
=== *** Skipping test case #46 {mam_SUITE,pagination_simple_before10} ***
=== 
=case          mam_SUITE:pagination_first5_opt_count
=group_props   [{name,"riak_timed_yz_buckets_with_rsm"}]
=started       2016-02-01 23:23:32
=result        auto_skipped: init_per_group failed
=== *** Skipping test case #47 {mam_SUITE,pagination_first5_opt_count} ***
=== 
=case          mam_SUITE:pagination_last5_opt_count
=group_props   [{name,"riak_timed_yz_buckets_with_rsm"}]
=started       2016-02-01 23:23:32
=result        auto_skipped: init_per_group failed
=== *** Skipping test case #48 {mam_SUITE,pagination_last5_opt_count} ***
=== 
=case          mam_SUITE:pagination_offset5_opt_count
=group_props   [{name,"riak_timed_yz_buckets_with_rsm"}]
=started       2016-02-01 23:23:32
=result        auto_skipped: init_per_group failed
=== *** Skipping test case #49 {mam_SUITE,pagination_offset5_opt_count} ***
=== 
=case          mam_SUITE:pagination_first25_opt_count_all
=group_props   [{name,"riak_timed_yz_buckets_with_rsm"}]
=started       2016-02-01 23:23:32
=result        auto_skipped: init_per_group failed
=== *** Skipping test case #50 {mam_SUITE,pagination_first25_opt_count_all} ***
=== 
=case          mam_SUITE:pagination_last25_opt_count_all
=group_props   [{name,"riak_timed_yz_buckets_with_rsm"}]
=started       2016-02-01 23:23:32
=result        auto_skipped: init_per_group failed
=== *** Skipping test case #51 {mam_SUITE,pagination_last25_opt_count_all} ***
=== 
=case          mam_SUITE:pagination_offset5_opt_count_all
=group_props   [{name,"riak_timed_yz_buckets_with_rsm"}]
=started       2016-02-01 23:23:32
=result        auto_skipped: init_per_group failed
=== *** Skipping test case #52 {mam_SUITE,pagination_offset5_opt_count_all} ***
=== 
=case          mam_SUITE:end_per_group
=group_props   [{name,"riak_timed_yz_buckets_with_rsm"}]
=started       2016-02-01 23:23:32
=result        auto_skipped: init_per_group failed
=== *** Skipping {mam_SUITE,end_per_group} ***
=case          mam_SUITE:init_per_group
=logfile       mam_suite.init_per_group.369012.682.html
=group_props   [{name,riak_timed_yz_buckets_muc_rsm}]
=started       2016-02-01 23:23:32
=ended         2016-02-01 23:23:37
=result        failed: {test_case_failed,"Respond size is 0, 15 is expected."}, [{mam_SUITE,
                                                                                  '-send_muc_rsm_messages/1-fun-0-',
                                                                                  2095},
                                                                                 {escalus_story,
                                                                                  story,
                                                                                  40},
                                                                                 {mam_SUITE,
                                                                                  send_muc_rsm_messages,
                                                                                  2101},
                                                                                 {mam_SUITE,
                                                                                  init_state,
                                                                                  614},
                                                                                 {mam_SUITE,
                                                                                  init_per_group,
                                                                                  338},
                                                                                 {test_server,
                                                                                  ts_tc,
                                                                                  1429},
                                                                                 {test_server,
                                                                                  run_test_case_eval1,
                                                                                  1099}]
=== *** FAILED {mam_SUITE,init_per_group} ***
=== 
=case          mam_SUITE:pagination_first5
=group_props   [{name,"riak_timed_yz_buckets_muc_rsm"}]
=started       2016-02-01 23:23:37
=result        auto_skipped: init_per_group failed
=== *** Skipping test case #53 {mam_SUITE,pagination_first5} ***
=== 
=case          mam_SUITE:pagination_last5
=group_props   [{name,"riak_timed_yz_buckets_muc_rsm"}]
=started       2016-02-01 23:23:37
=result        auto_skipped: init_per_group failed
=== *** Skipping test case #54 {mam_SUITE,pagination_last5} ***
=== 
=case          mam_SUITE:pagination_before10
=group_props   [{name,"riak_timed_yz_buckets_muc_rsm"}]
=started       2016-02-01 23:23:37
=result        auto_skipped: init_per_group failed
=== *** Skipping test case #55 {mam_SUITE,pagination_before10} ***
=== 
=case          mam_SUITE:pagination_after10
=group_props   [{name,"riak_timed_yz_buckets_muc_rsm"}]
=started       2016-02-01 23:23:37
=result        auto_skipped: init_per_group failed
=== *** Skipping test case #56 {mam_SUITE,pagination_after10} ***
=== 
=case          mam_SUITE:pagination_empty_rset
=group_props   [{name,"riak_timed_yz_buckets_muc_rsm"}]
=started       2016-02-01 23:23:37
=result        auto_skipped: init_per_group failed
=== *** Skipping test case #57 {mam_SUITE,pagination_empty_rset} ***
=== 
=case          mam_SUITE:pagination_last_after_id5
=group_props   [{name,"riak_timed_yz_buckets_muc_rsm"}]
=started       2016-02-01 23:23:37
=result        auto_skipped: init_per_group failed
=== *** Skipping test case #58 {mam_SUITE,pagination_last_after_id5} ***
=== 
=case          mam_SUITE:pagination_last_after_id5_before_id11
=group_props   [{name,"riak_timed_yz_buckets_muc_rsm"}]
=started       2016-02-01 23:23:37
=result        auto_skipped: init_per_group failed
=== *** Skipping test case #59 {mam_SUITE,pagination_last_after_id5_before_id11} ***
=== 
=case          mam_SUITE:pagination_simple_before10
=group_props   [{name,"riak_timed_yz_buckets_muc_rsm"}]
=started       2016-02-01 23:23:37
=result        auto_skipped: init_per_group failed
=== *** Skipping test case #60 {mam_SUITE,pagination_simple_before10} ***
=== 
=case          mam_SUITE:pagination_first5_opt_count
=group_props   [{name,"riak_timed_yz_buckets_muc_rsm"}]
=started       2016-02-01 23:23:37
=result        auto_skipped: init_per_group failed
=== *** Skipping test case #61 {mam_SUITE,pagination_first5_opt_count} ***
=== 
=case          mam_SUITE:pagination_last5_opt_count
=group_props   [{name,"riak_timed_yz_buckets_muc_rsm"}]
=started       2016-02-01 23:23:37
=result        auto_skipped: init_per_group failed
=== *** Skipping test case #62 {mam_SUITE,pagination_last5_opt_count} ***
=== 
=case          mam_SUITE:pagination_offset5_opt_count
=group_props   [{name,"riak_timed_yz_buckets_muc_rsm"}]
=started       2016-02-01 23:23:37
=result        auto_skipped: init_per_group failed
=== *** Skipping test case #63 {mam_SUITE,pagination_offset5_opt_count} ***
=== 
=case          mam_SUITE:pagination_first25_opt_count_all
=group_props   [{name,"riak_timed_yz_buckets_muc_rsm"}]
=started       2016-02-01 23:23:37
=result        auto_skipped: init_per_group failed
=== *** Skipping test case #64 {mam_SUITE,pagination_first25_opt_count_all} ***
=== 
=case          mam_SUITE:pagination_last25_opt_count_all
=group_props   [{name,"riak_timed_yz_buckets_muc_rsm"}]
=started       2016-02-01 23:23:37
=result        auto_skipped: init_per_group failed
=== *** Skipping test case #65 {mam_SUITE,pagination_last25_opt_count_all} ***
=== 
=case          mam_SUITE:pagination_offset5_opt_count_all
=group_props   [{name,"riak_timed_yz_buckets_muc_rsm"}]
=started       2016-02-01 23:23:37
=result        auto_skipped: init_per_group failed
=== *** Skipping test case #66 {mam_SUITE,pagination_offset5_opt_count_all} ***
=== 
=case          mam_SUITE:end_per_group
=group_props   [{name,"riak_timed_yz_buckets_muc_rsm"}]
=started       2016-02-01 23:23:37
=result        auto_skipped: init_per_group failed
=== *** Skipping {mam_SUITE,end_per_group} ***
=case          mam_SUITE:init_per_group
=logfile       mam_suite.init_per_group.369017.963.html
=group_props   [{name,riak_timed_yz_buckets_bootstrapped}]
=started       2016-02-01 23:23:37
=ended         2016-02-01 23:23:39
=result        ok
=elapsed       1.607348
=case          mam_SUITE:purge_old_single_message
=logfile       mam_suite.purge_old_single_message.html
=started       2016-02-01 23:23:39
=ended         2016-02-01 23:23:43
=result        failed: {test_case_failed,"Respond size is 0, 34 is expected."}, [{mam_SUITE,
                                                                                  '-purge_old_single_message/1-fun-0-',
                                                                                  1062},
                                                                                 {escalus_story,
                                                                                  story,
                                                                                  40},
                                                                                 {test_server,
                                                                                  ts_tc,
                                                                                  1429},
                                                                                 {test_server,
                                                                                  run_test_case_eval1,
                                                                                  1026},
                                                                                 {test_server,
                                                                                  run_test_case_eval,
                                                                                  968}]
=== *** FAILED test case 67 of 75 ***
=case          mam_SUITE:querying_for_all_messages_with_jid
=logfile       mam_suite.querying_for_all_messages_with_jid.html
=started       2016-02-01 23:23:43
=ended         2016-02-01 23:23:47
=result        failed: {test_case_failed,"Respond size is 0, 17 is expected."}, [{mam_SUITE,
                                                                                  '-querying_for_all_messages_with_jid/1-fun-0-',
                                                                                  834},
                                                                                 {escalus_story,
                                                                                  story,
                                                                                  40},
                                                                                 {test_server,
                                                                                  ts_tc,
                                                                                  1429},
                                                                                 {test_server,
                                                                                  run_test_case_eval1,
                                                                                  1026},
                                                                                 {test_server,
                                                                                  run_test_case_eval,
                                                                                  968}]
=== *** FAILED test case 68 of 75 ***
=case          mam_SUITE:end_per_group
=logfile       mam_suite.end_per_group.369027.277.html
=group_props   [{name,riak_timed_yz_buckets_bootstrapped}]
=started       2016-02-01 23:23:47
=ended         2016-02-01 23:23:47
=result        ok
=elapsed       0.054018
=group_time    9.314s
=case          mam_SUITE:init_per_group
=logfile       mam_suite.init_per_group.369027.355.html
=group_props   [{name,riak_timed_yz_buckets_archived}]
=started       2016-02-01 23:23:47
=ended         2016-02-01 23:23:48
=result        ok
=elapsed       1.619121
=case          mam_SUITE:archived
=logfile       mam_suite.archived.html
=started       2016-02-01 23:23:48
=ended         2016-02-01 23:23:51
=result        failed: {function_clause,
                           [{exml_query,attr,
                                [undefined,<<"by">>,undefined],
                                [{file,"src/exml_query.erl"},{line,83}]},
                            {mam_SUITE,'-archived/1-fun-0-',3,
                                [{file,"mam_SUITE.erl"},{line,883}]},
                            {escalus_story,story,3,
                                [{file,"src/escalus_story.erl"},{line,40}]},
                            {test_server,ts_tc,3,
                                [{file,"test_server.erl"},{line,1429}]},
                            {test_server,run_test_case_eval1,6,
                                [{file,"test_server.erl"},{line,1026}]},
                            {test_server,run_test_case_eval,9,
                                [{file,"test_server.erl"},{line,968}]}]}, [{exml_query,
                                                                            attr,
                                                                            83},
                                                                           {mam_SUITE,
                                                                            '-archived/1-fun-0-',
                                                                            883},
                                                                           {escalus_story,
                                                                            story,
                                                                            40},
                                                                           {test_server,
                                                                            ts_tc,
                                                                            1429},
                                                                           {test_server,
                                                                            run_test_case_eval1,
                                                                            1026},
                                                                           {test_server,
                                                                            run_test_case_eval,
                                                                            968}]
=== *** FAILED test case 69 of 75 ***
=case          mam_SUITE:strip_archived
=logfile       mam_suite.strip_archived.html
=started       2016-02-01 23:23:51
=ended         2016-02-01 23:23:56
=result        failed: {test_case_failed,"Respond size is 0, 1 is expected."}, [{mam_SUITE,
                                                                                 '-strip_archived/1-fun-0-',
                                                                                 945},
                                                                                {escalus_story,
                                                                                 story,
                                                                                 40},
                                                                                {test_server,
                                                                                 ts_tc,
                                                                                 1429},
                                                                                {test_server,
                                                                                 run_test_case_eval1,
                                                                                 1026},
                                                                                {test_server,
                                                                                 run_test_case_eval,
                                                                                 968}]
=== *** FAILED test case 70 of 75 ***
=case          mam_SUITE:filter_forwarded
=logfile       mam_suite.filter_forwarded.html
=started       2016-02-01 23:23:56
=ended         2016-02-01 23:24:01
=result        failed: {test_case_failed,"Respond size is 0, 1 is expected."}, [{mam_SUITE,
                                                                                 '-filter_forwarded/1-fun-0-',
                                                                                 913},
                                                                                {escalus_story,
                                                                                 story,
                                                                                 40},
                                                                                {test_server,
                                                                                 ts_tc,
                                                                                 1429},
                                                                                {test_server,
                                                                                 run_test_case_eval1,
                                                                                 1026},
                                                                                {test_server,
                                                                                 run_test_case_eval,
                                                                                 968}]
=== *** FAILED test case 71 of 75 ***
=case          mam_SUITE:end_per_group
=logfile       mam_suite.end_per_group.369041.696.html
=group_props   [{name,riak_timed_yz_buckets_archived}]
=started       2016-02-01 23:24:01
=ended         2016-02-01 23:24:01
=result        ok
=elapsed       0.058285
=group_time    14.342s
=case          mam_SUITE:init_per_group
=logfile       mam_suite.init_per_group.369041.779.html
=group_props   [{name,riak_timed_yz_buckets_policy_violation}]
=started       2016-02-01 23:24:01
=ended         2016-02-01 23:24:03
=result        ok
=elapsed       1.600797
=case          mam_SUITE:policy_violation
=logfile       mam_suite.policy_violation.html
=started       2016-02-01 23:24:03
=ended         2016-02-01 23:24:08
=result        failed: {test_case_failed,
                           "ASSERT EQUAL\n\tExpected <<\"policy-violation\">>\n\tValue undefined\n"}, [{mam_SUITE,
                                                                                                        '-policy_violation/1-fun-0-',
                                                                                                        1002},
                                                                                                       {escalus_story,
                                                                                                        story,
                                                                                                        40},
                                                                                                       {test_server,
                                                                                                        ts_tc,
                                                                                                        1429},
                                                                                                       {test_server,
                                                                                                        run_test_case_eval1,
                                                                                                        1026},
                                                                                                       {test_server,
                                                                                                        run_test_case_eval,
                                                                                                        968}]
=== *** FAILED test case 72 of 75 ***
=case          mam_SUITE:end_per_group
=logfile       mam_suite.end_per_group.369048.866.html
=group_props   [{name,riak_timed_yz_buckets_policy_violation}]
=started       2016-02-01 23:24:08
=ended         2016-02-01 23:24:08
=result        ok
=elapsed       0.046911
=group_time    7.087s
=case          mam_SUITE:init_per_group
=logfile       mam_suite.init_per_group.369048.937.html
=group_props   [{name,riak_timed_yz_buckets_offline_message}]
=started       2016-02-01 23:24:08
=ended         2016-02-01 23:24:10
=result        ok
=elapsed       1.598766
=case          mam_SUITE:offline_message
=logfile       mam_suite.offline_message.html
=started       2016-02-01 23:24:10
=ended         2016-02-01 23:24:17
=result        failed: {test_case_failed,
                           "ASSERT EQUAL\n\tExpected 1\n\tValue 0\n"}, [{mam_SUITE,
                                                                         assert_only_one_of_many_is_equal,
                                                                         1812},
                                                                        {mam_SUITE,
                                                                         offline_message,
                                                                         1036},
                                                                        {test_server,
                                                                         ts_tc,
                                                                         1429},
                                                                        {test_server,
                                                                         run_test_case_eval1,
                                                                         1026},
                                                                        {test_server,
                                                                         run_test_case_eval,
                                                                         968}]
=== *** FAILED test case 73 of 75 ***
=case          mam_SUITE:end_per_group
=logfile       mam_suite.end_per_group.369057.157.html
=group_props   [{name,riak_timed_yz_buckets_offline_message}]
=started       2016-02-01 23:24:17
=ended         2016-02-01 23:24:17
=result        ok
=elapsed       0.054475
=group_time    8.220s
=case          mam_SUITE:init_per_group
=logfile       mam_suite.init_per_group.369057.240.html
=group_props   [{name,riak_timed_yz_buckets_prefs_cases}]
=started       2016-02-01 23:24:17
=ended         2016-02-01 23:24:18
=result        ok
=elapsed       1.621225
=case          mam_SUITE:run_prefs_cases
=logfile       mam_suite.run_prefs_cases.html
=started       2016-02-01 23:24:18
=ended         2016-02-01 23:24:22
=result        failed: {test_case_failed,
                           "assert_equal_extra(ExpectedMessageStates, ActualMessageStates)\n\tExpected [true,true,false,false]\n\tValue [false,false,false,false]\nExtra [{prefs_state,{roster,[],[]}}]\n"}, [{mam_SUITE,
                                                                                                                                                                                                               run_prefs_case,
                                                                                                                                                                                                               2488},
                                                                                                                                                                                                              {mam_SUITE,
                                                                                                                                                                                                               '-run_prefs_cases/1-lc$^0/1-0-',
                                                                                                                                                                                                               2441},
                                                                                                                                                                                                              {escalus_story,
                                                                                                                                                                                                               story,
                                                                                                                                                                                                               40},
                                                                                                                                                                                                              {test_server,
                                                                                                                                                                                                               ts_tc,
                                                                                                                                                                                                               1429},
                                                                                                                                                                                                              {test_server,
                                                                                                                                                                                                               run_test_case_eval1,
                                                                                                                                                                                                               1026},
                                                                                                                                                                                                              {test_server,
                                                                                                                                                                                                               run_test_case_eval,
                                                                                                                                                                                                               968}]
=== *** FAILED test case 74 of 75 ***
=case          mam_SUITE:run_set_and_get_prefs_cases
=logfile       mam_suite.run_set_and_get_prefs_cases.html
=started       2016-02-01 23:24:22
=ended         2016-02-01 23:24:28
=result        ok
=elapsed       5.707948
=case          mam_SUITE:end_per_group
=logfile       mam_suite.end_per_group.369068.713.html
=group_props   [{name,riak_timed_yz_buckets_prefs_cases}]
=started       2016-02-01 23:24:28
=ended         2016-02-01 23:24:28
=result        ok
=elapsed       0.092964
=group_time    11.472s
=case          mam_SUITE:end_per_suite
=logfile       mam_suite.end_per_suite.html
=started       2016-02-01 23:24:28
=ended         2016-02-01 23:24:28
=result        ok
=elapsed       0.00514
=group_time    145.236s
=== TEST COMPLETE, 11 ok, 20 failed, 44 skipped of 75 test cases

=finished      2016-02-01 23:24:28
=failed        20
=successful    11
=user_skipped  2
=auto_skipped  42
