=== Suite started at 2016-04-06 19:18:43
=== Starting test, 27 test cases
=cases         27
=user          travis
=host          testing-gce-4119d237-0c2b-446e-a5c5-db9cac82a933
=hosts         testing-gce-4119d237-0c2b-446e-a5c5-db9cac82a933 
=emulator_vsn  5.10.4
=emulator      beam
=otp_release   R16B03
=started       2016-04-06 19:18:43
=case          login_SUITE:init_per_suite
=logfile       login_suite.init_per_suite.html
=started       2016-04-06 19:18:43
=ended         2016-04-06 19:18:43
=result        ok
=elapsed       0.00204
=case          login_SUITE:init_per_group
=logfile       login_suite.init_per_group.html
=group_props   [{name,register},sequence]
=started       2016-04-06 19:18:43
=ended         2016-04-06 19:18:43
=result        failed: {{badmatch,false},
                        [{escalus_utils,make_jid,1,
                             [{file,"src/escalus_utils.erl"},{line,148}]},
                         {escalus_connection,start,2,
                             [{file,"src/escalus_connection.erl"},{line,109}]},
                         {escalus_users,is_mod_register_enabled,1,
                             [{file,"src/escalus_users.erl"},{line,304}]},
                         {login_SUITE,skip_if_mod_register_not_enabled,1,
                             [{file,"login_SUITE.erl"},{line,518}]},
                         {test_server,ts_tc,3,
                             [{file,"test_server.erl"},{line,1360}]},
                         {test_server,run_test_case_eval1,6,
                             [{file,"test_server.erl"},{line,1041}]},
                         {test_server,run_test_case_eval,9,
                             [{file,"test_server.erl"},{line,925}]}]}, [{escalus_utils,
                                                                         make_jid,
                                                                         148},
                                                                        {escalus_connection,
                                                                         start,
                                                                         109},
                                                                        {escalus_users,
                                                                         is_mod_register_enabled,
                                                                         304},
                                                                        {login_SUITE,
                                                                         skip_if_mod_register_not_enabled,
                                                                         518},
                                                                        {test_server,
                                                                         ts_tc,
                                                                         1360},
                                                                        {test_server,
                                                                         run_test_case_eval1,
                                                                         1041},
                                                                        {test_server,
                                                                         run_test_case_eval,
                                                                         925}]
=== *** FAILED {login_SUITE,init_per_group} ***
=== 
=case          login_SUITE:register
=group_props   [{name,"register"}]
=started       2016-04-06 19:18:43
=result        auto_skipped: init_per_group failed
=== *** Skipping test case #1 {login_SUITE,register} ***
=== 
=case          login_SUITE:already_registered
=group_props   [{name,"register"}]
=started       2016-04-06 19:18:43
=result        auto_skipped: init_per_group failed
=== *** Skipping test case #2 {login_SUITE,already_registered} ***
=== 
=case          login_SUITE:check_unregistered
=group_props   [{name,"register"}]
=started       2016-04-06 19:18:43
=result        auto_skipped: init_per_group failed
=== *** Skipping test case #3 {login_SUITE,check_unregistered} ***
=== 
=case          login_SUITE:end_per_group
=group_props   [{name,"register"}]
=started       2016-04-06 19:18:43
=result        auto_skipped: init_per_group failed
=== *** Skipping {login_SUITE,end_per_group} ***
=case          login_SUITE:init_per_group
=logfile       login_suite.init_per_group.970323.621.html
=group_props   [{name,bad_registration},no_sequence]
=started       2016-04-06 19:18:43
=ended         2016-04-06 19:18:43
=result        ok
=elapsed       1.0e-6
=case          login_SUITE:null_password
=logfile       login_suite.null_password.html
=started       2016-04-06 19:18:43
=ended         2016-04-06 19:18:43
=result        failed: {{badmatch,false},
                        [{escalus_utils,make_jid,1,
                             [{file,"src/escalus_utils.erl"},{line,150}]},
                         {escalus_connection,start,2,
                             [{file,"src/escalus_connection.erl"},{line,109}]},
                         {escalus_users,create_user,2,
                             [{file,"src/escalus_users.erl"},{line,247}]},
                         {login_SUITE,null_password,1,
                             [{file,"login_SUITE.erl"},{line,269}]},
                         {test_server,ts_tc,3,
                             [{file,"test_server.erl"},{line,1360}]},
                         {test_server,run_test_case_eval1,6,
                             [{file,"test_server.erl"},{line,977}]},
                         {test_server,run_test_case_eval,9,
                             [{file,"test_server.erl"},{line,925}]}]}, [{escalus_utils,
                                                                         make_jid,
                                                                         150},
                                                                        {escalus_connection,
                                                                         start,
                                                                         109},
                                                                        {escalus_users,
                                                                         create_user,
                                                                         247},
                                                                        {login_SUITE,
                                                                         null_password,
                                                                         269},
                                                                        {test_server,
                                                                         ts_tc,
                                                                         1360},
                                                                        {test_server,
                                                                         run_test_case_eval1,
                                                                         977},
                                                                        {test_server,
                                                                         run_test_case_eval,
                                                                         925}]
=== *** FAILED test case 4 of 27 ***
=case          login_SUITE:end_per_group
=logfile       login_suite.end_per_group.html
=group_props   [{name,bad_registration},no_sequence]
=started       2016-04-06 19:18:43
=ended         2016-04-06 19:18:43
=result        ok
=elapsed       1.0e-6
=group_time    0.056s
=case          login_SUITE:init_per_group
=logfile       login_suite.init_per_group.970323.704.html
=group_props   [{name,bad_cancelation},no_sequence]
=started       2016-04-06 19:18:43
=ended         2016-04-06 19:18:43
=result        failed: {{badmatch,false},
                        [{escalus_utils,make_jid,1,
                             [{file,"src/escalus_utils.erl"},{line,148}]},
                         {escalus_connection,start,2,
                             [{file,"src/escalus_connection.erl"},{line,109}]},
                         {escalus_users,is_mod_register_enabled,1,
                             [{file,"src/escalus_users.erl"},{line,304}]},
                         {login_SUITE,skip_if_mod_register_not_enabled,1,
                             [{file,"login_SUITE.erl"},{line,518}]},
                         {test_server,ts_tc,3,
                             [{file,"test_server.erl"},{line,1360}]},
                         {test_server,run_test_case_eval1,6,
                             [{file,"test_server.erl"},{line,1041}]},
                         {test_server,run_test_case_eval,9,
                             [{file,"test_server.erl"},{line,925}]}]}, [{escalus_utils,
                                                                         make_jid,
                                                                         148},
                                                                        {escalus_connection,
                                                                         start,
                                                                         109},
                                                                        {escalus_users,
                                                                         is_mod_register_enabled,
                                                                         304},
                                                                        {login_SUITE,
                                                                         skip_if_mod_register_not_enabled,
                                                                         518},
                                                                        {test_server,
                                                                         ts_tc,
                                                                         1360},
                                                                        {test_server,
                                                                         run_test_case_eval1,
                                                                         1041},
                                                                        {test_server,
                                                                         run_test_case_eval,
                                                                         925}]
=== *** FAILED {login_SUITE,init_per_group} ***
=== 
=case          login_SUITE:bad_request_registration_cancelation
=group_props   [{name,"bad_cancelation"}]
=started       2016-04-06 19:18:43
=result        auto_skipped: init_per_group failed
=== *** Skipping test case #5 {login_SUITE,bad_request_registration_cancelation} ***
=== 
=case          login_SUITE:not_allowed_registration_cancelation
=group_props   [{name,"bad_cancelation"}]
=started       2016-04-06 19:18:43
=result        auto_skipped: init_per_group failed
=== *** Skipping test case #6 {login_SUITE,not_allowed_registration_cancelation} ***
=== 
=case          login_SUITE:end_per_group
=group_props   [{name,"bad_cancelation"}]
=started       2016-04-06 19:18:43
=result        auto_skipped: init_per_group failed
=== *** Skipping {login_SUITE,end_per_group} ***
=case          login_SUITE:init_per_group
=logfile       login_suite.init_per_group.970323.737.html
=group_props   [{name,registration_timeout},sequence]
=started       2016-04-06 19:18:43
=ended         2016-04-06 19:18:43
=result        failed: {{badmatch,false},
                        [{escalus_utils,make_jid,1,
                             [{file,"src/escalus_utils.erl"},{line,148}]},
                         {escalus_connection,start,2,
                             [{file,"src/escalus_connection.erl"},{line,109}]},
                         {escalus_users,is_mod_register_enabled,1,
                             [{file,"src/escalus_users.erl"},{line,304}]},
                         {login_SUITE,init_per_group,2,
                             [{file,"login_SUITE.erl"},{line,101}]},
                         {test_server,ts_tc,3,
                             [{file,"test_server.erl"},{line,1360}]},
                         {test_server,run_test_case_eval1,6,
                             [{file,"test_server.erl"},{line,1041}]},
                         {test_server,run_test_case_eval,9,
                             [{file,"test_server.erl"},{line,925}]}]}, [{escalus_utils,
                                                                         make_jid,
                                                                         148},
                                                                        {escalus_connection,
                                                                         start,
                                                                         109},
                                                                        {escalus_users,
                                                                         is_mod_register_enabled,
                                                                         304},
                                                                        {login_SUITE,
                                                                         init_per_group,
                                                                         101},
                                                                        {test_server,
                                                                         ts_tc,
                                                                         1360},
                                                                        {test_server,
                                                                         run_test_case_eval1,
                                                                         1041},
                                                                        {test_server,
                                                                         run_test_case_eval,
                                                                         925}]
=== *** FAILED {login_SUITE,init_per_group} ***
=== 
=case          login_SUITE:registration_timeout
=group_props   [{name,"registration_timeout"}]
=started       2016-04-06 19:18:43
=result        auto_skipped: init_per_group failed
=== *** Skipping test case #7 {login_SUITE,registration_timeout} ***
=== 
=case          login_SUITE:registration_failure_timeout
=group_props   [{name,"registration_timeout"}]
=started       2016-04-06 19:18:43
=result        auto_skipped: init_per_group failed
=== *** Skipping test case #8 {login_SUITE,registration_failure_timeout} ***
=== 
=case          login_SUITE:end_per_group
=group_props   [{name,"registration_timeout"}]
=started       2016-04-06 19:18:43
=result        auto_skipped: init_per_group failed
=== *** Skipping {login_SUITE,end_per_group} ***
=case          login_SUITE:init_per_group
=logfile       login_suite.init_per_group.970323.770.html
=group_props   [{name,change_account_details},no_sequence]
=started       2016-04-06 19:18:43
=ended         2016-04-06 19:18:43
=result        failed: {{badmatch,false},
                        [{escalus_utils,make_jid,1,
                             [{file,"src/escalus_utils.erl"},{line,148}]},
                         {escalus_connection,start,2,
                             [{file,"src/escalus_connection.erl"},{line,109}]},
                         {escalus_users,is_mod_register_enabled,1,
                             [{file,"src/escalus_users.erl"},{line,304}]},
                         {login_SUITE,skip_if_mod_register_not_enabled,1,
                             [{file,"login_SUITE.erl"},{line,518}]},
                         {test_server,ts_tc,3,
                             [{file,"test_server.erl"},{line,1360}]},
                         {test_server,run_test_case_eval1,6,
                             [{file,"test_server.erl"},{line,1041}]},
                         {test_server,run_test_case_eval,9,
                             [{file,"test_server.erl"},{line,925}]}]}, [{escalus_utils,
                                                                         make_jid,
                                                                         148},
                                                                        {escalus_connection,
                                                                         start,
                                                                         109},
                                                                        {escalus_users,
                                                                         is_mod_register_enabled,
                                                                         304},
                                                                        {login_SUITE,
                                                                         skip_if_mod_register_not_enabled,
                                                                         518},
                                                                        {test_server,
                                                                         ts_tc,
                                                                         1360},
                                                                        {test_server,
                                                                         run_test_case_eval1,
                                                                         1041},
                                                                        {test_server,
                                                                         run_test_case_eval,
                                                                         925}]
=== *** FAILED {login_SUITE,init_per_group} ***
=== 
=case          login_SUITE:change_password
=group_props   [{name,"change_account_details"}]
=started       2016-04-06 19:18:43
=result        auto_skipped: init_per_group failed
=== *** Skipping test case #9 {login_SUITE,change_password} ***
=== 
=case          login_SUITE:change_password_to_null
=group_props   [{name,"change_account_details"}]
=started       2016-04-06 19:18:43
=result        auto_skipped: init_per_group failed
=== *** Skipping test case #10 {login_SUITE,change_password_to_null} ***
=== 
=case          login_SUITE:end_per_group
=group_props   [{name,"change_account_details"}]
=started       2016-04-06 19:18:43
=result        auto_skipped: init_per_group failed
=== *** Skipping {login_SUITE,end_per_group} ***
=case          login_SUITE:init_per_group
=logfile       login_suite.init_per_group.970323.803.html
=group_props   [{name,login},sequence]
=started       2016-04-06 19:18:43
=ended         2016-04-06 19:18:43
=result        ok
=elapsed       0.002753
=case          login_SUITE:log_one
=logfile       login_suite.log_one.html
=started       2016-04-06 19:18:43
=ended         2016-04-06 19:18:44
=result        ok
=elapsed       0.462882
=case          login_SUITE:log_non_existent_plain
=logfile       login_suite.log_non_existent_plain.html
=started       2016-04-06 19:18:44
=ended         2016-04-06 19:18:44
=result        ok
=elapsed       0.203047
=case          login_SUITE:log_one_digest
=logfile       login_suite.log_one_digest.html
=started       2016-04-06 19:18:44
=ended         2016-04-06 19:18:45
=result        ok
=elapsed       0.909911
=case          login_SUITE:log_non_existent_digest
=logfile       login_suite.log_non_existent_digest.html
=started       2016-04-06 19:18:45
=ended         2016-04-06 19:18:45
=result        ok
=elapsed       0.238947
=case          login_SUITE:log_one_scram
=logfile       login_suite.log_one_scram.html
=started       2016-04-06 19:18:45
=ended         2016-04-06 19:18:46
=result        ok
=elapsed       0.656529
=case          login_SUITE:log_non_existent_scram
=logfile       login_suite.log_non_existent_scram.html
=started       2016-04-06 19:18:46
=ended         2016-04-06 19:18:46
=result        ok
=elapsed       0.202804
=case          login_SUITE:blocked_user
=logfile       login_suite.blocked_user.html
=started       2016-04-06 19:18:46
=ended         2016-04-06 19:18:46
=result        ok
=elapsed       0.17907
=case          login_SUITE:end_per_group
=logfile       login_suite.end_per_group.970326.890.html
=group_props   [{name,login},sequence]
=started       2016-04-06 19:18:46
=ended         2016-04-06 19:18:46
=result        ok
=elapsed       0.004785
=group_time    3.087s
=case          login_SUITE:init_per_group
=logfile       login_suite.init_per_group.970326.921.html
=group_props   [{name,login_scram},sequence]
=started       2016-04-06 19:18:46
=ended         2016-04-06 19:18:46
=result        ok
=elapsed       0.029576
=case          login_SUITE:log_one
=logfile       login_suite.log_one.970326.980.html
=started       2016-04-06 19:18:46
=ended         2016-04-06 19:18:47
=result        ok
=elapsed       0.462174
=case          login_SUITE:log_one_scram
=logfile       login_suite.log_one_scram.970327.468.html
=started       2016-04-06 19:18:47
=ended         2016-04-06 19:18:48
=result        ok
=elapsed       0.658808
=case          login_SUITE:end_per_group
=logfile       login_suite.end_per_group.970328.153.html
=group_props   [{name,login_scram},sequence]
=started       2016-04-06 19:18:48
=ended         2016-04-06 19:18:48
=result        ok
=elapsed       0.006097
=group_time    1.232s
=case          login_SUITE:init_per_group
=logfile       login_suite.init_per_group.970328.188.html
=group_props   [{name,login_scram_store_plain},sequence]
=started       2016-04-06 19:18:48
=ended         2016-04-06 19:18:48
=result        ok
=elapsed       0.003299
=case          login_SUITE:log_one
=logfile       login_suite.log_one.970328.220.html
=started       2016-04-06 19:18:48
=ended         2016-04-06 19:18:48
=result        ok
=elapsed       0.462339
=case          login_SUITE:log_one_scram
=logfile       login_suite.log_one_scram.970328.712.html
=started       2016-04-06 19:18:48
=ended         2016-04-06 19:18:49
=result        ok
=elapsed       0.659271
=case          login_SUITE:end_per_group
=logfile       login_suite.end_per_group.970329.400.html
=group_props   [{name,login_scram_store_plain},sequence]
=started       2016-04-06 19:18:49
=ended         2016-04-06 19:18:49
=result        ok
=elapsed       0.013093
=group_time    1.212s
=case          login_SUITE:init_per_group
=logfile       login_suite.init_per_group.970329.439.html
=group_props   [{name,legacy_auth},sequence]
=started       2016-04-06 19:18:49
=ended         2016-04-06 19:18:49
=result        ok
=elapsed       0.002457
=case          login_SUITE:legacy_successful_plain
=logfile       login_suite.legacy_successful_plain.html
=started       2016-04-06 19:18:49
=ended         2016-04-06 19:18:49
=result        failed: {{badmatch,false},
                        [{escalus_utils,make_jid,1,
                             [{file,"src/escalus_utils.erl"},{line,150}]},
                         {escalus_connection,start,2,
                             [{file,"src/escalus_connection.erl"},{line,109}]},
                         {login_SUITE,legacy_auth,2,
                             [{file,"login_SUITE.erl"},{line,498}]},
                         {test_server,ts_tc,3,
                             [{file,"test_server.erl"},{line,1360}]},
                         {test_server,run_test_case_eval1,6,
                             [{file,"test_server.erl"},{line,977}]},
                         {test_server,run_test_case_eval,9,
                             [{file,"test_server.erl"},{line,925}]}]}, [{escalus_utils,
                                                                         make_jid,
                                                                         150},
                                                                        {escalus_connection,
                                                                         start,
                                                                         109},
                                                                        {login_SUITE,
                                                                         legacy_auth,
                                                                         498},
                                                                        {test_server,
                                                                         ts_tc,
                                                                         1360},
                                                                        {test_server,
                                                                         run_test_case_eval1,
                                                                         977},
                                                                        {test_server,
                                                                         run_test_case_eval,
                                                                         925}]
=== *** FAILED test case 22 of 27 ***
=== 
=case          login_SUITE:legacy_unsuccessful_plain
=group_props   [{name,"legacy_auth"}]
=started       2016-04-06 19:18:49
=result        auto_skipped: {failed,{login_SUITE,legacy_successful_plain}}
=== *** Skipping test case #23 {login_SUITE,legacy_unsuccessful_plain} ***
=== 
=case          login_SUITE:legacy_successful_digest
=group_props   [{name,"legacy_auth"}]
=started       2016-04-06 19:18:49
=result        auto_skipped: {failed,{login_SUITE,legacy_successful_plain}}
=== *** Skipping test case #24 {login_SUITE,legacy_successful_digest} ***
=== 
=case          login_SUITE:legacy_blocked_user
=group_props   [{name,"legacy_auth"}]
=started       2016-04-06 19:18:49
=result        auto_skipped: {failed,{login_SUITE,legacy_successful_plain}}
=== *** Skipping test case #25 {login_SUITE,legacy_blocked_user} ***
=case          login_SUITE:end_per_group
=logfile       login_suite.end_per_group.970329.500.html
=group_props   [{name,legacy_auth},sequence]
=started       2016-04-06 19:18:49
=ended         2016-04-06 19:18:49
=result        ok
=elapsed       0.005541
=group_time    0.061s
=case          login_SUITE:init_per_group
=logfile       login_suite.init_per_group.970329.532.html
=group_props   [{name,messages},sequence]
=started       2016-04-06 19:18:49
=ended         2016-04-06 19:18:49
=result        ok
=elapsed       0.00874
=case          login_SUITE:messages_story
=logfile       login_suite.messages_story.html
=started       2016-04-06 19:18:49
=ended         2016-04-06 19:18:50
=result        ok
=elapsed       0.916791
=case          login_SUITE:message_zlib_limit
=logfile       login_suite.message_zlib_limit.html
=started       2016-04-06 19:18:50
=ended         2016-04-06 19:18:51
=result        ok
=elapsed       0.837638
=case          login_SUITE:end_per_group
=logfile       login_suite.end_per_group.970331.384.html
=group_props   [{name,messages},sequence]
=started       2016-04-06 19:18:51
=ended         2016-04-06 19:18:51
=result        ok
=elapsed       0.004937
=group_time    1.852s
=case          login_SUITE:end_per_suite
=logfile       login_suite.end_per_suite.html
=started       2016-04-06 19:18:51
=ended         2016-04-06 19:18:51
=result        ok
=elapsed       0.001837
=group_time    7.891s
=== TEST COMPLETE, 13 ok, 2 failed, 12 skipped of 27 test cases

=finished      2016-04-06 19:18:51
=failed        2
=successful    13
=user_skipped  0
=auto_skipped  12
