=== Suite started at 2016-04-06 16:45:15
=== Starting test, 203 test cases
=cases         203
=user          travis
=host          testing-gce-131caa29-d9d0-4ceb-8e0f-f9d33a9fba68
=hosts         testing-gce-131caa29-d9d0-4ceb-8e0f-f9d33a9fba68 
=emulator_vsn  6.4
=emulator      beam
=otp_release   17
=started       2016-04-06 16:45:15
=case          mam_SUITE:init_per_suite
=logfile       mam_suite.init_per_suite.html
=started       2016-04-06 16:45:15
=ended         2016-04-06 16:45:15
=result        ok
=elapsed       0.054439
=case          mam_SUITE:init_per_group
=logfile       mam_suite.init_per_group.html
=group_props   [{name,riak_timed_yz_buckets_mam}]
=started       2016-04-06 16:45:15
=ended         2016-04-06 16:45:15
=result        ok
=elapsed       0.120712
=case          mam_SUITE:mam_service_discovery
=logfile       mam_suite.mam_service_discovery.html
=started       2016-04-06 16:45:15
=ended         2016-04-06 16:45:15
=result        ok
=elapsed       0.213968
=case          mam_SUITE:simple_archive_request
=logfile       mam_suite.simple_archive_request.html
=started       2016-04-06 16:45:15
=ended         2016-04-06 16:45:18
=result        failed: {test_case_failed,"Unexpected error IQ."}, [{mam_SUITE,
                                                                    wait_archive_respond_v02,
                                                                    1119},
                                                                   {mam_SUITE,
                                                                    wait_archive_respond_nofin,
                                                                    1108},
                                                                   {mam_SUITE,
                                                                    '-simple_archive_request/1-fun-0-',
                                                                    922},
                                                                   {escalus_story,
                                                                    story,40},
                                                                   {test_server,
                                                                    ts_tc,
                                                                    1429},
                                                                   {test_server,
                                                                    run_test_case_eval1,
                                                                    1026},
                                                                   {test_server,
                                                                    run_test_case_eval,
                                                                    968}]
=== *** FAILED test case 2 of 203 ***
=case          mam_SUITE:range_archive_request
=logfile       mam_suite.range_archive_request.html
=started       2016-04-06 16:45:18
=ended         2016-04-06 16:45:19
=result        failed: {{assertion_failed,assert,is_iq_result,
                         {xmlel,<<"iq">>,
                          [{<<"from">>,<<"alicE@localhost">>},
                           {<<"to">>,<<"alicE@localhost/res1">>},
                           {<<"id">>,<<"076c9b7bd7c838af2811c7da94de0322">>},
                           {<<"type">>,<<"error">>}],
                          [{xmlel,<<"error">>,
                            [{<<"code">>,<<"500">>},{<<"type">>,<<"wait">>}],
                            [{xmlel,<<"internal-server-error">>,
                              [{<<"xmlns">>,
                                <<"urn:ietf:params:xml:ns:xmpp-stanzas">>}],
                              []}]}]},
                         "<iq from='alicE@localhost' to='alicE@localhost/res1' id='076c9b7bd7c838af2811c7da94de0322' type='error'><error code='500' type='wait'><internal-server-error xmlns='urn:ietf:params:xml:ns:xmpp-stanzas'/></error></iq>"},
                        [{escalus_new_assert,assert_true,2,
                          [{file,"src/escalus_new_assert.erl"},{line,84}]},
                         {mam_SUITE,'-range_archive_request/1-fun-0-',2,
                          [{file,"mam_SUITE.erl"},{line,1657}]},
                         {escalus_story,story,3,
                          [{file,"src/escalus_story.erl"},{line,40}]},
                         {test_server,ts_tc,3,
                          [{file,"test_server.erl"},{line,1429}]},
                         {test_server,run_test_case_eval1,6,
                          [{file,"test_server.erl"},{line,1026}]},
                         {test_server,run_test_case_eval,9,
                          [{file,"test_server.erl"},{line,968}]}]}, [{escalus_new_assert,
                                                                      assert_true,
                                                                      84},
                                                                     {mam_SUITE,
                                                                      '-range_archive_request/1-fun-0-',
                                                                      1657},
                                                                     {escalus_story,
                                                                      story,
                                                                      40},
                                                                     {test_server,
                                                                      ts_tc,
                                                                      1429},
                                                                     {test_server,
                                                                      run_test_case_eval1,
                                                                      1026},
                                                                     {test_server,
                                                                      run_test_case_eval,
                                                                      968}]
=== *** FAILED test case 3 of 203 ***
=case          mam_SUITE:range_archive_request_not_empty
=logfile       mam_suite.range_archive_request_not_empty.html
=started       2016-04-06 16:45:19
=ended         2016-04-06 16:45:22
=result        failed: {test_case_failed,"Unexpected error IQ."}, [{mam_SUITE,
                                                                    wait_archive_respond_v02,
                                                                    1119},
                                                                   {mam_SUITE,
                                                                    wait_archive_respond_nofin,
                                                                    1108},
                                                                   {mam_SUITE,
                                                                    '-range_archive_request_not_empty/1-fun-0-',
                                                                    1682},
                                                                   {escalus_story,
                                                                    story,40},
                                                                   {test_server,
                                                                    ts_tc,
                                                                    1429},
                                                                   {test_server,
                                                                    run_test_case_eval1,
                                                                    1026},
                                                                   {test_server,
                                                                    run_test_case_eval,
                                                                    968}]
=== *** FAILED test case 4 of 203 ***
=case          mam_SUITE:limit_archive_request
=logfile       mam_suite.limit_archive_request.html
=started       2016-04-06 16:45:22
=ended         2016-04-06 16:45:22
=result        failed: {test_case_failed,"Unexpected error IQ."}, [{mam_SUITE,
                                                                    wait_archive_respond_v02,
                                                                    1119},
                                                                   {mam_SUITE,
                                                                    wait_archive_respond_nofin,
                                                                    1108},
                                                                   {mam_SUITE,
                                                                    '-limit_archive_request/1-fun-0-',
                                                                    1715},
                                                                   {escalus_story,
                                                                    story,40},
                                                                   {test_server,
                                                                    ts_tc,
                                                                    1429},
                                                                   {test_server,
                                                                    run_test_case_eval1,
                                                                    1026},
                                                                   {test_server,
                                                                    run_test_case_eval,
                                                                    968}]
=== *** FAILED test case 5 of 203 ***
=case          mam_SUITE:end_per_group
=logfile       mam_suite.end_per_group.html
=group_props   [{name,riak_timed_yz_buckets_mam}]
=started       2016-04-06 16:45:22
=ended         2016-04-06 16:45:22
=result        ok
=elapsed       0.070898
=group_time    7.313s
=case          mam_SUITE:init_per_group
=logfile       mam_suite.init_per_group.961122.836.html
=group_props   [{name,riak_timed_yz_buckets_mam03}]
=started       2016-04-06 16:45:22
=ended         2016-04-06 16:45:22
=result        ok
=elapsed       0.105006
=case          mam_SUITE:mam_service_discovery
=logfile       mam_suite.mam_service_discovery.961122.966.html
=started       2016-04-06 16:45:22
=ended         2016-04-06 16:45:23
=result        ok
=elapsed       0.212289
=case          mam_SUITE:simple_archive_request
=logfile       mam_suite.simple_archive_request.961123.204.html
=started       2016-04-06 16:45:23
=ended         2016-04-06 16:45:26
=result        failed: {test_case_failed,"Unexpected error IQ."}, [{mam_SUITE,
                                                                    wait_archive_respond_v03,
                                                                    1133},
                                                                   {mam_SUITE,
                                                                    wait_archive_respond_fin,
                                                                    1099},
                                                                   {mam_SUITE,
                                                                    '-simple_archive_request/1-fun-0-',
                                                                    922},
                                                                   {escalus_story,
                                                                    story,40},
                                                                   {test_server,
                                                                    ts_tc,
                                                                    1429},
                                                                   {test_server,
                                                                    run_test_case_eval1,
                                                                    1026},
                                                                   {test_server,
                                                                    run_test_case_eval,
                                                                    968}]
=== *** FAILED test case 7 of 203 ***
=case          mam_SUITE:range_archive_request
=logfile       mam_suite.range_archive_request.961126.170.html
=started       2016-04-06 16:45:26
=ended         2016-04-06 16:45:26
=result        failed: {{assertion_failed,assert,is_iq_result,
                         {xmlel,<<"iq">>,
                          [{<<"from">>,<<"alicE@localhost">>},
                           {<<"to">>,<<"alicE@localhost/res1">>},
                           {<<"id">>,<<"e20375eaed94e56ce719869c4c9636dc">>},
                           {<<"type">>,<<"error">>}],
                          [{xmlel,<<"error">>,
                            [{<<"code">>,<<"500">>},{<<"type">>,<<"wait">>}],
                            [{xmlel,<<"internal-server-error">>,
                              [{<<"xmlns">>,
                                <<"urn:ietf:params:xml:ns:xmpp-stanzas">>}],
                              []}]}]},
                         "<iq from='alicE@localhost' to='alicE@localhost/res1' id='e20375eaed94e56ce719869c4c9636dc' type='error'><error code='500' type='wait'><internal-server-error xmlns='urn:ietf:params:xml:ns:xmpp-stanzas'/></error></iq>"},
                        [{escalus_new_assert,assert_true,2,
                          [{file,"src/escalus_new_assert.erl"},{line,84}]},
                         {mam_SUITE,'-range_archive_request/1-fun-0-',2,
                          [{file,"mam_SUITE.erl"},{line,1657}]},
                         {escalus_story,story,3,
                          [{file,"src/escalus_story.erl"},{line,40}]},
                         {test_server,ts_tc,3,
                          [{file,"test_server.erl"},{line,1429}]},
                         {test_server,run_test_case_eval1,6,
                          [{file,"test_server.erl"},{line,1026}]},
                         {test_server,run_test_case_eval,9,
                          [{file,"test_server.erl"},{line,968}]}]}, [{escalus_new_assert,
                                                                      assert_true,
                                                                      84},
                                                                     {mam_SUITE,
                                                                      '-range_archive_request/1-fun-0-',
                                                                      1657},
                                                                     {escalus_story,
                                                                      story,
                                                                      40},
                                                                     {test_server,
                                                                      ts_tc,
                                                                      1429},
                                                                     {test_server,
                                                                      run_test_case_eval1,
                                                                      1026},
                                                                     {test_server,
                                                                      run_test_case_eval,
                                                                      968}]
=== *** FAILED test case 8 of 203 ***
=case          mam_SUITE:range_archive_request_not_empty
=logfile       mam_suite.range_archive_request_not_empty.961126.422.html
=started       2016-04-06 16:45:26
=ended         2016-04-06 16:45:29
=result        failed: {test_case_failed,"Unexpected error IQ."}, [{mam_SUITE,
                                                                    wait_archive_respond_v03,
                                                                    1133},
                                                                   {mam_SUITE,
                                                                    wait_archive_respond_fin,
                                                                    1099},
                                                                   {mam_SUITE,
                                                                    '-range_archive_request_not_empty/1-fun-0-',
                                                                    1682},
                                                                   {escalus_story,
                                                                    story,40},
                                                                   {test_server,
                                                                    ts_tc,
                                                                    1429},
                                                                   {test_server,
                                                                    run_test_case_eval1,
                                                                    1026},
                                                                   {test_server,
                                                                    run_test_case_eval,
                                                                    968}]
=== *** FAILED test case 9 of 203 ***
=case          mam_SUITE:limit_archive_request
=logfile       mam_suite.limit_archive_request.961129.857.html
=started       2016-04-06 16:45:29
=ended         2016-04-06 16:45:30
=result        failed: {test_case_failed,"Unexpected error IQ."}, [{mam_SUITE,
                                                                    wait_archive_respond_v03,
                                                                    1133},
                                                                   {mam_SUITE,
                                                                    wait_archive_respond_fin,
                                                                    1099},
                                                                   {mam_SUITE,
                                                                    '-limit_archive_request/1-fun-0-',
                                                                    1715},
                                                                   {escalus_story,
                                                                    story,40},
                                                                   {test_server,
                                                                    ts_tc,
                                                                    1429},
                                                                   {test_server,
                                                                    run_test_case_eval1,
                                                                    1026},
                                                                   {test_server,
                                                                    run_test_case_eval,
                                                                    968}]
=== *** FAILED test case 10 of 203 ***
=case          mam_SUITE:end_per_group
=logfile       mam_suite.end_per_group.961130.110.html
=group_props   [{name,riak_timed_yz_buckets_mam03}]
=started       2016-04-06 16:45:30
=ended         2016-04-06 16:45:30
=result        ok
=elapsed       0.065616
=group_time    7.274s
=case          mam_SUITE:init_per_group
=logfile       mam_suite.init_per_group.961130.201.html
=group_props   [{name,riak_timed_yz_buckets_mam04}]
=started       2016-04-06 16:45:30
=ended         2016-04-06 16:45:30
=result        ok
=elapsed       0.181588
=case          mam_SUITE:mam_service_discovery
=logfile       mam_suite.mam_service_discovery.961130.408.html
=started       2016-04-06 16:45:30
=ended         2016-04-06 16:45:30
=result        ok
=elapsed       0.220667
=case          mam_SUITE:simple_archive_request
=logfile       mam_suite.simple_archive_request.961130.657.html
=started       2016-04-06 16:45:30
=ended         2016-04-06 16:45:33
=result        failed: {test_case_failed,"Unexpected error IQ."}, [{mam_SUITE,
                                                                    wait_archive_respond_v02,
                                                                    1119},
                                                                   {mam_SUITE,
                                                                    wait_archive_respond_nofin,
                                                                    1108},
                                                                   {mam_SUITE,
                                                                    '-simple_archive_request/1-fun-0-',
                                                                    922},
                                                                   {escalus_story,
                                                                    story,40},
                                                                   {test_server,
                                                                    ts_tc,
                                                                    1429},
                                                                   {test_server,
                                                                    run_test_case_eval1,
                                                                    1026},
                                                                   {test_server,
                                                                    run_test_case_eval,
                                                                    968}]
=== *** FAILED test case 12 of 203 ***
=case          mam_SUITE:range_archive_request
=logfile       mam_suite.range_archive_request.961133.624.html
=started       2016-04-06 16:45:33
=ended         2016-04-06 16:45:33
=result        failed: {{assertion_failed,assert,is_iq_result,
                         {xmlel,<<"iq">>,
                          [{<<"from">>,<<"alicE@localhost">>},
                           {<<"to">>,<<"alicE@localhost/res1">>},
                           {<<"id">>,<<"f780eb7e18575956b1c6bdcecc97fa80">>},
                           {<<"type">>,<<"error">>}],
                          [{xmlel,<<"error">>,
                            [{<<"code">>,<<"500">>},{<<"type">>,<<"wait">>}],
                            [{xmlel,<<"internal-server-error">>,
                              [{<<"xmlns">>,
                                <<"urn:ietf:params:xml:ns:xmpp-stanzas">>}],
                              []}]}]},
                         "<iq from='alicE@localhost' to='alicE@localhost/res1' id='f780eb7e18575956b1c6bdcecc97fa80' type='error'><error code='500' type='wait'><internal-server-error xmlns='urn:ietf:params:xml:ns:xmpp-stanzas'/></error></iq>"},
                        [{escalus_new_assert,assert_true,2,
                          [{file,"src/escalus_new_assert.erl"},{line,84}]},
                         {mam_SUITE,'-range_archive_request/1-fun-0-',2,
                          [{file,"mam_SUITE.erl"},{line,1657}]},
                         {escalus_story,story,3,
                          [{file,"src/escalus_story.erl"},{line,40}]},
                         {test_server,ts_tc,3,
                          [{file,"test_server.erl"},{line,1429}]},
                         {test_server,run_test_case_eval1,6,
                          [{file,"test_server.erl"},{line,1026}]},
                         {test_server,run_test_case_eval,9,
                          [{file,"test_server.erl"},{line,968}]}]}, [{escalus_new_assert,
                                                                      assert_true,
                                                                      84},
                                                                     {mam_SUITE,
                                                                      '-range_archive_request/1-fun-0-',
                                                                      1657},
                                                                     {escalus_story,
                                                                      story,
                                                                      40},
                                                                     {test_server,
                                                                      ts_tc,
                                                                      1429},
                                                                     {test_server,
                                                                      run_test_case_eval1,
                                                                      1026},
                                                                     {test_server,
                                                                      run_test_case_eval,
                                                                      968}]
=== *** FAILED test case 13 of 203 ***
=case          mam_SUITE:range_archive_request_not_empty
=logfile       mam_suite.range_archive_request_not_empty.961133.880.html
=started       2016-04-06 16:45:33
=ended         2016-04-06 16:45:37
=result        failed: {test_case_failed,"Unexpected error IQ."}, [{mam_SUITE,
                                                                    wait_archive_respond_v02,
                                                                    1119},
                                                                   {mam_SUITE,
                                                                    wait_archive_respond_nofin,
                                                                    1108},
                                                                   {mam_SUITE,
                                                                    '-range_archive_request_not_empty/1-fun-0-',
                                                                    1682},
                                                                   {escalus_story,
                                                                    story,40},
                                                                   {test_server,
                                                                    ts_tc,
                                                                    1429},
                                                                   {test_server,
                                                                    run_test_case_eval1,
                                                                    1026},
                                                                   {test_server,
                                                                    run_test_case_eval,
                                                                    968}]
=== *** FAILED test case 14 of 203 ***
=case          mam_SUITE:limit_archive_request
=logfile       mam_suite.limit_archive_request.961137.367.html
=started       2016-04-06 16:45:37
=ended         2016-04-06 16:45:37
=result        failed: {test_case_failed,"Unexpected error IQ."}, [{mam_SUITE,
                                                                    wait_archive_respond_v02,
                                                                    1119},
                                                                   {mam_SUITE,
                                                                    wait_archive_respond_nofin,
                                                                    1108},
                                                                   {mam_SUITE,
                                                                    '-limit_archive_request/1-fun-0-',
                                                                    1715},
                                                                   {escalus_story,
                                                                    story,40},
                                                                   {test_server,
                                                                    ts_tc,
                                                                    1429},
                                                                   {test_server,
                                                                    run_test_case_eval1,
                                                                    1026},
                                                                   {test_server,
                                                                    run_test_case_eval,
                                                                    968}]
=== *** FAILED test case 15 of 203 ***
=case          mam_SUITE:end_per_group
=logfile       mam_suite.end_per_group.961137.623.html
=group_props   [{name,riak_timed_yz_buckets_mam04}]
=started       2016-04-06 16:45:37
=ended         2016-04-06 16:45:37
=result        ok
=elapsed       0.070458
=group_time    7.422s
=case          mam_SUITE:init_per_group
=logfile       mam_suite.init_per_group.961137.720.html
=group_props   [{name,riak_timed_yz_buckets_mam_purge}]
=started       2016-04-06 16:45:37
=ended         2016-04-06 16:45:37
=result        ok
=elapsed       0.215861
=case          mam_SUITE:purge_single_message
=logfile       mam_suite.purge_single_message.html
=started       2016-04-06 16:45:37
=ended         2016-04-06 16:45:41
=result        failed: {test_case_failed,"Unexpected error IQ."}, [{mam_SUITE,
                                                                    wait_archive_respond_v02,
                                                                    1119},
                                                                   {mam_SUITE,
                                                                    wait_archive_respond_nofin,
                                                                    1108},
                                                                   {mam_SUITE,
                                                                    '-purge_single_message/1-fun-0-',
                                                                    1249},
                                                                   {escalus_story,
                                                                    story,40},
                                                                   {test_server,
                                                                    ts_tc,
                                                                    1429},
                                                                   {test_server,
                                                                    run_test_case_eval1,
                                                                    1026},
                                                                   {test_server,
                                                                    run_test_case_eval,
                                                                    968}]
=== *** FAILED test case 16 of 203 ***
=case          mam_SUITE:purge_multiple_messages
=logfile       mam_suite.purge_multiple_messages.html
=started       2016-04-06 16:45:41
=ended         2016-04-06 16:45:44
=result        failed: {test_case_failed,"Unexpected error IQ."}, [{mam_SUITE,
                                                                    wait_archive_respond_v02,
                                                                    1119},
                                                                   {mam_SUITE,
                                                                    wait_archive_respond_nofin,
                                                                    1108},
                                                                   {mam_SUITE,
                                                                    '-purge_multiple_messages/1-fun-0-',
                                                                    1300},
                                                                   {escalus_story,
                                                                    story,40},
                                                                   {test_server,
                                                                    ts_tc,
                                                                    1429},
                                                                   {test_server,
                                                                    run_test_case_eval1,
                                                                    1026},
                                                                   {test_server,
                                                                    run_test_case_eval,
                                                                    968}]
=== *** FAILED test case 17 of 203 ***
=case          mam_SUITE:end_per_group
=logfile       mam_suite.end_per_group.961144.103.html
=group_props   [{name,riak_timed_yz_buckets_mam_purge}]
=started       2016-04-06 16:45:44
=ended         2016-04-06 16:45:44
=result        ok
=elapsed       0.078776
=group_time    6.383s
=case          mam_SUITE:init_per_group
=logfile       mam_suite.init_per_group.961144.208.html
=group_props   [{name,riak_timed_yz_buckets_muc}]
=started       2016-04-06 16:45:44
=ended         2016-04-06 16:45:44
=result        ok
=elapsed       0.108681
=case          mam_SUITE:muc_service_discovery
=logfile       mam_suite.muc_service_discovery.html
=started       2016-04-06 16:45:44
=ended         2016-04-06 16:45:44
=result        ok
=elapsed       0.218342
=case          mam_SUITE:muc_archive_request
=logfile       mam_suite.muc_archive_request.html
=started       2016-04-06 16:45:44
=ended         2016-04-06 16:45:45
=result        failed: {function_clause,
                           [{exml_query,attr,
                                [undefined,<<"by">>,undefined],
                                [{file,"src/exml_query.erl"},{line,83}]},
                            {mam_SUITE,'-muc_archive_request/1-fun-0-',4,
                                [{file,"mam_SUITE.erl"},{line,1335}]},
                            {escalus_story,story,3,
                                [{file,"src/escalus_story.erl"},{line,40}]},
                            {test_server,ts_tc,3,
                                [{file,"test_server.erl"},{line,1429}]},
                            {test_server,run_test_case_eval1,6,
                                [{file,"test_server.erl"},{line,1026}]},
                            {test_server,run_test_case_eval,9,
                                [{file,"test_server.erl"},{line,968}]}]}, [{exml_query,
                                                                            attr,
                                                                            83},
                                                                           {mam_SUITE,
                                                                            '-muc_archive_request/1-fun-0-',
                                                                            1335},
                                                                           {escalus_story,
                                                                            story,
                                                                            40},
                                                                           {test_server,
                                                                            ts_tc,
                                                                            1429},
                                                                           {test_server,
                                                                            run_test_case_eval1,
                                                                            1026},
                                                                           {test_server,
                                                                            run_test_case_eval,
                                                                            968}]
=== *** FAILED test case 19 of 203 ***
=case          mam_SUITE:muc_archive_purge
=logfile       mam_suite.muc_archive_purge.html
=started       2016-04-06 16:45:45
=ended         2016-04-06 16:45:49
=result        ok
=elapsed       3.952655
=case          mam_SUITE:muc_multiple_devices
=logfile       mam_suite.muc_multiple_devices.html
=started       2016-04-06 16:45:49
=ended         2016-04-06 16:45:49
=result        failed: {function_clause,
                           [{exml_query,attr,
                                [undefined,<<"by">>,undefined],
                                [{file,"src/exml_query.erl"},{line,83}]},
                            {mam_SUITE,'-muc_multiple_devices/1-fun-0-',5,
                                [{file,"mam_SUITE.erl"},{line,1441}]},
                            {escalus_story,story,3,
                                [{file,"src/escalus_story.erl"},{line,40}]},
                            {test_server,ts_tc,3,
                                [{file,"test_server.erl"},{line,1429}]},
                            {test_server,run_test_case_eval1,6,
                                [{file,"test_server.erl"},{line,1026}]},
                            {test_server,run_test_case_eval,9,
                                [{file,"test_server.erl"},{line,968}]}]}, [{exml_query,
                                                                            attr,
                                                                            83},
                                                                           {mam_SUITE,
                                                                            '-muc_multiple_devices/1-fun-0-',
                                                                            1441},
                                                                           {escalus_story,
                                                                            story,
                                                                            40},
                                                                           {test_server,
                                                                            ts_tc,
                                                                            1429},
                                                                           {test_server,
                                                                            run_test_case_eval1,
                                                                            1026},
                                                                           {test_server,
                                                                            run_test_case_eval,
                                                                            968}]
=== *** FAILED test case 21 of 203 ***
=case          mam_SUITE:muc_protected_message
=logfile       mam_suite.muc_protected_message.html
=started       2016-04-06 16:45:49
=ended         2016-04-06 16:45:50
=result        failed: {test_case_failed,"Unexpected error IQ."}, [{mam_SUITE,
                                                                    wait_archive_respond_v02,
                                                                    1119},
                                                                   {mam_SUITE,
                                                                    wait_archive_respond_nofin,
                                                                    1108},
                                                                   {mam_SUITE,
                                                                    '-muc_protected_message/1-fun-0-',
                                                                    1494},
                                                                   {escalus_story,
                                                                    story,40},
                                                                   {test_server,
                                                                    ts_tc,
                                                                    1429},
                                                                   {test_server,
                                                                    run_test_case_eval1,
                                                                    1026},
                                                                   {test_server,
                                                                    run_test_case_eval,
                                                                    968}]
=== *** FAILED test case 22 of 203 ***
=case          mam_SUITE:muc_deny_protected_room_access
=logfile       mam_suite.muc_deny_protected_room_access.html
=started       2016-04-06 16:45:50
=ended         2016-04-06 16:45:50
=result        ok
=elapsed       0.431229
=case          mam_SUITE:muc_allow_access_to_owner
=logfile       mam_suite.muc_allow_access_to_owner.html
=started       2016-04-06 16:45:50
=ended         2016-04-06 16:45:51
=result        failed: {test_case_failed,"Unexpected error IQ."}, [{mam_SUITE,
                                                                    wait_archive_respond_v02,
                                                                    1119},
                                                                   {mam_SUITE,
                                                                    wait_archive_respond_nofin,
                                                                    1108},
                                                                   {mam_SUITE,
                                                                    '-muc_allow_access_to_owner/1-fun-0-',
                                                                    1534},
                                                                   {escalus_story,
                                                                    story,40},
                                                                   {test_server,
                                                                    ts_tc,
                                                                    1429},
                                                                   {test_server,
                                                                    run_test_case_eval1,
                                                                    1026},
                                                                   {test_server,
                                                                    run_test_case_eval,
                                                                    968}]
=== *** FAILED test case 24 of 203 ***
=case          mam_SUITE:muc_delete_x_user_in_anon_rooms
=logfile       mam_suite.muc_delete_x_user_in_anon_rooms.html
=started       2016-04-06 16:45:51
=ended         2016-04-06 16:45:54
=result        failed: {test_case_failed,"Unexpected error IQ."}, [{mam_SUITE,
                                                                    wait_archive_respond_v02,
                                                                    1119},
                                                                   {mam_SUITE,
                                                                    wait_archive_respond_nofin,
                                                                    1108},
                                                                   {mam_SUITE,
                                                                    '-muc_delete_x_user_in_anon_rooms/1-fun-0-',
                                                                    1566},
                                                                   {escalus_story,
                                                                    story,40},
                                                                   {test_server,
                                                                    ts_tc,
                                                                    1429},
                                                                   {test_server,
                                                                    run_test_case_eval1,
                                                                    1026},
                                                                   {test_server,
                                                                    run_test_case_eval,
                                                                    968}]
=== *** FAILED test case 25 of 203 ***
=case          mam_SUITE:muc_show_x_user_to_moderators_in_anon_rooms
=logfile       mam_suite.muc_show_x_user_to_moderators_in_anon_rooms.html
=started       2016-04-06 16:45:54
=ended         2016-04-06 16:45:57
=result        failed: {test_case_failed,"Unexpected error IQ."}, [{mam_SUITE,
                                                                    wait_archive_respond_v02,
                                                                    1119},
                                                                   {mam_SUITE,
                                                                    wait_archive_respond_nofin,
                                                                    1108},
                                                                   {mam_SUITE,
                                                                    '-muc_show_x_user_to_moderators_in_anon_rooms/1-fun-0-',
                                                                    1601},
                                                                   {escalus_story,
                                                                    story,40},
                                                                   {test_server,
                                                                    ts_tc,
                                                                    1429},
                                                                   {test_server,
                                                                    run_test_case_eval1,
                                                                    1026},
                                                                   {test_server,
                                                                    run_test_case_eval,
                                                                    968}]
=== *** FAILED test case 26 of 203 ***
=case          mam_SUITE:muc_show_x_user_for_your_own_messages_in_anon_rooms
=logfile       mam_suite.muc_show_x_user_for_your_own_messages_in_anon_rooms.html
=started       2016-04-06 16:45:57
=ended         2016-04-06 16:46:00
=result        failed: {test_case_failed,"Unexpected error IQ."}, [{mam_SUITE,
                                                                    wait_archive_respond_v02,
                                                                    1119},
                                                                   {mam_SUITE,
                                                                    wait_archive_respond_nofin,
                                                                    1108},
                                                                   {mam_SUITE,
                                                                    '-muc_show_x_user_for_your_own_messages_in_anon_rooms/1-fun-0-',
                                                                    1636},
                                                                   {escalus_story,
                                                                    story,40},
                                                                   {test_server,
                                                                    ts_tc,
                                                                    1429},
                                                                   {test_server,
                                                                    run_test_case_eval1,
                                                                    1026},
                                                                   {test_server,
                                                                    run_test_case_eval,
                                                                    968}]
=== *** FAILED test case 27 of 203 ***
=case          mam_SUITE:muc_querying_for_all_messages
=logfile       mam_suite.muc_querying_for_all_messages.html
=started       2016-04-06 16:46:00
=ended         2016-04-06 16:46:05
=result        failed: {test_case_failed,"Unexpected error IQ."}, [{mam_SUITE,
                                                                    wait_archive_respond_v02,
                                                                    1119},
                                                                   {mam_SUITE,
                                                                    wait_archive_respond_nofin,
                                                                    1108},
                                                                   {mam_SUITE,
                                                                    '-muc_querying_for_all_messages/1-fun-0-',
                                                                    959},
                                                                   {escalus_story,
                                                                    story,40},
                                                                   {test_server,
                                                                    ts_tc,
                                                                    1429},
                                                                   {test_server,
                                                                    run_test_case_eval1,
                                                                    1026},
                                                                   {test_server,
                                                                    run_test_case_eval,
                                                                    968}]
=== *** FAILED test case 28 of 203 ***
=case          mam_SUITE:muc_querying_for_all_messages_with_jid
=logfile       mam_suite.muc_querying_for_all_messages_with_jid.html
=started       2016-04-06 16:46:05
=ended         2016-04-06 16:46:08
=result        failed: {test_case_failed,"Unexpected error IQ."}, [{mam_SUITE,
                                                                    wait_archive_respond_v02,
                                                                    1119},
                                                                   {mam_SUITE,
                                                                    wait_archive_respond_nofin,
                                                                    1108},
                                                                   {mam_SUITE,
                                                                    '-muc_querying_for_all_messages_with_jid/1-fun-0-',
                                                                    977},
                                                                   {escalus_story,
                                                                    story,40},
                                                                   {test_server,
                                                                    ts_tc,
                                                                    1429},
                                                                   {test_server,
                                                                    run_test_case_eval1,
                                                                    1026},
                                                                   {test_server,
                                                                    run_test_case_eval,
                                                                    968}]
=== *** FAILED test case 29 of 203 ***
=case          mam_SUITE:end_per_group
=logfile       mam_suite.end_per_group.961168.515.html
=group_props   [{name,riak_timed_yz_buckets_muc}]
=started       2016-04-06 16:46:08
=ended         2016-04-06 16:46:08
=result        ok
=elapsed       0.070853
=group_time    24.308s
=case          mam_SUITE:init_per_group
=logfile       mam_suite.init_per_group.961168.619.html
=group_props   [{name,riak_timed_yz_buckets_muc03}]
=started       2016-04-06 16:46:08
=ended         2016-04-06 16:46:08
=result        ok
=elapsed       0.102081
=case          mam_SUITE:muc_service_discovery
=logfile       mam_suite.muc_service_discovery.961168.746.html
=started       2016-04-06 16:46:08
=ended         2016-04-06 16:46:08
=result        ok
=elapsed       0.214303
=case          mam_SUITE:muc_archive_request
=logfile       mam_suite.muc_archive_request.961168.990.html
=started       2016-04-06 16:46:08
=ended         2016-04-06 16:46:09
=result        failed: {function_clause,
                           [{exml_query,attr,
                                [undefined,<<"by">>,undefined],
                                [{file,"src/exml_query.erl"},{line,83}]},
                            {mam_SUITE,'-muc_archive_request/1-fun-0-',4,
                                [{file,"mam_SUITE.erl"},{line,1335}]},
                            {escalus_story,story,3,
                                [{file,"src/escalus_story.erl"},{line,40}]},
                            {test_server,ts_tc,3,
                                [{file,"test_server.erl"},{line,1429}]},
                            {test_server,run_test_case_eval1,6,
                                [{file,"test_server.erl"},{line,1026}]},
                            {test_server,run_test_case_eval,9,
                                [{file,"test_server.erl"},{line,968}]}]}, [{exml_query,
                                                                            attr,
                                                                            83},
                                                                           {mam_SUITE,
                                                                            '-muc_archive_request/1-fun-0-',
                                                                            1335},
                                                                           {escalus_story,
                                                                            story,
                                                                            40},
                                                                           {test_server,
                                                                            ts_tc,
                                                                            1429},
                                                                           {test_server,
                                                                            run_test_case_eval1,
                                                                            1026},
                                                                           {test_server,
                                                                            run_test_case_eval,
                                                                            968}]
=== *** FAILED test case 31 of 203 ***
=case          mam_SUITE:muc_archive_purge
=logfile       mam_suite.muc_archive_purge.961169.516.html
=started       2016-04-06 16:46:09
=ended         2016-04-06 16:46:13
=result        ok
=elapsed       3.955709
=case          mam_SUITE:muc_multiple_devices
=logfile       mam_suite.muc_multiple_devices.961173.504.html
=started       2016-04-06 16:46:13
=ended         2016-04-06 16:46:14
=result        failed: {function_clause,
                           [{exml_query,attr,
                                [undefined,<<"by">>,undefined],
                                [{file,"src/exml_query.erl"},{line,83}]},
                            {mam_SUITE,'-muc_multiple_devices/1-fun-0-',5,
                                [{file,"mam_SUITE.erl"},{line,1441}]},
                            {escalus_story,story,3,
                                [{file,"src/escalus_story.erl"},{line,40}]},
                            {test_server,ts_tc,3,
                                [{file,"test_server.erl"},{line,1429}]},
                            {test_server,run_test_case_eval1,6,
                                [{file,"test_server.erl"},{line,1026}]},
                            {test_server,run_test_case_eval,9,
                                [{file,"test_server.erl"},{line,968}]}]}, [{exml_query,
                                                                            attr,
                                                                            83},
                                                                           {mam_SUITE,
                                                                            '-muc_multiple_devices/1-fun-0-',
                                                                            1441},
                                                                           {escalus_story,
                                                                            story,
                                                                            40},
                                                                           {test_server,
                                                                            ts_tc,
                                                                            1429},
                                                                           {test_server,
                                                                            run_test_case_eval1,
                                                                            1026},
                                                                           {test_server,
                                                                            run_test_case_eval,
                                                                            968}]
=== *** FAILED test case 33 of 203 ***
=case          mam_SUITE:muc_protected_message
=logfile       mam_suite.muc_protected_message.961174.214.html
=started       2016-04-06 16:46:14
=ended         2016-04-06 16:46:14
=result        failed: {test_case_failed,"Unexpected error IQ."}, [{mam_SUITE,
                                                                    wait_archive_respond_v03,
                                                                    1133},
                                                                   {mam_SUITE,
                                                                    wait_archive_respond_fin,
                                                                    1099},
                                                                   {mam_SUITE,
                                                                    '-muc_protected_message/1-fun-0-',
                                                                    1494},
                                                                   {escalus_story,
                                                                    story,40},
                                                                   {test_server,
                                                                    ts_tc,
                                                                    1429},
                                                                   {test_server,
                                                                    run_test_case_eval1,
                                                                    1026},
                                                                   {test_server,
                                                                    run_test_case_eval,
                                                                    968}]
=== *** FAILED test case 34 of 203 ***
=case          mam_SUITE:muc_deny_protected_room_access
=logfile       mam_suite.muc_deny_protected_room_access.961174.697.html
=started       2016-04-06 16:46:14
=ended         2016-04-06 16:46:15
=result        ok
=elapsed       0.435768
=case          mam_SUITE:muc_allow_access_to_owner
=logfile       mam_suite.muc_allow_access_to_owner.961175.163.html
=started       2016-04-06 16:46:15
=ended         2016-04-06 16:46:15
=result        failed: {test_case_failed,"Unexpected error IQ."}, [{mam_SUITE,
                                                                    wait_archive_respond_v03,
                                                                    1133},
                                                                   {mam_SUITE,
                                                                    wait_archive_respond_fin,
                                                                    1099},
                                                                   {mam_SUITE,
                                                                    '-muc_allow_access_to_owner/1-fun-0-',
                                                                    1534},
                                                                   {escalus_story,
                                                                    story,40},
                                                                   {test_server,
                                                                    ts_tc,
                                                                    1429},
                                                                   {test_server,
                                                                    run_test_case_eval1,
                                                                    1026},
                                                                   {test_server,
                                                                    run_test_case_eval,
                                                                    968}]
=== *** FAILED test case 36 of 203 ***
=case          mam_SUITE:muc_delete_x_user_in_anon_rooms
=logfile       mam_suite.muc_delete_x_user_in_anon_rooms.961175.640.html
=started       2016-04-06 16:46:15
=ended         2016-04-06 16:46:18
=result        failed: {test_case_failed,"Unexpected error IQ."}, [{mam_SUITE,
                                                                    wait_archive_respond_v03,
                                                                    1133},
                                                                   {mam_SUITE,
                                                                    wait_archive_respond_fin,
                                                                    1099},
                                                                   {mam_SUITE,
                                                                    '-muc_delete_x_user_in_anon_rooms/1-fun-0-',
                                                                    1566},
                                                                   {escalus_story,
                                                                    story,40},
                                                                   {test_server,
                                                                    ts_tc,
                                                                    1429},
                                                                   {test_server,
                                                                    run_test_case_eval1,
                                                                    1026},
                                                                   {test_server,
                                                                    run_test_case_eval,
                                                                    968}]
=== *** FAILED test case 37 of 203 ***
=case          mam_SUITE:muc_show_x_user_to_moderators_in_anon_rooms
=logfile       mam_suite.muc_show_x_user_to_moderators_in_anon_rooms.961178.638.html
=started       2016-04-06 16:46:18
=ended         2016-04-06 16:46:21
=result        failed: {test_case_failed,"Unexpected error IQ."}, [{mam_SUITE,
                                                                    wait_archive_respond_v03,
                                                                    1133},
                                                                   {mam_SUITE,
                                                                    wait_archive_respond_fin,
                                                                    1099},
                                                                   {mam_SUITE,
                                                                    '-muc_show_x_user_to_moderators_in_anon_rooms/1-fun-0-',
                                                                    1601},
                                                                   {escalus_story,
                                                                    story,40},
                                                                   {test_server,
                                                                    ts_tc,
                                                                    1429},
                                                                   {test_server,
                                                                    run_test_case_eval1,
                                                                    1026},
                                                                   {test_server,
                                                                    run_test_case_eval,
                                                                    968}]
=== *** FAILED test case 38 of 203 ***
=case          mam_SUITE:muc_show_x_user_for_your_own_messages_in_anon_rooms
=logfile       mam_suite.muc_show_x_user_for_your_own_messages_in_anon_rooms.961181.636.html
=started       2016-04-06 16:46:21
=ended         2016-04-06 16:46:24
=result        failed: {test_case_failed,"Unexpected error IQ."}, [{mam_SUITE,
                                                                    wait_archive_respond_v03,
                                                                    1133},
                                                                   {mam_SUITE,
                                                                    wait_archive_respond_fin,
                                                                    1099},
                                                                   {mam_SUITE,
                                                                    '-muc_show_x_user_for_your_own_messages_in_anon_rooms/1-fun-0-',
                                                                    1636},
                                                                   {escalus_story,
                                                                    story,40},
                                                                   {test_server,
                                                                    ts_tc,
                                                                    1429},
                                                                   {test_server,
                                                                    run_test_case_eval1,
                                                                    1026},
                                                                   {test_server,
                                                                    run_test_case_eval,
                                                                    968}]
=== *** FAILED test case 39 of 203 ***
=case          mam_SUITE:muc_querying_for_all_messages
=logfile       mam_suite.muc_querying_for_all_messages.961184.618.html
=started       2016-04-06 16:46:24
=ended         2016-04-06 16:46:29
=result        failed: {test_case_failed,"Unexpected error IQ."}, [{mam_SUITE,
                                                                    wait_archive_respond_v03,
                                                                    1133},
                                                                   {mam_SUITE,
                                                                    wait_archive_respond_fin,
                                                                    1099},
                                                                   {mam_SUITE,
                                                                    '-muc_querying_for_all_messages/1-fun-0-',
                                                                    959},
                                                                   {escalus_story,
                                                                    story,40},
                                                                   {test_server,
                                                                    ts_tc,
                                                                    1429},
                                                                   {test_server,
                                                                    run_test_case_eval1,
                                                                    1026},
                                                                   {test_server,
                                                                    run_test_case_eval,
                                                                    968}]
=== *** FAILED test case 40 of 203 ***
=case          mam_SUITE:muc_querying_for_all_messages_with_jid
=logfile       mam_suite.muc_querying_for_all_messages_with_jid.961189.936.html
=started       2016-04-06 16:46:29
=ended         2016-04-06 16:46:32
=result        failed: {test_case_failed,"Unexpected error IQ."}, [{mam_SUITE,
                                                                    wait_archive_respond_v03,
                                                                    1133},
                                                                   {mam_SUITE,
                                                                    wait_archive_respond_fin,
                                                                    1099},
                                                                   {mam_SUITE,
                                                                    '-muc_querying_for_all_messages_with_jid/1-fun-0-',
                                                                    977},
                                                                   {escalus_story,
                                                                    story,40},
                                                                   {test_server,
                                                                    ts_tc,
                                                                    1429},
                                                                   {test_server,
                                                                    run_test_case_eval1,
                                                                    1026},
                                                                   {test_server,
                                                                    run_test_case_eval,
                                                                    968}]
=== *** FAILED test case 41 of 203 ***
=case          mam_SUITE:end_per_group
=logfile       mam_suite.end_per_group.961192.982.html
=group_props   [{name,riak_timed_yz_buckets_muc03}]
=started       2016-04-06 16:46:32
=ended         2016-04-06 16:46:33
=result        ok
=elapsed       0.065001
=group_time    24.363s
=case          mam_SUITE:init_per_group
=logfile       mam_suite.init_per_group.961193.72.html
=group_props   [{name,riak_timed_yz_buckets_muc04}]
=started       2016-04-06 16:46:33
=ended         2016-04-06 16:46:33
=result        ok
=elapsed       0.101686
=case          mam_SUITE:muc_service_discovery
=logfile       mam_suite.muc_service_discovery.961193.200.html
=started       2016-04-06 16:46:33
=ended         2016-04-06 16:46:33
=result        ok
=elapsed       0.218731
=case          mam_SUITE:muc_archive_request
=logfile       mam_suite.muc_archive_request.961193.449.html
=started       2016-04-06 16:46:33
=ended         2016-04-06 16:46:33
=result        failed: {function_clause,
                           [{exml_query,attr,
                                [undefined,<<"by">>,undefined],
                                [{file,"src/exml_query.erl"},{line,83}]},
                            {mam_SUITE,'-muc_archive_request/1-fun-0-',4,
                                [{file,"mam_SUITE.erl"},{line,1335}]},
                            {escalus_story,story,3,
                                [{file,"src/escalus_story.erl"},{line,40}]},
                            {test_server,ts_tc,3,
                                [{file,"test_server.erl"},{line,1429}]},
                            {test_server,run_test_case_eval1,6,
                                [{file,"test_server.erl"},{line,1026}]},
                            {test_server,run_test_case_eval,9,
                                [{file,"test_server.erl"},{line,968}]}]}, [{exml_query,
                                                                            attr,
                                                                            83},
                                                                           {mam_SUITE,
                                                                            '-muc_archive_request/1-fun-0-',
                                                                            1335},
                                                                           {escalus_story,
                                                                            story,
                                                                            40},
                                                                           {test_server,
                                                                            ts_tc,
                                                                            1429},
                                                                           {test_server,
                                                                            run_test_case_eval1,
                                                                            1026},
                                                                           {test_server,
                                                                            run_test_case_eval,
                                                                            968}]
=== *** FAILED test case 43 of 203 ***
=case          mam_SUITE:muc_archive_purge
=logfile       mam_suite.muc_archive_purge.961193.941.html
=started       2016-04-06 16:46:33
=ended         2016-04-06 16:46:37
=result        ok
=elapsed       3.951034
=case          mam_SUITE:muc_multiple_devices
=logfile       mam_suite.muc_multiple_devices.961197.929.html
=started       2016-04-06 16:46:37
=ended         2016-04-06 16:46:38
=result        failed: {function_clause,
                           [{exml_query,attr,
                                [undefined,<<"by">>,undefined],
                                [{file,"src/exml_query.erl"},{line,83}]},
                            {mam_SUITE,'-muc_multiple_devices/1-fun-0-',5,
                                [{file,"mam_SUITE.erl"},{line,1441}]},
                            {escalus_story,story,3,
                                [{file,"src/escalus_story.erl"},{line,40}]},
                            {test_server,ts_tc,3,
                                [{file,"test_server.erl"},{line,1429}]},
                            {test_server,run_test_case_eval1,6,
                                [{file,"test_server.erl"},{line,1026}]},
                            {test_server,run_test_case_eval,9,
                                [{file,"test_server.erl"},{line,968}]}]}, [{exml_query,
                                                                            attr,
                                                                            83},
                                                                           {mam_SUITE,
                                                                            '-muc_multiple_devices/1-fun-0-',
                                                                            1441},
                                                                           {escalus_story,
                                                                            story,
                                                                            40},
                                                                           {test_server,
                                                                            ts_tc,
                                                                            1429},
                                                                           {test_server,
                                                                            run_test_case_eval1,
                                                                            1026},
                                                                           {test_server,
                                                                            run_test_case_eval,
                                                                            968}]
=== *** FAILED test case 45 of 203 ***
=case          mam_SUITE:muc_protected_message
=logfile       mam_suite.muc_protected_message.961198.637.html
=started       2016-04-06 16:46:38
=ended         2016-04-06 16:46:39
=result        failed: {test_case_failed,"Unexpected error IQ."}, [{mam_SUITE,
                                                                    wait_archive_respond_v02,
                                                                    1119},
                                                                   {mam_SUITE,
                                                                    wait_archive_respond_nofin,
                                                                    1108},
                                                                   {mam_SUITE,
                                                                    '-muc_protected_message/1-fun-0-',
                                                                    1494},
                                                                   {escalus_story,
                                                                    story,40},
                                                                   {test_server,
                                                                    ts_tc,
                                                                    1429},
                                                                   {test_server,
                                                                    run_test_case_eval1,
                                                                    1026},
                                                                   {test_server,
                                                                    run_test_case_eval,
                                                                    968}]
=== *** FAILED test case 46 of 203 ***
=case          mam_SUITE:muc_deny_protected_room_access
=logfile       mam_suite.muc_deny_protected_room_access.961199.126.html
=started       2016-04-06 16:46:39
=ended         2016-04-06 16:46:39
=result        ok
=elapsed       0.440095
=case          mam_SUITE:muc_allow_access_to_owner
=logfile       mam_suite.muc_allow_access_to_owner.961199.597.html
=started       2016-04-06 16:46:39
=ended         2016-04-06 16:46:40
=result        failed: {test_case_failed,"Unexpected error IQ."}, [{mam_SUITE,
                                                                    wait_archive_respond_v02,
                                                                    1119},
                                                                   {mam_SUITE,
                                                                    wait_archive_respond_nofin,
                                                                    1108},
                                                                   {mam_SUITE,
                                                                    '-muc_allow_access_to_owner/1-fun-0-',
                                                                    1534},
                                                                   {escalus_story,
                                                                    story,40},
                                                                   {test_server,
                                                                    ts_tc,
                                                                    1429},
                                                                   {test_server,
                                                                    run_test_case_eval1,
                                                                    1026},
                                                                   {test_server,
                                                                    run_test_case_eval,
                                                                    968}]
=== *** FAILED test case 48 of 203 ***
=case          mam_SUITE:muc_delete_x_user_in_anon_rooms
=logfile       mam_suite.muc_delete_x_user_in_anon_rooms.961200.70.html
=started       2016-04-06 16:46:40
=ended         2016-04-06 16:46:43
=result        failed: {test_case_failed,"Unexpected error IQ."}, [{mam_SUITE,
                                                                    wait_archive_respond_v02,
                                                                    1119},
                                                                   {mam_SUITE,
                                                                    wait_archive_respond_nofin,
                                                                    1108},
                                                                   {mam_SUITE,
                                                                    '-muc_delete_x_user_in_anon_rooms/1-fun-0-',
                                                                    1566},
                                                                   {escalus_story,
                                                                    story,40},
                                                                   {test_server,
                                                                    ts_tc,
                                                                    1429},
                                                                   {test_server,
                                                                    run_test_case_eval1,
                                                                    1026},
                                                                   {test_server,
                                                                    run_test_case_eval,
                                                                    968}]
=== *** FAILED test case 49 of 203 ***
=case          mam_SUITE:muc_show_x_user_to_moderators_in_anon_rooms
=logfile       mam_suite.muc_show_x_user_to_moderators_in_anon_rooms.961203.62.html
=started       2016-04-06 16:46:43
=ended         2016-04-06 16:46:46
=result        failed: {test_case_failed,"Unexpected error IQ."}, [{mam_SUITE,
                                                                    wait_archive_respond_v02,
                                                                    1119},
                                                                   {mam_SUITE,
                                                                    wait_archive_respond_nofin,
                                                                    1108},
                                                                   {mam_SUITE,
                                                                    '-muc_show_x_user_to_moderators_in_anon_rooms/1-fun-0-',
                                                                    1601},
                                                                   {escalus_story,
                                                                    story,40},
                                                                   {test_server,
                                                                    ts_tc,
                                                                    1429},
                                                                   {test_server,
                                                                    run_test_case_eval1,
                                                                    1026},
                                                                   {test_server,
                                                                    run_test_case_eval,
                                                                    968}]
=== *** FAILED test case 50 of 203 ***
=case          mam_SUITE:muc_show_x_user_for_your_own_messages_in_anon_rooms
=logfile       mam_suite.muc_show_x_user_for_your_own_messages_in_anon_rooms.961206.54.html
=started       2016-04-06 16:46:46
=ended         2016-04-06 16:46:49
=result        failed: {test_case_failed,"Unexpected error IQ."}, [{mam_SUITE,
                                                                    wait_archive_respond_v02,
                                                                    1119},
                                                                   {mam_SUITE,
                                                                    wait_archive_respond_nofin,
                                                                    1108},
                                                                   {mam_SUITE,
                                                                    '-muc_show_x_user_for_your_own_messages_in_anon_rooms/1-fun-0-',
                                                                    1636},
                                                                   {escalus_story,
                                                                    story,40},
                                                                   {test_server,
                                                                    ts_tc,
                                                                    1429},
                                                                   {test_server,
                                                                    run_test_case_eval1,
                                                                    1026},
                                                                   {test_server,
                                                                    run_test_case_eval,
                                                                    968}]
=== *** FAILED test case 51 of 203 ***
=case          mam_SUITE:muc_querying_for_all_messages
=logfile       mam_suite.muc_querying_for_all_messages.961209.45.html
=started       2016-04-06 16:46:49
=ended         2016-04-06 16:46:54
=result        failed: {test_case_failed,"Unexpected error IQ."}, [{mam_SUITE,
                                                                    wait_archive_respond_v02,
                                                                    1119},
                                                                   {mam_SUITE,
                                                                    wait_archive_respond_nofin,
                                                                    1108},
                                                                   {mam_SUITE,
                                                                    '-muc_querying_for_all_messages/1-fun-0-',
                                                                    959},
                                                                   {escalus_story,
                                                                    story,40},
                                                                   {test_server,
                                                                    ts_tc,
                                                                    1429},
                                                                   {test_server,
                                                                    run_test_case_eval1,
                                                                    1026},
                                                                   {test_server,
                                                                    run_test_case_eval,
                                                                    968}]
=== *** FAILED test case 52 of 203 ***
=case          mam_SUITE:muc_querying_for_all_messages_with_jid
=logfile       mam_suite.muc_querying_for_all_messages_with_jid.961214.349.html
=started       2016-04-06 16:46:54
=ended         2016-04-06 16:46:57
=result        failed: {test_case_failed,"Unexpected error IQ."}, [{mam_SUITE,
                                                                    wait_archive_respond_v02,
                                                                    1119},
                                                                   {mam_SUITE,
                                                                    wait_archive_respond_nofin,
                                                                    1108},
                                                                   {mam_SUITE,
                                                                    '-muc_querying_for_all_messages_with_jid/1-fun-0-',
                                                                    977},
                                                                   {escalus_story,
                                                                    story,40},
                                                                   {test_server,
                                                                    ts_tc,
                                                                    1429},
                                                                   {test_server,
                                                                    run_test_case_eval1,
                                                                    1026},
                                                                   {test_server,
                                                                    run_test_case_eval,
                                                                    968}]
=== *** FAILED test case 53 of 203 ***
=case          mam_SUITE:end_per_group
=logfile       mam_suite.end_per_group.961217.359.html
=group_props   [{name,riak_timed_yz_buckets_muc04}]
=started       2016-04-06 16:46:57
=ended         2016-04-06 16:46:57
=result        ok
=elapsed       0.075044
=group_time    24.286s
=case          mam_SUITE:init_per_group
=logfile       mam_suite.init_per_group.961217.463.html
=group_props   [{name,riak_timed_yz_buckets_muc_with_pm}]
=started       2016-04-06 16:46:57
=ended         2016-04-06 16:46:57
=result        ok
=elapsed       0.087636
=case          mam_SUITE:muc_service_discovery
=logfile       mam_suite.muc_service_discovery.961217.577.html
=started       2016-04-06 16:46:57
=ended         2016-04-06 16:46:57
=result        ok
=elapsed       0.223761
=case          mam_SUITE:muc_archive_request
=logfile       mam_suite.muc_archive_request.961217.830.html
=started       2016-04-06 16:46:57
=ended         2016-04-06 16:46:58
=result        failed: {function_clause,
                           [{exml_query,attr,
                                [undefined,<<"by">>,undefined],
                                [{file,"src/exml_query.erl"},{line,83}]},
                            {mam_SUITE,'-muc_archive_request/1-fun-0-',4,
                                [{file,"mam_SUITE.erl"},{line,1335}]},
                            {escalus_story,story,3,
                                [{file,"src/escalus_story.erl"},{line,40}]},
                            {test_server,ts_tc,3,
                                [{file,"test_server.erl"},{line,1429}]},
                            {test_server,run_test_case_eval1,6,
                                [{file,"test_server.erl"},{line,1026}]},
                            {test_server,run_test_case_eval,9,
                                [{file,"test_server.erl"},{line,968}]}]}, [{exml_query,
                                                                            attr,
                                                                            83},
                                                                           {mam_SUITE,
                                                                            '-muc_archive_request/1-fun-0-',
                                                                            1335},
                                                                           {escalus_story,
                                                                            story,
                                                                            40},
                                                                           {test_server,
                                                                            ts_tc,
                                                                            1429},
                                                                           {test_server,
                                                                            run_test_case_eval1,
                                                                            1026},
                                                                           {test_server,
                                                                            run_test_case_eval,
                                                                            968}]
=== *** FAILED test case 55 of 203 ***
=case          mam_SUITE:muc_archive_purge
=logfile       mam_suite.muc_archive_purge.961218.324.html
=started       2016-04-06 16:46:58
=ended         2016-04-06 16:47:02
=result        ok
=elapsed       3.948125
=case          mam_SUITE:muc_multiple_devices
=logfile       mam_suite.muc_multiple_devices.961222.309.html
=started       2016-04-06 16:47:02
=ended         2016-04-06 16:47:02
=result        failed: {function_clause,
                           [{exml_query,attr,
                                [undefined,<<"by">>,undefined],
                                [{file,"src/exml_query.erl"},{line,83}]},
                            {mam_SUITE,'-muc_multiple_devices/1-fun-0-',5,
                                [{file,"mam_SUITE.erl"},{line,1441}]},
                            {escalus_story,story,3,
                                [{file,"src/escalus_story.erl"},{line,40}]},
                            {test_server,ts_tc,3,
                                [{file,"test_server.erl"},{line,1429}]},
                            {test_server,run_test_case_eval1,6,
                                [{file,"test_server.erl"},{line,1026}]},
                            {test_server,run_test_case_eval,9,
                                [{file,"test_server.erl"},{line,968}]}]}, [{exml_query,
                                                                            attr,
                                                                            83},
                                                                           {mam_SUITE,
                                                                            '-muc_multiple_devices/1-fun-0-',
                                                                            1441},
                                                                           {escalus_story,
                                                                            story,
                                                                            40},
                                                                           {test_server,
                                                                            ts_tc,
                                                                            1429},
                                                                           {test_server,
                                                                            run_test_case_eval1,
                                                                            1026},
                                                                           {test_server,
                                                                            run_test_case_eval,
                                                                            968}]
=== *** FAILED test case 57 of 203 ***
=case          mam_SUITE:muc_protected_message
=logfile       mam_suite.muc_protected_message.961223.1.html
=started       2016-04-06 16:47:03
=ended         2016-04-06 16:47:03
=result        failed: {test_case_failed,"Unexpected error IQ."}, [{mam_SUITE,
                                                                    wait_archive_respond_v02,
                                                                    1119},
                                                                   {mam_SUITE,
                                                                    wait_archive_respond_nofin,
                                                                    1108},
                                                                   {mam_SUITE,
                                                                    '-muc_protected_message/1-fun-0-',
                                                                    1494},
                                                                   {escalus_story,
                                                                    story,40},
                                                                   {test_server,
                                                                    ts_tc,
                                                                    1429},
                                                                   {test_server,
                                                                    run_test_case_eval1,
                                                                    1026},
                                                                   {test_server,
                                                                    run_test_case_eval,
                                                                    968}]
=== *** FAILED test case 58 of 203 ***
=case          mam_SUITE:muc_deny_protected_room_access
=logfile       mam_suite.muc_deny_protected_room_access.961223.489.html
=started       2016-04-06 16:47:03
=ended         2016-04-06 16:47:03
=result        ok
=elapsed       0.428023
=case          mam_SUITE:muc_allow_access_to_owner
=logfile       mam_suite.muc_allow_access_to_owner.961223.945.html
=started       2016-04-06 16:47:03
=ended         2016-04-06 16:47:04
=result        failed: {test_case_failed,"Unexpected error IQ."}, [{mam_SUITE,
                                                                    wait_archive_respond_v02,
                                                                    1119},
                                                                   {mam_SUITE,
                                                                    wait_archive_respond_nofin,
                                                                    1108},
                                                                   {mam_SUITE,
                                                                    '-muc_allow_access_to_owner/1-fun-0-',
                                                                    1534},
                                                                   {escalus_story,
                                                                    story,40},
                                                                   {test_server,
                                                                    ts_tc,
                                                                    1429},
                                                                   {test_server,
                                                                    run_test_case_eval1,
                                                                    1026},
                                                                   {test_server,
                                                                    run_test_case_eval,
                                                                    968}]
=== *** FAILED test case 60 of 203 ***
=case          mam_SUITE:muc_delete_x_user_in_anon_rooms
=logfile       mam_suite.muc_delete_x_user_in_anon_rooms.961224.429.html
=started       2016-04-06 16:47:04
=ended         2016-04-06 16:47:07
=result        failed: {test_case_failed,"Unexpected error IQ."}, [{mam_SUITE,
                                                                    wait_archive_respond_v02,
                                                                    1119},
                                                                   {mam_SUITE,
                                                                    wait_archive_respond_nofin,
                                                                    1108},
                                                                   {mam_SUITE,
                                                                    '-muc_delete_x_user_in_anon_rooms/1-fun-0-',
                                                                    1566},
                                                                   {escalus_story,
                                                                    story,40},
                                                                   {test_server,
                                                                    ts_tc,
                                                                    1429},
                                                                   {test_server,
                                                                    run_test_case_eval1,
                                                                    1026},
                                                                   {test_server,
                                                                    run_test_case_eval,
                                                                    968}]
=== *** FAILED test case 61 of 203 ***
=case          mam_SUITE:muc_show_x_user_to_moderators_in_anon_rooms
=logfile       mam_suite.muc_show_x_user_to_moderators_in_anon_rooms.961227.401.html
=started       2016-04-06 16:47:07
=ended         2016-04-06 16:47:10
=result        failed: {test_case_failed,"Unexpected error IQ."}, [{mam_SUITE,
                                                                    wait_archive_respond_v02,
                                                                    1119},
                                                                   {mam_SUITE,
                                                                    wait_archive_respond_nofin,
                                                                    1108},
                                                                   {mam_SUITE,
                                                                    '-muc_show_x_user_to_moderators_in_anon_rooms/1-fun-0-',
                                                                    1601},
                                                                   {escalus_story,
                                                                    story,40},
                                                                   {test_server,
                                                                    ts_tc,
                                                                    1429},
                                                                   {test_server,
                                                                    run_test_case_eval1,
                                                                    1026},
                                                                   {test_server,
                                                                    run_test_case_eval,
                                                                    968}]
=== *** FAILED test case 62 of 203 ***
=case          mam_SUITE:muc_show_x_user_for_your_own_messages_in_anon_rooms
=logfile       mam_suite.muc_show_x_user_for_your_own_messages_in_anon_rooms.961230.381.html
=started       2016-04-06 16:47:10
=ended         2016-04-06 16:47:13
=result        failed: {test_case_failed,"Unexpected error IQ."}, [{mam_SUITE,
                                                                    wait_archive_respond_v02,
                                                                    1119},
                                                                   {mam_SUITE,
                                                                    wait_archive_respond_nofin,
                                                                    1108},
                                                                   {mam_SUITE,
                                                                    '-muc_show_x_user_for_your_own_messages_in_anon_rooms/1-fun-0-',
                                                                    1636},
                                                                   {escalus_story,
                                                                    story,40},
                                                                   {test_server,
                                                                    ts_tc,
                                                                    1429},
                                                                   {test_server,
                                                                    run_test_case_eval1,
                                                                    1026},
                                                                   {test_server,
                                                                    run_test_case_eval,
                                                                    968}]
=== *** FAILED test case 63 of 203 ***
=case          mam_SUITE:muc_querying_for_all_messages
=logfile       mam_suite.muc_querying_for_all_messages.961233.358.html
=started       2016-04-06 16:47:13
=ended         2016-04-06 16:47:18
=result        failed: {test_case_failed,"Unexpected error IQ."}, [{mam_SUITE,
                                                                    wait_archive_respond_v02,
                                                                    1119},
                                                                   {mam_SUITE,
                                                                    wait_archive_respond_nofin,
                                                                    1108},
                                                                   {mam_SUITE,
                                                                    '-muc_querying_for_all_messages/1-fun-0-',
                                                                    959},
                                                                   {escalus_story,
                                                                    story,40},
                                                                   {test_server,
                                                                    ts_tc,
                                                                    1429},
                                                                   {test_server,
                                                                    run_test_case_eval1,
                                                                    1026},
                                                                   {test_server,
                                                                    run_test_case_eval,
                                                                    968}]
=== *** FAILED test case 64 of 203 ***
=case          mam_SUITE:muc_querying_for_all_messages_with_jid
=logfile       mam_suite.muc_querying_for_all_messages_with_jid.961238.662.html
=started       2016-04-06 16:47:18
=ended         2016-04-06 16:47:21
=result        failed: {test_case_failed,"Unexpected error IQ."}, [{mam_SUITE,
                                                                    wait_archive_respond_v02,
                                                                    1119},
                                                                   {mam_SUITE,
                                                                    wait_archive_respond_nofin,
                                                                    1108},
                                                                   {mam_SUITE,
                                                                    '-muc_querying_for_all_messages_with_jid/1-fun-0-',
                                                                    977},
                                                                   {escalus_story,
                                                                    story,40},
                                                                   {test_server,
                                                                    ts_tc,
                                                                    1429},
                                                                   {test_server,
                                                                    run_test_case_eval1,
                                                                    1026},
                                                                   {test_server,
                                                                    run_test_case_eval,
                                                                    968}]
=== *** FAILED test case 65 of 203 ***
=case          mam_SUITE:end_per_group
=logfile       mam_suite.end_per_group.961241.677.html
=group_props   [{name,riak_timed_yz_buckets_muc_with_pm}]
=started       2016-04-06 16:47:21
=ended         2016-04-06 16:47:21
=result        ok
=elapsed       0.077713
=group_time    24.213s
=case          mam_SUITE:init_per_group
=logfile       mam_suite.init_per_group.961241.782.html
=group_props   [{name,riak_timed_yz_buckets_rsm}]
=started       2016-04-06 16:47:21
=ended         2016-04-06 16:47:25
=result        failed: {test_case_failed,"Unexpected error IQ."}, [{mam_SUITE,
                                                                    wait_archive_respond_v02,
                                                                    1119},
                                                                   {mam_SUITE,
                                                                    wait_archive_respond_nofin,
                                                                    1108},
                                                                   {mam_SUITE,
                                                                    '-send_rsm_messages/1-fun-0-',
                                                                    2586},
                                                                   {escalus_story,
                                                                    story,40},
                                                                   {mam_SUITE,
                                                                    send_rsm_messages,
                                                                    2592},
                                                                   {mam_SUITE,
                                                                    init_per_group,
                                                                    390},
                                                                   {test_server,
                                                                    ts_tc,
                                                                    1429}]
=== *** FAILED {mam_SUITE,init_per_group} ***
=== 
=case          mam_SUITE:pagination_first5
=group_props   [{name,"riak_timed_yz_buckets_rsm"}]
=started       2016-04-06 16:47:25
=result        auto_skipped: init_per_group failed
=== *** Skipping test case #66 {mam_SUITE,pagination_first5} ***
=== 
=case          mam_SUITE:pagination_last5
=group_props   [{name,"riak_timed_yz_buckets_rsm"}]
=started       2016-04-06 16:47:25
=result        auto_skipped: init_per_group failed
=== *** Skipping test case #67 {mam_SUITE,pagination_last5} ***
=== 
=case          mam_SUITE:pagination_before10
=group_props   [{name,"riak_timed_yz_buckets_rsm"}]
=started       2016-04-06 16:47:25
=result        auto_skipped: init_per_group failed
=== *** Skipping test case #68 {mam_SUITE,pagination_before10} ***
=== 
=case          mam_SUITE:pagination_after10
=group_props   [{name,"riak_timed_yz_buckets_rsm"}]
=started       2016-04-06 16:47:25
=result        auto_skipped: init_per_group failed
=== *** Skipping test case #69 {mam_SUITE,pagination_after10} ***
=== 
=case          mam_SUITE:pagination_empty_rset
=group_props   [{name,"riak_timed_yz_buckets_rsm"}]
=started       2016-04-06 16:47:25
=result        auto_skipped: init_per_group failed
=== *** Skipping test case #70 {mam_SUITE,pagination_empty_rset} ***
=== 
=case          mam_SUITE:pagination_last_after_id5
=group_props   [{name,"riak_timed_yz_buckets_rsm"}]
=started       2016-04-06 16:47:25
=result        auto_skipped: init_per_group failed
=== *** Skipping test case #71 {mam_SUITE,pagination_last_after_id5} ***
=== 
=case          mam_SUITE:pagination_last_after_id5_before_id11
=group_props   [{name,"riak_timed_yz_buckets_rsm"}]
=started       2016-04-06 16:47:25
=result        auto_skipped: init_per_group failed
=== *** Skipping test case #72 {mam_SUITE,pagination_last_after_id5_before_id11} ***
=== 
=case          mam_SUITE:pagination_simple_before10
=group_props   [{name,"riak_timed_yz_buckets_rsm"}]
=started       2016-04-06 16:47:25
=result        auto_skipped: init_per_group failed
=== *** Skipping test case #73 {mam_SUITE,pagination_simple_before10} ***
=== 
=case          mam_SUITE:pagination_first5_opt_count
=group_props   [{name,"riak_timed_yz_buckets_rsm"}]
=started       2016-04-06 16:47:25
=result        auto_skipped: init_per_group failed
=== *** Skipping test case #74 {mam_SUITE,pagination_first5_opt_count} ***
=== 
=case          mam_SUITE:pagination_last5_opt_count
=group_props   [{name,"riak_timed_yz_buckets_rsm"}]
=started       2016-04-06 16:47:25
=result        auto_skipped: init_per_group failed
=== *** Skipping test case #75 {mam_SUITE,pagination_last5_opt_count} ***
=== 
=case          mam_SUITE:pagination_offset5_opt_count
=group_props   [{name,"riak_timed_yz_buckets_rsm"}]
=started       2016-04-06 16:47:25
=result        auto_skipped: init_per_group failed
=== *** Skipping test case #76 {mam_SUITE,pagination_offset5_opt_count} ***
=== 
=case          mam_SUITE:pagination_first25_opt_count_all
=group_props   [{name,"riak_timed_yz_buckets_rsm"}]
=started       2016-04-06 16:47:25
=result        auto_skipped: init_per_group failed
=== *** Skipping test case #77 {mam_SUITE,pagination_first25_opt_count_all} ***
=== 
=case          mam_SUITE:pagination_last25_opt_count_all
=group_props   [{name,"riak_timed_yz_buckets_rsm"}]
=started       2016-04-06 16:47:25
=result        auto_skipped: init_per_group failed
=== *** Skipping test case #78 {mam_SUITE,pagination_last25_opt_count_all} ***
=== 
=case          mam_SUITE:pagination_offset5_opt_count_all
=group_props   [{name,"riak_timed_yz_buckets_rsm"}]
=started       2016-04-06 16:47:25
=result        auto_skipped: init_per_group failed
=== *** Skipping test case #79 {mam_SUITE,pagination_offset5_opt_count_all} ***
=== 
=case          mam_SUITE:end_per_group
=group_props   [{name,"riak_timed_yz_buckets_rsm"}]
=started       2016-04-06 16:47:25
=result        auto_skipped: init_per_group failed
=== *** Skipping {mam_SUITE,end_per_group} ***
=case          mam_SUITE:init_per_group
=logfile       mam_suite.init_per_group.961245.25.html
=group_props   [{name,riak_timed_yz_buckets_rsm03}]
=started       2016-04-06 16:47:25
=ended         2016-04-06 16:47:28
=result        failed: {test_case_failed,"Unexpected error IQ."}, [{mam_SUITE,
                                                                    wait_archive_respond_v03,
                                                                    1133},
                                                                   {mam_SUITE,
                                                                    wait_archive_respond_fin,
                                                                    1099},
                                                                   {mam_SUITE,
                                                                    '-send_rsm_messages/1-fun-0-',
                                                                    2586},
                                                                   {escalus_story,
                                                                    story,40},
                                                                   {mam_SUITE,
                                                                    send_rsm_messages,
                                                                    2592},
                                                                   {mam_SUITE,
                                                                    init_per_group,
                                                                    390},
                                                                   {test_server,
                                                                    ts_tc,
                                                                    1429}]
=== *** FAILED {mam_SUITE,init_per_group} ***
=== 
=case          mam_SUITE:pagination_first5
=group_props   [{name,"riak_timed_yz_buckets_rsm03"}]
=started       2016-04-06 16:47:28
=result        auto_skipped: init_per_group failed
=== *** Skipping test case #80 {mam_SUITE,pagination_first5} ***
=== 
=case          mam_SUITE:pagination_last5
=group_props   [{name,"riak_timed_yz_buckets_rsm03"}]
=started       2016-04-06 16:47:28
=result        auto_skipped: init_per_group failed
=== *** Skipping test case #81 {mam_SUITE,pagination_last5} ***
=== 
=case          mam_SUITE:pagination_before10
=group_props   [{name,"riak_timed_yz_buckets_rsm03"}]
=started       2016-04-06 16:47:28
=result        auto_skipped: init_per_group failed
=== *** Skipping test case #82 {mam_SUITE,pagination_before10} ***
=== 
=case          mam_SUITE:pagination_after10
=group_props   [{name,"riak_timed_yz_buckets_rsm03"}]
=started       2016-04-06 16:47:28
=result        auto_skipped: init_per_group failed
=== *** Skipping test case #83 {mam_SUITE,pagination_after10} ***
=== 
=case          mam_SUITE:pagination_empty_rset
=group_props   [{name,"riak_timed_yz_buckets_rsm03"}]
=started       2016-04-06 16:47:28
=result        auto_skipped: init_per_group failed
=== *** Skipping test case #84 {mam_SUITE,pagination_empty_rset} ***
=== 
=case          mam_SUITE:pagination_last_after_id5
=group_props   [{name,"riak_timed_yz_buckets_rsm03"}]
=started       2016-04-06 16:47:28
=result        auto_skipped: init_per_group failed
=== *** Skipping test case #85 {mam_SUITE,pagination_last_after_id5} ***
=== 
=case          mam_SUITE:pagination_last_after_id5_before_id11
=group_props   [{name,"riak_timed_yz_buckets_rsm03"}]
=started       2016-04-06 16:47:28
=result        auto_skipped: init_per_group failed
=== *** Skipping test case #86 {mam_SUITE,pagination_last_after_id5_before_id11} ***
=== 
=case          mam_SUITE:pagination_simple_before10
=group_props   [{name,"riak_timed_yz_buckets_rsm03"}]
=started       2016-04-06 16:47:28
=result        auto_skipped: init_per_group failed
=== *** Skipping test case #87 {mam_SUITE,pagination_simple_before10} ***
=== 
=case          mam_SUITE:pagination_first5_opt_count
=group_props   [{name,"riak_timed_yz_buckets_rsm03"}]
=started       2016-04-06 16:47:28
=result        auto_skipped: init_per_group failed
=== *** Skipping test case #88 {mam_SUITE,pagination_first5_opt_count} ***
=== 
=case          mam_SUITE:pagination_last5_opt_count
=group_props   [{name,"riak_timed_yz_buckets_rsm03"}]
=started       2016-04-06 16:47:28
=result        auto_skipped: init_per_group failed
=== *** Skipping test case #89 {mam_SUITE,pagination_last5_opt_count} ***
=== 
=case          mam_SUITE:pagination_offset5_opt_count
=group_props   [{name,"riak_timed_yz_buckets_rsm03"}]
=started       2016-04-06 16:47:28
=result        auto_skipped: init_per_group failed
=== *** Skipping test case #90 {mam_SUITE,pagination_offset5_opt_count} ***
=== 
=case          mam_SUITE:pagination_first25_opt_count_all
=group_props   [{name,"riak_timed_yz_buckets_rsm03"}]
=started       2016-04-06 16:47:28
=result        auto_skipped: init_per_group failed
=== *** Skipping test case #91 {mam_SUITE,pagination_first25_opt_count_all} ***
=== 
=case          mam_SUITE:pagination_last25_opt_count_all
=group_props   [{name,"riak_timed_yz_buckets_rsm03"}]
=started       2016-04-06 16:47:28
=result        auto_skipped: init_per_group failed
=== *** Skipping test case #92 {mam_SUITE,pagination_last25_opt_count_all} ***
=== 
=case          mam_SUITE:pagination_offset5_opt_count_all
=group_props   [{name,"riak_timed_yz_buckets_rsm03"}]
=started       2016-04-06 16:47:28
=result        auto_skipped: init_per_group failed
=== *** Skipping test case #93 {mam_SUITE,pagination_offset5_opt_count_all} ***
=== 
=case          mam_SUITE:end_per_group
=group_props   [{name,"riak_timed_yz_buckets_rsm03"}]
=started       2016-04-06 16:47:28
=result        auto_skipped: init_per_group failed
=== *** Skipping {mam_SUITE,end_per_group} ***
=case          mam_SUITE:init_per_group
=logfile       mam_suite.init_per_group.961248.251.html
=group_props   [{name,riak_timed_yz_buckets_rsm04}]
=started       2016-04-06 16:47:28
=ended         2016-04-06 16:47:31
=result        failed: {test_case_failed,"Unexpected error IQ."}, [{mam_SUITE,
                                                                    wait_archive_respond_v02,
                                                                    1119},
                                                                   {mam_SUITE,
                                                                    wait_archive_respond_nofin,
                                                                    1108},
                                                                   {mam_SUITE,
                                                                    '-send_rsm_messages/1-fun-0-',
                                                                    2586},
                                                                   {escalus_story,
                                                                    story,40},
                                                                   {mam_SUITE,
                                                                    send_rsm_messages,
                                                                    2592},
                                                                   {mam_SUITE,
                                                                    init_per_group,
                                                                    390},
                                                                   {test_server,
                                                                    ts_tc,
                                                                    1429}]
=== *** FAILED {mam_SUITE,init_per_group} ***
=== 
=case          mam_SUITE:pagination_first5
=group_props   [{name,"riak_timed_yz_buckets_rsm04"}]
=started       2016-04-06 16:47:31
=result        auto_skipped: init_per_group failed
=== *** Skipping test case #94 {mam_SUITE,pagination_first5} ***
=== 
=case          mam_SUITE:pagination_last5
=group_props   [{name,"riak_timed_yz_buckets_rsm04"}]
=started       2016-04-06 16:47:31
=result        auto_skipped: init_per_group failed
=== *** Skipping test case #95 {mam_SUITE,pagination_last5} ***
=== 
=case          mam_SUITE:pagination_before10
=group_props   [{name,"riak_timed_yz_buckets_rsm04"}]
=started       2016-04-06 16:47:31
=result        auto_skipped: init_per_group failed
=== *** Skipping test case #96 {mam_SUITE,pagination_before10} ***
=== 
=case          mam_SUITE:pagination_after10
=group_props   [{name,"riak_timed_yz_buckets_rsm04"}]
=started       2016-04-06 16:47:31
=result        auto_skipped: init_per_group failed
=== *** Skipping test case #97 {mam_SUITE,pagination_after10} ***
=== 
=case          mam_SUITE:pagination_empty_rset
=group_props   [{name,"riak_timed_yz_buckets_rsm04"}]
=started       2016-04-06 16:47:31
=result        auto_skipped: init_per_group failed
=== *** Skipping test case #98 {mam_SUITE,pagination_empty_rset} ***
=== 
=case          mam_SUITE:pagination_last_after_id5
=group_props   [{name,"riak_timed_yz_buckets_rsm04"}]
=started       2016-04-06 16:47:31
=result        auto_skipped: init_per_group failed
=== *** Skipping test case #99 {mam_SUITE,pagination_last_after_id5} ***
=== 
=case          mam_SUITE:pagination_last_after_id5_before_id11
=group_props   [{name,"riak_timed_yz_buckets_rsm04"}]
=started       2016-04-06 16:47:31
=result        auto_skipped: init_per_group failed
=== *** Skipping test case #100 {mam_SUITE,pagination_last_after_id5_before_id11} ***
=== 
=case          mam_SUITE:pagination_simple_before10
=group_props   [{name,"riak_timed_yz_buckets_rsm04"}]
=started       2016-04-06 16:47:31
=result        auto_skipped: init_per_group failed
=== *** Skipping test case #101 {mam_SUITE,pagination_simple_before10} ***
=== 
=case          mam_SUITE:pagination_first5_opt_count
=group_props   [{name,"riak_timed_yz_buckets_rsm04"}]
=started       2016-04-06 16:47:31
=result        auto_skipped: init_per_group failed
=== *** Skipping test case #102 {mam_SUITE,pagination_first5_opt_count} ***
=== 
=case          mam_SUITE:pagination_last5_opt_count
=group_props   [{name,"riak_timed_yz_buckets_rsm04"}]
=started       2016-04-06 16:47:31
=result        auto_skipped: init_per_group failed
=== *** Skipping test case #103 {mam_SUITE,pagination_last5_opt_count} ***
=== 
=case          mam_SUITE:pagination_offset5_opt_count
=group_props   [{name,"riak_timed_yz_buckets_rsm04"}]
=started       2016-04-06 16:47:31
=result        auto_skipped: init_per_group failed
=== *** Skipping test case #104 {mam_SUITE,pagination_offset5_opt_count} ***
=== 
=case          mam_SUITE:pagination_first25_opt_count_all
=group_props   [{name,"riak_timed_yz_buckets_rsm04"}]
=started       2016-04-06 16:47:31
=result        auto_skipped: init_per_group failed
=== *** Skipping test case #105 {mam_SUITE,pagination_first25_opt_count_all} ***
=== 
=case          mam_SUITE:pagination_last25_opt_count_all
=group_props   [{name,"riak_timed_yz_buckets_rsm04"}]
=started       2016-04-06 16:47:31
=result        auto_skipped: init_per_group failed
=== *** Skipping test case #106 {mam_SUITE,pagination_last25_opt_count_all} ***
=== 
=case          mam_SUITE:pagination_offset5_opt_count_all
=group_props   [{name,"riak_timed_yz_buckets_rsm04"}]
=started       2016-04-06 16:47:31
=result        auto_skipped: init_per_group failed
=== *** Skipping test case #107 {mam_SUITE,pagination_offset5_opt_count_all} ***
=== 
=case          mam_SUITE:end_per_group
=group_props   [{name,"riak_timed_yz_buckets_rsm04"}]
=started       2016-04-06 16:47:31
=result        auto_skipped: init_per_group failed
=== *** Skipping {mam_SUITE,end_per_group} ***
=case          mam_SUITE:init_per_group
=logfile       mam_suite.init_per_group.961251.492.html
=group_props   [{name,riak_timed_yz_buckets_with_rsm}]
=started       2016-04-06 16:47:31
=ended         2016-04-06 16:47:34
=result        failed: {test_case_failed,"Unexpected error IQ."}, [{mam_SUITE,
                                                                    wait_archive_respond_v02,
                                                                    1119},
                                                                   {mam_SUITE,
                                                                    wait_archive_respond_nofin,
                                                                    1108},
                                                                   {mam_SUITE,
                                                                    '-send_rsm_messages/1-fun-0-',
                                                                    2586},
                                                                   {escalus_story,
                                                                    story,40},
                                                                   {mam_SUITE,
                                                                    send_rsm_messages,
                                                                    2592},
                                                                   {mam_SUITE,
                                                                    init_per_group,
                                                                    390},
                                                                   {test_server,
                                                                    ts_tc,
                                                                    1429}]
=== *** FAILED {mam_SUITE,init_per_group} ***
=== 
=case          mam_SUITE:pagination_first5
=group_props   [{name,"riak_timed_yz_buckets_with_rsm"}]
=started       2016-04-06 16:47:34
=result        auto_skipped: init_per_group failed
=== *** Skipping test case #108 {mam_SUITE,pagination_first5} ***
=== 
=case          mam_SUITE:pagination_last5
=group_props   [{name,"riak_timed_yz_buckets_with_rsm"}]
=started       2016-04-06 16:47:34
=result        auto_skipped: init_per_group failed
=== *** Skipping test case #109 {mam_SUITE,pagination_last5} ***
=== 
=case          mam_SUITE:pagination_before10
=group_props   [{name,"riak_timed_yz_buckets_with_rsm"}]
=started       2016-04-06 16:47:34
=result        auto_skipped: init_per_group failed
=== *** Skipping test case #110 {mam_SUITE,pagination_before10} ***
=== 
=case          mam_SUITE:pagination_after10
=group_props   [{name,"riak_timed_yz_buckets_with_rsm"}]
=started       2016-04-06 16:47:34
=result        auto_skipped: init_per_group failed
=== *** Skipping test case #111 {mam_SUITE,pagination_after10} ***
=== 
=case          mam_SUITE:pagination_empty_rset
=group_props   [{name,"riak_timed_yz_buckets_with_rsm"}]
=started       2016-04-06 16:47:34
=result        auto_skipped: init_per_group failed
=== *** Skipping test case #112 {mam_SUITE,pagination_empty_rset} ***
=== 
=case          mam_SUITE:pagination_last_after_id5
=group_props   [{name,"riak_timed_yz_buckets_with_rsm"}]
=started       2016-04-06 16:47:34
=result        auto_skipped: init_per_group failed
=== *** Skipping test case #113 {mam_SUITE,pagination_last_after_id5} ***
=== 
=case          mam_SUITE:pagination_last_after_id5_before_id11
=group_props   [{name,"riak_timed_yz_buckets_with_rsm"}]
=started       2016-04-06 16:47:34
=result        auto_skipped: init_per_group failed
=== *** Skipping test case #114 {mam_SUITE,pagination_last_after_id5_before_id11} ***
=== 
=case          mam_SUITE:pagination_simple_before10
=group_props   [{name,"riak_timed_yz_buckets_with_rsm"}]
=started       2016-04-06 16:47:34
=result        auto_skipped: init_per_group failed
=== *** Skipping test case #115 {mam_SUITE,pagination_simple_before10} ***
=== 
=case          mam_SUITE:pagination_first5_opt_count
=group_props   [{name,"riak_timed_yz_buckets_with_rsm"}]
=started       2016-04-06 16:47:34
=result        auto_skipped: init_per_group failed
=== *** Skipping test case #116 {mam_SUITE,pagination_first5_opt_count} ***
=== 
=case          mam_SUITE:pagination_last5_opt_count
=group_props   [{name,"riak_timed_yz_buckets_with_rsm"}]
=started       2016-04-06 16:47:34
=result        auto_skipped: init_per_group failed
=== *** Skipping test case #117 {mam_SUITE,pagination_last5_opt_count} ***
=== 
=case          mam_SUITE:pagination_offset5_opt_count
=group_props   [{name,"riak_timed_yz_buckets_with_rsm"}]
=started       2016-04-06 16:47:34
=result        auto_skipped: init_per_group failed
=== *** Skipping test case #118 {mam_SUITE,pagination_offset5_opt_count} ***
=== 
=case          mam_SUITE:pagination_first25_opt_count_all
=group_props   [{name,"riak_timed_yz_buckets_with_rsm"}]
=started       2016-04-06 16:47:34
=result        auto_skipped: init_per_group failed
=== *** Skipping test case #119 {mam_SUITE,pagination_first25_opt_count_all} ***
=== 
=case          mam_SUITE:pagination_last25_opt_count_all
=group_props   [{name,"riak_timed_yz_buckets_with_rsm"}]
=started       2016-04-06 16:47:34
=result        auto_skipped: init_per_group failed
=== *** Skipping test case #120 {mam_SUITE,pagination_last25_opt_count_all} ***
=== 
=case          mam_SUITE:pagination_offset5_opt_count_all
=group_props   [{name,"riak_timed_yz_buckets_with_rsm"}]
=started       2016-04-06 16:47:34
=result        auto_skipped: init_per_group failed
=== *** Skipping test case #121 {mam_SUITE,pagination_offset5_opt_count_all} ***
=== 
=case          mam_SUITE:end_per_group
=group_props   [{name,"riak_timed_yz_buckets_with_rsm"}]
=started       2016-04-06 16:47:34
=result        auto_skipped: init_per_group failed
=== *** Skipping {mam_SUITE,end_per_group} ***
=case          mam_SUITE:init_per_group
=logfile       mam_suite.init_per_group.961254.723.html
=group_props   [{name,riak_timed_yz_buckets_with_rsm03}]
=started       2016-04-06 16:47:34
=ended         2016-04-06 16:47:37
=result        failed: {test_case_failed,"Unexpected error IQ."}, [{mam_SUITE,
                                                                    wait_archive_respond_v03,
                                                                    1133},
                                                                   {mam_SUITE,
                                                                    wait_archive_respond_fin,
                                                                    1099},
                                                                   {mam_SUITE,
                                                                    '-send_rsm_messages/1-fun-0-',
                                                                    2586},
                                                                   {escalus_story,
                                                                    story,40},
                                                                   {mam_SUITE,
                                                                    send_rsm_messages,
                                                                    2592},
                                                                   {mam_SUITE,
                                                                    init_per_group,
                                                                    390},
                                                                   {test_server,
                                                                    ts_tc,
                                                                    1429}]
=== *** FAILED {mam_SUITE,init_per_group} ***
=== 
=case          mam_SUITE:pagination_first5
=group_props   [{name,"riak_timed_yz_buckets_with_rsm03"}]
=started       2016-04-06 16:47:37
=result        auto_skipped: init_per_group failed
=== *** Skipping test case #122 {mam_SUITE,pagination_first5} ***
=== 
=case          mam_SUITE:pagination_last5
=group_props   [{name,"riak_timed_yz_buckets_with_rsm03"}]
=started       2016-04-06 16:47:37
=result        auto_skipped: init_per_group failed
=== *** Skipping test case #123 {mam_SUITE,pagination_last5} ***
=== 
=case          mam_SUITE:pagination_before10
=group_props   [{name,"riak_timed_yz_buckets_with_rsm03"}]
=started       2016-04-06 16:47:37
=result        auto_skipped: init_per_group failed
=== *** Skipping test case #124 {mam_SUITE,pagination_before10} ***
=== 
=case          mam_SUITE:pagination_after10
=group_props   [{name,"riak_timed_yz_buckets_with_rsm03"}]
=started       2016-04-06 16:47:37
=result        auto_skipped: init_per_group failed
=== *** Skipping test case #125 {mam_SUITE,pagination_after10} ***
=== 
=case          mam_SUITE:pagination_empty_rset
=group_props   [{name,"riak_timed_yz_buckets_with_rsm03"}]
=started       2016-04-06 16:47:37
=result        auto_skipped: init_per_group failed
=== *** Skipping test case #126 {mam_SUITE,pagination_empty_rset} ***
=== 
=case          mam_SUITE:pagination_last_after_id5
=group_props   [{name,"riak_timed_yz_buckets_with_rsm03"}]
=started       2016-04-06 16:47:37
=result        auto_skipped: init_per_group failed
=== *** Skipping test case #127 {mam_SUITE,pagination_last_after_id5} ***
=== 
=case          mam_SUITE:pagination_last_after_id5_before_id11
=group_props   [{name,"riak_timed_yz_buckets_with_rsm03"}]
=started       2016-04-06 16:47:37
=result        auto_skipped: init_per_group failed
=== *** Skipping test case #128 {mam_SUITE,pagination_last_after_id5_before_id11} ***
=== 
=case          mam_SUITE:pagination_simple_before10
=group_props   [{name,"riak_timed_yz_buckets_with_rsm03"}]
=started       2016-04-06 16:47:37
=result        auto_skipped: init_per_group failed
=== *** Skipping test case #129 {mam_SUITE,pagination_simple_before10} ***
=== 
=case          mam_SUITE:pagination_first5_opt_count
=group_props   [{name,"riak_timed_yz_buckets_with_rsm03"}]
=started       2016-04-06 16:47:37
=result        auto_skipped: init_per_group failed
=== *** Skipping test case #130 {mam_SUITE,pagination_first5_opt_count} ***
=== 
=case          mam_SUITE:pagination_last5_opt_count
=group_props   [{name,"riak_timed_yz_buckets_with_rsm03"}]
=started       2016-04-06 16:47:37
=result        auto_skipped: init_per_group failed
=== *** Skipping test case #131 {mam_SUITE,pagination_last5_opt_count} ***
=== 
=case          mam_SUITE:pagination_offset5_opt_count
=group_props   [{name,"riak_timed_yz_buckets_with_rsm03"}]
=started       2016-04-06 16:47:37
=result        auto_skipped: init_per_group failed
=== *** Skipping test case #132 {mam_SUITE,pagination_offset5_opt_count} ***
=== 
=case          mam_SUITE:pagination_first25_opt_count_all
=group_props   [{name,"riak_timed_yz_buckets_with_rsm03"}]
=started       2016-04-06 16:47:37
=result        auto_skipped: init_per_group failed
=== *** Skipping test case #133 {mam_SUITE,pagination_first25_opt_count_all} ***
=== 
=case          mam_SUITE:pagination_last25_opt_count_all
=group_props   [{name,"riak_timed_yz_buckets_with_rsm03"}]
=started       2016-04-06 16:47:37
=result        auto_skipped: init_per_group failed
=== *** Skipping test case #134 {mam_SUITE,pagination_last25_opt_count_all} ***
=== 
=case          mam_SUITE:pagination_offset5_opt_count_all
=group_props   [{name,"riak_timed_yz_buckets_with_rsm03"}]
=started       2016-04-06 16:47:37
=result        auto_skipped: init_per_group failed
=== *** Skipping test case #135 {mam_SUITE,pagination_offset5_opt_count_all} ***
=== 
=case          mam_SUITE:end_per_group
=group_props   [{name,"riak_timed_yz_buckets_with_rsm03"}]
=started       2016-04-06 16:47:37
=result        auto_skipped: init_per_group failed
=== *** Skipping {mam_SUITE,end_per_group} ***
=case          mam_SUITE:init_per_group
=logfile       mam_suite.init_per_group.961257.970.html
=group_props   [{name,riak_timed_yz_buckets_with_rsm04}]
=started       2016-04-06 16:47:37
=ended         2016-04-06 16:47:41
=result        failed: {test_case_failed,"Unexpected error IQ."}, [{mam_SUITE,
                                                                    wait_archive_respond_v02,
                                                                    1119},
                                                                   {mam_SUITE,
                                                                    wait_archive_respond_nofin,
                                                                    1108},
                                                                   {mam_SUITE,
                                                                    '-send_rsm_messages/1-fun-0-',
                                                                    2586},
                                                                   {escalus_story,
                                                                    story,40},
                                                                   {mam_SUITE,
                                                                    send_rsm_messages,
                                                                    2592},
                                                                   {mam_SUITE,
                                                                    init_per_group,
                                                                    390},
                                                                   {test_server,
                                                                    ts_tc,
                                                                    1429}]
=== *** FAILED {mam_SUITE,init_per_group} ***
=== 
=case          mam_SUITE:pagination_first5
=group_props   [{name,"riak_timed_yz_buckets_with_rsm04"}]
=started       2016-04-06 16:47:41
=result        auto_skipped: init_per_group failed
=== *** Skipping test case #136 {mam_SUITE,pagination_first5} ***
=== 
=case          mam_SUITE:pagination_last5
=group_props   [{name,"riak_timed_yz_buckets_with_rsm04"}]
=started       2016-04-06 16:47:41
=result        auto_skipped: init_per_group failed
=== *** Skipping test case #137 {mam_SUITE,pagination_last5} ***
=== 
=case          mam_SUITE:pagination_before10
=group_props   [{name,"riak_timed_yz_buckets_with_rsm04"}]
=started       2016-04-06 16:47:41
=result        auto_skipped: init_per_group failed
=== *** Skipping test case #138 {mam_SUITE,pagination_before10} ***
=== 
=case          mam_SUITE:pagination_after10
=group_props   [{name,"riak_timed_yz_buckets_with_rsm04"}]
=started       2016-04-06 16:47:41
=result        auto_skipped: init_per_group failed
=== *** Skipping test case #139 {mam_SUITE,pagination_after10} ***
=== 
=case          mam_SUITE:pagination_empty_rset
=group_props   [{name,"riak_timed_yz_buckets_with_rsm04"}]
=started       2016-04-06 16:47:41
=result        auto_skipped: init_per_group failed
=== *** Skipping test case #140 {mam_SUITE,pagination_empty_rset} ***
=== 
=case          mam_SUITE:pagination_last_after_id5
=group_props   [{name,"riak_timed_yz_buckets_with_rsm04"}]
=started       2016-04-06 16:47:41
=result        auto_skipped: init_per_group failed
=== *** Skipping test case #141 {mam_SUITE,pagination_last_after_id5} ***
=== 
=case          mam_SUITE:pagination_last_after_id5_before_id11
=group_props   [{name,"riak_timed_yz_buckets_with_rsm04"}]
=started       2016-04-06 16:47:41
=result        auto_skipped: init_per_group failed
=== *** Skipping test case #142 {mam_SUITE,pagination_last_after_id5_before_id11} ***
=== 
=case          mam_SUITE:pagination_simple_before10
=group_props   [{name,"riak_timed_yz_buckets_with_rsm04"}]
=started       2016-04-06 16:47:41
=result        auto_skipped: init_per_group failed
=== *** Skipping test case #143 {mam_SUITE,pagination_simple_before10} ***
=== 
=case          mam_SUITE:pagination_first5_opt_count
=group_props   [{name,"riak_timed_yz_buckets_with_rsm04"}]
=started       2016-04-06 16:47:41
=result        auto_skipped: init_per_group failed
=== *** Skipping test case #144 {mam_SUITE,pagination_first5_opt_count} ***
=== 
=case          mam_SUITE:pagination_last5_opt_count
=group_props   [{name,"riak_timed_yz_buckets_with_rsm04"}]
=started       2016-04-06 16:47:41
=result        auto_skipped: init_per_group failed
=== *** Skipping test case #145 {mam_SUITE,pagination_last5_opt_count} ***
=== 
=case          mam_SUITE:pagination_offset5_opt_count
=group_props   [{name,"riak_timed_yz_buckets_with_rsm04"}]
=started       2016-04-06 16:47:41
=result        auto_skipped: init_per_group failed
=== *** Skipping test case #146 {mam_SUITE,pagination_offset5_opt_count} ***
=== 
=case          mam_SUITE:pagination_first25_opt_count_all
=group_props   [{name,"riak_timed_yz_buckets_with_rsm04"}]
=started       2016-04-06 16:47:41
=result        auto_skipped: init_per_group failed
=== *** Skipping test case #147 {mam_SUITE,pagination_first25_opt_count_all} ***
=== 
=case          mam_SUITE:pagination_last25_opt_count_all
=group_props   [{name,"riak_timed_yz_buckets_with_rsm04"}]
=started       2016-04-06 16:47:41
=result        auto_skipped: init_per_group failed
=== *** Skipping test case #148 {mam_SUITE,pagination_last25_opt_count_all} ***
=== 
=case          mam_SUITE:pagination_offset5_opt_count_all
=group_props   [{name,"riak_timed_yz_buckets_with_rsm04"}]
=started       2016-04-06 16:47:41
=result        auto_skipped: init_per_group failed
=== *** Skipping test case #149 {mam_SUITE,pagination_offset5_opt_count_all} ***
=== 
=case          mam_SUITE:end_per_group
=group_props   [{name,"riak_timed_yz_buckets_with_rsm04"}]
=started       2016-04-06 16:47:41
=result        auto_skipped: init_per_group failed
=== *** Skipping {mam_SUITE,end_per_group} ***
=case          mam_SUITE:init_per_group
=logfile       mam_suite.init_per_group.961261.216.html
=group_props   [{name,riak_timed_yz_buckets_muc_rsm}]
=started       2016-04-06 16:47:41
=ended         2016-04-06 16:47:44
=result        failed: {test_case_failed,"Unexpected error IQ."}, [{mam_SUITE,
                                                                    wait_archive_respond_v02,
                                                                    1119},
                                                                   {mam_SUITE,
                                                                    wait_archive_respond_nofin,
                                                                    1108},
                                                                   {mam_SUITE,
                                                                    '-send_muc_rsm_messages/1-fun-0-',
                                                                    2558},
                                                                   {escalus_story,
                                                                    story,40},
                                                                   {mam_SUITE,
                                                                    send_muc_rsm_messages,
                                                                    2564},
                                                                   {mam_SUITE,
                                                                    init_state,
                                                                    660},
                                                                   {mam_SUITE,
                                                                    init_per_group,
                                                                    390}]
=== *** FAILED {mam_SUITE,init_per_group} ***
=== 
=case          mam_SUITE:pagination_first5
=group_props   [{name,"riak_timed_yz_buckets_muc_rsm"}]
=started       2016-04-06 16:47:44
=result        auto_skipped: init_per_group failed
=== *** Skipping test case #150 {mam_SUITE,pagination_first5} ***
=== 
=case          mam_SUITE:pagination_last5
=group_props   [{name,"riak_timed_yz_buckets_muc_rsm"}]
=started       2016-04-06 16:47:44
=result        auto_skipped: init_per_group failed
=== *** Skipping test case #151 {mam_SUITE,pagination_last5} ***
=== 
=case          mam_SUITE:pagination_before10
=group_props   [{name,"riak_timed_yz_buckets_muc_rsm"}]
=started       2016-04-06 16:47:44
=result        auto_skipped: init_per_group failed
=== *** Skipping test case #152 {mam_SUITE,pagination_before10} ***
=== 
=case          mam_SUITE:pagination_after10
=group_props   [{name,"riak_timed_yz_buckets_muc_rsm"}]
=started       2016-04-06 16:47:44
=result        auto_skipped: init_per_group failed
=== *** Skipping test case #153 {mam_SUITE,pagination_after10} ***
=== 
=case          mam_SUITE:pagination_empty_rset
=group_props   [{name,"riak_timed_yz_buckets_muc_rsm"}]
=started       2016-04-06 16:47:44
=result        auto_skipped: init_per_group failed
=== *** Skipping test case #154 {mam_SUITE,pagination_empty_rset} ***
=== 
=case          mam_SUITE:pagination_last_after_id5
=group_props   [{name,"riak_timed_yz_buckets_muc_rsm"}]
=started       2016-04-06 16:47:44
=result        auto_skipped: init_per_group failed
=== *** Skipping test case #155 {mam_SUITE,pagination_last_after_id5} ***
=== 
=case          mam_SUITE:pagination_last_after_id5_before_id11
=group_props   [{name,"riak_timed_yz_buckets_muc_rsm"}]
=started       2016-04-06 16:47:44
=result        auto_skipped: init_per_group failed
=== *** Skipping test case #156 {mam_SUITE,pagination_last_after_id5_before_id11} ***
=== 
=case          mam_SUITE:pagination_simple_before10
=group_props   [{name,"riak_timed_yz_buckets_muc_rsm"}]
=started       2016-04-06 16:47:44
=result        auto_skipped: init_per_group failed
=== *** Skipping test case #157 {mam_SUITE,pagination_simple_before10} ***
=== 
=case          mam_SUITE:pagination_first5_opt_count
=group_props   [{name,"riak_timed_yz_buckets_muc_rsm"}]
=started       2016-04-06 16:47:44
=result        auto_skipped: init_per_group failed
=== *** Skipping test case #158 {mam_SUITE,pagination_first5_opt_count} ***
=== 
=case          mam_SUITE:pagination_last5_opt_count
=group_props   [{name,"riak_timed_yz_buckets_muc_rsm"}]
=started       2016-04-06 16:47:44
=result        auto_skipped: init_per_group failed
=== *** Skipping test case #159 {mam_SUITE,pagination_last5_opt_count} ***
=== 
=case          mam_SUITE:pagination_offset5_opt_count
=group_props   [{name,"riak_timed_yz_buckets_muc_rsm"}]
=started       2016-04-06 16:47:44
=result        auto_skipped: init_per_group failed
=== *** Skipping test case #160 {mam_SUITE,pagination_offset5_opt_count} ***
=== 
=case          mam_SUITE:pagination_first25_opt_count_all
=group_props   [{name,"riak_timed_yz_buckets_muc_rsm"}]
=started       2016-04-06 16:47:44
=result        auto_skipped: init_per_group failed
=== *** Skipping test case #161 {mam_SUITE,pagination_first25_opt_count_all} ***
=== 
=case          mam_SUITE:pagination_last25_opt_count_all
=group_props   [{name,"riak_timed_yz_buckets_muc_rsm"}]
=started       2016-04-06 16:47:44
=result        auto_skipped: init_per_group failed
=== *** Skipping test case #162 {mam_SUITE,pagination_last25_opt_count_all} ***
=== 
=case          mam_SUITE:pagination_offset5_opt_count_all
=group_props   [{name,"riak_timed_yz_buckets_muc_rsm"}]
=started       2016-04-06 16:47:44
=result        auto_skipped: init_per_group failed
=== *** Skipping test case #163 {mam_SUITE,pagination_offset5_opt_count_all} ***
=== 
=case          mam_SUITE:end_per_group
=group_props   [{name,"riak_timed_yz_buckets_muc_rsm"}]
=started       2016-04-06 16:47:44
=result        auto_skipped: init_per_group failed
=== *** Skipping {mam_SUITE,end_per_group} ***
=case          mam_SUITE:init_per_group
=logfile       mam_suite.init_per_group.961264.347.html
=group_props   [{name,riak_timed_yz_buckets_muc_rsm03}]
=started       2016-04-06 16:47:44
=ended         2016-04-06 16:47:47
=result        failed: {test_case_failed,"Unexpected error IQ."}, [{mam_SUITE,
                                                                    wait_archive_respond_v02,
                                                                    1119},
                                                                   {mam_SUITE,
                                                                    wait_archive_respond_nofin,
                                                                    1108},
                                                                   {mam_SUITE,
                                                                    '-send_muc_rsm_messages/1-fun-0-',
                                                                    2558},
                                                                   {escalus_story,
                                                                    story,40},
                                                                   {mam_SUITE,
                                                                    send_muc_rsm_messages,
                                                                    2564},
                                                                   {mam_SUITE,
                                                                    init_state,
                                                                    660},
                                                                   {mam_SUITE,
                                                                    init_state,
                                                                    652}]
=== *** FAILED {mam_SUITE,init_per_group} ***
=== 
=case          mam_SUITE:pagination_first5
=group_props   [{name,"riak_timed_yz_buckets_muc_rsm03"}]
=started       2016-04-06 16:47:47
=result        auto_skipped: init_per_group failed
=== *** Skipping test case #164 {mam_SUITE,pagination_first5} ***
=== 
=case          mam_SUITE:pagination_last5
=group_props   [{name,"riak_timed_yz_buckets_muc_rsm03"}]
=started       2016-04-06 16:47:47
=result        auto_skipped: init_per_group failed
=== *** Skipping test case #165 {mam_SUITE,pagination_last5} ***
=== 
=case          mam_SUITE:pagination_before10
=group_props   [{name,"riak_timed_yz_buckets_muc_rsm03"}]
=started       2016-04-06 16:47:47
=result        auto_skipped: init_per_group failed
=== *** Skipping test case #166 {mam_SUITE,pagination_before10} ***
=== 
=case          mam_SUITE:pagination_after10
=group_props   [{name,"riak_timed_yz_buckets_muc_rsm03"}]
=started       2016-04-06 16:47:47
=result        auto_skipped: init_per_group failed
=== *** Skipping test case #167 {mam_SUITE,pagination_after10} ***
=== 
=case          mam_SUITE:pagination_empty_rset
=group_props   [{name,"riak_timed_yz_buckets_muc_rsm03"}]
=started       2016-04-06 16:47:47
=result        auto_skipped: init_per_group failed
=== *** Skipping test case #168 {mam_SUITE,pagination_empty_rset} ***
=== 
=case          mam_SUITE:pagination_last_after_id5
=group_props   [{name,"riak_timed_yz_buckets_muc_rsm03"}]
=started       2016-04-06 16:47:47
=result        auto_skipped: init_per_group failed
=== *** Skipping test case #169 {mam_SUITE,pagination_last_after_id5} ***
=== 
=case          mam_SUITE:pagination_last_after_id5_before_id11
=group_props   [{name,"riak_timed_yz_buckets_muc_rsm03"}]
=started       2016-04-06 16:47:47
=result        auto_skipped: init_per_group failed
=== *** Skipping test case #170 {mam_SUITE,pagination_last_after_id5_before_id11} ***
=== 
=case          mam_SUITE:pagination_simple_before10
=group_props   [{name,"riak_timed_yz_buckets_muc_rsm03"}]
=started       2016-04-06 16:47:47
=result        auto_skipped: init_per_group failed
=== *** Skipping test case #171 {mam_SUITE,pagination_simple_before10} ***
=== 
=case          mam_SUITE:pagination_first5_opt_count
=group_props   [{name,"riak_timed_yz_buckets_muc_rsm03"}]
=started       2016-04-06 16:47:47
=result        auto_skipped: init_per_group failed
=== *** Skipping test case #172 {mam_SUITE,pagination_first5_opt_count} ***
=== 
=case          mam_SUITE:pagination_last5_opt_count
=group_props   [{name,"riak_timed_yz_buckets_muc_rsm03"}]
=started       2016-04-06 16:47:47
=result        auto_skipped: init_per_group failed
=== *** Skipping test case #173 {mam_SUITE,pagination_last5_opt_count} ***
=== 
=case          mam_SUITE:pagination_offset5_opt_count
=group_props   [{name,"riak_timed_yz_buckets_muc_rsm03"}]
=started       2016-04-06 16:47:47
=result        auto_skipped: init_per_group failed
=== *** Skipping test case #174 {mam_SUITE,pagination_offset5_opt_count} ***
=== 
=case          mam_SUITE:pagination_first25_opt_count_all
=group_props   [{name,"riak_timed_yz_buckets_muc_rsm03"}]
=started       2016-04-06 16:47:47
=result        auto_skipped: init_per_group failed
=== *** Skipping test case #175 {mam_SUITE,pagination_first25_opt_count_all} ***
=== 
=case          mam_SUITE:pagination_last25_opt_count_all
=group_props   [{name,"riak_timed_yz_buckets_muc_rsm03"}]
=started       2016-04-06 16:47:47
=result        auto_skipped: init_per_group failed
=== *** Skipping test case #176 {mam_SUITE,pagination_last25_opt_count_all} ***
=== 
=case          mam_SUITE:pagination_offset5_opt_count_all
=group_props   [{name,"riak_timed_yz_buckets_muc_rsm03"}]
=started       2016-04-06 16:47:47
=result        auto_skipped: init_per_group failed
=== *** Skipping test case #177 {mam_SUITE,pagination_offset5_opt_count_all} ***
=== 
=case          mam_SUITE:end_per_group
=group_props   [{name,"riak_timed_yz_buckets_muc_rsm03"}]
=started       2016-04-06 16:47:47
=result        auto_skipped: init_per_group failed
=== *** Skipping {mam_SUITE,end_per_group} ***
=case          mam_SUITE:init_per_group
=logfile       mam_suite.init_per_group.961267.474.html
=group_props   [{name,riak_timed_yz_buckets_muc_rsm04}]
=started       2016-04-06 16:47:47
=ended         2016-04-06 16:47:50
=result        failed: {test_case_failed,"Unexpected error IQ."}, [{mam_SUITE,
                                                                    wait_archive_respond_v02,
                                                                    1119},
                                                                   {mam_SUITE,
                                                                    wait_archive_respond_nofin,
                                                                    1108},
                                                                   {mam_SUITE,
                                                                    '-send_muc_rsm_messages/1-fun-0-',
                                                                    2558},
                                                                   {escalus_story,
                                                                    story,40},
                                                                   {mam_SUITE,
                                                                    send_muc_rsm_messages,
                                                                    2564},
                                                                   {mam_SUITE,
                                                                    init_state,
                                                                    660},
                                                                   {mam_SUITE,
                                                                    init_state,
                                                                    655}]
=== *** FAILED {mam_SUITE,init_per_group} ***
=== 
=case          mam_SUITE:pagination_first5
=group_props   [{name,"riak_timed_yz_buckets_muc_rsm04"}]
=started       2016-04-06 16:47:50
=result        auto_skipped: init_per_group failed
=== *** Skipping test case #178 {mam_SUITE,pagination_first5} ***
=== 
=case          mam_SUITE:pagination_last5
=group_props   [{name,"riak_timed_yz_buckets_muc_rsm04"}]
=started       2016-04-06 16:47:50
=result        auto_skipped: init_per_group failed
=== *** Skipping test case #179 {mam_SUITE,pagination_last5} ***
=== 
=case          mam_SUITE:pagination_before10
=group_props   [{name,"riak_timed_yz_buckets_muc_rsm04"}]
=started       2016-04-06 16:47:50
=result        auto_skipped: init_per_group failed
=== *** Skipping test case #180 {mam_SUITE,pagination_before10} ***
=== 
=case          mam_SUITE:pagination_after10
=group_props   [{name,"riak_timed_yz_buckets_muc_rsm04"}]
=started       2016-04-06 16:47:50
=result        auto_skipped: init_per_group failed
=== *** Skipping test case #181 {mam_SUITE,pagination_after10} ***
=== 
=case          mam_SUITE:pagination_empty_rset
=group_props   [{name,"riak_timed_yz_buckets_muc_rsm04"}]
=started       2016-04-06 16:47:50
=result        auto_skipped: init_per_group failed
=== *** Skipping test case #182 {mam_SUITE,pagination_empty_rset} ***
=== 
=case          mam_SUITE:pagination_last_after_id5
=group_props   [{name,"riak_timed_yz_buckets_muc_rsm04"}]
=started       2016-04-06 16:47:50
=result        auto_skipped: init_per_group failed
=== *** Skipping test case #183 {mam_SUITE,pagination_last_after_id5} ***
=== 
=case          mam_SUITE:pagination_last_after_id5_before_id11
=group_props   [{name,"riak_timed_yz_buckets_muc_rsm04"}]
=started       2016-04-06 16:47:50
=result        auto_skipped: init_per_group failed
=== *** Skipping test case #184 {mam_SUITE,pagination_last_after_id5_before_id11} ***
=== 
=case          mam_SUITE:pagination_simple_before10
=group_props   [{name,"riak_timed_yz_buckets_muc_rsm04"}]
=started       2016-04-06 16:47:50
=result        auto_skipped: init_per_group failed
=== *** Skipping test case #185 {mam_SUITE,pagination_simple_before10} ***
=== 
=case          mam_SUITE:pagination_first5_opt_count
=group_props   [{name,"riak_timed_yz_buckets_muc_rsm04"}]
=started       2016-04-06 16:47:50
=result        auto_skipped: init_per_group failed
=== *** Skipping test case #186 {mam_SUITE,pagination_first5_opt_count} ***
=== 
=case          mam_SUITE:pagination_last5_opt_count
=group_props   [{name,"riak_timed_yz_buckets_muc_rsm04"}]
=started       2016-04-06 16:47:50
=result        auto_skipped: init_per_group failed
=== *** Skipping test case #187 {mam_SUITE,pagination_last5_opt_count} ***
=== 
=case          mam_SUITE:pagination_offset5_opt_count
=group_props   [{name,"riak_timed_yz_buckets_muc_rsm04"}]
=started       2016-04-06 16:47:50
=result        auto_skipped: init_per_group failed
=== *** Skipping test case #188 {mam_SUITE,pagination_offset5_opt_count} ***
=== 
=case          mam_SUITE:pagination_first25_opt_count_all
=group_props   [{name,"riak_timed_yz_buckets_muc_rsm04"}]
=started       2016-04-06 16:47:50
=result        auto_skipped: init_per_group failed
=== *** Skipping test case #189 {mam_SUITE,pagination_first25_opt_count_all} ***
=== 
=case          mam_SUITE:pagination_last25_opt_count_all
=group_props   [{name,"riak_timed_yz_buckets_muc_rsm04"}]
=started       2016-04-06 16:47:50
=result        auto_skipped: init_per_group failed
=== *** Skipping test case #190 {mam_SUITE,pagination_last25_opt_count_all} ***
=== 
=case          mam_SUITE:pagination_offset5_opt_count_all
=group_props   [{name,"riak_timed_yz_buckets_muc_rsm04"}]
=started       2016-04-06 16:47:50
=result        auto_skipped: init_per_group failed
=== *** Skipping test case #191 {mam_SUITE,pagination_offset5_opt_count_all} ***
=== 
=case          mam_SUITE:end_per_group
=group_props   [{name,"riak_timed_yz_buckets_muc_rsm04"}]
=started       2016-04-06 16:47:50
=result        auto_skipped: init_per_group failed
=== *** Skipping {mam_SUITE,end_per_group} ***
=case          mam_SUITE:init_per_group
=logfile       mam_suite.init_per_group.961270.617.html
=group_props   [{name,riak_timed_yz_buckets_bootstrapped}]
=started       2016-04-06 16:47:50
=ended         2016-04-06 16:47:50
=result        ok
=elapsed       0.185693
=case          mam_SUITE:purge_old_single_message
=logfile       mam_suite.purge_old_single_message.html
=started       2016-04-06 16:47:50
=ended         2016-04-06 16:47:54
=result        failed: {test_case_failed,"Unexpected error IQ."}, [{mam_SUITE,
                                                                    wait_archive_respond_v02,
                                                                    1119},
                                                                   {mam_SUITE,
                                                                    wait_archive_respond_nofin,
                                                                    1108},
                                                                   {mam_SUITE,
                                                                    '-purge_old_single_message/1-fun-0-',
                                                                    1268},
                                                                   {escalus_story,
                                                                    story,40},
                                                                   {test_server,
                                                                    ts_tc,
                                                                    1429},
                                                                   {test_server,
                                                                    run_test_case_eval1,
                                                                    1026},
                                                                   {test_server,
                                                                    run_test_case_eval,
                                                                    968}]
=== *** FAILED test case 192 of 203 ***
=case          mam_SUITE:querying_for_all_messages_with_jid
=logfile       mam_suite.querying_for_all_messages_with_jid.html
=started       2016-04-06 16:47:54
=ended         2016-04-06 16:47:57
=result        failed: {test_case_failed,"Unexpected error IQ."}, [{mam_SUITE,
                                                                    wait_archive_respond_v02,
                                                                    1119},
                                                                   {mam_SUITE,
                                                                    wait_archive_respond_nofin,
                                                                    1108},
                                                                   {mam_SUITE,
                                                                    '-querying_for_all_messages_with_jid/1-fun-0-',
                                                                    943},
                                                                   {escalus_story,
                                                                    story,40},
                                                                   {test_server,
                                                                    ts_tc,
                                                                    1429},
                                                                   {test_server,
                                                                    run_test_case_eval1,
                                                                    1026},
                                                                   {test_server,
                                                                    run_test_case_eval,
                                                                    968}]
=== *** FAILED test case 193 of 203 ***
=case          mam_SUITE:end_per_group
=logfile       mam_suite.end_per_group.961277.729.html
=group_props   [{name,riak_timed_yz_buckets_bootstrapped}]
=started       2016-04-06 16:47:57
=ended         2016-04-06 16:47:57
=result        ok
=elapsed       0.071226
=group_time    7.112s
=case          mam_SUITE:init_per_group
=logfile       mam_suite.init_per_group.961277.830.html
=group_props   [{name,riak_timed_yz_buckets_archived}]
=started       2016-04-06 16:47:57
=ended         2016-04-06 16:47:58
=result        ok
=elapsed       0.191177
=case          mam_SUITE:archived
=logfile       mam_suite.archived.html
=started       2016-04-06 16:47:58
=ended         2016-04-06 16:47:58
=result        failed: {function_clause,
                           [{exml_query,attr,
                                [undefined,<<"by">>,undefined],
                                [{file,"src/exml_query.erl"},{line,83}]},
                            {mam_SUITE,'-archived/1-fun-0-',4,
                                [{file,"mam_SUITE.erl"},{line,996}]},
                            {escalus_story,story,3,
                                [{file,"src/escalus_story.erl"},{line,40}]},
                            {test_server,ts_tc,3,
                                [{file,"test_server.erl"},{line,1429}]},
                            {test_server,run_test_case_eval1,6,
                                [{file,"test_server.erl"},{line,1026}]},
                            {test_server,run_test_case_eval,9,
                                [{file,"test_server.erl"},{line,968}]}]}, [{exml_query,
                                                                            attr,
                                                                            83},
                                                                           {mam_SUITE,
                                                                            '-archived/1-fun-0-',
                                                                            996},
                                                                           {escalus_story,
                                                                            story,
                                                                            40},
                                                                           {test_server,
                                                                            ts_tc,
                                                                            1429},
                                                                           {test_server,
                                                                            run_test_case_eval1,
                                                                            1026},
                                                                           {test_server,
                                                                            run_test_case_eval,
                                                                            968}]
=== *** FAILED test case 194 of 203 ***
=case          mam_SUITE:strip_archived
=logfile       mam_suite.strip_archived.html
=started       2016-04-06 16:47:58
=ended         2016-04-06 16:48:01
=result        failed: {test_case_failed,"Unexpected error IQ."}, [{mam_SUITE,
                                                                    wait_archive_respond_v02,
                                                                    1119},
                                                                   {mam_SUITE,
                                                                    wait_archive_respond_nofin,
                                                                    1108},
                                                                   {mam_SUITE,
                                                                    '-strip_archived/1-fun-0-',
                                                                    1060},
                                                                   {escalus_story,
                                                                    story,40},
                                                                   {test_server,
                                                                    ts_tc,
                                                                    1429},
                                                                   {test_server,
                                                                    run_test_case_eval1,
                                                                    1026},
                                                                   {test_server,
                                                                    run_test_case_eval,
                                                                    968}]
=== *** FAILED test case 195 of 203 ***
=case          mam_SUITE:filter_forwarded
=logfile       mam_suite.filter_forwarded.html
=started       2016-04-06 16:48:01
=ended         2016-04-06 16:48:04
=result        failed: {test_case_failed,"Unexpected error IQ."}, [{mam_SUITE,
                                                                    wait_archive_respond_v02,
                                                                    1119},
                                                                   {mam_SUITE,
                                                                    wait_archive_respond_nofin,
                                                                    1108},
                                                                   {mam_SUITE,
                                                                    '-filter_forwarded/1-fun-0-',
                                                                    1027},
                                                                   {escalus_story,
                                                                    story,40},
                                                                   {test_server,
                                                                    ts_tc,
                                                                    1429},
                                                                   {test_server,
                                                                    run_test_case_eval1,
                                                                    1026},
                                                                   {test_server,
                                                                    run_test_case_eval,
                                                                    968}]
=== *** FAILED test case 196 of 203 ***
=case          mam_SUITE:end_per_group
=logfile       mam_suite.end_per_group.961284.709.html
=group_props   [{name,riak_timed_yz_buckets_archived}]
=started       2016-04-06 16:48:04
=ended         2016-04-06 16:48:04
=result        ok
=elapsed       0.070306
=group_time    6.880s
=case          mam_SUITE:init_per_group
=logfile       mam_suite.init_per_group.961284.809.html
=group_props   [{name,riak_timed_yz_buckets_policy_violation}]
=started       2016-04-06 16:48:04
=ended         2016-04-06 16:48:05
=result        ok
=elapsed       0.19424
=case          mam_SUITE:policy_violation
=logfile       mam_suite.policy_violation.html
=started       2016-04-06 16:48:05
=ended         2016-04-06 16:48:08
=result        failed: {test_case_failed,
                           "ASSERT EQUAL\n\tExpected <<\"policy-violation\">>\n\tValue <<\"internal-server-error\">>\n"}, [{mam_SUITE,
                                                                                                                            '-policy_violation/1-fun-0-',
                                                                                                                            1186},
                                                                                                                           {escalus_story,
                                                                                                                            story,
                                                                                                                            40},
                                                                                                                           {test_server,
                                                                                                                            ts_tc,
                                                                                                                            1429},
                                                                                                                           {test_server,
                                                                                                                            run_test_case_eval1,
                                                                                                                            1026},
                                                                                                                           {test_server,
                                                                                                                            run_test_case_eval,
                                                                                                                            968}]
=== *** FAILED test case 197 of 203 ***
=case          mam_SUITE:end_per_group
=logfile       mam_suite.end_per_group.961288.213.html
=group_props   [{name,riak_timed_yz_buckets_policy_violation}]
=started       2016-04-06 16:48:08
=ended         2016-04-06 16:48:08
=result        ok
=elapsed       0.070036
=group_time    3.405s
=case          mam_SUITE:init_per_group
=logfile       mam_suite.init_per_group.961288.314.html
=group_props   [{name,riak_timed_yz_buckets_nostore}]
=started       2016-04-06 16:48:08
=ended         2016-04-06 16:48:08
=result        ok
=elapsed       0.202335
=case          mam_SUITE:offline_message
=logfile       mam_suite.offline_message.html
=started       2016-04-06 16:48:08
=ended         2016-04-06 16:48:14
=result        failed: {test_case_failed,"Unexpected error IQ."}, [{mam_SUITE,
                                                                    wait_archive_respond_v02,
                                                                    1119},
                                                                   {mam_SUITE,
                                                                    wait_archive_respond_nofin,
                                                                    1108},
                                                                   {mam_SUITE,
                                                                    offline_message,
                                                                    1220},
                                                                   {test_server,
                                                                    ts_tc,
                                                                    1429},
                                                                   {test_server,
                                                                    run_test_case_eval1,
                                                                    1026},
                                                                   {test_server,
                                                                    run_test_case_eval,
                                                                    968}]
=== *** FAILED test case 198 of 203 ***
=case          mam_SUITE:nostore_hint
=logfile       mam_suite.nostore_hint.html
=started       2016-04-06 16:48:14
=ended         2016-04-06 16:48:17
=result        failed: {test_case_failed,"Unexpected error IQ."}, [{mam_SUITE,
                                                                    wait_archive_respond_v02,
                                                                    1119},
                                                                   {mam_SUITE,
                                                                    wait_archive_respond_nofin,
                                                                    1108},
                                                                   {mam_SUITE,
                                                                    '-nostore_hint/1-fun-0-',
                                                                    1237},
                                                                   {escalus_story,
                                                                    story,40},
                                                                   {test_server,
                                                                    ts_tc,
                                                                    1429},
                                                                   {test_server,
                                                                    run_test_case_eval1,
                                                                    1026},
                                                                   {test_server,
                                                                    run_test_case_eval,
                                                                    968}]
=== *** FAILED test case 199 of 203 ***
=case          mam_SUITE:end_per_group
=logfile       mam_suite.end_per_group.961297.489.html
=group_props   [{name,riak_timed_yz_buckets_nostore}]
=started       2016-04-06 16:48:17
=ended         2016-04-06 16:48:17
=result        ok
=elapsed       0.065706
=group_time    9.176s
=case          mam_SUITE:init_per_group
=logfile       mam_suite.init_per_group.961297.581.html
=group_props   [{name,riak_timed_yz_buckets_prefs_cases}]
=started       2016-04-06 16:48:17
=ended         2016-04-06 16:48:17
=result        ok
=elapsed       0.194191
=case          mam_SUITE:prefs_set_request
=logfile       mam_suite.prefs_set_request.html
=started       2016-04-06 16:48:17
=ended         2016-04-06 16:48:17
=result        skipped: "prefs not implemented for riak"
=== *** SKIPPED test case 200 of 203 ***
=case          mam_SUITE:prefs_set_cdata_request
=logfile       mam_suite.prefs_set_cdata_request.html
=started       2016-04-06 16:48:17
=ended         2016-04-06 16:48:17
=result        skipped: "prefs not implemented for riak"
=== *** SKIPPED test case 201 of 203 ***
=case          mam_SUITE:run_prefs_cases
=logfile       mam_suite.run_prefs_cases.html
=started       2016-04-06 16:48:17
=ended         2016-04-06 16:48:21
=result        failed: {test_case_failed,"Unexpected error IQ."}, [{mam_SUITE,
                                                                    wait_archive_respond_v02,
                                                                    1119},
                                                                   {mam_SUITE,
                                                                    wait_archive_respond_nofin,
                                                                    1108},
                                                                   {mam_SUITE,
                                                                    get_all_messages,
                                                                    3031},
                                                                   {mam_SUITE,
                                                                    '-run_prefs_cases/1-fun-0-',
                                                                    2965},
                                                                   {escalus_story,
                                                                    story,40},
                                                                   {test_server,
                                                                    ts_tc,
                                                                    1429},
                                                                   {test_server,
                                                                    run_test_case_eval1,
                                                                    1026}]
=== *** FAILED test case 202 of 203 ***
=case          mam_SUITE:run_set_and_get_prefs_cases
=logfile       mam_suite.run_set_and_get_prefs_cases.html
=started       2016-04-06 16:48:21
=ended         2016-04-06 16:48:21
=result        ok
=elapsed       0.428772
=case          mam_SUITE:end_per_group
=logfile       mam_suite.end_per_group.961301.805.html
=group_props   [{name,riak_timed_yz_buckets_prefs_cases}]
=started       2016-04-06 16:48:21
=ended         2016-04-06 16:48:21
=result        ok
=elapsed       0.085221
=group_time    4.224s
=case          mam_SUITE:end_per_suite
=logfile       mam_suite.end_per_suite.html
=started       2016-04-06 16:48:21
=ended         2016-04-06 16:48:21
=result        ok
=elapsed       0.002796
=group_time    186.601s
=== TEST COMPLETE, 16 ok, 59 failed, 128 skipped of 203 test cases

=finished      2016-04-06 16:48:21
=failed        59
=successful    16
=user_skipped  2
=auto_skipped  126
