=== Suite started at 2016-03-14 14:17:47
=== Starting test, 6 test cases
=cases         6
=user          travis
=host          testing-gce-6a42ae2f-0b15-4d7f-8c21-abc497f0c795
=hosts         testing-gce-6a42ae2f-0b15-4d7f-8c21-abc497f0c795 
=emulator_vsn  6.4
=emulator      beam
=otp_release   17
=started       2016-03-14 14:17:47
=case          offline_SUITE:init_per_suite
=logfile       offline_suite.init_per_suite.html
=started       2016-03-14 14:17:47
=ended         2016-03-14 14:17:47
=result        ok
=elapsed       0.00248
=case          ct_framework:init_per_group
=logfile       ct_framework.init_per_group.html
=group_props   [{suite,offline_SUITE},
                {name,mod_offline_tests},
                parallel,shuffle]
=started       2016-03-14 14:17:47
=ended         2016-03-14 14:17:47
=result        ok
=elapsed       3.2e-5
=case          offline_SUITE:groupchat_message_is_not_stored
=logfile       offline_suite.groupchat_message_is_not_stored.965067.305.html
=started       2016-03-14 14:17:47
=ended         2016-03-14 14:17:47
=result        failed: {undef,
                           [{escalus,fresh_story_with_config,
                                [[{escalus_event_mgr,<0.3028.2>},
                                  {tc_name,groupchat_message_is_not_stored},
                                  {escalus_cleaner,<0.3027.2>},
                                  {watchdog,<0.3026.2>},
                                  {preset,"pgsql_mnesia"},
                                  {tc_logfile,
                                      "/home/travis/build/esl/MongooseIM/test/ejabberd_tests/ct_report/ct_run.test@testing-gce-6a42ae2f-0b15-4d7f-8c21-abc497f0c795.2016-03-14_13.53.37/ejabberd_tests.tests.offline_SUITE.logs/run.2016-03-14_14.17.47/offline_suite.groupchat_message_is_not_stored.965067.305.html"},
                                  {tc_group_properties,
                                      [{shuffle,{1457,965067,278851}},
                                       {suite,offline_SUITE},
                                       {name,mod_offline_tests},
                                       parallel]},
                                  {tc_group_path,[]},
                                  {data_dir,
                                      "/home/travis/build/esl/MongooseIM/test/ejabberd_tests/tests/offline_SUITE_data/"},
                                  {priv_dir,
                                      "/home/travis/build/esl/MongooseIM/test/ejabberd_tests/ct_report/ct_run.test@testing-gce-6a42ae2f-0b15-4d7f-8c21-abc497f0c795.2016-03-14_13.53.37/ejabberd_tests.tests.offline_SUITE.logs/run.2016-03-14_14.17.47/log_private/"}],
                                 [{alice,1},{bob,1}],
                                 #Fun<offline_SUITE.2.17565834>],
                                []},
                            {test_server,ts_tc,3,
                                [{file,"test_server.erl"},{line,1429}]},
                            {test_server,run_test_case_eval1,6,
                                [{file,"test_server.erl"},{line,1026}]},
                            {test_server,run_test_case_eval,9,
                                [{file,"test_server.erl"},{line,968}]}]}, [{escalus,
                                                                            fresh_story_with_config},
                                                                           {test_server,
                                                                            ts_tc,
                                                                            1429},
                                                                           {test_server,
                                                                            run_test_case_eval1,
                                                                            1026},
                                                                           {test_server,
                                                                            run_test_case_eval,
                                                                            968}]
=== *** FAILED test case 1 of 6 ***
=case          offline_SUITE:max_offline_messages_reached
=logfile       offline_suite.max_offline_messages_reached.965067.312.html
=started       2016-03-14 14:17:47
=ended         2016-03-14 14:17:47
=result        failed: {undef,
                           [{escalus,fresh_story_with_config,
                                [[{escalus_event_mgr,<0.3043.2>},
                                  {tc_name,max_offline_messages_reached},
                                  {escalus_cleaner,<0.3042.2>},
                                  {watchdog,<0.3041.2>},
                                  {preset,"pgsql_mnesia"},
                                  {tc_logfile,
                                      "/home/travis/build/esl/MongooseIM/test/ejabberd_tests/ct_report/ct_run.test@testing-gce-6a42ae2f-0b15-4d7f-8c21-abc497f0c795.2016-03-14_13.53.37/ejabberd_tests.tests.offline_SUITE.logs/run.2016-03-14_14.17.47/offline_suite.max_offline_messages_reached.965067.312.html"},
                                  {tc_group_properties,
                                      [{shuffle,{1457,965067,278851}},
                                       {suite,offline_SUITE},
                                       {name,mod_offline_tests},
                                       parallel]},
                                  {tc_group_path,[]},
                                  {data_dir,
                                      "/home/travis/build/esl/MongooseIM/test/ejabberd_tests/tests/offline_SUITE_data/"},
                                  {priv_dir,
                                      "/home/travis/build/esl/MongooseIM/test/ejabberd_tests/ct_report/ct_run.test@testing-gce-6a42ae2f-0b15-4d7f-8c21-abc497f0c795.2016-03-14_13.53.37/ejabberd_tests.tests.offline_SUITE.logs/run.2016-03-14_14.17.47/log_private/"}],
                                 [{alice,1},{bob,4}],
                                 #Fun<offline_SUITE.4.17565834>],
                                []},
                            {test_server,ts_tc,3,
                                [{file,"test_server.erl"},{line,1429}]},
                            {test_server,run_test_case_eval1,6,
                                [{file,"test_server.erl"},{line,1026}]},
                            {test_server,run_test_case_eval,9,
                                [{file,"test_server.erl"},{line,968}]}]}, [{escalus,
                                                                            fresh_story_with_config},
                                                                           {test_server,
                                                                            ts_tc,
                                                                            1429},
                                                                           {test_server,
                                                                            run_test_case_eval1,
                                                                            1026},
                                                                           {test_server,
                                                                            run_test_case_eval,
                                                                            968}]
=== *** FAILED test case 2 of 6 ***
=case          offline_SUITE:error_message_is_not_stored
=logfile       offline_suite.error_message_is_not_stored.965067.316.html
=started       2016-03-14 14:17:47
=ended         2016-03-14 14:17:47
=result        failed: {undef,
                           [{escalus,fresh_story_with_config,
                                [[{escalus_event_mgr,<0.3049.2>},
                                  {tc_name,error_message_is_not_stored},
                                  {escalus_cleaner,<0.3048.2>},
                                  {watchdog,<0.3046.2>},
                                  {preset,"pgsql_mnesia"},
                                  {tc_logfile,
                                      "/home/travis/build/esl/MongooseIM/test/ejabberd_tests/ct_report/ct_run.test@testing-gce-6a42ae2f-0b15-4d7f-8c21-abc497f0c795.2016-03-14_13.53.37/ejabberd_tests.tests.offline_SUITE.logs/run.2016-03-14_14.17.47/offline_suite.error_message_is_not_stored.965067.316.html"},
                                  {tc_group_properties,
                                      [{shuffle,{1457,965067,278851}},
                                       {suite,offline_SUITE},
                                       {name,mod_offline_tests},
                                       parallel]},
                                  {tc_group_path,[]},
                                  {data_dir,
                                      "/home/travis/build/esl/MongooseIM/test/ejabberd_tests/tests/offline_SUITE_data/"},
                                  {priv_dir,
                                      "/home/travis/build/esl/MongooseIM/test/ejabberd_tests/ct_report/ct_run.test@testing-gce-6a42ae2f-0b15-4d7f-8c21-abc497f0c795.2016-03-14_13.53.37/ejabberd_tests.tests.offline_SUITE.logs/run.2016-03-14_14.17.47/log_private/"}],
                                 [{alice,1},{bob,1}],
                                 #Fun<offline_SUITE.1.17565834>],
                                []},
                            {test_server,ts_tc,3,
                                [{file,"test_server.erl"},{line,1429}]},
                            {test_server,run_test_case_eval1,6,
                                [{file,"test_server.erl"},{line,1026}]},
                            {test_server,run_test_case_eval,9,
                                [{file,"test_server.erl"},{line,968}]}]}, [{escalus,
                                                                            fresh_story_with_config},
                                                                           {test_server,
                                                                            ts_tc,
                                                                            1429},
                                                                           {test_server,
                                                                            run_test_case_eval1,
                                                                            1026},
                                                                           {test_server,
                                                                            run_test_case_eval,
                                                                            968}]
=== *** FAILED test case 3 of 6 ***
=case          offline_SUITE:offline_message_is_stored_and_delivered_at_login
=logfile       offline_suite.offline_message_is_stored_and_delivered_at_login.965067.307.html
=started       2016-03-14 14:17:47
=ended         2016-03-14 14:17:47
=result        failed: {undef,
                           [{escalus,fresh_story_with_config,
                                [[{escalus_event_mgr,<0.3033.2>},
                                  {tc_name,
                                      offline_message_is_stored_and_delivered_at_login},
                                  {escalus_cleaner,<0.3032.2>},
                                  {watchdog,<0.3031.2>},
                                  {preset,"pgsql_mnesia"},
                                  {tc_logfile,
                                      "/home/travis/build/esl/MongooseIM/test/ejabberd_tests/ct_report/ct_run.test@testing-gce-6a42ae2f-0b15-4d7f-8c21-abc497f0c795.2016-03-14_13.53.37/ejabberd_tests.tests.offline_SUITE.logs/run.2016-03-14_14.17.47/offline_suite.offline_message_is_stored_and_delivered_at_login.965067.307.html"},
                                  {tc_group_properties,
                                      [{shuffle,{1457,965067,278851}},
                                       {suite,offline_SUITE},
                                       {name,mod_offline_tests},
                                       parallel]},
                                  {tc_group_path,[]},
                                  {data_dir,
                                      "/home/travis/build/esl/MongooseIM/test/ejabberd_tests/tests/offline_SUITE_data/"},
                                  {priv_dir,
                                      "/home/travis/build/esl/MongooseIM/test/ejabberd_tests/ct_report/ct_run.test@testing-gce-6a42ae2f-0b15-4d7f-8c21-abc497f0c795.2016-03-14_13.53.37/ejabberd_tests.tests.offline_SUITE.logs/run.2016-03-14_14.17.47/log_private/"}],
                                 [{alice,1},{bob,1}],
                                 #Fun<offline_SUITE.0.17565834>],
                                []},
                            {test_server,ts_tc,3,
                                [{file,"test_server.erl"},{line,1429}]},
                            {test_server,run_test_case_eval1,6,
                                [{file,"test_server.erl"},{line,1026}]},
                            {test_server,run_test_case_eval,9,
                                [{file,"test_server.erl"},{line,968}]}]}, [{escalus,
                                                                            fresh_story_with_config},
                                                                           {test_server,
                                                                            ts_tc,
                                                                            1429},
                                                                           {test_server,
                                                                            run_test_case_eval1,
                                                                            1026},
                                                                           {test_server,
                                                                            run_test_case_eval,
                                                                            968}]
=== *** FAILED test case 4 of 6 ***
=case          offline_SUITE:expired_messages_are_not_delivered
=logfile       offline_suite.expired_messages_are_not_delivered.965067.309.html
=started       2016-03-14 14:17:47
=ended         2016-03-14 14:17:47
=result        failed: {undef,
                           [{escalus,fresh_story_with_config,
                                [[{escalus_event_mgr,<0.3037.2>},
                                  {tc_name,expired_messages_are_not_delivered},
                                  {escalus_cleaner,<0.3036.2>},
                                  {watchdog,<0.3035.2>},
                                  {preset,"pgsql_mnesia"},
                                  {tc_logfile,
                                      "/home/travis/build/esl/MongooseIM/test/ejabberd_tests/ct_report/ct_run.test@testing-gce-6a42ae2f-0b15-4d7f-8c21-abc497f0c795.2016-03-14_13.53.37/ejabberd_tests.tests.offline_SUITE.logs/run.2016-03-14_14.17.47/offline_suite.expired_messages_are_not_delivered.965067.309.html"},
                                  {tc_group_properties,
                                      [{shuffle,{1457,965067,278851}},
                                       {suite,offline_SUITE},
                                       {name,mod_offline_tests},
                                       parallel]},
                                  {tc_group_path,[]},
                                  {data_dir,
                                      "/home/travis/build/esl/MongooseIM/test/ejabberd_tests/tests/offline_SUITE_data/"},
                                  {priv_dir,
                                      "/home/travis/build/esl/MongooseIM/test/ejabberd_tests/ct_report/ct_run.test@testing-gce-6a42ae2f-0b15-4d7f-8c21-abc497f0c795.2016-03-14_13.53.37/ejabberd_tests.tests.offline_SUITE.logs/run.2016-03-14_14.17.47/log_private/"}],
                                 [{alice,1},{bob,1}],
                                 #Fun<offline_SUITE.5.17565834>],
                                []},
                            {test_server,ts_tc,3,
                                [{file,"test_server.erl"},{line,1429}]},
                            {test_server,run_test_case_eval1,6,
                                [{file,"test_server.erl"},{line,1026}]},
                            {test_server,run_test_case_eval,9,
                                [{file,"test_server.erl"},{line,968}]}]}, [{escalus,
                                                                            fresh_story_with_config},
                                                                           {test_server,
                                                                            ts_tc,
                                                                            1429},
                                                                           {test_server,
                                                                            run_test_case_eval1,
                                                                            1026},
                                                                           {test_server,
                                                                            run_test_case_eval,
                                                                            968}]
=== *** FAILED test case 5 of 6 ***
=case          offline_SUITE:headline_message_is_not_stored
=logfile       offline_suite.headline_message_is_not_stored.965067.314.html
=started       2016-03-14 14:17:47
=ended         2016-03-14 14:17:47
=result        failed: {undef,
                           [{escalus,fresh_story_with_config,
                                [[{escalus_event_mgr,<0.3047.2>},
                                  {tc_name,headline_message_is_not_stored},
                                  {escalus_cleaner,<0.3045.2>},
                                  {watchdog,<0.3044.2>},
                                  {preset,"pgsql_mnesia"},
                                  {tc_logfile,
                                      "/home/travis/build/esl/MongooseIM/test/ejabberd_tests/ct_report/ct_run.test@testing-gce-6a42ae2f-0b15-4d7f-8c21-abc497f0c795.2016-03-14_13.53.37/ejabberd_tests.tests.offline_SUITE.logs/run.2016-03-14_14.17.47/offline_suite.headline_message_is_not_stored.965067.314.html"},
                                  {tc_group_properties,
                                      [{shuffle,{1457,965067,278851}},
                                       {suite,offline_SUITE},
                                       {name,mod_offline_tests},
                                       parallel]},
                                  {tc_group_path,[]},
                                  {data_dir,
                                      "/home/travis/build/esl/MongooseIM/test/ejabberd_tests/tests/offline_SUITE_data/"},
                                  {priv_dir,
                                      "/home/travis/build/esl/MongooseIM/test/ejabberd_tests/ct_report/ct_run.test@testing-gce-6a42ae2f-0b15-4d7f-8c21-abc497f0c795.2016-03-14_13.53.37/ejabberd_tests.tests.offline_SUITE.logs/run.2016-03-14_14.17.47/log_private/"}],
                                 [{alice,1},{bob,1}],
                                 #Fun<offline_SUITE.3.17565834>],
                                []},
                            {test_server,ts_tc,3,
                                [{file,"test_server.erl"},{line,1429}]},
                            {test_server,run_test_case_eval1,6,
                                [{file,"test_server.erl"},{line,1026}]},
                            {test_server,run_test_case_eval,9,
                                [{file,"test_server.erl"},{line,968}]}]}, [{escalus,
                                                                            fresh_story_with_config},
                                                                           {test_server,
                                                                            ts_tc,
                                                                            1429},
                                                                           {test_server,
                                                                            run_test_case_eval1,
                                                                            1026},
                                                                           {test_server,
                                                                            run_test_case_eval,
                                                                            968}]
=== *** FAILED test case 6 of 6 ***
=case          ct_framework:end_per_group
=logfile       ct_framework.end_per_group.html
=group_props   [{suite,offline_SUITE},
                {name,mod_offline_tests},
                parallel,shuffle]
=started       2016-03-14 14:17:47
=ended         2016-03-14 14:17:47
=result        ok
=elapsed       2.7e-5
=group_time    0.077s
=case          offline_SUITE:end_per_suite
=logfile       offline_suite.end_per_suite.html
=started       2016-03-14 14:17:47
=ended         2016-03-14 14:17:47
=result        failed: {undef,
                           [{escalus_fresh,clean,[],[]},
                            {offline_SUITE,end_per_suite,1,
                                [{file,"offline_SUITE.erl"},{line,43}]},
                            {test_server,ts_tc,3,
                                [{file,"test_server.erl"},{line,1429}]},
                            {test_server,run_test_case_eval1,6,
                                [{file,"test_server.erl"},{line,1099}]},
                            {test_server,run_test_case_eval,9,
                                [{file,"test_server.erl"},{line,968}]}]}, [{escalus_fresh,
                                                                            clean},
                                                                           {offline_SUITE,
                                                                            end_per_suite,
                                                                            43},
                                                                           {test_server,
                                                                            ts_tc,
                                                                            1429},
                                                                           {test_server,
                                                                            run_test_case_eval1,
                                                                            1099},
                                                                           {test_server,
                                                                            run_test_case_eval,
                                                                            968}]
=== *** FAILED {offline_SUITE,end_per_suite} ***
=group_time    0.171s
=== TEST COMPLETE, 0 ok, 6 failed of 6 test cases

=finished      2016-03-14 14:17:47
=failed        6
=successful    0
=user_skipped  0
=auto_skipped  0
