=== Suite started at 2016-03-17 15:11:20
=== Starting test, 6 test cases
=cases         6
=user          travis
=host          testing-gce-a819c1c9-f341-4ca2-8257-8f95852133aa
=hosts         testing-gce-a819c1c9-f341-4ca2-8257-8f95852133aa 
=emulator_vsn  7.1
=emulator      beam
=otp_release   18
=started       2016-03-17 15:11:20
=case          metrics_roster_SUITE:init_per_suite
=logfile       metrics_roster_suite.init_per_suite.html
=started       2016-03-17 15:11:20
=ended         2016-03-17 15:11:20
=result        ok
=elapsed       0.004556
=case          metrics_roster_SUITE:init_per_group
=logfile       metrics_roster_suite.init_per_group.html
=group_props   [{name,roster},sequence]
=started       2016-03-17 15:11:20
=ended         2016-03-17 15:11:20
=result        failed: {function_clause,
                           [{escalus_users,
                                '-create_users_via_xmpp/2-lc$^0/1-0-',
                                [{by_name,[alice,bob]}],
                                [{file,"src/escalus_users.erl"},{line,99}]},
                            {escalus_users,create_users_via_xmpp,2,
                                [{file,"src/escalus_users.erl"},{line,99}]},
                            {test_server,ts_tc,3,
                                [{file,"test_server.erl"},{line,1408}]},
                            {test_server,run_test_case_eval1,6,
                                [{file,"test_server.erl"},{line,1057}]},
                            {test_server,run_test_case_eval,9,
                                [{file,"test_server.erl"},{line,926}]}]}, [{escalus_users,
                                                                            '-create_users_via_xmpp/2-lc$^0/1-0-',
                                                                            99},
                                                                           {escalus_users,
                                                                            create_users_via_xmpp,
                                                                            99},
                                                                           {test_server,
                                                                            ts_tc,
                                                                            1408},
                                                                           {test_server,
                                                                            run_test_case_eval1,
                                                                            1057},
                                                                           {test_server,
                                                                            run_test_case_eval,
                                                                            926}]
=== *** FAILED {metrics_roster_SUITE,init_per_group} ***
=== 
=case          metrics_roster_SUITE:get_roster
=group_props   [{name,"roster"}]
=started       2016-03-17 15:11:20
=result        auto_skipped: init_per_group failed
=== *** Skipping test case #1 {metrics_roster_SUITE,get_roster} ***
=== 
=case          metrics_roster_SUITE:add_contact
=group_props   [{name,"roster"}]
=started       2016-03-17 15:11:20
=result        auto_skipped: init_per_group failed
=== *** Skipping test case #2 {metrics_roster_SUITE,add_contact} ***
=== 
=case          metrics_roster_SUITE:roster_push
=group_props   [{name,"roster"}]
=started       2016-03-17 15:11:20
=result        auto_skipped: init_per_group failed
=== *** Skipping test case #3 {metrics_roster_SUITE,roster_push} ***
=== 
=case          metrics_roster_SUITE:end_per_group
=group_props   [{name,"roster"}]
=started       2016-03-17 15:11:20
=result        auto_skipped: init_per_group failed
=== *** Skipping {metrics_roster_SUITE,end_per_group} ***
=case          metrics_roster_SUITE:init_per_group
=logfile       metrics_roster_suite.init_per_group.806.html
=group_props   [{name,subscriptions},sequence]
=started       2016-03-17 15:11:20
=ended         2016-03-17 15:11:20
=result        failed: {function_clause,
                           [{escalus_users,
                                '-create_users_via_xmpp/2-lc$^0/1-0-',
                                [{by_name,[alice,bob]}],
                                [{file,"src/escalus_users.erl"},{line,99}]},
                            {escalus_users,create_users_via_xmpp,2,
                                [{file,"src/escalus_users.erl"},{line,99}]},
                            {test_server,ts_tc,3,
                                [{file,"test_server.erl"},{line,1408}]},
                            {test_server,run_test_case_eval1,6,
                                [{file,"test_server.erl"},{line,1057}]},
                            {test_server,run_test_case_eval,9,
                                [{file,"test_server.erl"},{line,926}]}]}, [{escalus_users,
                                                                            '-create_users_via_xmpp/2-lc$^0/1-0-',
                                                                            99},
                                                                           {escalus_users,
                                                                            create_users_via_xmpp,
                                                                            99},
                                                                           {test_server,
                                                                            ts_tc,
                                                                            1408},
                                                                           {test_server,
                                                                            run_test_case_eval1,
                                                                            1057},
                                                                           {test_server,
                                                                            run_test_case_eval,
                                                                            926}]
=== *** FAILED {metrics_roster_SUITE,init_per_group} ***
=== 
=case          metrics_roster_SUITE:unsubscribe
=group_props   [{name,"subscriptions"}]
=started       2016-03-17 15:11:20
=result        auto_skipped: init_per_group failed
=== *** Skipping test case #4 {metrics_roster_SUITE,unsubscribe} ***
=== 
=case          metrics_roster_SUITE:decline_subscription
=group_props   [{name,"subscriptions"}]
=started       2016-03-17 15:11:20
=result        auto_skipped: init_per_group failed
=== *** Skipping test case #5 {metrics_roster_SUITE,decline_subscription} ***
=== 
=case          metrics_roster_SUITE:subscribe
=group_props   [{name,"subscriptions"}]
=started       2016-03-17 15:11:20
=result        auto_skipped: init_per_group failed
=== *** Skipping test case #6 {metrics_roster_SUITE,subscribe} ***
=== 
=case          metrics_roster_SUITE:end_per_group
=group_props   [{name,"subscriptions"}]
=started       2016-03-17 15:11:20
=result        auto_skipped: init_per_group failed
=== *** Skipping {metrics_roster_SUITE,end_per_group} ***
=case          metrics_roster_SUITE:end_per_suite
=logfile       metrics_roster_suite.end_per_suite.html
=started       2016-03-17 15:11:20
=ended         2016-03-17 15:11:20
=result        ok
=elapsed       0.001138
=group_time    0.112s
=== TEST COMPLETE, 0 ok, 0 failed, 6 skipped of 6 test cases

=finished      2016-03-17 15:11:20
=failed        0
=successful    0
=user_skipped  0
=auto_skipped  6
