=== Suite started at 2016-03-14 13:53:50
=== Starting test, 16 test cases
=cases         16
=user          travis
=host          testing-gce-ffee43d8-8e2e-46f8-a1bf-6e3757f7c894
=hosts         testing-gce-ffee43d8-8e2e-46f8-a1bf-6e3757f7c894 
=emulator_vsn  6.4
=emulator      beam
=otp_release   17
=started       2016-03-14 13:53:50
=case          amp_SUITE:init_per_suite
=logfile       amp_suite.init_per_suite.html
=started       2016-03-14 13:53:50
=ended         2016-03-14 13:53:50
=result        ok
=elapsed       0.002966
=case          ct_framework:init_per_group
=logfile       ct_framework.init_per_group.html
=group_props   [{suite,amp_SUITE},{name,all},parallel,shuffle]
=started       2016-03-14 13:53:50
=ended         2016-03-14 13:53:50
=result        ok
=elapsed       4.4e-5
=case          amp_SUITE:unacceptable_rules_test
=logfile       amp_suite.unacceptable_rules_test.963630.138.html
=started       2016-03-14 13:53:50
=ended         2016-03-14 13:53:50
=result        failed: {undef,
                           [{escalus,fresh_story,
                                [[{escalus_event_mgr,<0.2591.0>},
                                  {tc_name,unacceptable_rules_test},
                                  {escalus_cleaner,<0.2587.0>},
                                  {watchdog,<0.2584.0>},
                                  {preset,"ldap_mnesia"},
                                  {tc_logfile,
                                      "/home/travis/build/esl/MongooseIM/test/ejabberd_tests/ct_report/ct_run.test@testing-gce-ffee43d8-8e2e-46f8-a1bf-6e3757f7c894.2016-03-14_13.53.41/ejabberd_tests.tests.amp_SUITE.logs/run.2016-03-14_13.53.50/amp_suite.unacceptable_rules_test.963630.138.html"},
                                  {tc_group_properties,
                                      [{shuffle,{1457,963630,111062}},
                                       {suite,amp_SUITE},
                                       {name,all},
                                       parallel]},
                                  {tc_group_path,[]},
                                  {data_dir,
                                      "/home/travis/build/esl/MongooseIM/test/ejabberd_tests/tests/amp_SUITE_data/"},
                                  {priv_dir,
                                      "/home/travis/build/esl/MongooseIM/test/ejabberd_tests/ct_report/ct_run.test@testing-gce-ffee43d8-8e2e-46f8-a1bf-6e3757f7c894.2016-03-14_13.53.41/ejabberd_tests.tests.amp_SUITE.logs/run.2016-03-14_13.53.50/log_private/"}],
                                 [{alice,1},{bob,1}],
                                 #Fun<amp_SUITE.4.15361033>],
                                []},
                            {test_server,ts_tc,3,
                                [{file,"test_server.erl"},{line,1429}]},
                            {test_server,run_test_case_eval1,6,
                                [{file,"test_server.erl"},{line,1026}]},
                            {test_server,run_test_case_eval,9,
                                [{file,"test_server.erl"},{line,968}]}]}, [{escalus,
                                                                            fresh_story},
                                                                           {test_server,
                                                                            ts_tc,
                                                                            1429},
                                                                           {test_server,
                                                                            run_test_case_eval1,
                                                                            1026},
                                                                           {test_server,
                                                                            run_test_case_eval,
                                                                            968}]
=== *** FAILED test case 1 of 16 ***
=case          amp_SUITE:notify_match_resource_other_test
=logfile       amp_suite.notify_match_resource_other_test.963630.166.html
=started       2016-03-14 13:53:50
=ended         2016-03-14 13:53:50
=result        failed: {undef,
                           [{escalus,fresh_story,
                                [[{escalus_event_mgr,<0.2638.0>},
                                  {tc_name,notify_match_resource_other_test},
                                  {escalus_cleaner,<0.2637.0>},
                                  {watchdog,<0.2636.0>},
                                  {preset,"ldap_mnesia"},
                                  {tc_logfile,
                                      "/home/travis/build/esl/MongooseIM/test/ejabberd_tests/ct_report/ct_run.test@testing-gce-ffee43d8-8e2e-46f8-a1bf-6e3757f7c894.2016-03-14_13.53.41/ejabberd_tests.tests.amp_SUITE.logs/run.2016-03-14_13.53.50/amp_suite.notify_match_resource_other_test.963630.166.html"},
                                  {tc_group_properties,
                                      [{shuffle,{1457,963630,111062}},
                                       {suite,amp_SUITE},
                                       {name,all},
                                       parallel]},
                                  {tc_group_path,[]},
                                  {data_dir,
                                      "/home/travis/build/esl/MongooseIM/test/ejabberd_tests/tests/amp_SUITE_data/"},
                                  {priv_dir,
                                      "/home/travis/build/esl/MongooseIM/test/ejabberd_tests/ct_report/ct_run.test@testing-gce-ffee43d8-8e2e-46f8-a1bf-6e3757f7c894.2016-03-14_13.53.41/ejabberd_tests.tests.amp_SUITE.logs/run.2016-03-14_13.53.50/log_private/"}],
                                 [{alice,1},{bob,1}],
                                 #Fun<amp_SUITE.10.15361033>],
                                []},
                            {test_server,ts_tc,3,
                                [{file,"test_server.erl"},{line,1429}]},
                            {test_server,run_test_case_eval1,6,
                                [{file,"test_server.erl"},{line,1026}]},
                            {test_server,run_test_case_eval,9,
                                [{file,"test_server.erl"},{line,968}]}]}, [{escalus,
                                                                            fresh_story},
                                                                           {test_server,
                                                                            ts_tc,
                                                                            1429},
                                                                           {test_server,
                                                                            run_test_case_eval1,
                                                                            1026},
                                                                           {test_server,
                                                                            run_test_case_eval,
                                                                            968}]
=== *** FAILED test case 2 of 16 ***
=case          amp_SUITE:error_deliver_direct_test
=logfile       amp_suite.error_deliver_direct_test.963630.160.html
=started       2016-03-14 13:53:50
=ended         2016-03-14 13:53:50
=result        failed: {undef,
                           [{escalus,fresh_story,
                                [[{escalus_event_mgr,<0.2645.0>},
                                  {tc_name,error_deliver_direct_test},
                                  {escalus_cleaner,<0.2644.0>},
                                  {watchdog,<0.2642.0>},
                                  {preset,"ldap_mnesia"},
                                  {tc_logfile,
                                      "/home/travis/build/esl/MongooseIM/test/ejabberd_tests/ct_report/ct_run.test@testing-gce-ffee43d8-8e2e-46f8-a1bf-6e3757f7c894.2016-03-14_13.53.41/ejabberd_tests.tests.amp_SUITE.logs/run.2016-03-14_13.53.50/amp_suite.error_deliver_direct_test.963630.160.html"},
                                  {tc_group_properties,
                                      [{shuffle,{1457,963630,111062}},
                                       {suite,amp_SUITE},
                                       {name,all},
                                       parallel]},
                                  {tc_group_path,[]},
                                  {data_dir,
                                      "/home/travis/build/esl/MongooseIM/test/ejabberd_tests/tests/amp_SUITE_data/"},
                                  {priv_dir,
                                      "/home/travis/build/esl/MongooseIM/test/ejabberd_tests/ct_report/ct_run.test@testing-gce-ffee43d8-8e2e-46f8-a1bf-6e3757f7c894.2016-03-14_13.53.41/ejabberd_tests.tests.amp_SUITE.logs/run.2016-03-14_13.53.50/log_private/"}],
                                 [{alice,1},{bob,1}],
                                 #Fun<amp_SUITE.11.15361033>],
                                []},
                            {test_server,ts_tc,3,
                                [{file,"test_server.erl"},{line,1429}]},
                            {test_server,run_test_case_eval1,6,
                                [{file,"test_server.erl"},{line,1026}]},
                            {test_server,run_test_case_eval,9,
                                [{file,"test_server.erl"},{line,968}]}]}, [{escalus,
                                                                            fresh_story},
                                                                           {test_server,
                                                                            ts_tc,
                                                                            1429},
                                                                           {test_server,
                                                                            run_test_case_eval1,
                                                                            1026},
                                                                           {test_server,
                                                                            run_test_case_eval,
                                                                            968}]
=== *** FAILED test case 3 of 16 ***
=case          amp_SUITE:actions_and_conditions_discovery_test
=logfile       amp_suite.actions_and_conditions_discovery_test.963630.140.html
=started       2016-03-14 13:53:50
=ended         2016-03-14 13:53:50
=result        failed: {undef,
                           [{escalus,fresh_story,
                                [[{escalus_event_mgr,<0.2592.0>},
                                  {tc_name,
                                      actions_and_conditions_discovery_test},
                                  {escalus_cleaner,<0.2588.0>},
                                  {watchdog,<0.2586.0>},
                                  {preset,"ldap_mnesia"},
                                  {tc_logfile,
                                      "/home/travis/build/esl/MongooseIM/test/ejabberd_tests/ct_report/ct_run.test@testing-gce-ffee43d8-8e2e-46f8-a1bf-6e3757f7c894.2016-03-14_13.53.41/ejabberd_tests.tests.amp_SUITE.logs/run.2016-03-14_13.53.50/amp_suite.actions_and_conditions_discovery_test.963630.140.html"},
                                  {tc_group_properties,
                                      [{shuffle,{1457,963630,111062}},
                                       {suite,amp_SUITE},
                                       {name,all},
                                       parallel]},
                                  {tc_group_path,[]},
                                  {data_dir,
                                      "/home/travis/build/esl/MongooseIM/test/ejabberd_tests/tests/amp_SUITE_data/"},
                                  {priv_dir,
                                      "/home/travis/build/esl/MongooseIM/test/ejabberd_tests/ct_report/ct_run.test@testing-gce-ffee43d8-8e2e-46f8-a1bf-6e3757f7c894.2016-03-14_13.53.41/ejabberd_tests.tests.amp_SUITE.logs/run.2016-03-14_13.53.50/log_private/"}],
                                 [{alice,1}],
                                 #Fun<amp_SUITE.1.15361033>],
                                []},
                            {test_server,ts_tc,3,
                                [{file,"test_server.erl"},{line,1429}]},
                            {test_server,run_test_case_eval1,6,
                                [{file,"test_server.erl"},{line,1026}]},
                            {test_server,run_test_case_eval,9,
                                [{file,"test_server.erl"},{line,968}]}]}, [{escalus,
                                                                            fresh_story},
                                                                           {test_server,
                                                                            ts_tc,
                                                                            1429},
                                                                           {test_server,
                                                                            run_test_case_eval1,
                                                                            1026},
                                                                           {test_server,
                                                                            run_test_case_eval,
                                                                            968}]
=== *** FAILED test case 4 of 16 ***
=case          amp_SUITE:notify_match_resource_any_test
=logfile       amp_suite.notify_match_resource_any_test.963630.146.html
=started       2016-03-14 13:53:50
=ended         2016-03-14 13:53:50
=result        failed: {undef,
                           [{escalus,fresh_story,
                                [[{escalus_event_mgr,<0.2609.0>},
                                  {tc_name,notify_match_resource_any_test},
                                  {escalus_cleaner,<0.2607.0>},
                                  {watchdog,<0.2605.0>},
                                  {preset,"ldap_mnesia"},
                                  {tc_logfile,
                                      "/home/travis/build/esl/MongooseIM/test/ejabberd_tests/ct_report/ct_run.test@testing-gce-ffee43d8-8e2e-46f8-a1bf-6e3757f7c894.2016-03-14_13.53.41/ejabberd_tests.tests.amp_SUITE.logs/run.2016-03-14_13.53.50/amp_suite.notify_match_resource_any_test.963630.146.html"},
                                  {tc_group_properties,
                                      [{shuffle,{1457,963630,111062}},
                                       {suite,amp_SUITE},
                                       {name,all},
                                       parallel]},
                                  {tc_group_path,[]},
                                  {data_dir,
                                      "/home/travis/build/esl/MongooseIM/test/ejabberd_tests/tests/amp_SUITE_data/"},
                                  {priv_dir,
                                      "/home/travis/build/esl/MongooseIM/test/ejabberd_tests/ct_report/ct_run.test@testing-gce-ffee43d8-8e2e-46f8-a1bf-6e3757f7c894.2016-03-14_13.53.41/ejabberd_tests.tests.amp_SUITE.logs/run.2016-03-14_13.53.50/log_private/"}],
                                 [{alice,1},{bob,4}],
                                 #Fun<amp_SUITE.8.15361033>],
                                []},
                            {test_server,ts_tc,3,
                                [{file,"test_server.erl"},{line,1429}]},
                            {test_server,run_test_case_eval1,6,
                                [{file,"test_server.erl"},{line,1026}]},
                            {test_server,run_test_case_eval,9,
                                [{file,"test_server.erl"},{line,968}]}]}, [{escalus,
                                                                            fresh_story},
                                                                           {test_server,
                                                                            ts_tc,
                                                                            1429},
                                                                           {test_server,
                                                                            run_test_case_eval1,
                                                                            1026},
                                                                           {test_server,
                                                                            run_test_case_eval,
                                                                            968}]
=== *** FAILED test case 5 of 16 ***
=case          amp_SUITE:notify_deliver_forward_test
=logfile       amp_suite.notify_deliver_forward_test.963630.148.html
=started       2016-03-14 13:53:50
=ended         2016-03-14 13:53:50
=result        failed: {undef,
                           [{escalus,fresh_story,
                                [[{escalus_event_mgr,<0.2613.0>},
                                  {tc_name,notify_deliver_forward_test},
                                  {escalus_cleaner,<0.2612.0>},
                                  {watchdog,<0.2608.0>},
                                  {preset,"ldap_mnesia"},
                                  {tc_logfile,
                                      "/home/travis/build/esl/MongooseIM/test/ejabberd_tests/ct_report/ct_run.test@testing-gce-ffee43d8-8e2e-46f8-a1bf-6e3757f7c894.2016-03-14_13.53.41/ejabberd_tests.tests.amp_SUITE.logs/run.2016-03-14_13.53.50/amp_suite.notify_deliver_forward_test.963630.148.html"},
                                  {tc_group_properties,
                                      [{shuffle,{1457,963630,111062}},
                                       {suite,amp_SUITE},
                                       {name,all},
                                       parallel]},
                                  {tc_group_path,[]},
                                  {data_dir,
                                      "/home/travis/build/esl/MongooseIM/test/ejabberd_tests/tests/amp_SUITE_data/"},
                                  {priv_dir,
                                      "/home/travis/build/esl/MongooseIM/test/ejabberd_tests/ct_report/ct_run.test@testing-gce-ffee43d8-8e2e-46f8-a1bf-6e3757f7c894.2016-03-14_13.53.41/ejabberd_tests.tests.amp_SUITE.logs/run.2016-03-14_13.53.50/log_private/"}],
                                 [{alice,1},{bob,1}],
                                 #Fun<amp_SUITE.6.15361033>],
                                []},
                            {test_server,ts_tc,3,
                                [{file,"test_server.erl"},{line,1429}]},
                            {test_server,run_test_case_eval1,6,
                                [{file,"test_server.erl"},{line,1026}]},
                            {test_server,run_test_case_eval,9,
                                [{file,"test_server.erl"},{line,968}]}]}, [{escalus,
                                                                            fresh_story},
                                                                           {test_server,
                                                                            ts_tc,
                                                                            1429},
                                                                           {test_server,
                                                                            run_test_case_eval1,
                                                                            1026},
                                                                           {test_server,
                                                                            run_test_case_eval,
                                                                            968}]
=== *** FAILED test case 6 of 16 ***
=case          amp_SUITE:error_deliver_none_test
=logfile       amp_suite.error_deliver_none_test.963630.168.html
=started       2016-03-14 13:53:50
=ended         2016-03-14 13:53:50
=result        failed: {undef,
                           [{escalus,fresh_story,
                                [[{escalus_event_mgr,<0.2650.0>},
                                  {tc_name,error_deliver_none_test},
                                  {escalus_cleaner,<0.2649.0>},
                                  {watchdog,<0.2648.0>},
                                  {preset,"ldap_mnesia"},
                                  {tc_logfile,
                                      "/home/travis/build/esl/MongooseIM/test/ejabberd_tests/ct_report/ct_run.test@testing-gce-ffee43d8-8e2e-46f8-a1bf-6e3757f7c894.2016-03-14_13.53.41/ejabberd_tests.tests.amp_SUITE.logs/run.2016-03-14_13.53.50/amp_suite.error_deliver_none_test.963630.168.html"},
                                  {tc_group_properties,
                                      [{shuffle,{1457,963630,111062}},
                                       {suite,amp_SUITE},
                                       {name,all},
                                       parallel]},
                                  {tc_group_path,[]},
                                  {data_dir,
                                      "/home/travis/build/esl/MongooseIM/test/ejabberd_tests/tests/amp_SUITE_data/"},
                                  {priv_dir,
                                      "/home/travis/build/esl/MongooseIM/test/ejabberd_tests/ct_report/ct_run.test@testing-gce-ffee43d8-8e2e-46f8-a1bf-6e3757f7c894.2016-03-14_13.53.41/ejabberd_tests.tests.amp_SUITE.logs/run.2016-03-14_13.53.50/log_private/"}],
                                 [{alice,1}],
                                 #Fun<amp_SUITE.13.15361033>],
                                []},
                            {test_server,ts_tc,3,
                                [{file,"test_server.erl"},{line,1429}]},
                            {test_server,run_test_case_eval1,6,
                                [{file,"test_server.erl"},{line,1026}]},
                            {test_server,run_test_case_eval,9,
                                [{file,"test_server.erl"},{line,968}]}]}, [{escalus,
                                                                            fresh_story},
                                                                           {test_server,
                                                                            ts_tc,
                                                                            1429},
                                                                           {test_server,
                                                                            run_test_case_eval1,
                                                                            1026},
                                                                           {test_server,
                                                                            run_test_case_eval,
                                                                            968}]
=== *** FAILED test case 7 of 16 ***
=case          amp_SUITE:error_deliver_doesnt_apply_test
=logfile       amp_suite.error_deliver_doesnt_apply_test.963630.150.html
=started       2016-03-14 13:53:50
=ended         2016-03-14 13:53:50
=result        failed: {undef,
                           [{escalus,fresh_story,
                                [[{escalus_event_mgr,<0.2632.0>},
                                  {tc_name,error_deliver_doesnt_apply_test},
                                  {escalus_cleaner,<0.2631.0>},
                                  {watchdog,<0.2629.0>},
                                  {preset,"ldap_mnesia"},
                                  {tc_logfile,
                                      "/home/travis/build/esl/MongooseIM/test/ejabberd_tests/ct_report/ct_run.test@testing-gce-ffee43d8-8e2e-46f8-a1bf-6e3757f7c894.2016-03-14_13.53.41/ejabberd_tests.tests.amp_SUITE.logs/run.2016-03-14_13.53.50/amp_suite.error_deliver_doesnt_apply_test.963630.150.html"},
                                  {tc_group_properties,
                                      [{shuffle,{1457,963630,111062}},
                                       {suite,amp_SUITE},
                                       {name,all},
                                       parallel]},
                                  {tc_group_path,[]},
                                  {data_dir,
                                      "/home/travis/build/esl/MongooseIM/test/ejabberd_tests/tests/amp_SUITE_data/"},
                                  {priv_dir,
                                      "/home/travis/build/esl/MongooseIM/test/ejabberd_tests/ct_report/ct_run.test@testing-gce-ffee43d8-8e2e-46f8-a1bf-6e3757f7c894.2016-03-14_13.53.41/ejabberd_tests.tests.amp_SUITE.logs/run.2016-03-14_13.53.50/log_private/"}],
                                 [{alice,1},{bob,1}],
                                 #Fun<amp_SUITE.14.15361033>],
                                []},
                            {test_server,ts_tc,3,
                                [{file,"test_server.erl"},{line,1429}]},
                            {test_server,run_test_case_eval1,6,
                                [{file,"test_server.erl"},{line,1026}]},
                            {test_server,run_test_case_eval,9,
                                [{file,"test_server.erl"},{line,968}]}]}, [{escalus,
                                                                            fresh_story},
                                                                           {test_server,
                                                                            ts_tc,
                                                                            1429},
                                                                           {test_server,
                                                                            run_test_case_eval1,
                                                                            1026},
                                                                           {test_server,
                                                                            run_test_case_eval,
                                                                            968}]
=== *** FAILED test case 8 of 16 ***
=case          amp_SUITE:error_deliver_forward_test
=logfile       amp_suite.error_deliver_forward_test.963630.170.html
=started       2016-03-14 13:53:50
=ended         2016-03-14 13:53:50
=result        failed: {undef,
                           [{escalus,fresh_story,
                                [[{escalus_event_mgr,<0.2656.0>},
                                  {tc_name,error_deliver_forward_test},
                                  {escalus_cleaner,<0.2655.0>},
                                  {watchdog,<0.2654.0>},
                                  {preset,"ldap_mnesia"},
                                  {tc_logfile,
                                      "/home/travis/build/esl/MongooseIM/test/ejabberd_tests/ct_report/ct_run.test@testing-gce-ffee43d8-8e2e-46f8-a1bf-6e3757f7c894.2016-03-14_13.53.41/ejabberd_tests.tests.amp_SUITE.logs/run.2016-03-14_13.53.50/amp_suite.error_deliver_forward_test.963630.170.html"},
                                  {tc_group_properties,
                                      [{shuffle,{1457,963630,111062}},
                                       {suite,amp_SUITE},
                                       {name,all},
                                       parallel]},
                                  {tc_group_path,[]},
                                  {data_dir,
                                      "/home/travis/build/esl/MongooseIM/test/ejabberd_tests/tests/amp_SUITE_data/"},
                                  {priv_dir,
                                      "/home/travis/build/esl/MongooseIM/test/ejabberd_tests/ct_report/ct_run.test@testing-gce-ffee43d8-8e2e-46f8-a1bf-6e3757f7c894.2016-03-14_13.53.41/ejabberd_tests.tests.amp_SUITE.logs/run.2016-03-14_13.53.50/log_private/"}],
                                 [{alice,1},{bob,1}],
                                 #Fun<amp_SUITE.12.15361033>],
                                []},
                            {test_server,ts_tc,3,
                                [{file,"test_server.erl"},{line,1429}]},
                            {test_server,run_test_case_eval1,6,
                                [{file,"test_server.erl"},{line,1026}]},
                            {test_server,run_test_case_eval,9,
                                [{file,"test_server.erl"},{line,968}]}]}, [{escalus,
                                                                            fresh_story},
                                                                           {test_server,
                                                                            ts_tc,
                                                                            1429},
                                                                           {test_server,
                                                                            run_test_case_eval1,
                                                                            1026},
                                                                           {test_server,
                                                                            run_test_case_eval,
                                                                            968}]
=== *** FAILED test case 9 of 16 ***
=case          amp_SUITE:last_rule_applies_test
=logfile       amp_suite.last_rule_applies_test.963630.152.html
=started       2016-03-14 13:53:50
=ended         2016-03-14 13:53:50
=result        failed: {undef,
                           [{escalus,fresh_story,
                                [[{escalus_event_mgr,<0.2618.0>},
                                  {tc_name,last_rule_applies_test},
                                  {escalus_cleaner,<0.2616.0>},
                                  {watchdog,<0.2611.0>},
                                  {preset,"ldap_mnesia"},
                                  {tc_logfile,
                                      "/home/travis/build/esl/MongooseIM/test/ejabberd_tests/ct_report/ct_run.test@testing-gce-ffee43d8-8e2e-46f8-a1bf-6e3757f7c894.2016-03-14_13.53.41/ejabberd_tests.tests.amp_SUITE.logs/run.2016-03-14_13.53.50/amp_suite.last_rule_applies_test.963630.152.html"},
                                  {tc_group_properties,
                                      [{shuffle,{1457,963630,111062}},
                                       {suite,amp_SUITE},
                                       {name,all},
                                       parallel]},
                                  {tc_group_path,[]},
                                  {data_dir,
                                      "/home/travis/build/esl/MongooseIM/test/ejabberd_tests/tests/amp_SUITE_data/"},
                                  {priv_dir,
                                      "/home/travis/build/esl/MongooseIM/test/ejabberd_tests/ct_report/ct_run.test@testing-gce-ffee43d8-8e2e-46f8-a1bf-6e3757f7c894.2016-03-14_13.53.41/ejabberd_tests.tests.amp_SUITE.logs/run.2016-03-14_13.53.50/log_private/"}],
                                 [{alice,1},{bob,1}],
                                 #Fun<amp_SUITE.15.15361033>],
                                []},
                            {test_server,ts_tc,3,
                                [{file,"test_server.erl"},{line,1429}]},
                            {test_server,run_test_case_eval1,6,
                                [{file,"test_server.erl"},{line,1026}]},
                            {test_server,run_test_case_eval,9,
                                [{file,"test_server.erl"},{line,968}]}]}, [{escalus,
                                                                            fresh_story},
                                                                           {test_server,
                                                                            ts_tc,
                                                                            1429},
                                                                           {test_server,
                                                                            run_test_case_eval1,
                                                                            1026},
                                                                           {test_server,
                                                                            run_test_case_eval,
                                                                            968}]
=== *** FAILED test case 10 of 16 ***
=case          amp_SUITE:notify_match_resource_exact_test
=logfile       amp_suite.notify_match_resource_exact_test.963630.162.html
=started       2016-03-14 13:53:50
=ended         2016-03-14 13:53:50
=result        failed: {undef,
                           [{escalus,fresh_story,
                                [[{escalus_event_mgr,<0.2641.0>},
                                  {tc_name,notify_match_resource_exact_test},
                                  {escalus_cleaner,<0.2640.0>},
                                  {watchdog,<0.2639.0>},
                                  {preset,"ldap_mnesia"},
                                  {tc_logfile,
                                      "/home/travis/build/esl/MongooseIM/test/ejabberd_tests/ct_report/ct_run.test@testing-gce-ffee43d8-8e2e-46f8-a1bf-6e3757f7c894.2016-03-14_13.53.41/ejabberd_tests.tests.amp_SUITE.logs/run.2016-03-14_13.53.50/amp_suite.notify_match_resource_exact_test.963630.162.html"},
                                  {tc_group_properties,
                                      [{shuffle,{1457,963630,111062}},
                                       {suite,amp_SUITE},
                                       {name,all},
                                       parallel]},
                                  {tc_group_path,[]},
                                  {data_dir,
                                      "/home/travis/build/esl/MongooseIM/test/ejabberd_tests/tests/amp_SUITE_data/"},
                                  {priv_dir,
                                      "/home/travis/build/esl/MongooseIM/test/ejabberd_tests/ct_report/ct_run.test@testing-gce-ffee43d8-8e2e-46f8-a1bf-6e3757f7c894.2016-03-14_13.53.41/ejabberd_tests.tests.amp_SUITE.logs/run.2016-03-14_13.53.50/log_private/"}],
                                 [{alice,1},{bob,4}],
                                 #Fun<amp_SUITE.9.15361033>],
                                []},
                            {test_server,ts_tc,3,
                                [{file,"test_server.erl"},{line,1429}]},
                            {test_server,run_test_case_eval1,6,
                                [{file,"test_server.erl"},{line,1026}]},
                            {test_server,run_test_case_eval,9,
                                [{file,"test_server.erl"},{line,968}]}]}, [{escalus,
                                                                            fresh_story},
                                                                           {test_server,
                                                                            ts_tc,
                                                                            1429},
                                                                           {test_server,
                                                                            run_test_case_eval1,
                                                                            1026},
                                                                           {test_server,
                                                                            run_test_case_eval,
                                                                            968}]
=== *** FAILED test case 11 of 16 ***
=case          amp_SUITE:notify_deliver_direct_test
=logfile       amp_suite.notify_deliver_direct_test.963630.154.html
=started       2016-03-14 13:53:50
=ended         2016-03-14 13:53:50
=result        failed: {undef,
                           [{escalus,fresh_story,
                                [[{escalus_event_mgr,<0.2622.0>},
                                  {tc_name,notify_deliver_direct_test},
                                  {escalus_cleaner,<0.2621.0>},
                                  {watchdog,<0.2617.0>},
                                  {preset,"ldap_mnesia"},
                                  {tc_logfile,
                                      "/home/travis/build/esl/MongooseIM/test/ejabberd_tests/ct_report/ct_run.test@testing-gce-ffee43d8-8e2e-46f8-a1bf-6e3757f7c894.2016-03-14_13.53.41/ejabberd_tests.tests.amp_SUITE.logs/run.2016-03-14_13.53.50/amp_suite.notify_deliver_direct_test.963630.154.html"},
                                  {tc_group_properties,
                                      [{shuffle,{1457,963630,111062}},
                                       {suite,amp_SUITE},
                                       {name,all},
                                       parallel]},
                                  {tc_group_path,[]},
                                  {data_dir,
                                      "/home/travis/build/esl/MongooseIM/test/ejabberd_tests/tests/amp_SUITE_data/"},
                                  {priv_dir,
                                      "/home/travis/build/esl/MongooseIM/test/ejabberd_tests/ct_report/ct_run.test@testing-gce-ffee43d8-8e2e-46f8-a1bf-6e3757f7c894.2016-03-14_13.53.41/ejabberd_tests.tests.amp_SUITE.logs/run.2016-03-14_13.53.50/log_private/"}],
                                 [{alice,1},{bob,1}],
                                 #Fun<amp_SUITE.5.15361033>],
                                []},
                            {test_server,ts_tc,3,
                                [{file,"test_server.erl"},{line,1429}]},
                            {test_server,run_test_case_eval1,6,
                                [{file,"test_server.erl"},{line,1026}]},
                            {test_server,run_test_case_eval,9,
                                [{file,"test_server.erl"},{line,968}]}]}, [{escalus,
                                                                            fresh_story},
                                                                           {test_server,
                                                                            ts_tc,
                                                                            1429},
                                                                           {test_server,
                                                                            run_test_case_eval1,
                                                                            1026},
                                                                           {test_server,
                                                                            run_test_case_eval,
                                                                            968}]
=== *** FAILED test case 12 of 16 ***
=case          amp_SUITE:notify_deliver_none_test
=logfile       amp_suite.notify_deliver_none_test.963630.164.html
=started       2016-03-14 13:53:50
=ended         2016-03-14 13:53:50
=result        failed: {undef,
                           [{escalus,fresh_story,
                                [[{escalus_event_mgr,<0.2630.0>},
                                  {tc_name,notify_deliver_none_test},
                                  {escalus_cleaner,<0.2628.0>},
                                  {watchdog,<0.2624.0>},
                                  {preset,"ldap_mnesia"},
                                  {tc_logfile,
                                      "/home/travis/build/esl/MongooseIM/test/ejabberd_tests/ct_report/ct_run.test@testing-gce-ffee43d8-8e2e-46f8-a1bf-6e3757f7c894.2016-03-14_13.53.41/ejabberd_tests.tests.amp_SUITE.logs/run.2016-03-14_13.53.50/amp_suite.notify_deliver_none_test.963630.164.html"},
                                  {tc_group_properties,
                                      [{shuffle,{1457,963630,111062}},
                                       {suite,amp_SUITE},
                                       {name,all},
                                       parallel]},
                                  {tc_group_path,[]},
                                  {data_dir,
                                      "/home/travis/build/esl/MongooseIM/test/ejabberd_tests/tests/amp_SUITE_data/"},
                                  {priv_dir,
                                      "/home/travis/build/esl/MongooseIM/test/ejabberd_tests/ct_report/ct_run.test@testing-gce-ffee43d8-8e2e-46f8-a1bf-6e3757f7c894.2016-03-14_13.53.41/ejabberd_tests.tests.amp_SUITE.logs/run.2016-03-14_13.53.50/log_private/"}],
                                 [{alice,1}],
                                 #Fun<amp_SUITE.7.15361033>],
                                []},
                            {test_server,ts_tc,3,
                                [{file,"test_server.erl"},{line,1429}]},
                            {test_server,run_test_case_eval1,6,
                                [{file,"test_server.erl"},{line,1026}]},
                            {test_server,run_test_case_eval,9,
                                [{file,"test_server.erl"},{line,968}]}]}, [{escalus,
                                                                            fresh_story},
                                                                           {test_server,
                                                                            ts_tc,
                                                                            1429},
                                                                           {test_server,
                                                                            run_test_case_eval1,
                                                                            1026},
                                                                           {test_server,
                                                                            run_test_case_eval,
                                                                            968}]
=== *** FAILED test case 13 of 16 ***
=case          amp_SUITE:unsupported_actions_test
=logfile       amp_suite.unsupported_actions_test.963630.156.html
=started       2016-03-14 13:53:50
=ended         2016-03-14 13:53:50
=result        failed: {undef,
                           [{escalus,fresh_story,
                                [[{escalus_event_mgr,<0.2620.0>},
                                  {tc_name,unsupported_actions_test},
                                  {escalus_cleaner,<0.2619.0>},
                                  {watchdog,<0.2615.0>},
                                  {preset,"ldap_mnesia"},
                                  {tc_logfile,
                                      "/home/travis/build/esl/MongooseIM/test/ejabberd_tests/ct_report/ct_run.test@testing-gce-ffee43d8-8e2e-46f8-a1bf-6e3757f7c894.2016-03-14_13.53.41/ejabberd_tests.tests.amp_SUITE.logs/run.2016-03-14_13.53.50/amp_suite.unsupported_actions_test.963630.156.html"},
                                  {tc_group_properties,
                                      [{shuffle,{1457,963630,111062}},
                                       {suite,amp_SUITE},
                                       {name,all},
                                       parallel]},
                                  {tc_group_path,[]},
                                  {data_dir,
                                      "/home/travis/build/esl/MongooseIM/test/ejabberd_tests/tests/amp_SUITE_data/"},
                                  {priv_dir,
                                      "/home/travis/build/esl/MongooseIM/test/ejabberd_tests/ct_report/ct_run.test@testing-gce-ffee43d8-8e2e-46f8-a1bf-6e3757f7c894.2016-03-14_13.53.41/ejabberd_tests.tests.amp_SUITE.logs/run.2016-03-14_13.53.50/log_private/"}],
                                 [{alice,1},{bob,1}],
                                 #Fun<amp_SUITE.2.15361033>],
                                []},
                            {test_server,ts_tc,3,
                                [{file,"test_server.erl"},{line,1429}]},
                            {test_server,run_test_case_eval1,6,
                                [{file,"test_server.erl"},{line,1026}]},
                            {test_server,run_test_case_eval,9,
                                [{file,"test_server.erl"},{line,968}]}]}, [{escalus,
                                                                            fresh_story},
                                                                           {test_server,
                                                                            ts_tc,
                                                                            1429},
                                                                           {test_server,
                                                                            run_test_case_eval1,
                                                                            1026},
                                                                           {test_server,
                                                                            run_test_case_eval,
                                                                            968}]
=== *** FAILED test case 14 of 16 ***
=case          amp_SUITE:unsupported_conditions_test
=logfile       amp_suite.unsupported_conditions_test.963630.174.html
=started       2016-03-14 13:53:50
=ended         2016-03-14 13:53:50
=result        failed: {undef,
                           [{escalus,fresh_story,
                                [[{escalus_event_mgr,<0.2653.0>},
                                  {tc_name,unsupported_conditions_test},
                                  {escalus_cleaner,<0.2652.0>},
                                  {watchdog,<0.2651.0>},
                                  {preset,"ldap_mnesia"},
                                  {tc_logfile,
                                      "/home/travis/build/esl/MongooseIM/test/ejabberd_tests/ct_report/ct_run.test@testing-gce-ffee43d8-8e2e-46f8-a1bf-6e3757f7c894.2016-03-14_13.53.41/ejabberd_tests.tests.amp_SUITE.logs/run.2016-03-14_13.53.50/amp_suite.unsupported_conditions_test.963630.174.html"},
                                  {tc_group_properties,
                                      [{shuffle,{1457,963630,111062}},
                                       {suite,amp_SUITE},
                                       {name,all},
                                       parallel]},
                                  {tc_group_path,[]},
                                  {data_dir,
                                      "/home/travis/build/esl/MongooseIM/test/ejabberd_tests/tests/amp_SUITE_data/"},
                                  {priv_dir,
                                      "/home/travis/build/esl/MongooseIM/test/ejabberd_tests/ct_report/ct_run.test@testing-gce-ffee43d8-8e2e-46f8-a1bf-6e3757f7c894.2016-03-14_13.53.41/ejabberd_tests.tests.amp_SUITE.logs/run.2016-03-14_13.53.50/log_private/"}],
                                 [{alice,1},{bob,1}],
                                 #Fun<amp_SUITE.3.15361033>],
                                []},
                            {test_server,ts_tc,3,
                                [{file,"test_server.erl"},{line,1429}]},
                            {test_server,run_test_case_eval1,6,
                                [{file,"test_server.erl"},{line,1026}]},
                            {test_server,run_test_case_eval,9,
                                [{file,"test_server.erl"},{line,968}]}]}, [{escalus,
                                                                            fresh_story},
                                                                           {test_server,
                                                                            ts_tc,
                                                                            1429},
                                                                           {test_server,
                                                                            run_test_case_eval1,
                                                                            1026},
                                                                           {test_server,
                                                                            run_test_case_eval,
                                                                            968}]
=== *** FAILED test case 15 of 16 ***
=case          amp_SUITE:initial_service_discovery_test
=logfile       amp_suite.initial_service_discovery_test.963630.158.html
=started       2016-03-14 13:53:50
=ended         2016-03-14 13:53:50
=result        failed: {undef,
                           [{escalus,fresh_story,
                                [[{escalus_event_mgr,<0.2647.0>},
                                  {tc_name,initial_service_discovery_test},
                                  {escalus_cleaner,<0.2646.0>},
                                  {watchdog,<0.2643.0>},
                                  {preset,"ldap_mnesia"},
                                  {tc_logfile,
                                      "/home/travis/build/esl/MongooseIM/test/ejabberd_tests/ct_report/ct_run.test@testing-gce-ffee43d8-8e2e-46f8-a1bf-6e3757f7c894.2016-03-14_13.53.41/ejabberd_tests.tests.amp_SUITE.logs/run.2016-03-14_13.53.50/amp_suite.initial_service_discovery_test.963630.158.html"},
                                  {tc_group_properties,
                                      [{shuffle,{1457,963630,111062}},
                                       {suite,amp_SUITE},
                                       {name,all},
                                       parallel]},
                                  {tc_group_path,[]},
                                  {data_dir,
                                      "/home/travis/build/esl/MongooseIM/test/ejabberd_tests/tests/amp_SUITE_data/"},
                                  {priv_dir,
                                      "/home/travis/build/esl/MongooseIM/test/ejabberd_tests/ct_report/ct_run.test@testing-gce-ffee43d8-8e2e-46f8-a1bf-6e3757f7c894.2016-03-14_13.53.41/ejabberd_tests.tests.amp_SUITE.logs/run.2016-03-14_13.53.50/log_private/"}],
                                 [{alice,1}],
                                 #Fun<amp_SUITE.0.15361033>],
                                []},
                            {test_server,ts_tc,3,
                                [{file,"test_server.erl"},{line,1429}]},
                            {test_server,run_test_case_eval1,6,
                                [{file,"test_server.erl"},{line,1026}]},
                            {test_server,run_test_case_eval,9,
                                [{file,"test_server.erl"},{line,968}]}]}, [{escalus,
                                                                            fresh_story},
                                                                           {test_server,
                                                                            ts_tc,
                                                                            1429},
                                                                           {test_server,
                                                                            run_test_case_eval1,
                                                                            1026},
                                                                           {test_server,
                                                                            run_test_case_eval,
                                                                            968}]
=== *** FAILED test case 16 of 16 ***
=case          ct_framework:end_per_group
=logfile       ct_framework.end_per_group.html
=group_props   [{suite,amp_SUITE},{name,all},parallel,shuffle]
=started       2016-03-14 13:53:50
=ended         2016-03-14 13:53:50
=result        ok
=elapsed       1.6e-4
=group_time    0.124s
=case          amp_SUITE:end_per_suite
=logfile       amp_suite.end_per_suite.html
=started       2016-03-14 13:53:50
=ended         2016-03-14 13:53:50
=result        failed: {undef,
                           [{escalus_fresh,clean,[],[]},
                            {amp_SUITE,end_per_suite,1,
                                [{file,"amp_SUITE.erl"},{line,44}]},
                            {test_server,ts_tc,3,
                                [{file,"test_server.erl"},{line,1429}]},
                            {test_server,run_test_case_eval1,6,
                                [{file,"test_server.erl"},{line,1099}]},
                            {test_server,run_test_case_eval,9,
                                [{file,"test_server.erl"},{line,968}]}]}, [{escalus_fresh,
                                                                            clean},
                                                                           {amp_SUITE,
                                                                            end_per_suite,
                                                                            44},
                                                                           {test_server,
                                                                            ts_tc,
                                                                            1429},
                                                                           {test_server,
                                                                            run_test_case_eval1,
                                                                            1099},
                                                                           {test_server,
                                                                            run_test_case_eval,
                                                                            968}]
=== *** FAILED {amp_SUITE,end_per_suite} ***
=group_time    0.188s
=== TEST COMPLETE, 0 ok, 16 failed of 16 test cases

=finished      2016-03-14 13:53:50
=failed        16
=successful    0
=user_skipped  0
=auto_skipped  0
