=== Suite started at 2016-04-06 18:40:46
=== Starting test, 27 test cases
=cases         27
=user          travis
=host          testing-gce-8725f695-e1db-43f7-89b3-6028d0f5639f
=hosts         testing-gce-8725f695-e1db-43f7-89b3-6028d0f5639f 
=emulator_vsn  6.4
=emulator      beam
=otp_release   17
=started       2016-04-06 18:40:46
=case          login_SUITE:init_per_suite
=logfile       login_suite.init_per_suite.html
=started       2016-04-06 18:40:46
=ended         2016-04-06 18:40:46
=result        ok
=elapsed       0.002374
=case          login_SUITE:init_per_group
=logfile       login_suite.init_per_group.html
=group_props   [{name,register},sequence]
=started       2016-04-06 18:40:46
=ended         2016-04-06 18:40:46
=result        failed: {{badmatch,false},
                        [{escalus_utils,make_jid,1,
                             [{file,"src/escalus_utils.erl"},{line,148}]},
                         {escalus_connection,start,2,
                             [{file,"src/escalus_connection.erl"},{line,109}]},
                         {escalus_users,is_mod_register_enabled,1,
                             [{file,"src/escalus_users.erl"},{line,304}]},
                         {login_SUITE,skip_if_mod_register_not_enabled,1,
                             [{file,"login_SUITE.erl"},{line,518}]},
                         {test_server,ts_tc,3,
                             [{file,"test_server.erl"},{line,1429}]},
                         {test_server,run_test_case_eval1,6,
                             [{file,"test_server.erl"},{line,1099}]},
                         {test_server,run_test_case_eval,9,
                             [{file,"test_server.erl"},{line,968}]}]}, [{escalus_utils,
                                                                         make_jid,
                                                                         148},
                                                                        {escalus_connection,
                                                                         start,
                                                                         109},
                                                                        {escalus_users,
                                                                         is_mod_register_enabled,
                                                                         304},
                                                                        {login_SUITE,
                                                                         skip_if_mod_register_not_enabled,
                                                                         518},
                                                                        {test_server,
                                                                         ts_tc,
                                                                         1429},
                                                                        {test_server,
                                                                         run_test_case_eval1,
                                                                         1099},
                                                                        {test_server,
                                                                         run_test_case_eval,
                                                                         968}]
=== *** FAILED {login_SUITE,init_per_group} ***
=== 
=case          login_SUITE:register
=group_props   [{name,"register"}]
=started       2016-04-06 18:40:46
=result        auto_skipped: init_per_group failed
=== *** Skipping test case #1 {login_SUITE,register} ***
=== 
=case          login_SUITE:already_registered
=group_props   [{name,"register"}]
=started       2016-04-06 18:40:46
=result        auto_skipped: init_per_group failed
=== *** Skipping test case #2 {login_SUITE,already_registered} ***
=== 
=case          login_SUITE:check_unregistered
=group_props   [{name,"register"}]
=started       2016-04-06 18:40:46
=result        auto_skipped: init_per_group failed
=== *** Skipping test case #3 {login_SUITE,check_unregistered} ***
=== 
=case          login_SUITE:end_per_group
=group_props   [{name,"register"}]
=started       2016-04-06 18:40:46
=result        auto_skipped: init_per_group failed
=== *** Skipping {login_SUITE,end_per_group} ***
=case          login_SUITE:init_per_group
=logfile       login_suite.init_per_group.968046.284.html
=group_props   [{name,bad_registration},no_sequence]
=started       2016-04-06 18:40:46
=ended         2016-04-06 18:40:46
=result        ok
=elapsed       1.0e-6
=case          login_SUITE:null_password
=logfile       login_suite.null_password.html
=started       2016-04-06 18:40:46
=ended         2016-04-06 18:40:46
=result        failed: {{badmatch,false},
                        [{escalus_utils,make_jid,1,
                             [{file,"src/escalus_utils.erl"},{line,150}]},
                         {escalus_connection,start,2,
                             [{file,"src/escalus_connection.erl"},{line,109}]},
                         {escalus_users,create_user,2,
                             [{file,"src/escalus_users.erl"},{line,247}]},
                         {login_SUITE,null_password,1,
                             [{file,"login_SUITE.erl"},{line,269}]},
                         {test_server,ts_tc,3,
                             [{file,"test_server.erl"},{line,1429}]},
                         {test_server,run_test_case_eval1,6,
                             [{file,"test_server.erl"},{line,1026}]},
                         {test_server,run_test_case_eval,9,
                             [{file,"test_server.erl"},{line,968}]}]}, [{escalus_utils,
                                                                         make_jid,
                                                                         150},
                                                                        {escalus_connection,
                                                                         start,
                                                                         109},
                                                                        {escalus_users,
                                                                         create_user,
                                                                         247},
                                                                        {login_SUITE,
                                                                         null_password,
                                                                         269},
                                                                        {test_server,
                                                                         ts_tc,
                                                                         1429},
                                                                        {test_server,
                                                                         run_test_case_eval1,
                                                                         1026},
                                                                        {test_server,
                                                                         run_test_case_eval,
                                                                         968}]
=== *** FAILED test case 4 of 27 ***
=case          login_SUITE:end_per_group
=logfile       login_suite.end_per_group.html
=group_props   [{name,bad_registration},no_sequence]
=started       2016-04-06 18:40:46
=ended         2016-04-06 18:40:46
=result        ok
=elapsed       1.0e-6
=group_time    0.058s
=case          login_SUITE:init_per_group
=logfile       login_suite.init_per_group.968046.378.html
=group_props   [{name,bad_cancelation},no_sequence]
=started       2016-04-06 18:40:46
=ended         2016-04-06 18:40:46
=result        failed: {{badmatch,false},
                        [{escalus_utils,make_jid,1,
                             [{file,"src/escalus_utils.erl"},{line,148}]},
                         {escalus_connection,start,2,
                             [{file,"src/escalus_connection.erl"},{line,109}]},
                         {escalus_users,is_mod_register_enabled,1,
                             [{file,"src/escalus_users.erl"},{line,304}]},
                         {login_SUITE,skip_if_mod_register_not_enabled,1,
                             [{file,"login_SUITE.erl"},{line,518}]},
                         {test_server,ts_tc,3,
                             [{file,"test_server.erl"},{line,1429}]},
                         {test_server,run_test_case_eval1,6,
                             [{file,"test_server.erl"},{line,1099}]},
                         {test_server,run_test_case_eval,9,
                             [{file,"test_server.erl"},{line,968}]}]}, [{escalus_utils,
                                                                         make_jid,
                                                                         148},
                                                                        {escalus_connection,
                                                                         start,
                                                                         109},
                                                                        {escalus_users,
                                                                         is_mod_register_enabled,
                                                                         304},
                                                                        {login_SUITE,
                                                                         skip_if_mod_register_not_enabled,
                                                                         518},
                                                                        {test_server,
                                                                         ts_tc,
                                                                         1429},
                                                                        {test_server,
                                                                         run_test_case_eval1,
                                                                         1099},
                                                                        {test_server,
                                                                         run_test_case_eval,
                                                                         968}]
=== *** FAILED {login_SUITE,init_per_group} ***
=== 
=case          login_SUITE:bad_request_registration_cancelation
=group_props   [{name,"bad_cancelation"}]
=started       2016-04-06 18:40:46
=result        auto_skipped: init_per_group failed
=== *** Skipping test case #5 {login_SUITE,bad_request_registration_cancelation} ***
=== 
=case          login_SUITE:not_allowed_registration_cancelation
=group_props   [{name,"bad_cancelation"}]
=started       2016-04-06 18:40:46
=result        auto_skipped: init_per_group failed
=== *** Skipping test case #6 {login_SUITE,not_allowed_registration_cancelation} ***
=== 
=case          login_SUITE:end_per_group
=group_props   [{name,"bad_cancelation"}]
=started       2016-04-06 18:40:46
=result        auto_skipped: init_per_group failed
=== *** Skipping {login_SUITE,end_per_group} ***
=case          login_SUITE:init_per_group
=logfile       login_suite.init_per_group.968046.410.html
=group_props   [{name,registration_timeout},sequence]
=started       2016-04-06 18:40:46
=ended         2016-04-06 18:40:46
=result        failed: {{badmatch,false},
                        [{escalus_utils,make_jid,1,
                             [{file,"src/escalus_utils.erl"},{line,148}]},
                         {escalus_connection,start,2,
                             [{file,"src/escalus_connection.erl"},{line,109}]},
                         {escalus_users,is_mod_register_enabled,1,
                             [{file,"src/escalus_users.erl"},{line,304}]},
                         {login_SUITE,init_per_group,2,
                             [{file,"login_SUITE.erl"},{line,101}]},
                         {test_server,ts_tc,3,
                             [{file,"test_server.erl"},{line,1429}]},
                         {test_server,run_test_case_eval1,6,
                             [{file,"test_server.erl"},{line,1099}]},
                         {test_server,run_test_case_eval,9,
                             [{file,"test_server.erl"},{line,968}]}]}, [{escalus_utils,
                                                                         make_jid,
                                                                         148},
                                                                        {escalus_connection,
                                                                         start,
                                                                         109},
                                                                        {escalus_users,
                                                                         is_mod_register_enabled,
                                                                         304},
                                                                        {login_SUITE,
                                                                         init_per_group,
                                                                         101},
                                                                        {test_server,
                                                                         ts_tc,
                                                                         1429},
                                                                        {test_server,
                                                                         run_test_case_eval1,
                                                                         1099},
                                                                        {test_server,
                                                                         run_test_case_eval,
                                                                         968}]
=== *** FAILED {login_SUITE,init_per_group} ***
=== 
=case          login_SUITE:registration_timeout
=group_props   [{name,"registration_timeout"}]
=started       2016-04-06 18:40:46
=result        auto_skipped: init_per_group failed
=== *** Skipping test case #7 {login_SUITE,registration_timeout} ***
=== 
=case          login_SUITE:registration_failure_timeout
=group_props   [{name,"registration_timeout"}]
=started       2016-04-06 18:40:46
=result        auto_skipped: init_per_group failed
=== *** Skipping test case #8 {login_SUITE,registration_failure_timeout} ***
=== 
=case          login_SUITE:end_per_group
=group_props   [{name,"registration_timeout"}]
=started       2016-04-06 18:40:46
=result        auto_skipped: init_per_group failed
=== *** Skipping {login_SUITE,end_per_group} ***
=case          login_SUITE:init_per_group
=logfile       login_suite.init_per_group.968046.441.html
=group_props   [{name,change_account_details},no_sequence]
=started       2016-04-06 18:40:46
=ended         2016-04-06 18:40:46
=result        failed: {{badmatch,false},
                        [{escalus_utils,make_jid,1,
                             [{file,"src/escalus_utils.erl"},{line,148}]},
                         {escalus_connection,start,2,
                             [{file,"src/escalus_connection.erl"},{line,109}]},
                         {escalus_users,is_mod_register_enabled,1,
                             [{file,"src/escalus_users.erl"},{line,304}]},
                         {login_SUITE,skip_if_mod_register_not_enabled,1,
                             [{file,"login_SUITE.erl"},{line,518}]},
                         {test_server,ts_tc,3,
                             [{file,"test_server.erl"},{line,1429}]},
                         {test_server,run_test_case_eval1,6,
                             [{file,"test_server.erl"},{line,1099}]},
                         {test_server,run_test_case_eval,9,
                             [{file,"test_server.erl"},{line,968}]}]}, [{escalus_utils,
                                                                         make_jid,
                                                                         148},
                                                                        {escalus_connection,
                                                                         start,
                                                                         109},
                                                                        {escalus_users,
                                                                         is_mod_register_enabled,
                                                                         304},
                                                                        {login_SUITE,
                                                                         skip_if_mod_register_not_enabled,
                                                                         518},
                                                                        {test_server,
                                                                         ts_tc,
                                                                         1429},
                                                                        {test_server,
                                                                         run_test_case_eval1,
                                                                         1099},
                                                                        {test_server,
                                                                         run_test_case_eval,
                                                                         968}]
=== *** FAILED {login_SUITE,init_per_group} ***
=== 
=case          login_SUITE:change_password
=group_props   [{name,"change_account_details"}]
=started       2016-04-06 18:40:46
=result        auto_skipped: init_per_group failed
=== *** Skipping test case #9 {login_SUITE,change_password} ***
=== 
=case          login_SUITE:change_password_to_null
=group_props   [{name,"change_account_details"}]
=started       2016-04-06 18:40:46
=result        auto_skipped: init_per_group failed
=== *** Skipping test case #10 {login_SUITE,change_password_to_null} ***
=== 
=case          login_SUITE:end_per_group
=group_props   [{name,"change_account_details"}]
=started       2016-04-06 18:40:46
=result        auto_skipped: init_per_group failed
=== *** Skipping {login_SUITE,end_per_group} ***
=case          login_SUITE:init_per_group
=logfile       login_suite.init_per_group.968046.475.html
=group_props   [{name,login},sequence]
=started       2016-04-06 18:40:46
=ended         2016-04-06 18:40:46
=result        ok
=elapsed       0.0129
=case          login_SUITE:log_one
=logfile       login_suite.log_one.html
=started       2016-04-06 18:40:46
=ended         2016-04-06 18:40:47
=result        ok
=elapsed       0.463445
=case          login_SUITE:log_non_existent_plain
=logfile       login_suite.log_non_existent_plain.html
=started       2016-04-06 18:40:47
=ended         2016-04-06 18:40:47
=result        ok
=elapsed       0.203386
=case          login_SUITE:log_one_digest
=logfile       login_suite.log_one_digest.html
=started       2016-04-06 18:40:47
=ended         2016-04-06 18:40:48
=result        ok
=elapsed       0.905766
=case          login_SUITE:log_non_existent_digest
=logfile       login_suite.log_non_existent_digest.html
=started       2016-04-06 18:40:48
=ended         2016-04-06 18:40:48
=result        ok
=elapsed       0.24431
=case          login_SUITE:log_one_scram
=logfile       login_suite.log_one_scram.html
=started       2016-04-06 18:40:48
=ended         2016-04-06 18:40:49
=result        ok
=elapsed       0.66147
=case          login_SUITE:log_non_existent_scram
=logfile       login_suite.log_non_existent_scram.html
=started       2016-04-06 18:40:49
=ended         2016-04-06 18:40:49
=result        ok
=elapsed       0.203591
=case          login_SUITE:blocked_user
=logfile       login_suite.blocked_user.html
=started       2016-04-06 18:40:49
=ended         2016-04-06 18:40:49
=result        ok
=elapsed       0.178613
=case          login_SUITE:end_per_group
=logfile       login_suite.end_per_group.968049.580.html
=group_props   [{name,login},sequence]
=started       2016-04-06 18:40:49
=ended         2016-04-06 18:40:49
=result        ok
=elapsed       0.038405
=group_time    3.105s
=case          login_SUITE:init_per_group
=logfile       login_suite.init_per_group.968049.645.html
=group_props   [{name,login_scram},sequence]
=started       2016-04-06 18:40:49
=ended         2016-04-06 18:40:49
=result        ok
=elapsed       0.033285
=case          login_SUITE:log_one
=logfile       login_suite.log_one.968049.704.html
=started       2016-04-06 18:40:49
=ended         2016-04-06 18:40:50
=result        ok
=elapsed       0.470778
=case          login_SUITE:log_one_scram
=logfile       login_suite.log_one_scram.968050.205.html
=started       2016-04-06 18:40:50
=ended         2016-04-06 18:40:50
=result        ok
=elapsed       0.663131
=case          login_SUITE:end_per_group
=logfile       login_suite.end_per_group.968050.897.html
=group_props   [{name,login_scram},sequence]
=started       2016-04-06 18:40:50
=ended         2016-04-06 18:40:50
=result        ok
=elapsed       0.039444
=group_time    1.252s
=case          login_SUITE:init_per_group
=logfile       login_suite.init_per_group.968050.965.html
=group_props   [{name,login_scram_store_plain},sequence]
=started       2016-04-06 18:40:50
=ended         2016-04-06 18:40:50
=result        ok
=elapsed       0.010285
=case          login_SUITE:log_one
=logfile       login_suite.log_one.968051.1.html
=started       2016-04-06 18:40:51
=ended         2016-04-06 18:40:51
=result        ok
=elapsed       0.464849
=case          login_SUITE:log_one_scram
=logfile       login_suite.log_one_scram.968051.493.html
=started       2016-04-06 18:40:51
=ended         2016-04-06 18:40:52
=result        ok
=elapsed       0.666098
=case          login_SUITE:end_per_group
=logfile       login_suite.end_per_group.968052.189.html
=group_props   [{name,login_scram_store_plain},sequence]
=started       2016-04-06 18:40:52
=ended         2016-04-06 18:40:52
=result        ok
=elapsed       0.041138
=group_time    1.224s
=case          login_SUITE:init_per_group
=logfile       login_suite.init_per_group.968052.257.html
=group_props   [{name,legacy_auth},sequence]
=started       2016-04-06 18:40:52
=ended         2016-04-06 18:40:52
=result        ok
=elapsed       0.013986
=case          login_SUITE:legacy_successful_plain
=logfile       login_suite.legacy_successful_plain.html
=started       2016-04-06 18:40:52
=ended         2016-04-06 18:40:52
=result        failed: {{badmatch,false},
                        [{escalus_utils,make_jid,1,
                             [{file,"src/escalus_utils.erl"},{line,150}]},
                         {escalus_connection,start,2,
                             [{file,"src/escalus_connection.erl"},{line,109}]},
                         {login_SUITE,legacy_auth,2,
                             [{file,"login_SUITE.erl"},{line,498}]},
                         {test_server,ts_tc,3,
                             [{file,"test_server.erl"},{line,1429}]},
                         {test_server,run_test_case_eval1,6,
                             [{file,"test_server.erl"},{line,1026}]},
                         {test_server,run_test_case_eval,9,
                             [{file,"test_server.erl"},{line,968}]}]}, [{escalus_utils,
                                                                         make_jid,
                                                                         150},
                                                                        {escalus_connection,
                                                                         start,
                                                                         109},
                                                                        {login_SUITE,
                                                                         legacy_auth,
                                                                         498},
                                                                        {test_server,
                                                                         ts_tc,
                                                                         1429},
                                                                        {test_server,
                                                                         run_test_case_eval1,
                                                                         1026},
                                                                        {test_server,
                                                                         run_test_case_eval,
                                                                         968}]
=== *** FAILED test case 22 of 27 ***
=== 
=case          login_SUITE:legacy_unsuccessful_plain
=group_props   [{name,"legacy_auth"}]
=started       2016-04-06 18:40:52
=result        auto_skipped: {failed,{login_SUITE,legacy_successful_plain}}
=== *** Skipping test case #23 {login_SUITE,legacy_unsuccessful_plain} ***
=== 
=case          login_SUITE:legacy_successful_digest
=group_props   [{name,"legacy_auth"}]
=started       2016-04-06 18:40:52
=result        auto_skipped: {failed,{login_SUITE,legacy_successful_plain}}
=== *** Skipping test case #24 {login_SUITE,legacy_successful_digest} ***
=== 
=case          login_SUITE:legacy_blocked_user
=group_props   [{name,"legacy_auth"}]
=started       2016-04-06 18:40:52
=result        auto_skipped: {failed,{login_SUITE,legacy_successful_plain}}
=== *** Skipping test case #25 {login_SUITE,legacy_blocked_user} ***
=case          login_SUITE:end_per_group
=logfile       login_suite.end_per_group.968052.340.html
=group_props   [{name,legacy_auth},sequence]
=started       2016-04-06 18:40:52
=ended         2016-04-06 18:40:52
=result        ok
=elapsed       0.04628
=group_time    0.083s
=case          login_SUITE:init_per_group
=logfile       login_suite.init_per_group.968052.412.html
=group_props   [{name,messages},sequence]
=started       2016-04-06 18:40:52
=ended         2016-04-06 18:40:52
=result        ok
=elapsed       0.011635
=case          login_SUITE:messages_story
=logfile       login_suite.messages_story.html
=started       2016-04-06 18:40:52
=ended         2016-04-06 18:40:53
=result        ok
=elapsed       0.930014
=case          login_SUITE:message_zlib_limit
=logfile       login_suite.message_zlib_limit.html
=started       2016-04-06 18:40:53
=ended         2016-04-06 18:40:54
=result        ok
=elapsed       0.844159
=case          login_SUITE:end_per_group
=logfile       login_suite.end_per_group.968054.309.html
=group_props   [{name,messages},sequence]
=started       2016-04-06 18:40:54
=ended         2016-04-06 18:40:54
=result        ok
=elapsed       0.040542
=group_time    1.896s
=case          login_SUITE:end_per_suite
=logfile       login_suite.end_per_suite.html
=started       2016-04-06 18:40:54
=ended         2016-04-06 18:40:54
=result        ok
=elapsed       0.001419
=group_time    8.188s
=== TEST COMPLETE, 13 ok, 2 failed, 12 skipped of 27 test cases

=finished      2016-04-06 18:40:54
=failed        2
=successful    13
=user_skipped  0
=auto_skipped  12
