=== Suite started at 2016-04-13 09:44:56
=== Starting test, 21 test cases
=cases         21
=user          travis
=host          testing-gce-ef84ad86-72e7-4bfb-94bd-f798f227b27c
=hosts         testing-gce-ef84ad86-72e7-4bfb-94bd-f798f227b27c 
=emulator_vsn  6.4
=emulator      beam
=otp_release   17
=started       2016-04-13 09:44:56
=case          vcard_SUITE:init_per_suite
=logfile       vcard_suite.init_per_suite.html
=started       2016-04-13 09:44:56
=ended         2016-04-13 09:44:57
=result        ok
=elapsed       1.040263
=case          vcard_SUITE:init_per_group
=logfile       vcard_suite.init_per_group.html
=group_props   [{name,rw},sequence]
=started       2016-04-13 09:44:57
=ended         2016-04-13 09:44:57
=result        ok
=elapsed       0.072655
=case          vcard_SUITE:update_own_card
=logfile       vcard_suite.update_own_card.html
=started       2016-04-13 09:44:57
=ended         2016-04-13 09:44:58
=result        failed: {timeout_when_waiting_for_stanza,
                           [{escalus_client,wait_for_stanza,
                                [{client,<<"alicE@localhost/res1">>,
                                     escalus_tcp,#Port<0.30569>,false,false,
                                     <0.29660.0>,
                                     [{event_manager,<0.29658.0>},
                                      {server,<<"localhost">>},
                                      {username,<<"alicE">>},
                                      {resource,<<"res1">>}]},
                                 1000],
                                [{file,"src/escalus_client.erl"},{line,119}]},
                            {vcard_SUITE,'-do_update_own_card/1-fun-0-',1,
                                [{file,"vcard_SUITE.erl"},{line,182}]},
                            {escalus_story,story,3,
                                [{file,"src/escalus_story.erl"},{line,40}]},
                            {test_server,ts_tc,3,
                                [{file,"test_server.erl"},{line,1429}]},
                            {test_server,run_test_case_eval1,6,
                                [{file,"test_server.erl"},{line,1026}]},
                            {test_server,run_test_case_eval,9,
                                [{file,"test_server.erl"},{line,968}]}]}, [{escalus_client,
                                                                            wait_for_stanza,
                                                                            119},
                                                                           {vcard_SUITE,
                                                                            '-do_update_own_card/1-fun-0-',
                                                                            182},
                                                                           {escalus_story,
                                                                            story,
                                                                            40},
                                                                           {test_server,
                                                                            ts_tc,
                                                                            1429},
                                                                           {test_server,
                                                                            run_test_case_eval1,
                                                                            1026},
                                                                           {test_server,
                                                                            run_test_case_eval,
                                                                            968}]
=== *** FAILED test case 1 of 21 ***
=case          vcard_SUITE:end_per_group
=logfile       vcard_suite.end_per_group.html
=group_props   [{name,rw},sequence]
=started       2016-04-13 09:44:58
=ended         2016-04-13 09:44:58
=result        ok
=elapsed       0.001041
=group_time    1.395s
=case          vcard_SUITE:init_per_group
=logfile       vcard_suite.init_per_group.540698.811.html
=group_props   [{name,ro_full}]
=started       2016-04-13 09:44:58
=ended         2016-04-13 09:45:01
=result        ok
=elapsed       3.06469
=case          vcard_SUITE:retrieve_own_card
=logfile       vcard_suite.retrieve_own_card.html
=started       2016-04-13 09:45:01
=ended         2016-04-13 09:45:03
=result        failed: {timeout_when_waiting_for_stanza,
                           [{escalus_client,wait_for_stanza,
                                [{client,<<"alicE@localhost/res1">>,
                                     escalus_tcp,#Port<0.30574>,false,false,
                                     <0.29684.0>,
                                     [{event_manager,<0.29683.0>},
                                      {server,<<"localhost">>},
                                      {username,<<"alicE">>},
                                      {resource,<<"res1">>}]},
                                 1000],
                                [{file,"src/escalus_client.erl"},{line,119}]},
                            {vcard_SUITE,'-retrieve_own_card/1-fun-0-',2,
                                [{file,"vcard_SUITE.erl"},{line,196}]},
                            {escalus_story,story,3,
                                [{file,"src/escalus_story.erl"},{line,40}]},
                            {test_server,ts_tc,3,
                                [{file,"test_server.erl"},{line,1429}]},
                            {test_server,run_test_case_eval1,6,
                                [{file,"test_server.erl"},{line,1026}]},
                            {test_server,run_test_case_eval,9,
                                [{file,"test_server.erl"},{line,968}]}]}, [{escalus_client,
                                                                            wait_for_stanza,
                                                                            119},
                                                                           {vcard_SUITE,
                                                                            '-retrieve_own_card/1-fun-0-',
                                                                            196},
                                                                           {escalus_story,
                                                                            story,
                                                                            40},
                                                                           {test_server,
                                                                            ts_tc,
                                                                            1429},
                                                                           {test_server,
                                                                            run_test_case_eval1,
                                                                            1026},
                                                                           {test_server,
                                                                            run_test_case_eval,
                                                                            968}]
=== *** FAILED test case 2 of 21 ***
=case          vcard_SUITE:user_doesnt_exist
=logfile       vcard_suite.user_doesnt_exist.html
=started       2016-04-13 09:45:03
=ended         2016-04-13 09:45:04
=result        failed: {timeout_when_waiting_for_stanza,
                           [{escalus_client,wait_for_stanza,
                                [{client,<<"alicE@localhost/res1">>,
                                     escalus_tcp,#Port<0.30577>,false,false,
                                     <0.29691.0>,
                                     [{event_manager,<0.29690.0>},
                                      {server,<<"localhost">>},
                                      {username,<<"alicE">>},
                                      {resource,<<"res1">>}]},
                                 1000],
                                [{file,"src/escalus_client.erl"},{line,119}]},
                            {vcard_SUITE,'-user_doesnt_exist/1-fun-0-',1,
                                [{file,"vcard_SUITE.erl"},{line,213}]},
                            {escalus_story,story,3,
                                [{file,"src/escalus_story.erl"},{line,40}]},
                            {test_server,ts_tc,3,
                                [{file,"test_server.erl"},{line,1429}]},
                            {test_server,run_test_case_eval1,6,
                                [{file,"test_server.erl"},{line,1026}]},
                            {test_server,run_test_case_eval,9,
                                [{file,"test_server.erl"},{line,968}]}]}, [{escalus_client,
                                                                            wait_for_stanza,
                                                                            119},
                                                                           {vcard_SUITE,
                                                                            '-user_doesnt_exist/1-fun-0-',
                                                                            213},
                                                                           {escalus_story,
                                                                            story,
                                                                            40},
                                                                           {test_server,
                                                                            ts_tc,
                                                                            1429},
                                                                           {test_server,
                                                                            run_test_case_eval1,
                                                                            1026},
                                                                           {test_server,
                                                                            run_test_case_eval,
                                                                            968}]
=== *** FAILED test case 3 of 21 ***
=case          vcard_SUITE:update_other_card
=logfile       vcard_suite.update_other_card.html
=started       2016-04-13 09:45:04
=ended         2016-04-13 09:45:06
=result        failed: {timeout_when_waiting_for_stanza,
                           [{escalus_client,wait_for_stanza,
                                [{client,<<"alicE@localhost/res1">>,
                                     escalus_tcp,#Port<0.30580>,false,false,
                                     <0.29698.0>,
                                     [{event_manager,<0.29697.0>},
                                      {server,<<"localhost">>},
                                      {username,<<"alicE">>},
                                      {resource,<<"res1">>}]},
                                 1000],
                                [{file,"src/escalus_client.erl"},{line,119}]},
                            {vcard_SUITE,'-update_other_card/1-fun-0-',3,
                                [{file,"vcard_SUITE.erl"},{line,241}]},
                            {escalus_story,story,3,
                                [{file,"src/escalus_story.erl"},{line,40}]},
                            {test_server,ts_tc,3,
                                [{file,"test_server.erl"},{line,1429}]},
                            {test_server,run_test_case_eval1,6,
                                [{file,"test_server.erl"},{line,1026}]},
                            {test_server,run_test_case_eval,9,
                                [{file,"test_server.erl"},{line,968}]}]}, [{escalus_client,
                                                                            wait_for_stanza,
                                                                            119},
                                                                           {vcard_SUITE,
                                                                            '-update_other_card/1-fun-0-',
                                                                            241},
                                                                           {escalus_story,
                                                                            story,
                                                                            40},
                                                                           {test_server,
                                                                            ts_tc,
                                                                            1429},
                                                                           {test_server,
                                                                            run_test_case_eval1,
                                                                            1026},
                                                                           {test_server,
                                                                            run_test_case_eval,
                                                                            968}]
=== *** FAILED test case 4 of 21 ***
=case          vcard_SUITE:retrieve_others_card
=logfile       vcard_suite.retrieve_others_card.html
=started       2016-04-13 09:45:06
=ended         2016-04-13 09:45:08
=result        failed: {timeout_when_waiting_for_stanza,
                           [{escalus_client,wait_for_stanza,
                                [{client,<<"alicE@localhost/res1">>,
                                     escalus_tcp,#Port<0.30584>,false,false,
                                     <0.29706.0>,
                                     [{event_manager,<0.29705.0>},
                                      {server,<<"localhost">>},
                                      {username,<<"alicE">>},
                                      {resource,<<"res1">>}]},
                                 1000],
                                [{file,"src/escalus_client.erl"},{line,119}]},
                            {vcard_SUITE,'-retrieve_others_card/1-fun-0-',3,
                                [{file,"vcard_SUITE.erl"},{line,252}]},
                            {escalus_story,story,3,
                                [{file,"src/escalus_story.erl"},{line,40}]},
                            {test_server,ts_tc,3,
                                [{file,"test_server.erl"},{line,1429}]},
                            {test_server,run_test_case_eval1,6,
                                [{file,"test_server.erl"},{line,1026}]},
                            {test_server,run_test_case_eval,9,
                                [{file,"test_server.erl"},{line,968}]}]}, [{escalus_client,
                                                                            wait_for_stanza,
                                                                            119},
                                                                           {vcard_SUITE,
                                                                            '-retrieve_others_card/1-fun-0-',
                                                                            252},
                                                                           {escalus_story,
                                                                            story,
                                                                            40},
                                                                           {test_server,
                                                                            ts_tc,
                                                                            1429},
                                                                           {test_server,
                                                                            run_test_case_eval1,
                                                                            1026},
                                                                           {test_server,
                                                                            run_test_case_eval,
                                                                            968}]
=== *** FAILED test case 5 of 21 ***
=case          vcard_SUITE:vcard_service_discovery
=logfile       vcard_suite.vcard_service_discovery.html
=started       2016-04-13 09:45:08
=ended         2016-04-13 09:45:08
=result        ok
=elapsed       0.46885
=case          vcard_SUITE:server_vcard
=logfile       vcard_suite.server_vcard.html
=started       2016-04-13 09:45:08
=ended         2016-04-13 09:45:08
=result        ok
=elapsed       0.465974
=case          vcard_SUITE:directory_service_vcard
=logfile       vcard_suite.directory_service_vcard.html
=started       2016-04-13 09:45:09
=ended         2016-04-13 09:45:09
=result        ok
=elapsed       0.462792
=case          vcard_SUITE:request_search_fields
=logfile       vcard_suite.request_search_fields.html
=started       2016-04-13 09:45:09
=ended         2016-04-13 09:45:09
=result        ok
=elapsed       0.463444
=case          vcard_SUITE:search_open
=logfile       vcard_suite.search_open.html
=started       2016-04-13 09:45:09
=ended         2016-04-13 09:45:10
=result        ok
=elapsed       0.463142
=case          vcard_SUITE:search_empty
=logfile       vcard_suite.search_empty.html
=started       2016-04-13 09:45:10
=ended         2016-04-13 09:45:10
=result        ok
=elapsed       0.466794
=case          vcard_SUITE:search_some
=logfile       vcard_suite.search_some.html
=started       2016-04-13 09:45:10
=ended         2016-04-13 09:45:11
=result        failed: {{badmatch,[]},
                        [{vcard_SUITE,'-search_some/1-fun-0-',2,
                             [{file,"vcard_SUITE.erl"},{line,373}]},
                         {escalus_story,story,3,
                             [{file,"src/escalus_story.erl"},{line,40}]},
                         {test_server,ts_tc,3,
                             [{file,"test_server.erl"},{line,1429}]},
                         {test_server,run_test_case_eval1,6,
                             [{file,"test_server.erl"},{line,1026}]},
                         {test_server,run_test_case_eval,9,
                             [{file,"test_server.erl"},{line,968}]}]}, [{vcard_SUITE,
                                                                         '-search_some/1-fun-0-',
                                                                         373},
                                                                        {escalus_story,
                                                                         story,
                                                                         40},
                                                                        {test_server,
                                                                         ts_tc,
                                                                         1429},
                                                                        {test_server,
                                                                         run_test_case_eval1,
                                                                         1026},
                                                                        {test_server,
                                                                         run_test_case_eval,
                                                                         968}]
=== *** FAILED test case 12 of 21 ***
=case          vcard_SUITE:search_some_many_fields
=logfile       vcard_suite.search_some_many_fields.html
=started       2016-04-13 09:45:11
=ended         2016-04-13 09:45:11
=result        failed: {{badmatch,[]},
                        [{vcard_SUITE,'-search_some_many_fields/1-fun-0-',1,
                             [{file,"vcard_SUITE.erl"},{line,409}]},
                         {escalus_story,story,3,
                             [{file,"src/escalus_story.erl"},{line,40}]},
                         {test_server,ts_tc,3,
                             [{file,"test_server.erl"},{line,1429}]},
                         {test_server,run_test_case_eval1,6,
                             [{file,"test_server.erl"},{line,1026}]},
                         {test_server,run_test_case_eval,9,
                             [{file,"test_server.erl"},{line,968}]}]}, [{vcard_SUITE,
                                                                         '-search_some_many_fields/1-fun-0-',
                                                                         409},
                                                                        {escalus_story,
                                                                         story,
                                                                         40},
                                                                        {test_server,
                                                                         ts_tc,
                                                                         1429},
                                                                        {test_server,
                                                                         run_test_case_eval1,
                                                                         1026},
                                                                        {test_server,
                                                                         run_test_case_eval,
                                                                         968}]
=== *** FAILED test case 13 of 21 ***
=case          vcard_SUITE:search_wildcard
=logfile       vcard_suite.search_wildcard.html
=started       2016-04-13 09:45:11
=ended         2016-04-13 09:45:12
=result        failed: {test_case_failed,
                           "can't find user <<\"bobb@localhost.bis\">> in received results: []"}, [{escalus_story,
                                                                                                    story,
                                                                                                    40},
                                                                                                   {test_server,
                                                                                                    ts_tc,
                                                                                                    1429},
                                                                                                   {test_server,
                                                                                                    run_test_case_eval1,
                                                                                                    1026},
                                                                                                   {test_server,
                                                                                                    run_test_case_eval,
                                                                                                    968}]
=== *** FAILED test case 14 of 21 ***
=case          vcard_SUITE:end_per_group
=logfile       vcard_suite.end_per_group.540712.474.html
=group_props   [{name,ro_full}]
=started       2016-04-13 09:45:12
=ended         2016-04-13 09:45:12
=result        ok
=elapsed       9.98e-4
=group_time    13.663s
=case          vcard_SUITE:init_per_group
=logfile       vcard_suite.init_per_group.540712.502.html
=group_props   [{name,ro_limited}]
=started       2016-04-13 09:45:12
=ended         2016-04-13 09:45:15
=result        ok
=elapsed       3.077069
=case          vcard_SUITE:search_open_limited
=logfile       vcard_suite.search_open_limited.html
=started       2016-04-13 09:45:15
=ended         2016-04-13 09:45:16
=result        ok
=elapsed       0.463051
=case          vcard_SUITE:search_some_limited
=logfile       vcard_suite.search_some_limited.html
=started       2016-04-13 09:45:16
=ended         2016-04-13 09:45:16
=result        failed: {{badmatch,[]},
                        [{vcard_SUITE,'-search_some_limited/1-fun-0-',1,
                             [{file,"vcard_SUITE.erl"},{line,490}]},
                         {escalus_story,story,3,
                             [{file,"src/escalus_story.erl"},{line,40}]},
                         {test_server,ts_tc,3,
                             [{file,"test_server.erl"},{line,1429}]},
                         {test_server,run_test_case_eval1,6,
                             [{file,"test_server.erl"},{line,1026}]},
                         {test_server,run_test_case_eval,9,
                             [{file,"test_server.erl"},{line,968}]}]}, [{vcard_SUITE,
                                                                         '-search_some_limited/1-fun-0-',
                                                                         490},
                                                                        {escalus_story,
                                                                         story,
                                                                         40},
                                                                        {test_server,
                                                                         ts_tc,
                                                                         1429},
                                                                        {test_server,
                                                                         run_test_case_eval1,
                                                                         1026},
                                                                        {test_server,
                                                                         run_test_case_eval,
                                                                         968}]
=== *** FAILED test case 16 of 21 ***
=case          vcard_SUITE:search_in_service_discovery
=logfile       vcard_suite.search_in_service_discovery.html
=started       2016-04-13 09:45:16
=ended         2016-04-13 09:45:17
=result        ok
=elapsed       0.525149
=case          vcard_SUITE:end_per_group
=logfile       vcard_suite.end_per_group.540717.153.html
=group_props   [{name,ro_limited}]
=started       2016-04-13 09:45:17
=ended         2016-04-13 09:45:17
=result        ok
=elapsed       9.88e-4
=group_time    4.651s
=case          vcard_SUITE:init_per_group
=logfile       vcard_suite.init_per_group.540717.182.html
=group_props   [{name,ro_no},sequence]
=started       2016-04-13 09:45:17
=ended         2016-04-13 09:45:20
=result        ok
=elapsed       3.078034
=case          vcard_SUITE:search_not_allowed
=logfile       vcard_suite.search_not_allowed.html
=started       2016-04-13 09:45:20
=ended         2016-04-13 09:45:20
=result        ok
=elapsed       0.463033
=case          vcard_SUITE:search_not_in_service_discovery
=logfile       vcard_suite.search_not_in_service_discovery.html
=started       2016-04-13 09:45:20
=ended         2016-04-13 09:45:21
=result        ok
=elapsed       0.461437
=case          vcard_SUITE:end_per_group
=logfile       vcard_suite.end_per_group.540721.269.html
=group_props   [{name,ro_no},sequence]
=started       2016-04-13 09:45:21
=ended         2016-04-13 09:45:21
=result        ok
=elapsed       9.3e-4
=group_time    4.087s
=case          vcard_SUITE:init_per_group
=logfile       vcard_suite.init_per_group.540721.296.html
=group_props   [{name,ldap_only}]
=started       2016-04-13 09:45:21
=ended         2016-04-13 09:45:21
=result        skipped: "this group is only for ldap vCard backend"
=== *** SKIPPED {vcard_SUITE,init_per_group} ***
=== 
=case          vcard_SUITE:search_some_many_fields_with_or_operator
=group_props   [{name,"ldap_only"}]
=started       2016-04-13 09:45:21
=result        skipped: this group is only for ldap vCard backend
=== *** Skipping test case #20 {vcard_SUITE,search_some_many_fields_with_or_operator} ***
=== 
=case          vcard_SUITE:return_photo_inserted_as_binary_by_3rd_party_service
=group_props   [{name,"ldap_only"}]
=started       2016-04-13 09:45:21
=result        skipped: this group is only for ldap vCard backend
=== *** Skipping test case #21 {vcard_SUITE,return_photo_inserted_as_binary_by_3rd_party_service} ***
=== 
=case          vcard_SUITE:end_per_group
=group_props   [{name,"ldap_only"}]
=started       2016-04-13 09:45:21
=result        skipped: this group is only for ldap vCard backend
=== *** Skipping {vcard_SUITE,end_per_group} ***
=case          vcard_SUITE:end_per_suite
=logfile       vcard_suite.end_per_suite.html
=started       2016-04-13 09:45:21
=ended         2016-04-13 09:45:23
=result        ok
=elapsed       1.888904
=group_time    25.101s
=== TEST COMPLETE, 10 ok, 9 failed, 2 skipped of 21 test cases

=finished      2016-04-13 09:45:23
=failed        9
=successful    10
=user_skipped  2
=auto_skipped  0
