=== Suite started at 2016-04-06 18:39:03
=== Starting test, 27 test cases
=cases         27
=user          travis
=host          testing-gce-8725f695-e1db-43f7-89b3-6028d0f5639f
=hosts         testing-gce-8725f695-e1db-43f7-89b3-6028d0f5639f 
=emulator_vsn  6.4
=emulator      beam
=otp_release   17
=started       2016-04-06 18:39:03
=case          connect_SUITE:init_per_suite
=logfile       connect_suite.init_per_suite.html
=started       2016-04-06 18:39:03
=ended         2016-04-06 18:39:03
=result        ok
=elapsed       0.020356
=case          connect_SUITE:init_per_group
=logfile       connect_suite.init_per_group.html
=group_props   [{name,c2s_noproc}]
=started       2016-04-06 18:39:03
=ended         2016-04-06 18:39:03
=result        ok
=elapsed       1.0e-6
=case          connect_SUITE:reset_stream_noproc
=logfile       connect_suite.reset_stream_noproc.html
=started       2016-04-06 18:39:03
=ended         2016-04-06 18:39:03
=result        failed: {{badmatch,false},
                        [{escalus_utils,make_jid,1,
                             [{file,"src/escalus_utils.erl"},{line,150}]},
                         {escalus_connection,start,2,
                             [{file,"src/escalus_connection.erl"},{line,109}]},
                         {connect_SUITE,reset_stream_noproc,1,
                             [{file,"connect_SUITE.erl"},{line,280}]},
                         {test_server,ts_tc,3,
                             [{file,"test_server.erl"},{line,1429}]},
                         {test_server,run_test_case_eval1,6,
                             [{file,"test_server.erl"},{line,1026}]},
                         {test_server,run_test_case_eval,9,
                             [{file,"test_server.erl"},{line,968}]}]}, [{escalus_utils,
                                                                         make_jid,
                                                                         150},
                                                                        {escalus_connection,
                                                                         start,
                                                                         109},
                                                                        {connect_SUITE,
                                                                         reset_stream_noproc,
                                                                         280},
                                                                        {test_server,
                                                                         ts_tc,
                                                                         1429},
                                                                        {test_server,
                                                                         run_test_case_eval1,
                                                                         1026},
                                                                        {test_server,
                                                                         run_test_case_eval,
                                                                         968}]
=== *** FAILED test case 1 of 27 ***
=case          connect_SUITE:starttls_noproc
=logfile       connect_suite.starttls_noproc.html
=started       2016-04-06 18:39:03
=ended         2016-04-06 18:39:03
=result        failed: {{badmatch,false},
                        [{escalus_utils,make_jid,1,
                             [{file,"src/escalus_utils.erl"},{line,150}]},
                         {escalus_connection,start,2,
                             [{file,"src/escalus_connection.erl"},{line,109}]},
                         {connect_SUITE,starttls_noproc,1,
                             [{file,"connect_SUITE.erl"},{line,310}]},
                         {test_server,ts_tc,3,
                             [{file,"test_server.erl"},{line,1429}]},
                         {test_server,run_test_case_eval1,6,
                             [{file,"test_server.erl"},{line,1026}]},
                         {test_server,run_test_case_eval,9,
                             [{file,"test_server.erl"},{line,968}]}]}, [{escalus_utils,
                                                                         make_jid,
                                                                         150},
                                                                        {escalus_connection,
                                                                         start,
                                                                         109},
                                                                        {connect_SUITE,
                                                                         starttls_noproc,
                                                                         310},
                                                                        {test_server,
                                                                         ts_tc,
                                                                         1429},
                                                                        {test_server,
                                                                         run_test_case_eval1,
                                                                         1026},
                                                                        {test_server,
                                                                         run_test_case_eval,
                                                                         968}]
=== *** FAILED test case 2 of 27 ***
=case          connect_SUITE:compress_noproc
=logfile       connect_suite.compress_noproc.html
=started       2016-04-06 18:39:03
=ended         2016-04-06 18:39:03
=result        failed: {{badmatch,false},
                        [{escalus_utils,make_jid,1,
                             [{file,"src/escalus_utils.erl"},{line,150}]},
                         {escalus_connection,start,2,
                             [{file,"src/escalus_connection.erl"},{line,109}]},
                         {connect_SUITE,compress_noproc,1,
                             [{file,"connect_SUITE.erl"},{line,340}]},
                         {test_server,ts_tc,3,
                             [{file,"test_server.erl"},{line,1429}]},
                         {test_server,run_test_case_eval1,6,
                             [{file,"test_server.erl"},{line,1026}]},
                         {test_server,run_test_case_eval,9,
                             [{file,"test_server.erl"},{line,968}]}]}, [{escalus_utils,
                                                                         make_jid,
                                                                         150},
                                                                        {escalus_connection,
                                                                         start,
                                                                         109},
                                                                        {connect_SUITE,
                                                                         compress_noproc,
                                                                         340},
                                                                        {test_server,
                                                                         ts_tc,
                                                                         1429},
                                                                        {test_server,
                                                                         run_test_case_eval1,
                                                                         1026},
                                                                        {test_server,
                                                                         run_test_case_eval,
                                                                         968}]
=== *** FAILED test case 3 of 27 ***
=case          connect_SUITE:end_per_group
=logfile       connect_suite.end_per_group.html
=group_props   [{name,c2s_noproc}]
=started       2016-04-06 18:39:03
=ended         2016-04-06 18:39:03
=result        ok
=elapsed       1.0e-6
=group_time    0.110s
=case          connect_SUITE:init_per_group
=logfile       connect_suite.init_per_group.967943.914.html
=group_props   [{name,negative}]
=started       2016-04-06 18:39:03
=ended         2016-04-06 18:39:03
=result        ok
=elapsed       1.0e-6
=case          connect_SUITE:bad_xml
=logfile       connect_suite.bad_xml.html
=started       2016-04-06 18:39:03
=ended         2016-04-06 18:39:03
=result        failed: {{badmatch,false},
                        [{escalus_utils,make_jid,1,
                             [{file,"src/escalus_utils.erl"},{line,150}]},
                         {escalus_connection,start,2,
                             [{file,"src/escalus_connection.erl"},{line,109}]},
                         {connect_SUITE,connect_with_bad_xml,1,
                             [{file,"connect_SUITE.erl"},{line,547}]},
                         {connect_SUITE,bad_xml,1,
                             [{file,"connect_SUITE.erl"},{line,154}]},
                         {test_server,ts_tc,3,
                             [{file,"test_server.erl"},{line,1429}]},
                         {test_server,run_test_case_eval1,6,
                             [{file,"test_server.erl"},{line,1026}]},
                         {test_server,run_test_case_eval,9,
                             [{file,"test_server.erl"},{line,968}]}]}, [{escalus_utils,
                                                                         make_jid,
                                                                         150},
                                                                        {escalus_connection,
                                                                         start,
                                                                         109},
                                                                        {connect_SUITE,
                                                                         connect_with_bad_xml,
                                                                         547},
                                                                        {connect_SUITE,
                                                                         bad_xml,
                                                                         154},
                                                                        {test_server,
                                                                         ts_tc,
                                                                         1429},
                                                                        {test_server,
                                                                         run_test_case_eval1,
                                                                         1026},
                                                                        {test_server,
                                                                         run_test_case_eval,
                                                                         968}]
=== *** FAILED test case 4 of 27 ***
=case          connect_SUITE:invalid_host
=logfile       connect_suite.invalid_host.html
=started       2016-04-06 18:39:03
=ended         2016-04-06 18:39:03
=result        failed: {{badmatch,false},
                        [{escalus_utils,make_jid,1,
                             [{file,"src/escalus_utils.erl"},{line,150}]},
                         {escalus_connection,start,2,
                             [{file,"src/escalus_connection.erl"},{line,109}]},
                         {connect_SUITE,connect_to_invalid_host,1,
                             [{file,"connect_SUITE.erl"},{line,538}]},
                         {connect_SUITE,invalid_host,1,
                             [{file,"connect_SUITE.erl"},{line,166}]},
                         {test_server,ts_tc,3,
                             [{file,"test_server.erl"},{line,1429}]},
                         {test_server,run_test_case_eval1,6,
                             [{file,"test_server.erl"},{line,1026}]},
                         {test_server,run_test_case_eval,9,
                             [{file,"test_server.erl"},{line,968}]}]}, [{escalus_utils,
                                                                         make_jid,
                                                                         150},
                                                                        {escalus_connection,
                                                                         start,
                                                                         109},
                                                                        {connect_SUITE,
                                                                         connect_to_invalid_host,
                                                                         538},
                                                                        {connect_SUITE,
                                                                         invalid_host,
                                                                         166},
                                                                        {test_server,
                                                                         ts_tc,
                                                                         1429},
                                                                        {test_server,
                                                                         run_test_case_eval1,
                                                                         1026},
                                                                        {test_server,
                                                                         run_test_case_eval,
                                                                         968}]
=== *** FAILED test case 5 of 27 ***
=case          connect_SUITE:invalid_stream_namespace
=logfile       connect_suite.invalid_stream_namespace.html
=started       2016-04-06 18:39:03
=ended         2016-04-06 18:39:04
=result        failed: {{badmatch,false},
                        [{escalus_utils,make_jid,1,
                             [{file,"src/escalus_utils.erl"},{line,150}]},
                         {escalus_connection,start,2,
                             [{file,"src/escalus_connection.erl"},{line,109}]},
                         {connect_SUITE,
                             connect_with_invalid_stream_namespace,1,
                             [{file,"connect_SUITE.erl"},{line,560}]},
                         {connect_SUITE,invalid_stream_namespace,1,
                             [{file,"connect_SUITE.erl"},{line,178}]},
                         {test_server,ts_tc,3,
                             [{file,"test_server.erl"},{line,1429}]},
                         {test_server,run_test_case_eval1,6,
                             [{file,"test_server.erl"},{line,1026}]},
                         {test_server,run_test_case_eval,9,
                             [{file,"test_server.erl"},{line,968}]}]}, [{escalus_utils,
                                                                         make_jid,
                                                                         150},
                                                                        {escalus_connection,
                                                                         start,
                                                                         109},
                                                                        {connect_SUITE,
                                                                         connect_with_invalid_stream_namespace,
                                                                         560},
                                                                        {connect_SUITE,
                                                                         invalid_stream_namespace,
                                                                         178},
                                                                        {test_server,
                                                                         ts_tc,
                                                                         1429},
                                                                        {test_server,
                                                                         run_test_case_eval1,
                                                                         1026},
                                                                        {test_server,
                                                                         run_test_case_eval,
                                                                         968}]
=== *** FAILED test case 6 of 27 ***
=case          connect_SUITE:end_per_group
=logfile       connect_suite.end_per_group.967944.28.html
=group_props   [{name,negative}]
=started       2016-04-06 18:39:04
=ended         2016-04-06 18:39:04
=result        ok
=elapsed       1.0e-6
=group_time    0.114s
=case          connect_SUITE:init_per_group
=logfile       connect_suite.init_per_group.967944.54.html
=group_props   [{name,pre_xmpp_1_0}]
=started       2016-04-06 18:39:04
=ended         2016-04-06 18:39:04
=result        ok
=elapsed       1.0e-6
=case          connect_SUITE:pre_xmpp_1_0_stream
=logfile       connect_suite.pre_xmpp_1_0_stream.html
=started       2016-04-06 18:39:04
=ended         2016-04-06 18:39:04
=result        failed: {{badmatch,false},
                        [{escalus_utils,make_jid,1,
                             [{file,"src/escalus_utils.erl"},{line,150}]},
                         {escalus_connection,start,2,
                             [{file,"src/escalus_connection.erl"},{line,109}]},
                         {connect_SUITE,pre_xmpp_1_0_stream,1,
                             [{file,"connect_SUITE.erl"},{line,193}]},
                         {test_server,ts_tc,3,
                             [{file,"test_server.erl"},{line,1429}]},
                         {test_server,run_test_case_eval1,6,
                             [{file,"test_server.erl"},{line,1026}]},
                         {test_server,run_test_case_eval,9,
                             [{file,"test_server.erl"},{line,968}]}]}, [{escalus_utils,
                                                                         make_jid,
                                                                         150},
                                                                        {escalus_connection,
                                                                         start,
                                                                         109},
                                                                        {connect_SUITE,
                                                                         pre_xmpp_1_0_stream,
                                                                         193},
                                                                        {test_server,
                                                                         ts_tc,
                                                                         1429},
                                                                        {test_server,
                                                                         run_test_case_eval1,
                                                                         1026},
                                                                        {test_server,
                                                                         run_test_case_eval,
                                                                         968}]
=== *** FAILED test case 7 of 27 ***
=case          connect_SUITE:end_per_group
=logfile       connect_suite.end_per_group.967944.110.html
=group_props   [{name,pre_xmpp_1_0}]
=started       2016-04-06 18:39:04
=ended         2016-04-06 18:39:04
=result        ok
=elapsed       1.0e-6
=group_time    0.055s
=case          connect_SUITE:init_per_group
=logfile       connect_suite.init_per_group.967944.136.html
=group_props   [{name,starttls}]
=started       2016-04-06 18:39:04
=ended         2016-04-06 18:39:09
=result        ok
=elapsed       5.806679
=case          connect_SUITE:should_pass_with_tlsv1
=logfile       connect_suite.should_pass_with_tlsv1.html
=started       2016-04-06 18:39:09
=ended         2016-04-06 18:39:10
=result        ok
=elapsed       0.239742
=case          connect_SUITE:'should_pass_with_tlsv1.1'
=logfile       connect_suite.'should_pass_with_tlsv1.1'.html
=started       2016-04-06 18:39:10
=ended         2016-04-06 18:39:10
=result        ok
=elapsed       0.240691
=case          connect_SUITE:'should_pass_with_tlsv1.2'
=logfile       connect_suite.'should_pass_with_tlsv1.2'.html
=started       2016-04-06 18:39:10
=ended         2016-04-06 18:39:10
=result        ok
=elapsed       0.239344
=case          connect_SUITE:should_fail_with_sslv3
=logfile       connect_suite.should_fail_with_sslv3.html
=started       2016-04-06 18:39:10
=ended         2016-04-06 18:39:10
=result        ok
=elapsed       0.027631
=case          connect_SUITE:should_fail_to_authenticate_without_starttls
=logfile       connect_suite.should_fail_to_authenticate_without_starttls.html
=started       2016-04-06 18:39:10
=ended         2016-04-06 18:39:10
=result        failed: {{badmatch,false},
                        [{escalus_utils,make_jid,1,
                             [{file,"src/escalus_utils.erl"},{line,150}]},
                         {escalus_connection,start,2,
                             [{file,"src/escalus_connection.erl"},{line,109}]},
                         {connect_SUITE,start_stream_with_compression,1,
                             [{file,"connect_SUITE.erl"},{line,533}]},
                         {connect_SUITE,
                             should_fail_to_authenticate_without_starttls,1,
                             [{file,"connect_SUITE.erl"},{line,232}]},
                         {test_server,ts_tc,3,
                             [{file,"test_server.erl"},{line,1429}]},
                         {test_server,run_test_case_eval1,6,
                             [{file,"test_server.erl"},{line,1026}]},
                         {test_server,run_test_case_eval,9,
                             [{file,"test_server.erl"},{line,968}]}]}, [{escalus_utils,
                                                                         make_jid,
                                                                         150},
                                                                        {escalus_connection,
                                                                         start,
                                                                         109},
                                                                        {connect_SUITE,
                                                                         start_stream_with_compression,
                                                                         533},
                                                                        {connect_SUITE,
                                                                         should_fail_to_authenticate_without_starttls,
                                                                         232},
                                                                        {test_server,
                                                                         ts_tc,
                                                                         1429},
                                                                        {test_server,
                                                                         run_test_case_eval1,
                                                                         1026},
                                                                        {test_server,
                                                                         run_test_case_eval,
                                                                         968}]
=== *** FAILED test case 12 of 27 ***
=case          connect_SUITE:should_not_send_other_features_with_starttls_required
=logfile       connect_suite.should_not_send_other_features_with_starttls_required.html
=started       2016-04-06 18:39:10
=ended         2016-04-06 18:39:10
=result        failed: {{badmatch,false},
                        [{escalus_utils,make_jid,1,
                             [{file,"src/escalus_utils.erl"},{line,150}]},
                         {escalus_connection,start,2,
                             [{file,"src/escalus_connection.erl"},{line,109}]},
                         {connect_SUITE,
                             should_not_send_other_features_with_starttls_required,
                             1,
                             [{file,"connect_SUITE.erl"},{line,249}]},
                         {test_server,ts_tc,3,
                             [{file,"test_server.erl"},{line,1429}]},
                         {test_server,run_test_case_eval1,6,
                             [{file,"test_server.erl"},{line,1026}]},
                         {test_server,run_test_case_eval,9,
                             [{file,"test_server.erl"},{line,968}]}]}, [{escalus_utils,
                                                                         make_jid,
                                                                         150},
                                                                        {escalus_connection,
                                                                         start,
                                                                         109},
                                                                        {connect_SUITE,
                                                                         should_not_send_other_features_with_starttls_required,
                                                                         249},
                                                                        {test_server,
                                                                         ts_tc,
                                                                         1429},
                                                                        {test_server,
                                                                         run_test_case_eval1,
                                                                         1026},
                                                                        {test_server,
                                                                         run_test_case_eval,
                                                                         968}]
=== *** FAILED test case 13 of 27 ***
=case          connect_SUITE:end_per_group
=logfile       connect_suite.end_per_group.967950.888.html
=group_props   [{name,starttls}]
=started       2016-04-06 18:39:10
=ended         2016-04-06 18:39:10
=result        ok
=elapsed       1.0e-6
=group_time    6.751s
=case          connect_SUITE:init_per_group
=logfile       connect_suite.init_per_group.967950.913.html
=group_props   [{name,feature_order},parallel]
=started       2016-04-06 18:39:10
=ended         2016-04-06 18:39:16
=result        ok
=elapsed       5.758883
=case          connect_SUITE:stream_features_test
=logfile       connect_suite.stream_features_test.967956.698.html
=started       2016-04-06 18:39:16
=ended         2016-04-06 18:39:16
=result        failed: {{badmatch,false},
                        [{escalus_utils,make_jid,1,
                             [{file,"src/escalus_utils.erl"},{line,150}]},
                         {escalus_connection,start,2,
                             [{file,"src/escalus_connection.erl"},{line,109}]},
                         {connect_SUITE,stream_features_test,1,
                             [{file,"connect_SUITE.erl"},{line,370}]},
                         {test_server,ts_tc,3,
                             [{file,"test_server.erl"},{line,1429}]},
                         {test_server,run_test_case_eval1,6,
                             [{file,"test_server.erl"},{line,1026}]},
                         {test_server,run_test_case_eval,9,
                             [{file,"test_server.erl"},{line,968}]}]}, [{escalus_utils,
                                                                         make_jid,
                                                                         150},
                                                                        {escalus_connection,
                                                                         start,
                                                                         109},
                                                                        {connect_SUITE,
                                                                         stream_features_test,
                                                                         370},
                                                                        {test_server,
                                                                         ts_tc,
                                                                         1429},
                                                                        {test_server,
                                                                         run_test_case_eval1,
                                                                         1026},
                                                                        {test_server,
                                                                         run_test_case_eval,
                                                                         968}]
=== *** FAILED test case 14 of 27 ***
=case          connect_SUITE:tls_authenticate
=logfile       connect_suite.tls_authenticate.967956.709.html
=started       2016-04-06 18:39:16
=ended         2016-04-06 18:39:16
=result        failed: {{badmatch,false},
                        [{escalus_utils,make_jid,1,
                             [{file,"src/escalus_utils.erl"},{line,150}]},
                         {escalus_connection,start,2,
                             [{file,"src/escalus_connection.erl"},{line,109}]},
                         {connect_SUITE,tls_authenticate,1,
                             [{file,"connect_SUITE.erl"},{line,432}]},
                         {test_server,ts_tc,3,
                             [{file,"test_server.erl"},{line,1429}]},
                         {test_server,run_test_case_eval1,6,
                             [{file,"test_server.erl"},{line,1026}]},
                         {test_server,run_test_case_eval,9,
                             [{file,"test_server.erl"},{line,968}]}]}, [{escalus_utils,
                                                                         make_jid,
                                                                         150},
                                                                        {escalus_connection,
                                                                         start,
                                                                         109},
                                                                        {connect_SUITE,
                                                                         tls_authenticate,
                                                                         432},
                                                                        {test_server,
                                                                         ts_tc,
                                                                         1429},
                                                                        {test_server,
                                                                         run_test_case_eval1,
                                                                         1026},
                                                                        {test_server,
                                                                         run_test_case_eval,
                                                                         968}]
=== *** FAILED test case 15 of 27 ***
=case          connect_SUITE:tls_compression_fail
=logfile       connect_suite.tls_compression_fail.967956.700.html
=started       2016-04-06 18:39:16
=ended         2016-04-06 18:39:16
=result        ok
=elapsed       0.155512
=case          connect_SUITE:tls_compression_authenticate_fail
=logfile       connect_suite.tls_compression_authenticate_fail.967956.706.html
=started       2016-04-06 18:39:16
=ended         2016-04-06 18:39:16
=result        ok
=elapsed       0.159412
=case          connect_SUITE:tls_authenticate_compression
=logfile       connect_suite.tls_authenticate_compression.967956.702.html
=started       2016-04-06 18:39:16
=ended         2016-04-06 18:39:17
=result        failed: {{badmatch,false},
                        [{escalus_utils,make_jid,1,
                             [{file,"src/escalus_utils.erl"},{line,150}]},
                         {escalus_connection,start,2,
                             [{file,"src/escalus_connection.erl"},{line,109}]},
                         {connect_SUITE,tls_authenticate_compression,1,
                             [{file,"connect_SUITE.erl"},{line,419}]},
                         {test_server,ts_tc,3,
                             [{file,"test_server.erl"},{line,1429}]},
                         {test_server,run_test_case_eval1,6,
                             [{file,"test_server.erl"},{line,1026}]},
                         {test_server,run_test_case_eval,9,
                             [{file,"test_server.erl"},{line,968}]}]}, [{escalus_utils,
                                                                         make_jid,
                                                                         150},
                                                                        {escalus_connection,
                                                                         start,
                                                                         109},
                                                                        {connect_SUITE,
                                                                         tls_authenticate_compression,
                                                                         419},
                                                                        {test_server,
                                                                         ts_tc,
                                                                         1429},
                                                                        {test_server,
                                                                         run_test_case_eval1,
                                                                         1026},
                                                                        {test_server,
                                                                         run_test_case_eval,
                                                                         968}]
=== *** FAILED test case 18 of 27 ***
=case          connect_SUITE:auth_compression_bind_session
=logfile       connect_suite.auth_compression_bind_session.967956.716.html
=started       2016-04-06 18:39:16
=ended         2016-04-06 18:39:17
=result        ok
=elapsed       0.358358
=case          connect_SUITE:auth_bind_compression_session
=logfile       connect_suite.auth_bind_compression_session.967956.704.html
=started       2016-04-06 18:39:16
=ended         2016-04-06 18:39:17
=result        ok
=elapsed       0.343957
=case          connect_SUITE:end_per_group
=logfile       connect_suite.end_per_group.967957.111.html
=group_props   [{name,feature_order},parallel]
=started       2016-04-06 18:39:17
=ended         2016-04-06 18:39:17
=result        ok
=elapsed       0.061796
=group_time    6.198s
=case          connect_SUITE:init_per_group
=logfile       connect_suite.init_per_group.967957.201.html
=group_props   [{name,tls}]
=started       2016-04-06 18:39:17
=ended         2016-04-06 18:39:22
=result        ok
=elapsed       5.761849
=case          connect_SUITE:should_pass_with_tlsv1
=logfile       connect_suite.should_pass_with_tlsv1.967962.990.html
=started       2016-04-06 18:39:22
=ended         2016-04-06 18:39:23
=result        ok
=elapsed       0.223472
=case          connect_SUITE:'should_pass_with_tlsv1.1'
=logfile       connect_suite.'should_pass_with_tlsv1.1'.967963.239.html
=started       2016-04-06 18:39:23
=ended         2016-04-06 18:39:23
=result        ok
=elapsed       0.221946
=case          connect_SUITE:'should_pass_with_tlsv1.2'
=logfile       connect_suite.'should_pass_with_tlsv1.2'.967963.488.html
=started       2016-04-06 18:39:23
=ended         2016-04-06 18:39:23
=result        ok
=elapsed       0.222219
=case          connect_SUITE:end_per_group
=logfile       connect_suite.end_per_group.967963.736.html
=group_props   [{name,tls}]
=started       2016-04-06 18:39:23
=ended         2016-04-06 18:39:23
=result        ok
=elapsed       1.0e-6
=group_time    6.535s
=case          connect_SUITE:init_per_group
=logfile       connect_suite.init_per_group.967963.761.html
=group_props   [{name,ciphers_default}]
=started       2016-04-06 18:39:23
=ended         2016-04-06 18:39:29
=result        ok
=elapsed       5.754968
=case          connect_SUITE:clients_can_connect_with_advertised_ciphers
=logfile       connect_suite.clients_can_connect_with_advertised_ciphers.html
=started       2016-04-06 18:39:29
=ended         2016-04-06 18:39:30
=result        ok
=elapsed       0.841748
=case          connect_SUITE:'clients_can_connect_with_DHE-RSA-AES256-SHA'
=logfile       connect_suite.'clients_can_connect_with_dhe-rsa-aes256-sha'.html
=started       2016-04-06 18:39:30
=ended         2016-04-06 18:39:31
=result        ok
=elapsed       0.874409
=case          connect_SUITE:'clients_can_connect_with_DHE-RSA-AES128-SHA'
=logfile       connect_suite.'clients_can_connect_with_dhe-rsa-aes128-sha'.html
=started       2016-04-06 18:39:31
=ended         2016-04-06 18:39:32
=result        ok
=elapsed       0.946902
=case          connect_SUITE:end_per_group
=logfile       connect_suite.end_per_group.967972.301.html
=group_props   [{name,ciphers_default}]
=started       2016-04-06 18:39:32
=ended         2016-04-06 18:39:32
=result        ok
=elapsed       8.0e-6
=group_time    8.540s
=case          connect_SUITE:init_per_group
=logfile       connect_suite.init_per_group.967972.328.html
=group_props   [{name,'node2_supports_DHE-RSA-AES256-SHA_only'}]
=started       2016-04-06 18:39:32
=ended         2016-04-06 18:39:32
=result        ok
=elapsed       1.0e-6
=case          connect_SUITE:'clients_can_connect_with_DHE-RSA-AES256-SHA_only'
=logfile       connect_suite.'clients_can_connect_with_dhe-rsa-aes256-sha_only'.html
=started       2016-04-06 18:39:32
=ended         2016-04-06 18:39:33
=result        failed: {{assertEqual_failed,
                            [{module,connect_SUITE},
                             {line,267},
                             {expression,
                                 "ciphers_working_with_ssl_clients ( Config )"},
                             {expected,["DHE-RSA-AES256-SHA"]},
                             {value,
                                 ["DHE-RSA-AES256-SHA","ADH-AES256-SHA256"]}]},
                        [{connect_SUITE,
                             '-clients_can_connect_with_DHE-RSA-AES256-SHA_only/1-fun-0-',
                             2,
                             [{file,"connect_SUITE.erl"},{line,267}]},
                         {test_server,ts_tc,3,
                             [{file,"test_server.erl"},{line,1429}]},
                         {test_server,run_test_case_eval1,6,
                             [{file,"test_server.erl"},{line,1026}]},
                         {test_server,run_test_case_eval,9,
                             [{file,"test_server.erl"},{line,968}]}]}, [{connect_SUITE,
                                                                         '-clients_can_connect_with_DHE-RSA-AES256-SHA_only/1-fun-0-',
                                                                         267},
                                                                        {test_server,
                                                                         ts_tc,
                                                                         1429},
                                                                        {test_server,
                                                                         run_test_case_eval1,
                                                                         1026},
                                                                        {test_server,
                                                                         run_test_case_eval,
                                                                         968}]
=== *** FAILED test case 27 of 27 ***
=case          connect_SUITE:end_per_group
=logfile       connect_suite.end_per_group.967973.230.html
=group_props   [{name,'node2_supports_DHE-RSA-AES256-SHA_only'}]
=started       2016-04-06 18:39:33
=ended         2016-04-06 18:39:33
=result        ok
=elapsed       1.0e-6
=group_time    0.902s
=case          connect_SUITE:end_per_suite
=logfile       connect_suite.end_per_suite.html
=started       2016-04-06 18:39:33
=ended         2016-04-06 18:39:40
=result        ok
=elapsed       7.436759
=group_time    29.542s
=== TEST COMPLETE, 14 ok, 13 failed of 27 test cases

=finished      2016-04-06 18:39:40
=failed        13
=successful    14
=user_skipped  0
=auto_skipped  0
