=== Suite started at 2016-04-15 14:00:52
=== Starting test, 203 test cases
=cases         203
=user          travis
=host          testing-gce-ee4e283f-c7eb-4dc9-9b85-47f55de9db21
=hosts         testing-gce-ee4e283f-c7eb-4dc9-9b85-47f55de9db21 
=emulator_vsn  6.4
=emulator      beam
=otp_release   17
=started       2016-04-15 14:00:52
=case          mam_SUITE:init_per_suite
=logfile       mam_suite.init_per_suite.html
=started       2016-04-15 14:00:52
=ended         2016-04-15 14:00:52
=result        ok
=elapsed       0.057631
=case          mam_SUITE:init_per_group
=logfile       mam_suite.init_per_group.html
=group_props   [{name,riak_timed_yz_buckets_mam}]
=started       2016-04-15 14:00:52
=ended         2016-04-15 14:00:52
=result        ok
=elapsed       0.141518
=case          mam_SUITE:mam_service_discovery
=logfile       mam_suite.mam_service_discovery.html
=started       2016-04-15 14:00:52
=ended         2016-04-15 14:00:52
=result        ok
=elapsed       0.228291
=case          mam_SUITE:simple_archive_request
=logfile       mam_suite.simple_archive_request.html
=started       2016-04-15 14:00:52
=ended         2016-04-15 14:00:55
=result        failed: {test_case_failed,"Unexpected error IQ."}, [{mam_SUITE,
                                                                    wait_archive_respond_v02,
                                                                    1119},
                                                                   {mam_SUITE,
                                                                    wait_archive_respond_nofin,
                                                                    1108},
                                                                   {mam_SUITE,
                                                                    '-simple_archive_request/1-fun-0-',
                                                                    922},
                                                                   {escalus_story,
                                                                    story,40},
                                                                   {test_server,
                                                                    ts_tc,
                                                                    1429},
                                                                   {test_server,
                                                                    run_test_case_eval1,
                                                                    1026},
                                                                   {test_server,
                                                                    run_test_case_eval,
                                                                    968}]
=== *** FAILED test case 2 of 203 ***
=case          mam_SUITE:range_archive_request
=logfile       mam_suite.range_archive_request.html
=started       2016-04-15 14:00:55
=ended         2016-04-15 14:00:56
=result        failed: {{assertion_failed,assert,is_iq_result,
                         {xmlel,<<"iq">>,
                          [{<<"from">>,<<"alicE@localhost">>},
                           {<<"to">>,<<"alicE@localhost/res1">>},
                           {<<"id">>,<<"f1230d5a3540125d7b7b9b51abe1ce79">>},
                           {<<"type">>,<<"error">>}],
                          [{xmlel,<<"error">>,
                            [{<<"code">>,<<"500">>},{<<"type">>,<<"wait">>}],
                            [{xmlel,<<"internal-server-error">>,
                              [{<<"xmlns">>,
                                <<"urn:ietf:params:xml:ns:xmpp-stanzas">>}],
                              []}]}]},
                         "<iq from='alicE@localhost' to='alicE@localhost/res1' id='f1230d5a3540125d7b7b9b51abe1ce79' type='error'><error code='500' type='wait'><internal-server-error xmlns='urn:ietf:params:xml:ns:xmpp-stanzas'/></error></iq>"},
                        [{escalus_new_assert,assert_true,2,
                          [{file,"src/escalus_new_assert.erl"},{line,84}]},
                         {mam_SUITE,'-range_archive_request/1-fun-0-',2,
                          [{file,"mam_SUITE.erl"},{line,1657}]},
                         {escalus_story,story,3,
                          [{file,"src/escalus_story.erl"},{line,40}]},
                         {test_server,ts_tc,3,
                          [{file,"test_server.erl"},{line,1429}]},
                         {test_server,run_test_case_eval1,6,
                          [{file,"test_server.erl"},{line,1026}]},
                         {test_server,run_test_case_eval,9,
                          [{file,"test_server.erl"},{line,968}]}]}, [{escalus_new_assert,
                                                                      assert_true,
                                                                      84},
                                                                     {mam_SUITE,
                                                                      '-range_archive_request/1-fun-0-',
                                                                      1657},
                                                                     {escalus_story,
                                                                      story,
                                                                      40},
                                                                     {test_server,
                                                                      ts_tc,
                                                                      1429},
                                                                     {test_server,
                                                                      run_test_case_eval1,
                                                                      1026},
                                                                     {test_server,
                                                                      run_test_case_eval,
                                                                      968}]
=== *** FAILED test case 3 of 203 ***
=case          mam_SUITE:range_archive_request_not_empty
=logfile       mam_suite.range_archive_request_not_empty.html
=started       2016-04-15 14:00:56
=ended         2016-04-15 14:00:59
=result        failed: {test_case_failed,"Unexpected error IQ."}, [{mam_SUITE,
                                                                    wait_archive_respond_v02,
                                                                    1119},
                                                                   {mam_SUITE,
                                                                    wait_archive_respond_nofin,
                                                                    1108},
                                                                   {mam_SUITE,
                                                                    '-range_archive_request_not_empty/1-fun-0-',
                                                                    1682},
                                                                   {escalus_story,
                                                                    story,40},
                                                                   {test_server,
                                                                    ts_tc,
                                                                    1429},
                                                                   {test_server,
                                                                    run_test_case_eval1,
                                                                    1026},
                                                                   {test_server,
                                                                    run_test_case_eval,
                                                                    968}]
=== *** FAILED test case 4 of 203 ***
=case          mam_SUITE:limit_archive_request
=logfile       mam_suite.limit_archive_request.html
=started       2016-04-15 14:00:59
=ended         2016-04-15 14:00:59
=result        failed: {test_case_failed,"Unexpected error IQ."}, [{mam_SUITE,
                                                                    wait_archive_respond_v02,
                                                                    1119},
                                                                   {mam_SUITE,
                                                                    wait_archive_respond_nofin,
                                                                    1108},
                                                                   {mam_SUITE,
                                                                    '-limit_archive_request/1-fun-0-',
                                                                    1715},
                                                                   {escalus_story,
                                                                    story,40},
                                                                   {test_server,
                                                                    ts_tc,
                                                                    1429},
                                                                   {test_server,
                                                                    run_test_case_eval1,
                                                                    1026},
                                                                   {test_server,
                                                                    run_test_case_eval,
                                                                    968}]
=== *** FAILED test case 5 of 203 ***
=case          mam_SUITE:end_per_group
=logfile       mam_suite.end_per_group.html
=group_props   [{name,riak_timed_yz_buckets_mam}]
=started       2016-04-15 14:00:59
=ended         2016-04-15 14:00:59
=result        ok
=elapsed       0.069461
=group_time    7.392s
=case          mam_SUITE:init_per_group
=logfile       mam_suite.init_per_group.728859.961.html
=group_props   [{name,riak_timed_yz_buckets_mam03}]
=started       2016-04-15 14:00:59
=ended         2016-04-15 14:01:00
=result        ok
=elapsed       0.109624
=case          mam_SUITE:mam_service_discovery
=logfile       mam_suite.mam_service_discovery.728860.98.html
=started       2016-04-15 14:01:00
=ended         2016-04-15 14:01:00
=result        ok
=elapsed       0.221841
=case          mam_SUITE:simple_archive_request
=logfile       mam_suite.simple_archive_request.728860.346.html
=started       2016-04-15 14:01:00
=ended         2016-04-15 14:01:03
=result        failed: {test_case_failed,"Unexpected error IQ."}, [{mam_SUITE,
                                                                    wait_archive_respond_v03,
                                                                    1133},
                                                                   {mam_SUITE,
                                                                    wait_archive_respond_fin,
                                                                    1099},
                                                                   {mam_SUITE,
                                                                    '-simple_archive_request/1-fun-0-',
                                                                    922},
                                                                   {escalus_story,
                                                                    story,40},
                                                                   {test_server,
                                                                    ts_tc,
                                                                    1429},
                                                                   {test_server,
                                                                    run_test_case_eval1,
                                                                    1026},
                                                                   {test_server,
                                                                    run_test_case_eval,
                                                                    968}]
=== *** FAILED test case 7 of 203 ***
=case          mam_SUITE:range_archive_request
=logfile       mam_suite.range_archive_request.728863.310.html
=started       2016-04-15 14:01:03
=ended         2016-04-15 14:01:03
=result        failed: {{assertion_failed,assert,is_iq_result,
                         {xmlel,<<"iq">>,
                          [{<<"from">>,<<"alicE@localhost">>},
                           {<<"to">>,<<"alicE@localhost/res1">>},
                           {<<"id">>,<<"a3f2e29830de49ef9951c4d67a28bbe5">>},
                           {<<"type">>,<<"error">>}],
                          [{xmlel,<<"error">>,
                            [{<<"code">>,<<"500">>},{<<"type">>,<<"wait">>}],
                            [{xmlel,<<"internal-server-error">>,
                              [{<<"xmlns">>,
                                <<"urn:ietf:params:xml:ns:xmpp-stanzas">>}],
                              []}]}]},
                         "<iq from='alicE@localhost' to='alicE@localhost/res1' id='a3f2e29830de49ef9951c4d67a28bbe5' type='error'><error code='500' type='wait'><internal-server-error xmlns='urn:ietf:params:xml:ns:xmpp-stanzas'/></error></iq>"},
                        [{escalus_new_assert,assert_true,2,
                          [{file,"src/escalus_new_assert.erl"},{line,84}]},
                         {mam_SUITE,'-range_archive_request/1-fun-0-',2,
                          [{file,"mam_SUITE.erl"},{line,1657}]},
                         {escalus_story,story,3,
                          [{file,"src/escalus_story.erl"},{line,40}]},
                         {test_server,ts_tc,3,
                          [{file,"test_server.erl"},{line,1429}]},
                         {test_server,run_test_case_eval1,6,
                          [{file,"test_server.erl"},{line,1026}]},
                         {test_server,run_test_case_eval,9,
                          [{file,"test_server.erl"},{line,968}]}]}, [{escalus_new_assert,
                                                                      assert_true,
                                                                      84},
                                                                     {mam_SUITE,
                                                                      '-range_archive_request/1-fun-0-',
                                                                      1657},
                                                                     {escalus_story,
                                                                      story,
                                                                      40},
                                                                     {test_server,
                                                                      ts_tc,
                                                                      1429},
                                                                     {test_server,
                                                                      run_test_case_eval1,
                                                                      1026},
                                                                     {test_server,
                                                                      run_test_case_eval,
                                                                      968}]
=== *** FAILED test case 8 of 203 ***
=case          mam_SUITE:range_archive_request_not_empty
=logfile       mam_suite.range_archive_request_not_empty.728863.562.html
=started       2016-04-15 14:01:03
=ended         2016-04-15 14:01:07
=result        failed: {test_case_failed,"Unexpected error IQ."}, [{mam_SUITE,
                                                                    wait_archive_respond_v03,
                                                                    1133},
                                                                   {mam_SUITE,
                                                                    wait_archive_respond_fin,
                                                                    1099},
                                                                   {mam_SUITE,
                                                                    '-range_archive_request_not_empty/1-fun-0-',
                                                                    1682},
                                                                   {escalus_story,
                                                                    story,40},
                                                                   {test_server,
                                                                    ts_tc,
                                                                    1429},
                                                                   {test_server,
                                                                    run_test_case_eval1,
                                                                    1026},
                                                                   {test_server,
                                                                    run_test_case_eval,
                                                                    968}]
=== *** FAILED test case 9 of 203 ***
=case          mam_SUITE:limit_archive_request
=logfile       mam_suite.limit_archive_request.728867.25.html
=started       2016-04-15 14:01:07
=ended         2016-04-15 14:01:07
=result        failed: {test_case_failed,"Unexpected error IQ."}, [{mam_SUITE,
                                                                    wait_archive_respond_v03,
                                                                    1133},
                                                                   {mam_SUITE,
                                                                    wait_archive_respond_fin,
                                                                    1099},
                                                                   {mam_SUITE,
                                                                    '-limit_archive_request/1-fun-0-',
                                                                    1715},
                                                                   {escalus_story,
                                                                    story,40},
                                                                   {test_server,
                                                                    ts_tc,
                                                                    1429},
                                                                   {test_server,
                                                                    run_test_case_eval1,
                                                                    1026},
                                                                   {test_server,
                                                                    run_test_case_eval,
                                                                    968}]
=== *** FAILED test case 10 of 203 ***
=case          mam_SUITE:end_per_group
=logfile       mam_suite.end_per_group.728867.280.html
=group_props   [{name,riak_timed_yz_buckets_mam03}]
=started       2016-04-15 14:01:07
=ended         2016-04-15 14:01:07
=result        ok
=elapsed       0.080494
=group_time    7.319s
=case          mam_SUITE:init_per_group
=logfile       mam_suite.init_per_group.728867.390.html
=group_props   [{name,riak_timed_yz_buckets_mam04}]
=started       2016-04-15 14:01:07
=ended         2016-04-15 14:01:07
=result        ok
=elapsed       0.200073
=case          mam_SUITE:mam_service_discovery
=logfile       mam_suite.mam_service_discovery.728867.618.html
=started       2016-04-15 14:01:07
=ended         2016-04-15 14:01:07
=result        ok
=elapsed       0.224434
=case          mam_SUITE:simple_archive_request
=logfile       mam_suite.simple_archive_request.728867.870.html
=started       2016-04-15 14:01:07
=ended         2016-04-15 14:01:10
=result        failed: {test_case_failed,"Unexpected error IQ."}, [{mam_SUITE,
                                                                    wait_archive_respond_v02,
                                                                    1119},
                                                                   {mam_SUITE,
                                                                    wait_archive_respond_nofin,
                                                                    1108},
                                                                   {mam_SUITE,
                                                                    '-simple_archive_request/1-fun-0-',
                                                                    922},
                                                                   {escalus_story,
                                                                    story,40},
                                                                   {test_server,
                                                                    ts_tc,
                                                                    1429},
                                                                   {test_server,
                                                                    run_test_case_eval1,
                                                                    1026},
                                                                   {test_server,
                                                                    run_test_case_eval,
                                                                    968}]
=== *** FAILED test case 12 of 203 ***
=case          mam_SUITE:range_archive_request
=logfile       mam_suite.range_archive_request.728870.839.html
=started       2016-04-15 14:01:10
=ended         2016-04-15 14:01:11
=result        failed: {{assertion_failed,assert,is_iq_result,
                         {xmlel,<<"iq">>,
                          [{<<"from">>,<<"alicE@localhost">>},
                           {<<"to">>,<<"alicE@localhost/res1">>},
                           {<<"id">>,<<"3a4c3f175d38121ed66e3054bb2dfff2">>},
                           {<<"type">>,<<"error">>}],
                          [{xmlel,<<"error">>,
                            [{<<"code">>,<<"500">>},{<<"type">>,<<"wait">>}],
                            [{xmlel,<<"internal-server-error">>,
                              [{<<"xmlns">>,
                                <<"urn:ietf:params:xml:ns:xmpp-stanzas">>}],
                              []}]}]},
                         "<iq from='alicE@localhost' to='alicE@localhost/res1' id='3a4c3f175d38121ed66e3054bb2dfff2' type='error'><error code='500' type='wait'><internal-server-error xmlns='urn:ietf:params:xml:ns:xmpp-stanzas'/></error></iq>"},
                        [{escalus_new_assert,assert_true,2,
                          [{file,"src/escalus_new_assert.erl"},{line,84}]},
                         {mam_SUITE,'-range_archive_request/1-fun-0-',2,
                          [{file,"mam_SUITE.erl"},{line,1657}]},
                         {escalus_story,story,3,
                          [{file,"src/escalus_story.erl"},{line,40}]},
                         {test_server,ts_tc,3,
                          [{file,"test_server.erl"},{line,1429}]},
                         {test_server,run_test_case_eval1,6,
                          [{file,"test_server.erl"},{line,1026}]},
                         {test_server,run_test_case_eval,9,
                          [{file,"test_server.erl"},{line,968}]}]}, [{escalus_new_assert,
                                                                      assert_true,
                                                                      84},
                                                                     {mam_SUITE,
                                                                      '-range_archive_request/1-fun-0-',
                                                                      1657},
                                                                     {escalus_story,
                                                                      story,
                                                                      40},
                                                                     {test_server,
                                                                      ts_tc,
                                                                      1429},
                                                                     {test_server,
                                                                      run_test_case_eval1,
                                                                      1026},
                                                                     {test_server,
                                                                      run_test_case_eval,
                                                                      968}]
=== *** FAILED test case 13 of 203 ***
=case          mam_SUITE:range_archive_request_not_empty
=logfile       mam_suite.range_archive_request_not_empty.728871.90.html
=started       2016-04-15 14:01:11
=ended         2016-04-15 14:01:14
=result        failed: {test_case_failed,"Unexpected error IQ."}, [{mam_SUITE,
                                                                    wait_archive_respond_v02,
                                                                    1119},
                                                                   {mam_SUITE,
                                                                    wait_archive_respond_nofin,
                                                                    1108},
                                                                   {mam_SUITE,
                                                                    '-range_archive_request_not_empty/1-fun-0-',
                                                                    1682},
                                                                   {escalus_story,
                                                                    story,40},
                                                                   {test_server,
                                                                    ts_tc,
                                                                    1429},
                                                                   {test_server,
                                                                    run_test_case_eval1,
                                                                    1026},
                                                                   {test_server,
                                                                    run_test_case_eval,
                                                                    968}]
=== *** FAILED test case 14 of 203 ***
=case          mam_SUITE:limit_archive_request
=logfile       mam_suite.limit_archive_request.728874.566.html
=started       2016-04-15 14:01:14
=ended         2016-04-15 14:01:14
=result        failed: {test_case_failed,"Unexpected error IQ."}, [{mam_SUITE,
                                                                    wait_archive_respond_v02,
                                                                    1119},
                                                                   {mam_SUITE,
                                                                    wait_archive_respond_nofin,
                                                                    1108},
                                                                   {mam_SUITE,
                                                                    '-limit_archive_request/1-fun-0-',
                                                                    1715},
                                                                   {escalus_story,
                                                                    story,40},
                                                                   {test_server,
                                                                    ts_tc,
                                                                    1429},
                                                                   {test_server,
                                                                    run_test_case_eval1,
                                                                    1026},
                                                                   {test_server,
                                                                    run_test_case_eval,
                                                                    968}]
=== *** FAILED test case 15 of 203 ***
=case          mam_SUITE:end_per_group
=logfile       mam_suite.end_per_group.728874.814.html
=group_props   [{name,riak_timed_yz_buckets_mam04}]
=started       2016-04-15 14:01:14
=ended         2016-04-15 14:01:14
=result        ok
=elapsed       0.062428
=group_time    7.424s
=case          mam_SUITE:init_per_group
=logfile       mam_suite.init_per_group.728874.906.html
=group_props   [{name,riak_timed_yz_buckets_mam_purge}]
=started       2016-04-15 14:01:14
=ended         2016-04-15 14:01:15
=result        ok
=elapsed       0.187897
=case          mam_SUITE:purge_single_message
=logfile       mam_suite.purge_single_message.html
=started       2016-04-15 14:01:15
=ended         2016-04-15 14:01:18
=result        failed: {test_case_failed,"Unexpected error IQ."}, [{mam_SUITE,
                                                                    wait_archive_respond_v02,
                                                                    1119},
                                                                   {mam_SUITE,
                                                                    wait_archive_respond_nofin,
                                                                    1108},
                                                                   {mam_SUITE,
                                                                    '-purge_single_message/1-fun-0-',
                                                                    1249},
                                                                   {escalus_story,
                                                                    story,40},
                                                                   {test_server,
                                                                    ts_tc,
                                                                    1429},
                                                                   {test_server,
                                                                    run_test_case_eval1,
                                                                    1026},
                                                                   {test_server,
                                                                    run_test_case_eval,
                                                                    968}]
=== *** FAILED test case 16 of 203 ***
=case          mam_SUITE:purge_multiple_messages
=logfile       mam_suite.purge_multiple_messages.html
=started       2016-04-15 14:01:18
=ended         2016-04-15 14:01:21
=result        failed: {test_case_failed,"Unexpected error IQ."}, [{mam_SUITE,
                                                                    wait_archive_respond_v02,
                                                                    1119},
                                                                   {mam_SUITE,
                                                                    wait_archive_respond_nofin,
                                                                    1108},
                                                                   {mam_SUITE,
                                                                    '-purge_multiple_messages/1-fun-0-',
                                                                    1300},
                                                                   {escalus_story,
                                                                    story,40},
                                                                   {test_server,
                                                                    ts_tc,
                                                                    1429},
                                                                   {test_server,
                                                                    run_test_case_eval1,
                                                                    1026},
                                                                   {test_server,
                                                                    run_test_case_eval,
                                                                    968}]
=== *** FAILED test case 17 of 203 ***
=case          mam_SUITE:end_per_group
=logfile       mam_suite.end_per_group.728881.287.html
=group_props   [{name,riak_timed_yz_buckets_mam_purge}]
=started       2016-04-15 14:01:21
=ended         2016-04-15 14:01:21
=result        ok
=elapsed       0.0781
=group_time    6.381s
=case          mam_SUITE:init_per_group
=logfile       mam_suite.init_per_group.728881.392.html
=group_props   [{name,riak_timed_yz_buckets_muc}]
=started       2016-04-15 14:01:21
=ended         2016-04-15 14:01:21
=result        ok
=elapsed       0.107638
=case          mam_SUITE:muc_service_discovery
=logfile       mam_suite.muc_service_discovery.html
=started       2016-04-15 14:01:21
=ended         2016-04-15 14:01:21
=result        ok
=elapsed       0.215711
=case          mam_SUITE:muc_archive_request
=logfile       mam_suite.muc_archive_request.html
=started       2016-04-15 14:01:21
=ended         2016-04-15 14:01:22
=result        failed: {function_clause,
                           [{exml_query,attr,
                                [undefined,<<"by">>,undefined],
                                [{file,"src/exml_query.erl"},{line,83}]},
                            {mam_SUITE,'-muc_archive_request/1-fun-0-',4,
                                [{file,"mam_SUITE.erl"},{line,1335}]},
                            {escalus_story,story,3,
                                [{file,"src/escalus_story.erl"},{line,40}]},
                            {test_server,ts_tc,3,
                                [{file,"test_server.erl"},{line,1429}]},
                            {test_server,run_test_case_eval1,6,
                                [{file,"test_server.erl"},{line,1026}]},
                            {test_server,run_test_case_eval,9,
                                [{file,"test_server.erl"},{line,968}]}]}, [{exml_query,
                                                                            attr,
                                                                            83},
                                                                           {mam_SUITE,
                                                                            '-muc_archive_request/1-fun-0-',
                                                                            1335},
                                                                           {escalus_story,
                                                                            story,
                                                                            40},
                                                                           {test_server,
                                                                            ts_tc,
                                                                            1429},
                                                                           {test_server,
                                                                            run_test_case_eval1,
                                                                            1026},
                                                                           {test_server,
                                                                            run_test_case_eval,
                                                                            968}]
=== *** FAILED test case 19 of 203 ***
=case          mam_SUITE:muc_archive_purge
=logfile       mam_suite.muc_archive_purge.html
=started       2016-04-15 14:01:22
=ended         2016-04-15 14:01:26
=result        ok
=elapsed       3.946094
=case          mam_SUITE:muc_multiple_devices
=logfile       mam_suite.muc_multiple_devices.html
=started       2016-04-15 14:01:26
=ended         2016-04-15 14:01:26
=result        failed: {function_clause,
                           [{exml_query,attr,
                                [undefined,<<"by">>,undefined],
                                [{file,"src/exml_query.erl"},{line,83}]},
                            {mam_SUITE,'-muc_multiple_devices/1-fun-0-',5,
                                [{file,"mam_SUITE.erl"},{line,1441}]},
                            {escalus_story,story,3,
                                [{file,"src/escalus_story.erl"},{line,40}]},
                            {test_server,ts_tc,3,
                                [{file,"test_server.erl"},{line,1429}]},
                            {test_server,run_test_case_eval1,6,
                                [{file,"test_server.erl"},{line,1026}]},
                            {test_server,run_test_case_eval,9,
                                [{file,"test_server.erl"},{line,968}]}]}, [{exml_query,
                                                                            attr,
                                                                            83},
                                                                           {mam_SUITE,
                                                                            '-muc_multiple_devices/1-fun-0-',
                                                                            1441},
                                                                           {escalus_story,
                                                                            story,
                                                                            40},
                                                                           {test_server,
                                                                            ts_tc,
                                                                            1429},
                                                                           {test_server,
                                                                            run_test_case_eval1,
                                                                            1026},
                                                                           {test_server,
                                                                            run_test_case_eval,
                                                                            968}]
=== *** FAILED test case 21 of 203 ***
=case          mam_SUITE:muc_protected_message
=logfile       mam_suite.muc_protected_message.html
=started       2016-04-15 14:01:26
=ended         2016-04-15 14:01:27
=result        failed: {test_case_failed,"Unexpected error IQ."}, [{mam_SUITE,
                                                                    wait_archive_respond_v02,
                                                                    1119},
                                                                   {mam_SUITE,
                                                                    wait_archive_respond_nofin,
                                                                    1108},
                                                                   {mam_SUITE,
                                                                    '-muc_protected_message/1-fun-0-',
                                                                    1494},
                                                                   {escalus_story,
                                                                    story,40},
                                                                   {test_server,
                                                                    ts_tc,
                                                                    1429},
                                                                   {test_server,
                                                                    run_test_case_eval1,
                                                                    1026},
                                                                   {test_server,
                                                                    run_test_case_eval,
                                                                    968}]
=== *** FAILED test case 22 of 203 ***
=case          mam_SUITE:muc_deny_protected_room_access
=logfile       mam_suite.muc_deny_protected_room_access.html
=started       2016-04-15 14:01:27
=ended         2016-04-15 14:01:27
=result        ok
=elapsed       0.43175
=case          mam_SUITE:muc_allow_access_to_owner
=logfile       mam_suite.muc_allow_access_to_owner.html
=started       2016-04-15 14:01:27
=ended         2016-04-15 14:01:28
=result        failed: {test_case_failed,"Unexpected error IQ."}, [{mam_SUITE,
                                                                    wait_archive_respond_v02,
                                                                    1119},
                                                                   {mam_SUITE,
                                                                    wait_archive_respond_nofin,
                                                                    1108},
                                                                   {mam_SUITE,
                                                                    '-muc_allow_access_to_owner/1-fun-0-',
                                                                    1534},
                                                                   {escalus_story,
                                                                    story,40},
                                                                   {test_server,
                                                                    ts_tc,
                                                                    1429},
                                                                   {test_server,
                                                                    run_test_case_eval1,
                                                                    1026},
                                                                   {test_server,
                                                                    run_test_case_eval,
                                                                    968}]
=== *** FAILED test case 24 of 203 ***
=case          mam_SUITE:muc_delete_x_user_in_anon_rooms
=logfile       mam_suite.muc_delete_x_user_in_anon_rooms.html
=started       2016-04-15 14:01:28
=ended         2016-04-15 14:01:31
=result        failed: {test_case_failed,"Unexpected error IQ."}, [{mam_SUITE,
                                                                    wait_archive_respond_v02,
                                                                    1119},
                                                                   {mam_SUITE,
                                                                    wait_archive_respond_nofin,
                                                                    1108},
                                                                   {mam_SUITE,
                                                                    '-muc_delete_x_user_in_anon_rooms/1-fun-0-',
                                                                    1566},
                                                                   {escalus_story,
                                                                    story,40},
                                                                   {test_server,
                                                                    ts_tc,
                                                                    1429},
                                                                   {test_server,
                                                                    run_test_case_eval1,
                                                                    1026},
                                                                   {test_server,
                                                                    run_test_case_eval,
                                                                    968}]
=== *** FAILED test case 25 of 203 ***
=case          mam_SUITE:muc_show_x_user_to_moderators_in_anon_rooms
=logfile       mam_suite.muc_show_x_user_to_moderators_in_anon_rooms.html
=started       2016-04-15 14:01:31
=ended         2016-04-15 14:01:34
=result        failed: {test_case_failed,"Unexpected error IQ."}, [{mam_SUITE,
                                                                    wait_archive_respond_v02,
                                                                    1119},
                                                                   {mam_SUITE,
                                                                    wait_archive_respond_nofin,
                                                                    1108},
                                                                   {mam_SUITE,
                                                                    '-muc_show_x_user_to_moderators_in_anon_rooms/1-fun-0-',
                                                                    1601},
                                                                   {escalus_story,
                                                                    story,40},
                                                                   {test_server,
                                                                    ts_tc,
                                                                    1429},
                                                                   {test_server,
                                                                    run_test_case_eval1,
                                                                    1026},
                                                                   {test_server,
                                                                    run_test_case_eval,
                                                                    968}]
=== *** FAILED test case 26 of 203 ***
=case          mam_SUITE:muc_show_x_user_for_your_own_messages_in_anon_rooms
=logfile       mam_suite.muc_show_x_user_for_your_own_messages_in_anon_rooms.html
=started       2016-04-15 14:01:34
=ended         2016-04-15 14:01:37
=result        failed: {test_case_failed,"Unexpected error IQ."}, [{mam_SUITE,
                                                                    wait_archive_respond_v02,
                                                                    1119},
                                                                   {mam_SUITE,
                                                                    wait_archive_respond_nofin,
                                                                    1108},
                                                                   {mam_SUITE,
                                                                    '-muc_show_x_user_for_your_own_messages_in_anon_rooms/1-fun-0-',
                                                                    1636},
                                                                   {escalus_story,
                                                                    story,40},
                                                                   {test_server,
                                                                    ts_tc,
                                                                    1429},
                                                                   {test_server,
                                                                    run_test_case_eval1,
                                                                    1026},
                                                                   {test_server,
                                                                    run_test_case_eval,
                                                                    968}]
=== *** FAILED test case 27 of 203 ***
=case          mam_SUITE:muc_querying_for_all_messages
=logfile       mam_suite.muc_querying_for_all_messages.html
=started       2016-04-15 14:01:37
=ended         2016-04-15 14:01:42
=result        failed: {test_case_failed,"Unexpected error IQ."}, [{mam_SUITE,
                                                                    wait_archive_respond_v02,
                                                                    1119},
                                                                   {mam_SUITE,
                                                                    wait_archive_respond_nofin,
                                                                    1108},
                                                                   {mam_SUITE,
                                                                    '-muc_querying_for_all_messages/1-fun-0-',
                                                                    959},
                                                                   {escalus_story,
                                                                    story,40},
                                                                   {test_server,
                                                                    ts_tc,
                                                                    1429},
                                                                   {test_server,
                                                                    run_test_case_eval1,
                                                                    1026},
                                                                   {test_server,
                                                                    run_test_case_eval,
                                                                    968}]
=== *** FAILED test case 28 of 203 ***
=case          mam_SUITE:muc_querying_for_all_messages_with_jid
=logfile       mam_suite.muc_querying_for_all_messages_with_jid.html
=started       2016-04-15 14:01:42
=ended         2016-04-15 14:01:45
=result        failed: {test_case_failed,"Unexpected error IQ."}, [{mam_SUITE,
                                                                    wait_archive_respond_v02,
                                                                    1119},
                                                                   {mam_SUITE,
                                                                    wait_archive_respond_nofin,
                                                                    1108},
                                                                   {mam_SUITE,
                                                                    '-muc_querying_for_all_messages_with_jid/1-fun-0-',
                                                                    977},
                                                                   {escalus_story,
                                                                    story,40},
                                                                   {test_server,
                                                                    ts_tc,
                                                                    1429},
                                                                   {test_server,
                                                                    run_test_case_eval1,
                                                                    1026},
                                                                   {test_server,
                                                                    run_test_case_eval,
                                                                    968}]
=== *** FAILED test case 29 of 203 ***
=case          mam_SUITE:end_per_group
=logfile       mam_suite.end_per_group.728905.627.html
=group_props   [{name,riak_timed_yz_buckets_muc}]
=started       2016-04-15 14:01:45
=ended         2016-04-15 14:01:45
=result        ok
=elapsed       0.069712
=group_time    24.235s
=case          mam_SUITE:init_per_group
=logfile       mam_suite.init_per_group.728905.722.html
=group_props   [{name,riak_timed_yz_buckets_muc03}]
=started       2016-04-15 14:01:45
=ended         2016-04-15 14:01:45
=result        ok
=elapsed       0.099007
=case          mam_SUITE:muc_service_discovery
=logfile       mam_suite.muc_service_discovery.728905.847.html
=started       2016-04-15 14:01:45
=ended         2016-04-15 14:01:46
=result        ok
=elapsed       0.2188
=case          mam_SUITE:muc_archive_request
=logfile       mam_suite.muc_archive_request.728906.92.html
=started       2016-04-15 14:01:46
=ended         2016-04-15 14:01:46
=result        failed: {function_clause,
                           [{exml_query,attr,
                                [undefined,<<"by">>,undefined],
                                [{file,"src/exml_query.erl"},{line,83}]},
                            {mam_SUITE,'-muc_archive_request/1-fun-0-',4,
                                [{file,"mam_SUITE.erl"},{line,1335}]},
                            {escalus_story,story,3,
                                [{file,"src/escalus_story.erl"},{line,40}]},
                            {test_server,ts_tc,3,
                                [{file,"test_server.erl"},{line,1429}]},
                            {test_server,run_test_case_eval1,6,
                                [{file,"test_server.erl"},{line,1026}]},
                            {test_server,run_test_case_eval,9,
                                [{file,"test_server.erl"},{line,968}]}]}, [{exml_query,
                                                                            attr,
                                                                            83},
                                                                           {mam_SUITE,
                                                                            '-muc_archive_request/1-fun-0-',
                                                                            1335},
                                                                           {escalus_story,
                                                                            story,
                                                                            40},
                                                                           {test_server,
                                                                            ts_tc,
                                                                            1429},
                                                                           {test_server,
                                                                            run_test_case_eval1,
                                                                            1026},
                                                                           {test_server,
                                                                            run_test_case_eval,
                                                                            968}]
=== *** FAILED test case 31 of 203 ***
=case          mam_SUITE:muc_archive_purge
=logfile       mam_suite.muc_archive_purge.728906.603.html
=started       2016-04-15 14:01:46
=ended         2016-04-15 14:01:50
=result        ok
=elapsed       3.939474
=case          mam_SUITE:muc_multiple_devices
=logfile       mam_suite.muc_multiple_devices.728910.575.html
=started       2016-04-15 14:01:50
=ended         2016-04-15 14:01:51
=result        failed: {function_clause,
                           [{exml_query,attr,
                                [undefined,<<"by">>,undefined],
                                [{file,"src/exml_query.erl"},{line,83}]},
                            {mam_SUITE,'-muc_multiple_devices/1-fun-0-',5,
                                [{file,"mam_SUITE.erl"},{line,1441}]},
                            {escalus_story,story,3,
                                [{file,"src/escalus_story.erl"},{line,40}]},
                            {test_server,ts_tc,3,
                                [{file,"test_server.erl"},{line,1429}]},
                            {test_server,run_test_case_eval1,6,
                                [{file,"test_server.erl"},{line,1026}]},
                            {test_server,run_test_case_eval,9,
                                [{file,"test_server.erl"},{line,968}]}]}, [{exml_query,
                                                                            attr,
                                                                            83},
                                                                           {mam_SUITE,
                                                                            '-muc_multiple_devices/1-fun-0-',
                                                                            1441},
                                                                           {escalus_story,
                                                                            story,
                                                                            40},
                                                                           {test_server,
                                                                            ts_tc,
                                                                            1429},
                                                                           {test_server,
                                                                            run_test_case_eval1,
                                                                            1026},
                                                                           {test_server,
                                                                            run_test_case_eval,
                                                                            968}]
=== *** FAILED test case 33 of 203 ***
=case          mam_SUITE:muc_protected_message
=logfile       mam_suite.muc_protected_message.728911.287.html
=started       2016-04-15 14:01:51
=ended         2016-04-15 14:01:51
=result        failed: {test_case_failed,"Unexpected error IQ."}, [{mam_SUITE,
                                                                    wait_archive_respond_v03,
                                                                    1133},
                                                                   {mam_SUITE,
                                                                    wait_archive_respond_fin,
                                                                    1099},
                                                                   {mam_SUITE,
                                                                    '-muc_protected_message/1-fun-0-',
                                                                    1494},
                                                                   {escalus_story,
                                                                    story,40},
                                                                   {test_server,
                                                                    ts_tc,
                                                                    1429},
                                                                   {test_server,
                                                                    run_test_case_eval1,
                                                                    1026},
                                                                   {test_server,
                                                                    run_test_case_eval,
                                                                    968}]
=== *** FAILED test case 34 of 203 ***
=case          mam_SUITE:muc_deny_protected_room_access
=logfile       mam_suite.muc_deny_protected_room_access.728911.758.html
=started       2016-04-15 14:01:51
=ended         2016-04-15 14:01:52
=result        ok
=elapsed       0.427403
=case          mam_SUITE:muc_allow_access_to_owner
=logfile       mam_suite.muc_allow_access_to_owner.728912.222.html
=started       2016-04-15 14:01:52
=ended         2016-04-15 14:01:52
=result        failed: {test_case_failed,"Unexpected error IQ."}, [{mam_SUITE,
                                                                    wait_archive_respond_v03,
                                                                    1133},
                                                                   {mam_SUITE,
                                                                    wait_archive_respond_fin,
                                                                    1099},
                                                                   {mam_SUITE,
                                                                    '-muc_allow_access_to_owner/1-fun-0-',
                                                                    1534},
                                                                   {escalus_story,
                                                                    story,40},
                                                                   {test_server,
                                                                    ts_tc,
                                                                    1429},
                                                                   {test_server,
                                                                    run_test_case_eval1,
                                                                    1026},
                                                                   {test_server,
                                                                    run_test_case_eval,
                                                                    968}]
=== *** FAILED test case 36 of 203 ***
=case          mam_SUITE:muc_delete_x_user_in_anon_rooms
=logfile       mam_suite.muc_delete_x_user_in_anon_rooms.728912.690.html
=started       2016-04-15 14:01:52
=ended         2016-04-15 14:01:55
=result        failed: {test_case_failed,"Unexpected error IQ."}, [{mam_SUITE,
                                                                    wait_archive_respond_v03,
                                                                    1133},
                                                                   {mam_SUITE,
                                                                    wait_archive_respond_fin,
                                                                    1099},
                                                                   {mam_SUITE,
                                                                    '-muc_delete_x_user_in_anon_rooms/1-fun-0-',
                                                                    1566},
                                                                   {escalus_story,
                                                                    story,40},
                                                                   {test_server,
                                                                    ts_tc,
                                                                    1429},
                                                                   {test_server,
                                                                    run_test_case_eval1,
                                                                    1026},
                                                                   {test_server,
                                                                    run_test_case_eval,
                                                                    968}]
=== *** FAILED test case 37 of 203 ***
=case          mam_SUITE:muc_show_x_user_to_moderators_in_anon_rooms
=logfile       mam_suite.muc_show_x_user_to_moderators_in_anon_rooms.728915.671.html
=started       2016-04-15 14:01:55
=ended         2016-04-15 14:01:58
=result        failed: {test_case_failed,"Unexpected error IQ."}, [{mam_SUITE,
                                                                    wait_archive_respond_v03,
                                                                    1133},
                                                                   {mam_SUITE,
                                                                    wait_archive_respond_fin,
                                                                    1099},
                                                                   {mam_SUITE,
                                                                    '-muc_show_x_user_to_moderators_in_anon_rooms/1-fun-0-',
                                                                    1601},
                                                                   {escalus_story,
                                                                    story,40},
                                                                   {test_server,
                                                                    ts_tc,
                                                                    1429},
                                                                   {test_server,
                                                                    run_test_case_eval1,
                                                                    1026},
                                                                   {test_server,
                                                                    run_test_case_eval,
                                                                    968}]
=== *** FAILED test case 38 of 203 ***
=case          mam_SUITE:muc_show_x_user_for_your_own_messages_in_anon_rooms
=logfile       mam_suite.muc_show_x_user_for_your_own_messages_in_anon_rooms.728918.664.html
=started       2016-04-15 14:01:58
=ended         2016-04-15 14:02:01
=result        failed: {test_case_failed,"Unexpected error IQ."}, [{mam_SUITE,
                                                                    wait_archive_respond_v03,
                                                                    1133},
                                                                   {mam_SUITE,
                                                                    wait_archive_respond_fin,
                                                                    1099},
                                                                   {mam_SUITE,
                                                                    '-muc_show_x_user_for_your_own_messages_in_anon_rooms/1-fun-0-',
                                                                    1636},
                                                                   {escalus_story,
                                                                    story,40},
                                                                   {test_server,
                                                                    ts_tc,
                                                                    1429},
                                                                   {test_server,
                                                                    run_test_case_eval1,
                                                                    1026},
                                                                   {test_server,
                                                                    run_test_case_eval,
                                                                    968}]
=== *** FAILED test case 39 of 203 ***
=case          mam_SUITE:muc_querying_for_all_messages
=logfile       mam_suite.muc_querying_for_all_messages.728921.639.html
=started       2016-04-15 14:02:01
=ended         2016-04-15 14:02:06
=result        failed: {test_case_failed,"Unexpected error IQ."}, [{mam_SUITE,
                                                                    wait_archive_respond_v03,
                                                                    1133},
                                                                   {mam_SUITE,
                                                                    wait_archive_respond_fin,
                                                                    1099},
                                                                   {mam_SUITE,
                                                                    '-muc_querying_for_all_messages/1-fun-0-',
                                                                    959},
                                                                   {escalus_story,
                                                                    story,40},
                                                                   {test_server,
                                                                    ts_tc,
                                                                    1429},
                                                                   {test_server,
                                                                    run_test_case_eval1,
                                                                    1026},
                                                                   {test_server,
                                                                    run_test_case_eval,
                                                                    968}]
=== *** FAILED test case 40 of 203 ***
=case          mam_SUITE:muc_querying_for_all_messages_with_jid
=logfile       mam_suite.muc_querying_for_all_messages_with_jid.728926.950.html
=started       2016-04-15 14:02:06
=ended         2016-04-15 14:02:09
=result        failed: {test_case_failed,"Unexpected error IQ."}, [{mam_SUITE,
                                                                    wait_archive_respond_v03,
                                                                    1133},
                                                                   {mam_SUITE,
                                                                    wait_archive_respond_fin,
                                                                    1099},
                                                                   {mam_SUITE,
                                                                    '-muc_querying_for_all_messages_with_jid/1-fun-0-',
                                                                    977},
                                                                   {escalus_story,
                                                                    story,40},
                                                                   {test_server,
                                                                    ts_tc,
                                                                    1429},
                                                                   {test_server,
                                                                    run_test_case_eval1,
                                                                    1026},
                                                                   {test_server,
                                                                    run_test_case_eval,
                                                                    968}]
=== *** FAILED test case 41 of 203 ***
=case          mam_SUITE:end_per_group
=logfile       mam_suite.end_per_group.728929.982.html
=group_props   [{name,riak_timed_yz_buckets_muc03}]
=started       2016-04-15 14:02:09
=ended         2016-04-15 14:02:10
=result        ok
=elapsed       0.071257
=group_time    24.260s
=case          mam_SUITE:init_per_group
=logfile       mam_suite.init_per_group.728930.79.html
=group_props   [{name,riak_timed_yz_buckets_muc04}]
=started       2016-04-15 14:02:10
=ended         2016-04-15 14:02:10
=result        ok
=elapsed       0.097822
=case          mam_SUITE:muc_service_discovery
=logfile       mam_suite.muc_service_discovery.728930.204.html
=started       2016-04-15 14:02:10
=ended         2016-04-15 14:02:10
=result        ok
=elapsed       0.212681
=case          mam_SUITE:muc_archive_request
=logfile       mam_suite.muc_archive_request.728930.446.html
=started       2016-04-15 14:02:10
=ended         2016-04-15 14:02:10
=result        failed: {function_clause,
                           [{exml_query,attr,
                                [undefined,<<"by">>,undefined],
                                [{file,"src/exml_query.erl"},{line,83}]},
                            {mam_SUITE,'-muc_archive_request/1-fun-0-',4,
                                [{file,"mam_SUITE.erl"},{line,1335}]},
                            {escalus_story,story,3,
                                [{file,"src/escalus_story.erl"},{line,40}]},
                            {test_server,ts_tc,3,
                                [{file,"test_server.erl"},{line,1429}]},
                            {test_server,run_test_case_eval1,6,
                                [{file,"test_server.erl"},{line,1026}]},
                            {test_server,run_test_case_eval,9,
                                [{file,"test_server.erl"},{line,968}]}]}, [{exml_query,
                                                                            attr,
                                                                            83},
                                                                           {mam_SUITE,
                                                                            '-muc_archive_request/1-fun-0-',
                                                                            1335},
                                                                           {escalus_story,
                                                                            story,
                                                                            40},
                                                                           {test_server,
                                                                            ts_tc,
                                                                            1429},
                                                                           {test_server,
                                                                            run_test_case_eval1,
                                                                            1026},
                                                                           {test_server,
                                                                            run_test_case_eval,
                                                                            968}]
=== *** FAILED test case 43 of 203 ***
=case          mam_SUITE:muc_archive_purge
=logfile       mam_suite.muc_archive_purge.728930.970.html
=started       2016-04-15 14:02:10
=ended         2016-04-15 14:02:14
=result        ok
=elapsed       3.944297
=case          mam_SUITE:muc_multiple_devices
=logfile       mam_suite.muc_multiple_devices.728934.946.html
=started       2016-04-15 14:02:14
=ended         2016-04-15 14:02:15
=result        failed: {function_clause,
                           [{exml_query,attr,
                                [undefined,<<"by">>,undefined],
                                [{file,"src/exml_query.erl"},{line,83}]},
                            {mam_SUITE,'-muc_multiple_devices/1-fun-0-',5,
                                [{file,"mam_SUITE.erl"},{line,1441}]},
                            {escalus_story,story,3,
                                [{file,"src/escalus_story.erl"},{line,40}]},
                            {test_server,ts_tc,3,
                                [{file,"test_server.erl"},{line,1429}]},
                            {test_server,run_test_case_eval1,6,
                                [{file,"test_server.erl"},{line,1026}]},
                            {test_server,run_test_case_eval,9,
                                [{file,"test_server.erl"},{line,968}]}]}, [{exml_query,
                                                                            attr,
                                                                            83},
                                                                           {mam_SUITE,
                                                                            '-muc_multiple_devices/1-fun-0-',
                                                                            1441},
                                                                           {escalus_story,
                                                                            story,
                                                                            40},
                                                                           {test_server,
                                                                            ts_tc,
                                                                            1429},
                                                                           {test_server,
                                                                            run_test_case_eval1,
                                                                            1026},
                                                                           {test_server,
                                                                            run_test_case_eval,
                                                                            968}]
=== *** FAILED test case 45 of 203 ***
=case          mam_SUITE:muc_protected_message
=logfile       mam_suite.muc_protected_message.728935.650.html
=started       2016-04-15 14:02:15
=ended         2016-04-15 14:02:16
=result        failed: {test_case_failed,"Unexpected error IQ."}, [{mam_SUITE,
                                                                    wait_archive_respond_v02,
                                                                    1119},
                                                                   {mam_SUITE,
                                                                    wait_archive_respond_nofin,
                                                                    1108},
                                                                   {mam_SUITE,
                                                                    '-muc_protected_message/1-fun-0-',
                                                                    1494},
                                                                   {escalus_story,
                                                                    story,40},
                                                                   {test_server,
                                                                    ts_tc,
                                                                    1429},
                                                                   {test_server,
                                                                    run_test_case_eval1,
                                                                    1026},
                                                                   {test_server,
                                                                    run_test_case_eval,
                                                                    968}]
=== *** FAILED test case 46 of 203 ***
=case          mam_SUITE:muc_deny_protected_room_access
=logfile       mam_suite.muc_deny_protected_room_access.728936.143.html
=started       2016-04-15 14:02:16
=ended         2016-04-15 14:02:16
=result        ok
=elapsed       0.428343
=case          mam_SUITE:muc_allow_access_to_owner
=logfile       mam_suite.muc_allow_access_to_owner.728936.600.html
=started       2016-04-15 14:02:16
=ended         2016-04-15 14:02:17
=result        failed: {test_case_failed,"Unexpected error IQ."}, [{mam_SUITE,
                                                                    wait_archive_respond_v02,
                                                                    1119},
                                                                   {mam_SUITE,
                                                                    wait_archive_respond_nofin,
                                                                    1108},
                                                                   {mam_SUITE,
                                                                    '-muc_allow_access_to_owner/1-fun-0-',
                                                                    1534},
                                                                   {escalus_story,
                                                                    story,40},
                                                                   {test_server,
                                                                    ts_tc,
                                                                    1429},
                                                                   {test_server,
                                                                    run_test_case_eval1,
                                                                    1026},
                                                                   {test_server,
                                                                    run_test_case_eval,
                                                                    968}]
=== *** FAILED test case 48 of 203 ***
=case          mam_SUITE:muc_delete_x_user_in_anon_rooms
=logfile       mam_suite.muc_delete_x_user_in_anon_rooms.728937.65.html
=started       2016-04-15 14:02:17
=ended         2016-04-15 14:02:20
=result        failed: {test_case_failed,"Unexpected error IQ."}, [{mam_SUITE,
                                                                    wait_archive_respond_v02,
                                                                    1119},
                                                                   {mam_SUITE,
                                                                    wait_archive_respond_nofin,
                                                                    1108},
                                                                   {mam_SUITE,
                                                                    '-muc_delete_x_user_in_anon_rooms/1-fun-0-',
                                                                    1566},
                                                                   {escalus_story,
                                                                    story,40},
                                                                   {test_server,
                                                                    ts_tc,
                                                                    1429},
                                                                   {test_server,
                                                                    run_test_case_eval1,
                                                                    1026},
                                                                   {test_server,
                                                                    run_test_case_eval,
                                                                    968}]
=== *** FAILED test case 49 of 203 ***
=case          mam_SUITE:muc_show_x_user_to_moderators_in_anon_rooms
=logfile       mam_suite.muc_show_x_user_to_moderators_in_anon_rooms.728940.42.html
=started       2016-04-15 14:02:20
=ended         2016-04-15 14:02:23
=result        failed: {test_case_failed,"Unexpected error IQ."}, [{mam_SUITE,
                                                                    wait_archive_respond_v02,
                                                                    1119},
                                                                   {mam_SUITE,
                                                                    wait_archive_respond_nofin,
                                                                    1108},
                                                                   {mam_SUITE,
                                                                    '-muc_show_x_user_to_moderators_in_anon_rooms/1-fun-0-',
                                                                    1601},
                                                                   {escalus_story,
                                                                    story,40},
                                                                   {test_server,
                                                                    ts_tc,
                                                                    1429},
                                                                   {test_server,
                                                                    run_test_case_eval1,
                                                                    1026},
                                                                   {test_server,
                                                                    run_test_case_eval,
                                                                    968}]
=== *** FAILED test case 50 of 203 ***
=case          mam_SUITE:muc_show_x_user_for_your_own_messages_in_anon_rooms
=logfile       mam_suite.muc_show_x_user_for_your_own_messages_in_anon_rooms.728943.22.html
=started       2016-04-15 14:02:23
=ended         2016-04-15 14:02:25
=result        failed: {test_case_failed,"Unexpected error IQ."}, [{mam_SUITE,
                                                                    wait_archive_respond_v02,
                                                                    1119},
                                                                   {mam_SUITE,
                                                                    wait_archive_respond_nofin,
                                                                    1108},
                                                                   {mam_SUITE,
                                                                    '-muc_show_x_user_for_your_own_messages_in_anon_rooms/1-fun-0-',
                                                                    1636},
                                                                   {escalus_story,
                                                                    story,40},
                                                                   {test_server,
                                                                    ts_tc,
                                                                    1429},
                                                                   {test_server,
                                                                    run_test_case_eval1,
                                                                    1026},
                                                                   {test_server,
                                                                    run_test_case_eval,
                                                                    968}]
=== *** FAILED test case 51 of 203 ***
=case          mam_SUITE:muc_querying_for_all_messages
=logfile       mam_suite.muc_querying_for_all_messages.728945.996.html
=started       2016-04-15 14:02:25
=ended         2016-04-15 14:02:31
=result        failed: {test_case_failed,"Unexpected error IQ."}, [{mam_SUITE,
                                                                    wait_archive_respond_v02,
                                                                    1119},
                                                                   {mam_SUITE,
                                                                    wait_archive_respond_nofin,
                                                                    1108},
                                                                   {mam_SUITE,
                                                                    '-muc_querying_for_all_messages/1-fun-0-',
                                                                    959},
                                                                   {escalus_story,
                                                                    story,40},
                                                                   {test_server,
                                                                    ts_tc,
                                                                    1429},
                                                                   {test_server,
                                                                    run_test_case_eval1,
                                                                    1026},
                                                                   {test_server,
                                                                    run_test_case_eval,
                                                                    968}]
=== *** FAILED test case 52 of 203 ***
=case          mam_SUITE:muc_querying_for_all_messages_with_jid
=logfile       mam_suite.muc_querying_for_all_messages_with_jid.728951.312.html
=started       2016-04-15 14:02:31
=ended         2016-04-15 14:02:34
=result        failed: {test_case_failed,"Unexpected error IQ."}, [{mam_SUITE,
                                                                    wait_archive_respond_v02,
                                                                    1119},
                                                                   {mam_SUITE,
                                                                    wait_archive_respond_nofin,
                                                                    1108},
                                                                   {mam_SUITE,
                                                                    '-muc_querying_for_all_messages_with_jid/1-fun-0-',
                                                                    977},
                                                                   {escalus_story,
                                                                    story,40},
                                                                   {test_server,
                                                                    ts_tc,
                                                                    1429},
                                                                   {test_server,
                                                                    run_test_case_eval1,
                                                                    1026},
                                                                   {test_server,
                                                                    run_test_case_eval,
                                                                    968}]
=== *** FAILED test case 53 of 203 ***
=case          mam_SUITE:end_per_group
=logfile       mam_suite.end_per_group.728954.351.html
=group_props   [{name,riak_timed_yz_buckets_muc04}]
=started       2016-04-15 14:02:34
=ended         2016-04-15 14:02:34
=result        ok
=elapsed       0.066941
=group_time    24.272s
=case          mam_SUITE:init_per_group
=logfile       mam_suite.init_per_group.728954.450.html
=group_props   [{name,riak_timed_yz_buckets_muc_with_pm}]
=started       2016-04-15 14:02:34
=ended         2016-04-15 14:02:34
=result        ok
=elapsed       0.099324
=case          mam_SUITE:muc_service_discovery
=logfile       mam_suite.muc_service_discovery.728954.578.html
=started       2016-04-15 14:02:34
=ended         2016-04-15 14:02:34
=result        ok
=elapsed       0.213474
=case          mam_SUITE:muc_archive_request
=logfile       mam_suite.muc_archive_request.728954.818.html
=started       2016-04-15 14:02:34
=ended         2016-04-15 14:02:35
=result        failed: {function_clause,
                           [{exml_query,attr,
                                [undefined,<<"by">>,undefined],
                                [{file,"src/exml_query.erl"},{line,83}]},
                            {mam_SUITE,'-muc_archive_request/1-fun-0-',4,
                                [{file,"mam_SUITE.erl"},{line,1335}]},
                            {escalus_story,story,3,
                                [{file,"src/escalus_story.erl"},{line,40}]},
                            {test_server,ts_tc,3,
                                [{file,"test_server.erl"},{line,1429}]},
                            {test_server,run_test_case_eval1,6,
                                [{file,"test_server.erl"},{line,1026}]},
                            {test_server,run_test_case_eval,9,
                                [{file,"test_server.erl"},{line,968}]}]}, [{exml_query,
                                                                            attr,
                                                                            83},
                                                                           {mam_SUITE,
                                                                            '-muc_archive_request/1-fun-0-',
                                                                            1335},
                                                                           {escalus_story,
                                                                            story,
                                                                            40},
                                                                           {test_server,
                                                                            ts_tc,
                                                                            1429},
                                                                           {test_server,
                                                                            run_test_case_eval1,
                                                                            1026},
                                                                           {test_server,
                                                                            run_test_case_eval,
                                                                            968}]
=== *** FAILED test case 55 of 203 ***
=case          mam_SUITE:muc_archive_purge
=logfile       mam_suite.muc_archive_purge.728955.322.html
=started       2016-04-15 14:02:35
=ended         2016-04-15 14:02:39
=result        ok
=elapsed       3.952252
=case          mam_SUITE:muc_multiple_devices
=logfile       mam_suite.muc_multiple_devices.728959.305.html
=started       2016-04-15 14:02:39
=ended         2016-04-15 14:02:40
=result        failed: {function_clause,
                           [{exml_query,attr,
                                [undefined,<<"by">>,undefined],
                                [{file,"src/exml_query.erl"},{line,83}]},
                            {mam_SUITE,'-muc_multiple_devices/1-fun-0-',5,
                                [{file,"mam_SUITE.erl"},{line,1441}]},
                            {escalus_story,story,3,
                                [{file,"src/escalus_story.erl"},{line,40}]},
                            {test_server,ts_tc,3,
                                [{file,"test_server.erl"},{line,1429}]},
                            {test_server,run_test_case_eval1,6,
                                [{file,"test_server.erl"},{line,1026}]},
                            {test_server,run_test_case_eval,9,
                                [{file,"test_server.erl"},{line,968}]}]}, [{exml_query,
                                                                            attr,
                                                                            83},
                                                                           {mam_SUITE,
                                                                            '-muc_multiple_devices/1-fun-0-',
                                                                            1441},
                                                                           {escalus_story,
                                                                            story,
                                                                            40},
                                                                           {test_server,
                                                                            ts_tc,
                                                                            1429},
                                                                           {test_server,
                                                                            run_test_case_eval1,
                                                                            1026},
                                                                           {test_server,
                                                                            run_test_case_eval,
                                                                            968}]
=== *** FAILED test case 57 of 203 ***
=case          mam_SUITE:muc_protected_message
=logfile       mam_suite.muc_protected_message.728960.14.html
=started       2016-04-15 14:02:40
=ended         2016-04-15 14:02:40
=result        failed: {test_case_failed,"Unexpected error IQ."}, [{mam_SUITE,
                                                                    wait_archive_respond_v02,
                                                                    1119},
                                                                   {mam_SUITE,
                                                                    wait_archive_respond_nofin,
                                                                    1108},
                                                                   {mam_SUITE,
                                                                    '-muc_protected_message/1-fun-0-',
                                                                    1494},
                                                                   {escalus_story,
                                                                    story,40},
                                                                   {test_server,
                                                                    ts_tc,
                                                                    1429},
                                                                   {test_server,
                                                                    run_test_case_eval1,
                                                                    1026},
                                                                   {test_server,
                                                                    run_test_case_eval,
                                                                    968}]
=== *** FAILED test case 58 of 203 ***
=case          mam_SUITE:muc_deny_protected_room_access
=logfile       mam_suite.muc_deny_protected_room_access.728960.505.html
=started       2016-04-15 14:02:40
=ended         2016-04-15 14:02:40
=result        ok
=elapsed       0.425471
=case          mam_SUITE:muc_allow_access_to_owner
=logfile       mam_suite.muc_allow_access_to_owner.728960.970.html
=started       2016-04-15 14:02:40
=ended         2016-04-15 14:02:41
=result        failed: {test_case_failed,"Unexpected error IQ."}, [{mam_SUITE,
                                                                    wait_archive_respond_v02,
                                                                    1119},
                                                                   {mam_SUITE,
                                                                    wait_archive_respond_nofin,
                                                                    1108},
                                                                   {mam_SUITE,
                                                                    '-muc_allow_access_to_owner/1-fun-0-',
                                                                    1534},
                                                                   {escalus_story,
                                                                    story,40},
                                                                   {test_server,
                                                                    ts_tc,
                                                                    1429},
                                                                   {test_server,
                                                                    run_test_case_eval1,
                                                                    1026},
                                                                   {test_server,
                                                                    run_test_case_eval,
                                                                    968}]
=== *** FAILED test case 60 of 203 ***
=case          mam_SUITE:muc_delete_x_user_in_anon_rooms
=logfile       mam_suite.muc_delete_x_user_in_anon_rooms.728961.440.html
=started       2016-04-15 14:02:41
=ended         2016-04-15 14:02:44
=result        failed: {test_case_failed,"Unexpected error IQ."}, [{mam_SUITE,
                                                                    wait_archive_respond_v02,
                                                                    1119},
                                                                   {mam_SUITE,
                                                                    wait_archive_respond_nofin,
                                                                    1108},
                                                                   {mam_SUITE,
                                                                    '-muc_delete_x_user_in_anon_rooms/1-fun-0-',
                                                                    1566},
                                                                   {escalus_story,
                                                                    story,40},
                                                                   {test_server,
                                                                    ts_tc,
                                                                    1429},
                                                                   {test_server,
                                                                    run_test_case_eval1,
                                                                    1026},
                                                                   {test_server,
                                                                    run_test_case_eval,
                                                                    968}]
=== *** FAILED test case 61 of 203 ***
=case          mam_SUITE:muc_show_x_user_to_moderators_in_anon_rooms
=logfile       mam_suite.muc_show_x_user_to_moderators_in_anon_rooms.728964.423.html
=started       2016-04-15 14:02:44
=ended         2016-04-15 14:02:47
=result        failed: {test_case_failed,"Unexpected error IQ."}, [{mam_SUITE,
                                                                    wait_archive_respond_v02,
                                                                    1119},
                                                                   {mam_SUITE,
                                                                    wait_archive_respond_nofin,
                                                                    1108},
                                                                   {mam_SUITE,
                                                                    '-muc_show_x_user_to_moderators_in_anon_rooms/1-fun-0-',
                                                                    1601},
                                                                   {escalus_story,
                                                                    story,40},
                                                                   {test_server,
                                                                    ts_tc,
                                                                    1429},
                                                                   {test_server,
                                                                    run_test_case_eval1,
                                                                    1026},
                                                                   {test_server,
                                                                    run_test_case_eval,
                                                                    968}]
=== *** FAILED test case 62 of 203 ***
=case          mam_SUITE:muc_show_x_user_for_your_own_messages_in_anon_rooms
=logfile       mam_suite.muc_show_x_user_for_your_own_messages_in_anon_rooms.728967.409.html
=started       2016-04-15 14:02:47
=ended         2016-04-15 14:02:50
=result        failed: {test_case_failed,"Unexpected error IQ."}, [{mam_SUITE,
                                                                    wait_archive_respond_v02,
                                                                    1119},
                                                                   {mam_SUITE,
                                                                    wait_archive_respond_nofin,
                                                                    1108},
                                                                   {mam_SUITE,
                                                                    '-muc_show_x_user_for_your_own_messages_in_anon_rooms/1-fun-0-',
                                                                    1636},
                                                                   {escalus_story,
                                                                    story,40},
                                                                   {test_server,
                                                                    ts_tc,
                                                                    1429},
                                                                   {test_server,
                                                                    run_test_case_eval1,
                                                                    1026},
                                                                   {test_server,
                                                                    run_test_case_eval,
                                                                    968}]
=== *** FAILED test case 63 of 203 ***
=case          mam_SUITE:muc_querying_for_all_messages
=logfile       mam_suite.muc_querying_for_all_messages.728970.390.html
=started       2016-04-15 14:02:50
=ended         2016-04-15 14:02:55
=result        failed: {test_case_failed,"Unexpected error IQ."}, [{mam_SUITE,
                                                                    wait_archive_respond_v02,
                                                                    1119},
                                                                   {mam_SUITE,
                                                                    wait_archive_respond_nofin,
                                                                    1108},
                                                                   {mam_SUITE,
                                                                    '-muc_querying_for_all_messages/1-fun-0-',
                                                                    959},
                                                                   {escalus_story,
                                                                    story,40},
                                                                   {test_server,
                                                                    ts_tc,
                                                                    1429},
                                                                   {test_server,
                                                                    run_test_case_eval1,
                                                                    1026},
                                                                   {test_server,
                                                                    run_test_case_eval,
                                                                    968}]
=== *** FAILED test case 64 of 203 ***
=case          mam_SUITE:muc_querying_for_all_messages_with_jid
=logfile       mam_suite.muc_querying_for_all_messages_with_jid.728975.712.html
=started       2016-04-15 14:02:55
=ended         2016-04-15 14:02:58
=result        failed: {test_case_failed,"Unexpected error IQ."}, [{mam_SUITE,
                                                                    wait_archive_respond_v02,
                                                                    1119},
                                                                   {mam_SUITE,
                                                                    wait_archive_respond_nofin,
                                                                    1108},
                                                                   {mam_SUITE,
                                                                    '-muc_querying_for_all_messages_with_jid/1-fun-0-',
                                                                    977},
                                                                   {escalus_story,
                                                                    story,40},
                                                                   {test_server,
                                                                    ts_tc,
                                                                    1429},
                                                                   {test_server,
                                                                    run_test_case_eval1,
                                                                    1026},
                                                                   {test_server,
                                                                    run_test_case_eval,
                                                                    968}]
=== *** FAILED test case 65 of 203 ***
=case          mam_SUITE:end_per_group
=logfile       mam_suite.end_per_group.728978.745.html
=group_props   [{name,riak_timed_yz_buckets_muc_with_pm}]
=started       2016-04-15 14:02:58
=ended         2016-04-15 14:02:58
=result        ok
=elapsed       0.063856
=group_time    24.295s
=case          mam_SUITE:init_per_group
=logfile       mam_suite.init_per_group.728978.838.html
=group_props   [{name,riak_timed_yz_buckets_rsm}]
=started       2016-04-15 14:02:58
=ended         2016-04-15 14:03:02
=result        failed: {test_case_failed,"Unexpected error IQ."}, [{mam_SUITE,
                                                                    wait_archive_respond_v02,
                                                                    1119},
                                                                   {mam_SUITE,
                                                                    wait_archive_respond_nofin,
                                                                    1108},
                                                                   {mam_SUITE,
                                                                    '-send_rsm_messages/1-fun-0-',
                                                                    2586},
                                                                   {escalus_story,
                                                                    story,40},
                                                                   {mam_SUITE,
                                                                    send_rsm_messages,
                                                                    2592},
                                                                   {mam_SUITE,
                                                                    init_per_group,
                                                                    390},
                                                                   {test_server,
                                                                    ts_tc,
                                                                    1429}]
=== *** FAILED {mam_SUITE,init_per_group} ***
=== 
=case          mam_SUITE:pagination_first5
=group_props   [{name,"riak_timed_yz_buckets_rsm"}]
=started       2016-04-15 14:03:02
=result        auto_skipped: init_per_group failed
=== *** Skipping test case #66 {mam_SUITE,pagination_first5} ***
=== 
=case          mam_SUITE:pagination_last5
=group_props   [{name,"riak_timed_yz_buckets_rsm"}]
=started       2016-04-15 14:03:02
=result        auto_skipped: init_per_group failed
=== *** Skipping test case #67 {mam_SUITE,pagination_last5} ***
=== 
=case          mam_SUITE:pagination_before10
=group_props   [{name,"riak_timed_yz_buckets_rsm"}]
=started       2016-04-15 14:03:02
=result        auto_skipped: init_per_group failed
=== *** Skipping test case #68 {mam_SUITE,pagination_before10} ***
=== 
=case          mam_SUITE:pagination_after10
=group_props   [{name,"riak_timed_yz_buckets_rsm"}]
=started       2016-04-15 14:03:02
=result        auto_skipped: init_per_group failed
=== *** Skipping test case #69 {mam_SUITE,pagination_after10} ***
=== 
=case          mam_SUITE:pagination_empty_rset
=group_props   [{name,"riak_timed_yz_buckets_rsm"}]
=started       2016-04-15 14:03:02
=result        auto_skipped: init_per_group failed
=== *** Skipping test case #70 {mam_SUITE,pagination_empty_rset} ***
=== 
=case          mam_SUITE:pagination_last_after_id5
=group_props   [{name,"riak_timed_yz_buckets_rsm"}]
=started       2016-04-15 14:03:02
=result        auto_skipped: init_per_group failed
=== *** Skipping test case #71 {mam_SUITE,pagination_last_after_id5} ***
=== 
=case          mam_SUITE:pagination_last_after_id5_before_id11
=group_props   [{name,"riak_timed_yz_buckets_rsm"}]
=started       2016-04-15 14:03:02
=result        auto_skipped: init_per_group failed
=== *** Skipping test case #72 {mam_SUITE,pagination_last_after_id5_before_id11} ***
=== 
=case          mam_SUITE:pagination_simple_before10
=group_props   [{name,"riak_timed_yz_buckets_rsm"}]
=started       2016-04-15 14:03:02
=result        auto_skipped: init_per_group failed
=== *** Skipping test case #73 {mam_SUITE,pagination_simple_before10} ***
=== 
=case          mam_SUITE:pagination_first5_opt_count
=group_props   [{name,"riak_timed_yz_buckets_rsm"}]
=started       2016-04-15 14:03:02
=result        auto_skipped: init_per_group failed
=== *** Skipping test case #74 {mam_SUITE,pagination_first5_opt_count} ***
=== 
=case          mam_SUITE:pagination_last5_opt_count
=group_props   [{name,"riak_timed_yz_buckets_rsm"}]
=started       2016-04-15 14:03:02
=result        auto_skipped: init_per_group failed
=== *** Skipping test case #75 {mam_SUITE,pagination_last5_opt_count} ***
=== 
=case          mam_SUITE:pagination_offset5_opt_count
=group_props   [{name,"riak_timed_yz_buckets_rsm"}]
=started       2016-04-15 14:03:02
=result        auto_skipped: init_per_group failed
=== *** Skipping test case #76 {mam_SUITE,pagination_offset5_opt_count} ***
=== 
=case          mam_SUITE:pagination_first25_opt_count_all
=group_props   [{name,"riak_timed_yz_buckets_rsm"}]
=started       2016-04-15 14:03:02
=result        auto_skipped: init_per_group failed
=== *** Skipping test case #77 {mam_SUITE,pagination_first25_opt_count_all} ***
=== 
=case          mam_SUITE:pagination_last25_opt_count_all
=group_props   [{name,"riak_timed_yz_buckets_rsm"}]
=started       2016-04-15 14:03:02
=result        auto_skipped: init_per_group failed
=== *** Skipping test case #78 {mam_SUITE,pagination_last25_opt_count_all} ***
=== 
=case          mam_SUITE:pagination_offset5_opt_count_all
=group_props   [{name,"riak_timed_yz_buckets_rsm"}]
=started       2016-04-15 14:03:02
=result        auto_skipped: init_per_group failed
=== *** Skipping test case #79 {mam_SUITE,pagination_offset5_opt_count_all} ***
=== 
=case          mam_SUITE:end_per_group
=group_props   [{name,"riak_timed_yz_buckets_rsm"}]
=started       2016-04-15 14:03:02
=result        auto_skipped: init_per_group failed
=== *** Skipping {mam_SUITE,end_per_group} ***
=case          mam_SUITE:init_per_group
=logfile       mam_suite.init_per_group.728982.116.html
=group_props   [{name,riak_timed_yz_buckets_rsm03}]
=started       2016-04-15 14:03:02
=ended         2016-04-15 14:03:05
=result        failed: {test_case_failed,"Unexpected error IQ."}, [{mam_SUITE,
                                                                    wait_archive_respond_v03,
                                                                    1133},
                                                                   {mam_SUITE,
                                                                    wait_archive_respond_fin,
                                                                    1099},
                                                                   {mam_SUITE,
                                                                    '-send_rsm_messages/1-fun-0-',
                                                                    2586},
                                                                   {escalus_story,
                                                                    story,40},
                                                                   {mam_SUITE,
                                                                    send_rsm_messages,
                                                                    2592},
                                                                   {mam_SUITE,
                                                                    init_per_group,
                                                                    390},
                                                                   {test_server,
                                                                    ts_tc,
                                                                    1429}]
=== *** FAILED {mam_SUITE,init_per_group} ***
=== 
=case          mam_SUITE:pagination_first5
=group_props   [{name,"riak_timed_yz_buckets_rsm03"}]
=started       2016-04-15 14:03:05
=result        auto_skipped: init_per_group failed
=== *** Skipping test case #80 {mam_SUITE,pagination_first5} ***
=== 
=case          mam_SUITE:pagination_last5
=group_props   [{name,"riak_timed_yz_buckets_rsm03"}]
=started       2016-04-15 14:03:05
=result        auto_skipped: init_per_group failed
=== *** Skipping test case #81 {mam_SUITE,pagination_last5} ***
=== 
=case          mam_SUITE:pagination_before10
=group_props   [{name,"riak_timed_yz_buckets_rsm03"}]
=started       2016-04-15 14:03:05
=result        auto_skipped: init_per_group failed
=== *** Skipping test case #82 {mam_SUITE,pagination_before10} ***
=== 
=case          mam_SUITE:pagination_after10
=group_props   [{name,"riak_timed_yz_buckets_rsm03"}]
=started       2016-04-15 14:03:05
=result        auto_skipped: init_per_group failed
=== *** Skipping test case #83 {mam_SUITE,pagination_after10} ***
=== 
=case          mam_SUITE:pagination_empty_rset
=group_props   [{name,"riak_timed_yz_buckets_rsm03"}]
=started       2016-04-15 14:03:05
=result        auto_skipped: init_per_group failed
=== *** Skipping test case #84 {mam_SUITE,pagination_empty_rset} ***
=== 
=case          mam_SUITE:pagination_last_after_id5
=group_props   [{name,"riak_timed_yz_buckets_rsm03"}]
=started       2016-04-15 14:03:05
=result        auto_skipped: init_per_group failed
=== *** Skipping test case #85 {mam_SUITE,pagination_last_after_id5} ***
=== 
=case          mam_SUITE:pagination_last_after_id5_before_id11
=group_props   [{name,"riak_timed_yz_buckets_rsm03"}]
=started       2016-04-15 14:03:05
=result        auto_skipped: init_per_group failed
=== *** Skipping test case #86 {mam_SUITE,pagination_last_after_id5_before_id11} ***
=== 
=case          mam_SUITE:pagination_simple_before10
=group_props   [{name,"riak_timed_yz_buckets_rsm03"}]
=started       2016-04-15 14:03:05
=result        auto_skipped: init_per_group failed
=== *** Skipping test case #87 {mam_SUITE,pagination_simple_before10} ***
=== 
=case          mam_SUITE:pagination_first5_opt_count
=group_props   [{name,"riak_timed_yz_buckets_rsm03"}]
=started       2016-04-15 14:03:05
=result        auto_skipped: init_per_group failed
=== *** Skipping test case #88 {mam_SUITE,pagination_first5_opt_count} ***
=== 
=case          mam_SUITE:pagination_last5_opt_count
=group_props   [{name,"riak_timed_yz_buckets_rsm03"}]
=started       2016-04-15 14:03:05
=result        auto_skipped: init_per_group failed
=== *** Skipping test case #89 {mam_SUITE,pagination_last5_opt_count} ***
=== 
=case          mam_SUITE:pagination_offset5_opt_count
=group_props   [{name,"riak_timed_yz_buckets_rsm03"}]
=started       2016-04-15 14:03:05
=result        auto_skipped: init_per_group failed
=== *** Skipping test case #90 {mam_SUITE,pagination_offset5_opt_count} ***
=== 
=case          mam_SUITE:pagination_first25_opt_count_all
=group_props   [{name,"riak_timed_yz_buckets_rsm03"}]
=started       2016-04-15 14:03:05
=result        auto_skipped: init_per_group failed
=== *** Skipping test case #91 {mam_SUITE,pagination_first25_opt_count_all} ***
=== 
=case          mam_SUITE:pagination_last25_opt_count_all
=group_props   [{name,"riak_timed_yz_buckets_rsm03"}]
=started       2016-04-15 14:03:05
=result        auto_skipped: init_per_group failed
=== *** Skipping test case #92 {mam_SUITE,pagination_last25_opt_count_all} ***
=== 
=case          mam_SUITE:pagination_offset5_opt_count_all
=group_props   [{name,"riak_timed_yz_buckets_rsm03"}]
=started       2016-04-15 14:03:05
=result        auto_skipped: init_per_group failed
=== *** Skipping test case #93 {mam_SUITE,pagination_offset5_opt_count_all} ***
=== 
=case          mam_SUITE:end_per_group
=group_props   [{name,"riak_timed_yz_buckets_rsm03"}]
=started       2016-04-15 14:03:05
=result        auto_skipped: init_per_group failed
=== *** Skipping {mam_SUITE,end_per_group} ***
=case          mam_SUITE:init_per_group
=logfile       mam_suite.init_per_group.728985.386.html
=group_props   [{name,riak_timed_yz_buckets_rsm04}]
=started       2016-04-15 14:03:05
=ended         2016-04-15 14:03:08
=result        failed: {test_case_failed,"Unexpected error IQ."}, [{mam_SUITE,
                                                                    wait_archive_respond_v02,
                                                                    1119},
                                                                   {mam_SUITE,
                                                                    wait_archive_respond_nofin,
                                                                    1108},
                                                                   {mam_SUITE,
                                                                    '-send_rsm_messages/1-fun-0-',
                                                                    2586},
                                                                   {escalus_story,
                                                                    story,40},
                                                                   {mam_SUITE,
                                                                    send_rsm_messages,
                                                                    2592},
                                                                   {mam_SUITE,
                                                                    init_per_group,
                                                                    390},
                                                                   {test_server,
                                                                    ts_tc,
                                                                    1429}]
=== *** FAILED {mam_SUITE,init_per_group} ***
=== 
=case          mam_SUITE:pagination_first5
=group_props   [{name,"riak_timed_yz_buckets_rsm04"}]
=started       2016-04-15 14:03:08
=result        auto_skipped: init_per_group failed
=== *** Skipping test case #94 {mam_SUITE,pagination_first5} ***
=== 
=case          mam_SUITE:pagination_last5
=group_props   [{name,"riak_timed_yz_buckets_rsm04"}]
=started       2016-04-15 14:03:08
=result        auto_skipped: init_per_group failed
=== *** Skipping test case #95 {mam_SUITE,pagination_last5} ***
=== 
=case          mam_SUITE:pagination_before10
=group_props   [{name,"riak_timed_yz_buckets_rsm04"}]
=started       2016-04-15 14:03:08
=result        auto_skipped: init_per_group failed
=== *** Skipping test case #96 {mam_SUITE,pagination_before10} ***
=== 
=case          mam_SUITE:pagination_after10
=group_props   [{name,"riak_timed_yz_buckets_rsm04"}]
=started       2016-04-15 14:03:08
=result        auto_skipped: init_per_group failed
=== *** Skipping test case #97 {mam_SUITE,pagination_after10} ***
=== 
=case          mam_SUITE:pagination_empty_rset
=group_props   [{name,"riak_timed_yz_buckets_rsm04"}]
=started       2016-04-15 14:03:08
=result        auto_skipped: init_per_group failed
=== *** Skipping test case #98 {mam_SUITE,pagination_empty_rset} ***
=== 
=case          mam_SUITE:pagination_last_after_id5
=group_props   [{name,"riak_timed_yz_buckets_rsm04"}]
=started       2016-04-15 14:03:08
=result        auto_skipped: init_per_group failed
=== *** Skipping test case #99 {mam_SUITE,pagination_last_after_id5} ***
=== 
=case          mam_SUITE:pagination_last_after_id5_before_id11
=group_props   [{name,"riak_timed_yz_buckets_rsm04"}]
=started       2016-04-15 14:03:08
=result        auto_skipped: init_per_group failed
=== *** Skipping test case #100 {mam_SUITE,pagination_last_after_id5_before_id11} ***
=== 
=case          mam_SUITE:pagination_simple_before10
=group_props   [{name,"riak_timed_yz_buckets_rsm04"}]
=started       2016-04-15 14:03:08
=result        auto_skipped: init_per_group failed
=== *** Skipping test case #101 {mam_SUITE,pagination_simple_before10} ***
=== 
=case          mam_SUITE:pagination_first5_opt_count
=group_props   [{name,"riak_timed_yz_buckets_rsm04"}]
=started       2016-04-15 14:03:08
=result        auto_skipped: init_per_group failed
=== *** Skipping test case #102 {mam_SUITE,pagination_first5_opt_count} ***
=== 
=case          mam_SUITE:pagination_last5_opt_count
=group_props   [{name,"riak_timed_yz_buckets_rsm04"}]
=started       2016-04-15 14:03:08
=result        auto_skipped: init_per_group failed
=== *** Skipping test case #103 {mam_SUITE,pagination_last5_opt_count} ***
=== 
=case          mam_SUITE:pagination_offset5_opt_count
=group_props   [{name,"riak_timed_yz_buckets_rsm04"}]
=started       2016-04-15 14:03:08
=result        auto_skipped: init_per_group failed
=== *** Skipping test case #104 {mam_SUITE,pagination_offset5_opt_count} ***
=== 
=case          mam_SUITE:pagination_first25_opt_count_all
=group_props   [{name,"riak_timed_yz_buckets_rsm04"}]
=started       2016-04-15 14:03:08
=result        auto_skipped: init_per_group failed
=== *** Skipping test case #105 {mam_SUITE,pagination_first25_opt_count_all} ***
=== 
=case          mam_SUITE:pagination_last25_opt_count_all
=group_props   [{name,"riak_timed_yz_buckets_rsm04"}]
=started       2016-04-15 14:03:08
=result        auto_skipped: init_per_group failed
=== *** Skipping test case #106 {mam_SUITE,pagination_last25_opt_count_all} ***
=== 
=case          mam_SUITE:pagination_offset5_opt_count_all
=group_props   [{name,"riak_timed_yz_buckets_rsm04"}]
=started       2016-04-15 14:03:08
=result        auto_skipped: init_per_group failed
=== *** Skipping test case #107 {mam_SUITE,pagination_offset5_opt_count_all} ***
=== 
=case          mam_SUITE:end_per_group
=group_props   [{name,"riak_timed_yz_buckets_rsm04"}]
=started       2016-04-15 14:03:08
=result        auto_skipped: init_per_group failed
=== *** Skipping {mam_SUITE,end_per_group} ***
=case          mam_SUITE:init_per_group
=logfile       mam_suite.init_per_group.728988.650.html
=group_props   [{name,riak_timed_yz_buckets_with_rsm}]
=started       2016-04-15 14:03:08
=ended         2016-04-15 14:03:11
=result        failed: {test_case_failed,"Unexpected error IQ."}, [{mam_SUITE,
                                                                    wait_archive_respond_v02,
                                                                    1119},
                                                                   {mam_SUITE,
                                                                    wait_archive_respond_nofin,
                                                                    1108},
                                                                   {mam_SUITE,
                                                                    '-send_rsm_messages/1-fun-0-',
                                                                    2586},
                                                                   {escalus_story,
                                                                    story,40},
                                                                   {mam_SUITE,
                                                                    send_rsm_messages,
                                                                    2592},
                                                                   {mam_SUITE,
                                                                    init_per_group,
                                                                    390},
                                                                   {test_server,
                                                                    ts_tc,
                                                                    1429}]
=== *** FAILED {mam_SUITE,init_per_group} ***
=== 
=case          mam_SUITE:pagination_first5
=group_props   [{name,"riak_timed_yz_buckets_with_rsm"}]
=started       2016-04-15 14:03:11
=result        auto_skipped: init_per_group failed
=== *** Skipping test case #108 {mam_SUITE,pagination_first5} ***
=== 
=case          mam_SUITE:pagination_last5
=group_props   [{name,"riak_timed_yz_buckets_with_rsm"}]
=started       2016-04-15 14:03:11
=result        auto_skipped: init_per_group failed
=== *** Skipping test case #109 {mam_SUITE,pagination_last5} ***
=== 
=case          mam_SUITE:pagination_before10
=group_props   [{name,"riak_timed_yz_buckets_with_rsm"}]
=started       2016-04-15 14:03:11
=result        auto_skipped: init_per_group failed
=== *** Skipping test case #110 {mam_SUITE,pagination_before10} ***
=== 
=case          mam_SUITE:pagination_after10
=group_props   [{name,"riak_timed_yz_buckets_with_rsm"}]
=started       2016-04-15 14:03:11
=result        auto_skipped: init_per_group failed
=== *** Skipping test case #111 {mam_SUITE,pagination_after10} ***
=== 
=case          mam_SUITE:pagination_empty_rset
=group_props   [{name,"riak_timed_yz_buckets_with_rsm"}]
=started       2016-04-15 14:03:11
=result        auto_skipped: init_per_group failed
=== *** Skipping test case #112 {mam_SUITE,pagination_empty_rset} ***
=== 
=case          mam_SUITE:pagination_last_after_id5
=group_props   [{name,"riak_timed_yz_buckets_with_rsm"}]
=started       2016-04-15 14:03:11
=result        auto_skipped: init_per_group failed
=== *** Skipping test case #113 {mam_SUITE,pagination_last_after_id5} ***
=== 
=case          mam_SUITE:pagination_last_after_id5_before_id11
=group_props   [{name,"riak_timed_yz_buckets_with_rsm"}]
=started       2016-04-15 14:03:11
=result        auto_skipped: init_per_group failed
=== *** Skipping test case #114 {mam_SUITE,pagination_last_after_id5_before_id11} ***
=== 
=case          mam_SUITE:pagination_simple_before10
=group_props   [{name,"riak_timed_yz_buckets_with_rsm"}]
=started       2016-04-15 14:03:11
=result        auto_skipped: init_per_group failed
=== *** Skipping test case #115 {mam_SUITE,pagination_simple_before10} ***
=== 
=case          mam_SUITE:pagination_first5_opt_count
=group_props   [{name,"riak_timed_yz_buckets_with_rsm"}]
=started       2016-04-15 14:03:11
=result        auto_skipped: init_per_group failed
=== *** Skipping test case #116 {mam_SUITE,pagination_first5_opt_count} ***
=== 
=case          mam_SUITE:pagination_last5_opt_count
=group_props   [{name,"riak_timed_yz_buckets_with_rsm"}]
=started       2016-04-15 14:03:11
=result        auto_skipped: init_per_group failed
=== *** Skipping test case #117 {mam_SUITE,pagination_last5_opt_count} ***
=== 
=case          mam_SUITE:pagination_offset5_opt_count
=group_props   [{name,"riak_timed_yz_buckets_with_rsm"}]
=started       2016-04-15 14:03:11
=result        auto_skipped: init_per_group failed
=== *** Skipping test case #118 {mam_SUITE,pagination_offset5_opt_count} ***
=== 
=case          mam_SUITE:pagination_first25_opt_count_all
=group_props   [{name,"riak_timed_yz_buckets_with_rsm"}]
=started       2016-04-15 14:03:11
=result        auto_skipped: init_per_group failed
=== *** Skipping test case #119 {mam_SUITE,pagination_first25_opt_count_all} ***
=== 
=case          mam_SUITE:pagination_last25_opt_count_all
=group_props   [{name,"riak_timed_yz_buckets_with_rsm"}]
=started       2016-04-15 14:03:11
=result        auto_skipped: init_per_group failed
=== *** Skipping test case #120 {mam_SUITE,pagination_last25_opt_count_all} ***
=== 
=case          mam_SUITE:pagination_offset5_opt_count_all
=group_props   [{name,"riak_timed_yz_buckets_with_rsm"}]
=started       2016-04-15 14:03:11
=result        auto_skipped: init_per_group failed
=== *** Skipping test case #121 {mam_SUITE,pagination_offset5_opt_count_all} ***
=== 
=case          mam_SUITE:end_per_group
=group_props   [{name,"riak_timed_yz_buckets_with_rsm"}]
=started       2016-04-15 14:03:11
=result        auto_skipped: init_per_group failed
=== *** Skipping {mam_SUITE,end_per_group} ***
=case          mam_SUITE:init_per_group
=logfile       mam_suite.init_per_group.728991.927.html
=group_props   [{name,riak_timed_yz_buckets_with_rsm03}]
=started       2016-04-15 14:03:11
=ended         2016-04-15 14:03:15
=result        failed: {test_case_failed,"Unexpected error IQ."}, [{mam_SUITE,
                                                                    wait_archive_respond_v03,
                                                                    1133},
                                                                   {mam_SUITE,
                                                                    wait_archive_respond_fin,
                                                                    1099},
                                                                   {mam_SUITE,
                                                                    '-send_rsm_messages/1-fun-0-',
                                                                    2586},
                                                                   {escalus_story,
                                                                    story,40},
                                                                   {mam_SUITE,
                                                                    send_rsm_messages,
                                                                    2592},
                                                                   {mam_SUITE,
                                                                    init_per_group,
                                                                    390},
                                                                   {test_server,
                                                                    ts_tc,
                                                                    1429}]
=== *** FAILED {mam_SUITE,init_per_group} ***
=== 
=case          mam_SUITE:pagination_first5
=group_props   [{name,"riak_timed_yz_buckets_with_rsm03"}]
=started       2016-04-15 14:03:15
=result        auto_skipped: init_per_group failed
=== *** Skipping test case #122 {mam_SUITE,pagination_first5} ***
=== 
=case          mam_SUITE:pagination_last5
=group_props   [{name,"riak_timed_yz_buckets_with_rsm03"}]
=started       2016-04-15 14:03:15
=result        auto_skipped: init_per_group failed
=== *** Skipping test case #123 {mam_SUITE,pagination_last5} ***
=== 
=case          mam_SUITE:pagination_before10
=group_props   [{name,"riak_timed_yz_buckets_with_rsm03"}]
=started       2016-04-15 14:03:15
=result        auto_skipped: init_per_group failed
=== *** Skipping test case #124 {mam_SUITE,pagination_before10} ***
=== 
=case          mam_SUITE:pagination_after10
=group_props   [{name,"riak_timed_yz_buckets_with_rsm03"}]
=started       2016-04-15 14:03:15
=result        auto_skipped: init_per_group failed
=== *** Skipping test case #125 {mam_SUITE,pagination_after10} ***
=== 
=case          mam_SUITE:pagination_empty_rset
=group_props   [{name,"riak_timed_yz_buckets_with_rsm03"}]
=started       2016-04-15 14:03:15
=result        auto_skipped: init_per_group failed
=== *** Skipping test case #126 {mam_SUITE,pagination_empty_rset} ***
=== 
=case          mam_SUITE:pagination_last_after_id5
=group_props   [{name,"riak_timed_yz_buckets_with_rsm03"}]
=started       2016-04-15 14:03:15
=result        auto_skipped: init_per_group failed
=== *** Skipping test case #127 {mam_SUITE,pagination_last_after_id5} ***
=== 
=case          mam_SUITE:pagination_last_after_id5_before_id11
=group_props   [{name,"riak_timed_yz_buckets_with_rsm03"}]
=started       2016-04-15 14:03:15
=result        auto_skipped: init_per_group failed
=== *** Skipping test case #128 {mam_SUITE,pagination_last_after_id5_before_id11} ***
=== 
=case          mam_SUITE:pagination_simple_before10
=group_props   [{name,"riak_timed_yz_buckets_with_rsm03"}]
=started       2016-04-15 14:03:15
=result        auto_skipped: init_per_group failed
=== *** Skipping test case #129 {mam_SUITE,pagination_simple_before10} ***
=== 
=case          mam_SUITE:pagination_first5_opt_count
=group_props   [{name,"riak_timed_yz_buckets_with_rsm03"}]
=started       2016-04-15 14:03:15
=result        auto_skipped: init_per_group failed
=== *** Skipping test case #130 {mam_SUITE,pagination_first5_opt_count} ***
=== 
=case          mam_SUITE:pagination_last5_opt_count
=group_props   [{name,"riak_timed_yz_buckets_with_rsm03"}]
=started       2016-04-15 14:03:15
=result        auto_skipped: init_per_group failed
=== *** Skipping test case #131 {mam_SUITE,pagination_last5_opt_count} ***
=== 
=case          mam_SUITE:pagination_offset5_opt_count
=group_props   [{name,"riak_timed_yz_buckets_with_rsm03"}]
=started       2016-04-15 14:03:15
=result        auto_skipped: init_per_group failed
=== *** Skipping test case #132 {mam_SUITE,pagination_offset5_opt_count} ***
=== 
=case          mam_SUITE:pagination_first25_opt_count_all
=group_props   [{name,"riak_timed_yz_buckets_with_rsm03"}]
=started       2016-04-15 14:03:15
=result        auto_skipped: init_per_group failed
=== *** Skipping test case #133 {mam_SUITE,pagination_first25_opt_count_all} ***
=== 
=case          mam_SUITE:pagination_last25_opt_count_all
=group_props   [{name,"riak_timed_yz_buckets_with_rsm03"}]
=started       2016-04-15 14:03:15
=result        auto_skipped: init_per_group failed
=== *** Skipping test case #134 {mam_SUITE,pagination_last25_opt_count_all} ***
=== 
=case          mam_SUITE:pagination_offset5_opt_count_all
=group_props   [{name,"riak_timed_yz_buckets_with_rsm03"}]
=started       2016-04-15 14:03:15
=result        auto_skipped: init_per_group failed
=== *** Skipping test case #135 {mam_SUITE,pagination_offset5_opt_count_all} ***
=== 
=case          mam_SUITE:end_per_group
=group_props   [{name,"riak_timed_yz_buckets_with_rsm03"}]
=started       2016-04-15 14:03:15
=result        auto_skipped: init_per_group failed
=== *** Skipping {mam_SUITE,end_per_group} ***
=case          mam_SUITE:init_per_group
=logfile       mam_suite.init_per_group.728995.216.html
=group_props   [{name,riak_timed_yz_buckets_with_rsm04}]
=started       2016-04-15 14:03:15
=ended         2016-04-15 14:03:18
=result        failed: {test_case_failed,"Unexpected error IQ."}, [{mam_SUITE,
                                                                    wait_archive_respond_v02,
                                                                    1119},
                                                                   {mam_SUITE,
                                                                    wait_archive_respond_nofin,
                                                                    1108},
                                                                   {mam_SUITE,
                                                                    '-send_rsm_messages/1-fun-0-',
                                                                    2586},
                                                                   {escalus_story,
                                                                    story,40},
                                                                   {mam_SUITE,
                                                                    send_rsm_messages,
                                                                    2592},
                                                                   {mam_SUITE,
                                                                    init_per_group,
                                                                    390},
                                                                   {test_server,
                                                                    ts_tc,
                                                                    1429}]
=== *** FAILED {mam_SUITE,init_per_group} ***
=== 
=case          mam_SUITE:pagination_first5
=group_props   [{name,"riak_timed_yz_buckets_with_rsm04"}]
=started       2016-04-15 14:03:18
=result        auto_skipped: init_per_group failed
=== *** Skipping test case #136 {mam_SUITE,pagination_first5} ***
=== 
=case          mam_SUITE:pagination_last5
=group_props   [{name,"riak_timed_yz_buckets_with_rsm04"}]
=started       2016-04-15 14:03:18
=result        auto_skipped: init_per_group failed
=== *** Skipping test case #137 {mam_SUITE,pagination_last5} ***
=== 
=case          mam_SUITE:pagination_before10
=group_props   [{name,"riak_timed_yz_buckets_with_rsm04"}]
=started       2016-04-15 14:03:18
=result        auto_skipped: init_per_group failed
=== *** Skipping test case #138 {mam_SUITE,pagination_before10} ***
=== 
=case          mam_SUITE:pagination_after10
=group_props   [{name,"riak_timed_yz_buckets_with_rsm04"}]
=started       2016-04-15 14:03:18
=result        auto_skipped: init_per_group failed
=== *** Skipping test case #139 {mam_SUITE,pagination_after10} ***
=== 
=case          mam_SUITE:pagination_empty_rset
=group_props   [{name,"riak_timed_yz_buckets_with_rsm04"}]
=started       2016-04-15 14:03:18
=result        auto_skipped: init_per_group failed
=== *** Skipping test case #140 {mam_SUITE,pagination_empty_rset} ***
=== 
=case          mam_SUITE:pagination_last_after_id5
=group_props   [{name,"riak_timed_yz_buckets_with_rsm04"}]
=started       2016-04-15 14:03:18
=result        auto_skipped: init_per_group failed
=== *** Skipping test case #141 {mam_SUITE,pagination_last_after_id5} ***
=== 
=case          mam_SUITE:pagination_last_after_id5_before_id11
=group_props   [{name,"riak_timed_yz_buckets_with_rsm04"}]
=started       2016-04-15 14:03:18
=result        auto_skipped: init_per_group failed
=== *** Skipping test case #142 {mam_SUITE,pagination_last_after_id5_before_id11} ***
=== 
=case          mam_SUITE:pagination_simple_before10
=group_props   [{name,"riak_timed_yz_buckets_with_rsm04"}]
=started       2016-04-15 14:03:18
=result        auto_skipped: init_per_group failed
=== *** Skipping test case #143 {mam_SUITE,pagination_simple_before10} ***
=== 
=case          mam_SUITE:pagination_first5_opt_count
=group_props   [{name,"riak_timed_yz_buckets_with_rsm04"}]
=started       2016-04-15 14:03:18
=result        auto_skipped: init_per_group failed
=== *** Skipping test case #144 {mam_SUITE,pagination_first5_opt_count} ***
=== 
=case          mam_SUITE:pagination_last5_opt_count
=group_props   [{name,"riak_timed_yz_buckets_with_rsm04"}]
=started       2016-04-15 14:03:18
=result        auto_skipped: init_per_group failed
=== *** Skipping test case #145 {mam_SUITE,pagination_last5_opt_count} ***
=== 
=case          mam_SUITE:pagination_offset5_opt_count
=group_props   [{name,"riak_timed_yz_buckets_with_rsm04"}]
=started       2016-04-15 14:03:18
=result        auto_skipped: init_per_group failed
=== *** Skipping test case #146 {mam_SUITE,pagination_offset5_opt_count} ***
=== 
=case          mam_SUITE:pagination_first25_opt_count_all
=group_props   [{name,"riak_timed_yz_buckets_with_rsm04"}]
=started       2016-04-15 14:03:18
=result        auto_skipped: init_per_group failed
=== *** Skipping test case #147 {mam_SUITE,pagination_first25_opt_count_all} ***
=== 
=case          mam_SUITE:pagination_last25_opt_count_all
=group_props   [{name,"riak_timed_yz_buckets_with_rsm04"}]
=started       2016-04-15 14:03:18
=result        auto_skipped: init_per_group failed
=== *** Skipping test case #148 {mam_SUITE,pagination_last25_opt_count_all} ***
=== 
=case          mam_SUITE:pagination_offset5_opt_count_all
=group_props   [{name,"riak_timed_yz_buckets_with_rsm04"}]
=started       2016-04-15 14:03:18
=result        auto_skipped: init_per_group failed
=== *** Skipping test case #149 {mam_SUITE,pagination_offset5_opt_count_all} ***
=== 
=case          mam_SUITE:end_per_group
=group_props   [{name,"riak_timed_yz_buckets_with_rsm04"}]
=started       2016-04-15 14:03:18
=result        auto_skipped: init_per_group failed
=== *** Skipping {mam_SUITE,end_per_group} ***
=case          mam_SUITE:init_per_group
=logfile       mam_suite.init_per_group.728998.474.html
=group_props   [{name,riak_timed_yz_buckets_muc_rsm}]
=started       2016-04-15 14:03:18
=ended         2016-04-15 14:03:21
=result        failed: {test_case_failed,"Unexpected error IQ."}, [{mam_SUITE,
                                                                    wait_archive_respond_v02,
                                                                    1119},
                                                                   {mam_SUITE,
                                                                    wait_archive_respond_nofin,
                                                                    1108},
                                                                   {mam_SUITE,
                                                                    '-send_muc_rsm_messages/1-fun-0-',
                                                                    2558},
                                                                   {escalus_story,
                                                                    story,40},
                                                                   {mam_SUITE,
                                                                    send_muc_rsm_messages,
                                                                    2564},
                                                                   {mam_SUITE,
                                                                    init_state,
                                                                    660},
                                                                   {mam_SUITE,
                                                                    init_per_group,
                                                                    390}]
=== *** FAILED {mam_SUITE,init_per_group} ***
=== 
=case          mam_SUITE:pagination_first5
=group_props   [{name,"riak_timed_yz_buckets_muc_rsm"}]
=started       2016-04-15 14:03:21
=result        auto_skipped: init_per_group failed
=== *** Skipping test case #150 {mam_SUITE,pagination_first5} ***
=== 
=case          mam_SUITE:pagination_last5
=group_props   [{name,"riak_timed_yz_buckets_muc_rsm"}]
=started       2016-04-15 14:03:21
=result        auto_skipped: init_per_group failed
=== *** Skipping test case #151 {mam_SUITE,pagination_last5} ***
=== 
=case          mam_SUITE:pagination_before10
=group_props   [{name,"riak_timed_yz_buckets_muc_rsm"}]
=started       2016-04-15 14:03:21
=result        auto_skipped: init_per_group failed
=== *** Skipping test case #152 {mam_SUITE,pagination_before10} ***
=== 
=case          mam_SUITE:pagination_after10
=group_props   [{name,"riak_timed_yz_buckets_muc_rsm"}]
=started       2016-04-15 14:03:21
=result        auto_skipped: init_per_group failed
=== *** Skipping test case #153 {mam_SUITE,pagination_after10} ***
=== 
=case          mam_SUITE:pagination_empty_rset
=group_props   [{name,"riak_timed_yz_buckets_muc_rsm"}]
=started       2016-04-15 14:03:21
=result        auto_skipped: init_per_group failed
=== *** Skipping test case #154 {mam_SUITE,pagination_empty_rset} ***
=== 
=case          mam_SUITE:pagination_last_after_id5
=group_props   [{name,"riak_timed_yz_buckets_muc_rsm"}]
=started       2016-04-15 14:03:21
=result        auto_skipped: init_per_group failed
=== *** Skipping test case #155 {mam_SUITE,pagination_last_after_id5} ***
=== 
=case          mam_SUITE:pagination_last_after_id5_before_id11
=group_props   [{name,"riak_timed_yz_buckets_muc_rsm"}]
=started       2016-04-15 14:03:21
=result        auto_skipped: init_per_group failed
=== *** Skipping test case #156 {mam_SUITE,pagination_last_after_id5_before_id11} ***
=== 
=case          mam_SUITE:pagination_simple_before10
=group_props   [{name,"riak_timed_yz_buckets_muc_rsm"}]
=started       2016-04-15 14:03:21
=result        auto_skipped: init_per_group failed
=== *** Skipping test case #157 {mam_SUITE,pagination_simple_before10} ***
=== 
=case          mam_SUITE:pagination_first5_opt_count
=group_props   [{name,"riak_timed_yz_buckets_muc_rsm"}]
=started       2016-04-15 14:03:21
=result        auto_skipped: init_per_group failed
=== *** Skipping test case #158 {mam_SUITE,pagination_first5_opt_count} ***
=== 
=case          mam_SUITE:pagination_last5_opt_count
=group_props   [{name,"riak_timed_yz_buckets_muc_rsm"}]
=started       2016-04-15 14:03:21
=result        auto_skipped: init_per_group failed
=== *** Skipping test case #159 {mam_SUITE,pagination_last5_opt_count} ***
=== 
=case          mam_SUITE:pagination_offset5_opt_count
=group_props   [{name,"riak_timed_yz_buckets_muc_rsm"}]
=started       2016-04-15 14:03:21
=result        auto_skipped: init_per_group failed
=== *** Skipping test case #160 {mam_SUITE,pagination_offset5_opt_count} ***
=== 
=case          mam_SUITE:pagination_first25_opt_count_all
=group_props   [{name,"riak_timed_yz_buckets_muc_rsm"}]
=started       2016-04-15 14:03:21
=result        auto_skipped: init_per_group failed
=== *** Skipping test case #161 {mam_SUITE,pagination_first25_opt_count_all} ***
=== 
=case          mam_SUITE:pagination_last25_opt_count_all
=group_props   [{name,"riak_timed_yz_buckets_muc_rsm"}]
=started       2016-04-15 14:03:21
=result        auto_skipped: init_per_group failed
=== *** Skipping test case #162 {mam_SUITE,pagination_last25_opt_count_all} ***
=== 
=case          mam_SUITE:pagination_offset5_opt_count_all
=group_props   [{name,"riak_timed_yz_buckets_muc_rsm"}]
=started       2016-04-15 14:03:21
=result        auto_skipped: init_per_group failed
=== *** Skipping test case #163 {mam_SUITE,pagination_offset5_opt_count_all} ***
=== 
=case          mam_SUITE:end_per_group
=group_props   [{name,"riak_timed_yz_buckets_muc_rsm"}]
=started       2016-04-15 14:03:21
=result        auto_skipped: init_per_group failed
=== *** Skipping {mam_SUITE,end_per_group} ***
=case          mam_SUITE:init_per_group
=logfile       mam_suite.init_per_group.729001.615.html
=group_props   [{name,riak_timed_yz_buckets_muc_rsm03}]
=started       2016-04-15 14:03:21
=ended         2016-04-15 14:03:24
=result        failed: {test_case_failed,"Unexpected error IQ."}, [{mam_SUITE,
                                                                    wait_archive_respond_v02,
                                                                    1119},
                                                                   {mam_SUITE,
                                                                    wait_archive_respond_nofin,
                                                                    1108},
                                                                   {mam_SUITE,
                                                                    '-send_muc_rsm_messages/1-fun-0-',
                                                                    2558},
                                                                   {escalus_story,
                                                                    story,40},
                                                                   {mam_SUITE,
                                                                    send_muc_rsm_messages,
                                                                    2564},
                                                                   {mam_SUITE,
                                                                    init_state,
                                                                    660},
                                                                   {mam_SUITE,
                                                                    init_state,
                                                                    652}]
=== *** FAILED {mam_SUITE,init_per_group} ***
=== 
=case          mam_SUITE:pagination_first5
=group_props   [{name,"riak_timed_yz_buckets_muc_rsm03"}]
=started       2016-04-15 14:03:24
=result        auto_skipped: init_per_group failed
=== *** Skipping test case #164 {mam_SUITE,pagination_first5} ***
=== 
=case          mam_SUITE:pagination_last5
=group_props   [{name,"riak_timed_yz_buckets_muc_rsm03"}]
=started       2016-04-15 14:03:24
=result        auto_skipped: init_per_group failed
=== *** Skipping test case #165 {mam_SUITE,pagination_last5} ***
=== 
=case          mam_SUITE:pagination_before10
=group_props   [{name,"riak_timed_yz_buckets_muc_rsm03"}]
=started       2016-04-15 14:03:24
=result        auto_skipped: init_per_group failed
=== *** Skipping test case #166 {mam_SUITE,pagination_before10} ***
=== 
=case          mam_SUITE:pagination_after10
=group_props   [{name,"riak_timed_yz_buckets_muc_rsm03"}]
=started       2016-04-15 14:03:24
=result        auto_skipped: init_per_group failed
=== *** Skipping test case #167 {mam_SUITE,pagination_after10} ***
=== 
=case          mam_SUITE:pagination_empty_rset
=group_props   [{name,"riak_timed_yz_buckets_muc_rsm03"}]
=started       2016-04-15 14:03:24
=result        auto_skipped: init_per_group failed
=== *** Skipping test case #168 {mam_SUITE,pagination_empty_rset} ***
=== 
=case          mam_SUITE:pagination_last_after_id5
=group_props   [{name,"riak_timed_yz_buckets_muc_rsm03"}]
=started       2016-04-15 14:03:24
=result        auto_skipped: init_per_group failed
=== *** Skipping test case #169 {mam_SUITE,pagination_last_after_id5} ***
=== 
=case          mam_SUITE:pagination_last_after_id5_before_id11
=group_props   [{name,"riak_timed_yz_buckets_muc_rsm03"}]
=started       2016-04-15 14:03:24
=result        auto_skipped: init_per_group failed
=== *** Skipping test case #170 {mam_SUITE,pagination_last_after_id5_before_id11} ***
=== 
=case          mam_SUITE:pagination_simple_before10
=group_props   [{name,"riak_timed_yz_buckets_muc_rsm03"}]
=started       2016-04-15 14:03:24
=result        auto_skipped: init_per_group failed
=== *** Skipping test case #171 {mam_SUITE,pagination_simple_before10} ***
=== 
=case          mam_SUITE:pagination_first5_opt_count
=group_props   [{name,"riak_timed_yz_buckets_muc_rsm03"}]
=started       2016-04-15 14:03:24
=result        auto_skipped: init_per_group failed
=== *** Skipping test case #172 {mam_SUITE,pagination_first5_opt_count} ***
=== 
=case          mam_SUITE:pagination_last5_opt_count
=group_props   [{name,"riak_timed_yz_buckets_muc_rsm03"}]
=started       2016-04-15 14:03:24
=result        auto_skipped: init_per_group failed
=== *** Skipping test case #173 {mam_SUITE,pagination_last5_opt_count} ***
=== 
=case          mam_SUITE:pagination_offset5_opt_count
=group_props   [{name,"riak_timed_yz_buckets_muc_rsm03"}]
=started       2016-04-15 14:03:24
=result        auto_skipped: init_per_group failed
=== *** Skipping test case #174 {mam_SUITE,pagination_offset5_opt_count} ***
=== 
=case          mam_SUITE:pagination_first25_opt_count_all
=group_props   [{name,"riak_timed_yz_buckets_muc_rsm03"}]
=started       2016-04-15 14:03:24
=result        auto_skipped: init_per_group failed
=== *** Skipping test case #175 {mam_SUITE,pagination_first25_opt_count_all} ***
=== 
=case          mam_SUITE:pagination_last25_opt_count_all
=group_props   [{name,"riak_timed_yz_buckets_muc_rsm03"}]
=started       2016-04-15 14:03:24
=result        auto_skipped: init_per_group failed
=== *** Skipping test case #176 {mam_SUITE,pagination_last25_opt_count_all} ***
=== 
=case          mam_SUITE:pagination_offset5_opt_count_all
=group_props   [{name,"riak_timed_yz_buckets_muc_rsm03"}]
=started       2016-04-15 14:03:24
=result        auto_skipped: init_per_group failed
=== *** Skipping test case #177 {mam_SUITE,pagination_offset5_opt_count_all} ***
=== 
=case          mam_SUITE:end_per_group
=group_props   [{name,"riak_timed_yz_buckets_muc_rsm03"}]
=started       2016-04-15 14:03:24
=result        auto_skipped: init_per_group failed
=== *** Skipping {mam_SUITE,end_per_group} ***
=case          mam_SUITE:init_per_group
=logfile       mam_suite.init_per_group.729004.762.html
=group_props   [{name,riak_timed_yz_buckets_muc_rsm04}]
=started       2016-04-15 14:03:24
=ended         2016-04-15 14:03:27
=result        failed: {test_case_failed,"Unexpected error IQ."}, [{mam_SUITE,
                                                                    wait_archive_respond_v02,
                                                                    1119},
                                                                   {mam_SUITE,
                                                                    wait_archive_respond_nofin,
                                                                    1108},
                                                                   {mam_SUITE,
                                                                    '-send_muc_rsm_messages/1-fun-0-',
                                                                    2558},
                                                                   {escalus_story,
                                                                    story,40},
                                                                   {mam_SUITE,
                                                                    send_muc_rsm_messages,
                                                                    2564},
                                                                   {mam_SUITE,
                                                                    init_state,
                                                                    660},
                                                                   {mam_SUITE,
                                                                    init_state,
                                                                    655}]
=== *** FAILED {mam_SUITE,init_per_group} ***
=== 
=case          mam_SUITE:pagination_first5
=group_props   [{name,"riak_timed_yz_buckets_muc_rsm04"}]
=started       2016-04-15 14:03:27
=result        auto_skipped: init_per_group failed
=== *** Skipping test case #178 {mam_SUITE,pagination_first5} ***
=== 
=case          mam_SUITE:pagination_last5
=group_props   [{name,"riak_timed_yz_buckets_muc_rsm04"}]
=started       2016-04-15 14:03:27
=result        auto_skipped: init_per_group failed
=== *** Skipping test case #179 {mam_SUITE,pagination_last5} ***
=== 
=case          mam_SUITE:pagination_before10
=group_props   [{name,"riak_timed_yz_buckets_muc_rsm04"}]
=started       2016-04-15 14:03:27
=result        auto_skipped: init_per_group failed
=== *** Skipping test case #180 {mam_SUITE,pagination_before10} ***
=== 
=case          mam_SUITE:pagination_after10
=group_props   [{name,"riak_timed_yz_buckets_muc_rsm04"}]
=started       2016-04-15 14:03:27
=result        auto_skipped: init_per_group failed
=== *** Skipping test case #181 {mam_SUITE,pagination_after10} ***
=== 
=case          mam_SUITE:pagination_empty_rset
=group_props   [{name,"riak_timed_yz_buckets_muc_rsm04"}]
=started       2016-04-15 14:03:27
=result        auto_skipped: init_per_group failed
=== *** Skipping test case #182 {mam_SUITE,pagination_empty_rset} ***
=== 
=case          mam_SUITE:pagination_last_after_id5
=group_props   [{name,"riak_timed_yz_buckets_muc_rsm04"}]
=started       2016-04-15 14:03:27
=result        auto_skipped: init_per_group failed
=== *** Skipping test case #183 {mam_SUITE,pagination_last_after_id5} ***
=== 
=case          mam_SUITE:pagination_last_after_id5_before_id11
=group_props   [{name,"riak_timed_yz_buckets_muc_rsm04"}]
=started       2016-04-15 14:03:27
=result        auto_skipped: init_per_group failed
=== *** Skipping test case #184 {mam_SUITE,pagination_last_after_id5_before_id11} ***
=== 
=case          mam_SUITE:pagination_simple_before10
=group_props   [{name,"riak_timed_yz_buckets_muc_rsm04"}]
=started       2016-04-15 14:03:27
=result        auto_skipped: init_per_group failed
=== *** Skipping test case #185 {mam_SUITE,pagination_simple_before10} ***
=== 
=case          mam_SUITE:pagination_first5_opt_count
=group_props   [{name,"riak_timed_yz_buckets_muc_rsm04"}]
=started       2016-04-15 14:03:27
=result        auto_skipped: init_per_group failed
=== *** Skipping test case #186 {mam_SUITE,pagination_first5_opt_count} ***
=== 
=case          mam_SUITE:pagination_last5_opt_count
=group_props   [{name,"riak_timed_yz_buckets_muc_rsm04"}]
=started       2016-04-15 14:03:27
=result        auto_skipped: init_per_group failed
=== *** Skipping test case #187 {mam_SUITE,pagination_last5_opt_count} ***
=== 
=case          mam_SUITE:pagination_offset5_opt_count
=group_props   [{name,"riak_timed_yz_buckets_muc_rsm04"}]
=started       2016-04-15 14:03:27
=result        auto_skipped: init_per_group failed
=== *** Skipping test case #188 {mam_SUITE,pagination_offset5_opt_count} ***
=== 
=case          mam_SUITE:pagination_first25_opt_count_all
=group_props   [{name,"riak_timed_yz_buckets_muc_rsm04"}]
=started       2016-04-15 14:03:27
=result        auto_skipped: init_per_group failed
=== *** Skipping test case #189 {mam_SUITE,pagination_first25_opt_count_all} ***
=== 
=case          mam_SUITE:pagination_last25_opt_count_all
=group_props   [{name,"riak_timed_yz_buckets_muc_rsm04"}]
=started       2016-04-15 14:03:27
=result        auto_skipped: init_per_group failed
=== *** Skipping test case #190 {mam_SUITE,pagination_last25_opt_count_all} ***
=== 
=case          mam_SUITE:pagination_offset5_opt_count_all
=group_props   [{name,"riak_timed_yz_buckets_muc_rsm04"}]
=started       2016-04-15 14:03:27
=result        auto_skipped: init_per_group failed
=== *** Skipping test case #191 {mam_SUITE,pagination_offset5_opt_count_all} ***
=== 
=case          mam_SUITE:end_per_group
=group_props   [{name,"riak_timed_yz_buckets_muc_rsm04"}]
=started       2016-04-15 14:03:27
=result        auto_skipped: init_per_group failed
=== *** Skipping {mam_SUITE,end_per_group} ***
=case          mam_SUITE:init_per_group
=logfile       mam_suite.init_per_group.729007.914.html
=group_props   [{name,riak_timed_yz_buckets_bootstrapped}]
=started       2016-04-15 14:03:27
=ended         2016-04-15 14:03:28
=result        ok
=elapsed       0.18598
=case          mam_SUITE:purge_old_single_message
=logfile       mam_suite.purge_old_single_message.html
=started       2016-04-15 14:03:28
=ended         2016-04-15 14:03:31
=result        failed: {test_case_failed,"Unexpected error IQ."}, [{mam_SUITE,
                                                                    wait_archive_respond_v02,
                                                                    1119},
                                                                   {mam_SUITE,
                                                                    wait_archive_respond_nofin,
                                                                    1108},
                                                                   {mam_SUITE,
                                                                    '-purge_old_single_message/1-fun-0-',
                                                                    1268},
                                                                   {escalus_story,
                                                                    story,40},
                                                                   {test_server,
                                                                    ts_tc,
                                                                    1429},
                                                                   {test_server,
                                                                    run_test_case_eval1,
                                                                    1026},
                                                                   {test_server,
                                                                    run_test_case_eval,
                                                                    968}]
=== *** FAILED test case 192 of 203 ***
=case          mam_SUITE:querying_for_all_messages_with_jid
=logfile       mam_suite.querying_for_all_messages_with_jid.html
=started       2016-04-15 14:03:31
=ended         2016-04-15 14:03:35
=result        failed: {test_case_failed,"Unexpected error IQ."}, [{mam_SUITE,
                                                                    wait_archive_respond_v02,
                                                                    1119},
                                                                   {mam_SUITE,
                                                                    wait_archive_respond_nofin,
                                                                    1108},
                                                                   {mam_SUITE,
                                                                    '-querying_for_all_messages_with_jid/1-fun-0-',
                                                                    943},
                                                                   {escalus_story,
                                                                    story,40},
                                                                   {test_server,
                                                                    ts_tc,
                                                                    1429},
                                                                   {test_server,
                                                                    run_test_case_eval1,
                                                                    1026},
                                                                   {test_server,
                                                                    run_test_case_eval,
                                                                    968}]
=== *** FAILED test case 193 of 203 ***
=case          mam_SUITE:end_per_group
=logfile       mam_suite.end_per_group.729015.56.html
=group_props   [{name,riak_timed_yz_buckets_bootstrapped}]
=started       2016-04-15 14:03:35
=ended         2016-04-15 14:03:35
=result        ok
=elapsed       0.067822
=group_time    7.143s
=case          mam_SUITE:init_per_group
=logfile       mam_suite.init_per_group.729015.150.html
=group_props   [{name,riak_timed_yz_buckets_archived}]
=started       2016-04-15 14:03:35
=ended         2016-04-15 14:03:35
=result        ok
=elapsed       0.193658
=case          mam_SUITE:archived
=logfile       mam_suite.archived.html
=started       2016-04-15 14:03:35
=ended         2016-04-15 14:03:35
=result        failed: {function_clause,
                           [{exml_query,attr,
                                [undefined,<<"by">>,undefined],
                                [{file,"src/exml_query.erl"},{line,83}]},
                            {mam_SUITE,'-archived/1-fun-0-',4,
                                [{file,"mam_SUITE.erl"},{line,996}]},
                            {escalus_story,story,3,
                                [{file,"src/escalus_story.erl"},{line,40}]},
                            {test_server,ts_tc,3,
                                [{file,"test_server.erl"},{line,1429}]},
                            {test_server,run_test_case_eval1,6,
                                [{file,"test_server.erl"},{line,1026}]},
                            {test_server,run_test_case_eval,9,
                                [{file,"test_server.erl"},{line,968}]}]}, [{exml_query,
                                                                            attr,
                                                                            83},
                                                                           {mam_SUITE,
                                                                            '-archived/1-fun-0-',
                                                                            996},
                                                                           {escalus_story,
                                                                            story,
                                                                            40},
                                                                           {test_server,
                                                                            ts_tc,
                                                                            1429},
                                                                           {test_server,
                                                                            run_test_case_eval1,
                                                                            1026},
                                                                           {test_server,
                                                                            run_test_case_eval,
                                                                            968}]
=== *** FAILED test case 194 of 203 ***
=case          mam_SUITE:strip_archived
=logfile       mam_suite.strip_archived.html
=started       2016-04-15 14:03:35
=ended         2016-04-15 14:03:38
=result        failed: {test_case_failed,"Unexpected error IQ."}, [{mam_SUITE,
                                                                    wait_archive_respond_v02,
                                                                    1119},
                                                                   {mam_SUITE,
                                                                    wait_archive_respond_nofin,
                                                                    1108},
                                                                   {mam_SUITE,
                                                                    '-strip_archived/1-fun-0-',
                                                                    1060},
                                                                   {escalus_story,
                                                                    story,40},
                                                                   {test_server,
                                                                    ts_tc,
                                                                    1429},
                                                                   {test_server,
                                                                    run_test_case_eval1,
                                                                    1026},
                                                                   {test_server,
                                                                    run_test_case_eval,
                                                                    968}]
=== *** FAILED test case 195 of 203 ***
=case          mam_SUITE:filter_forwarded
=logfile       mam_suite.filter_forwarded.html
=started       2016-04-15 14:03:39
=ended         2016-04-15 14:03:42
=result        failed: {test_case_failed,"Unexpected error IQ."}, [{mam_SUITE,
                                                                    wait_archive_respond_v02,
                                                                    1119},
                                                                   {mam_SUITE,
                                                                    wait_archive_respond_nofin,
                                                                    1108},
                                                                   {mam_SUITE,
                                                                    '-filter_forwarded/1-fun-0-',
                                                                    1027},
                                                                   {escalus_story,
                                                                    story,40},
                                                                   {test_server,
                                                                    ts_tc,
                                                                    1429},
                                                                   {test_server,
                                                                    run_test_case_eval1,
                                                                    1026},
                                                                   {test_server,
                                                                    run_test_case_eval,
                                                                    968}]
=== *** FAILED test case 196 of 203 ***
=case          mam_SUITE:end_per_group
=logfile       mam_suite.end_per_group.729022.71.html
=group_props   [{name,riak_timed_yz_buckets_archived}]
=started       2016-04-15 14:03:42
=ended         2016-04-15 14:03:42
=result        ok
=elapsed       0.073982
=group_time    6.921s
=case          mam_SUITE:init_per_group
=logfile       mam_suite.init_per_group.729022.171.html
=group_props   [{name,riak_timed_yz_buckets_policy_violation}]
=started       2016-04-15 14:03:42
=ended         2016-04-15 14:03:42
=result        ok
=elapsed       0.185906
=case          mam_SUITE:policy_violation
=logfile       mam_suite.policy_violation.html
=started       2016-04-15 14:03:42
=ended         2016-04-15 14:03:45
=result        failed: {test_case_failed,
                           "ASSERT EQUAL\n\tExpected <<\"policy-violation\">>\n\tValue <<\"internal-server-error\">>\n"}, [{mam_SUITE,
                                                                                                                            '-policy_violation/1-fun-0-',
                                                                                                                            1186},
                                                                                                                           {escalus_story,
                                                                                                                            story,
                                                                                                                            40},
                                                                                                                           {test_server,
                                                                                                                            ts_tc,
                                                                                                                            1429},
                                                                                                                           {test_server,
                                                                                                                            run_test_case_eval1,
                                                                                                                            1026},
                                                                                                                           {test_server,
                                                                                                                            run_test_case_eval,
                                                                                                                            968}]
=== *** FAILED test case 197 of 203 ***
=case          mam_SUITE:end_per_group
=logfile       mam_suite.end_per_group.729025.594.html
=group_props   [{name,riak_timed_yz_buckets_policy_violation}]
=started       2016-04-15 14:03:45
=ended         2016-04-15 14:03:45
=result        ok
=elapsed       0.067606
=group_time    3.423s
=case          mam_SUITE:init_per_group
=logfile       mam_suite.init_per_group.729025.688.html
=group_props   [{name,riak_timed_yz_buckets_nostore}]
=started       2016-04-15 14:03:45
=ended         2016-04-15 14:03:45
=result        ok
=elapsed       0.199305
=case          mam_SUITE:offline_message
=logfile       mam_suite.offline_message.html
=started       2016-04-15 14:03:45
=ended         2016-04-15 14:03:51
=result        failed: {test_case_failed,"Unexpected error IQ."}, [{mam_SUITE,
                                                                    wait_archive_respond_v02,
                                                                    1119},
                                                                   {mam_SUITE,
                                                                    wait_archive_respond_nofin,
                                                                    1108},
                                                                   {mam_SUITE,
                                                                    offline_message,
                                                                    1220},
                                                                   {test_server,
                                                                    ts_tc,
                                                                    1429},
                                                                   {test_server,
                                                                    run_test_case_eval1,
                                                                    1026},
                                                                   {test_server,
                                                                    run_test_case_eval,
                                                                    968}]
=== *** FAILED test case 198 of 203 ***
=case          mam_SUITE:nostore_hint
=logfile       mam_suite.nostore_hint.html
=started       2016-04-15 14:03:51
=ended         2016-04-15 14:03:54
=result        failed: {test_case_failed,"Unexpected error IQ."}, [{mam_SUITE,
                                                                    wait_archive_respond_v02,
                                                                    1119},
                                                                   {mam_SUITE,
                                                                    wait_archive_respond_nofin,
                                                                    1108},
                                                                   {mam_SUITE,
                                                                    '-nostore_hint/1-fun-0-',
                                                                    1237},
                                                                   {escalus_story,
                                                                    story,40},
                                                                   {test_server,
                                                                    ts_tc,
                                                                    1429},
                                                                   {test_server,
                                                                    run_test_case_eval1,
                                                                    1026},
                                                                   {test_server,
                                                                    run_test_case_eval,
                                                                    968}]
=== *** FAILED test case 199 of 203 ***
=case          mam_SUITE:end_per_group
=logfile       mam_suite.end_per_group.729034.872.html
=group_props   [{name,riak_timed_yz_buckets_nostore}]
=started       2016-04-15 14:03:54
=ended         2016-04-15 14:03:54
=result        ok
=elapsed       0.06984
=group_time    9.183s
=case          mam_SUITE:init_per_group
=logfile       mam_suite.init_per_group.729034.970.html
=group_props   [{name,riak_timed_yz_buckets_prefs_cases}]
=started       2016-04-15 14:03:54
=ended         2016-04-15 14:03:55
=result        ok
=elapsed       0.205073
=case          mam_SUITE:prefs_set_request
=logfile       mam_suite.prefs_set_request.html
=started       2016-04-15 14:03:55
=ended         2016-04-15 14:03:55
=result        skipped: "prefs not implemented for riak"
=== *** SKIPPED test case 200 of 203 ***
=case          mam_SUITE:prefs_set_cdata_request
=logfile       mam_suite.prefs_set_cdata_request.html
=started       2016-04-15 14:03:55
=ended         2016-04-15 14:03:55
=result        skipped: "prefs not implemented for riak"
=== *** SKIPPED test case 201 of 203 ***
=case          mam_SUITE:run_prefs_cases
=logfile       mam_suite.run_prefs_cases.html
=started       2016-04-15 14:03:55
=ended         2016-04-15 14:03:58
=result        failed: {test_case_failed,"Unexpected error IQ."}, [{mam_SUITE,
                                                                    wait_archive_respond_v02,
                                                                    1119},
                                                                   {mam_SUITE,
                                                                    wait_archive_respond_nofin,
                                                                    1108},
                                                                   {mam_SUITE,
                                                                    get_all_messages,
                                                                    3031},
                                                                   {mam_SUITE,
                                                                    '-run_prefs_cases/1-fun-0-',
                                                                    2965},
                                                                   {escalus_story,
                                                                    story,40},
                                                                   {test_server,
                                                                    ts_tc,
                                                                    1429},
                                                                   {test_server,
                                                                    run_test_case_eval1,
                                                                    1026}]
=== *** FAILED test case 202 of 203 ***
=case          mam_SUITE:run_set_and_get_prefs_cases
=logfile       mam_suite.run_set_and_get_prefs_cases.html
=started       2016-04-15 14:03:58
=ended         2016-04-15 14:03:59
=result        ok
=elapsed       0.427657
=case          mam_SUITE:end_per_group
=logfile       mam_suite.end_per_group.729039.250.html
=group_props   [{name,riak_timed_yz_buckets_prefs_cases}]
=started       2016-04-15 14:03:59
=ended         2016-04-15 14:03:59
=result        ok
=elapsed       0.114425
=group_time    4.280s
=case          mam_SUITE:end_per_suite
=logfile       mam_suite.end_per_suite.html
=started       2016-04-15 14:03:59
=ended         2016-04-15 14:03:59
=result        ok
=elapsed       0.00319
=group_time    187.045s
=== TEST COMPLETE, 16 ok, 59 failed, 128 skipped of 203 test cases

=finished      2016-04-15 14:03:59
=failed        59
=successful    16
=user_skipped  2
=auto_skipped  126
