=== Suite started at 2016-04-11 16:45:37
=== Starting test, 21 test cases
=cases         21
=user          travis
=host          testing-gce-cc2e6d69-52a5-485a-be44-0a908dba01fb
=hosts         testing-gce-cc2e6d69-52a5-485a-be44-0a908dba01fb 
=emulator_vsn  6.4
=emulator      beam
=otp_release   17
=started       2016-04-11 16:45:37
=case          vcard_SUITE:init_per_suite
=logfile       vcard_suite.init_per_suite.html
=started       2016-04-11 16:45:37
=ended         2016-04-11 16:45:38
=result        ok
=elapsed       1.050731
=case          vcard_SUITE:init_per_group
=logfile       vcard_suite.init_per_group.html
=group_props   [{name,rw},sequence]
=started       2016-04-11 16:45:38
=ended         2016-04-11 16:45:38
=result        ok
=elapsed       0.068806
=case          vcard_SUITE:update_own_card
=logfile       vcard_suite.update_own_card.html
=started       2016-04-11 16:45:38
=ended         2016-04-11 16:45:40
=result        failed: {timeout_when_waiting_for_stanza,
                           [{escalus_client,wait_for_stanza,
                                [{client,<<"alicE@localhost/res1">>,
                                     escalus_tcp,#Port<0.30551>,false,false,
                                     <0.29665.0>,
                                     [{event_manager,<0.29663.0>},
                                      {server,<<"localhost">>},
                                      {username,<<"alicE">>},
                                      {resource,<<"res1">>}]},
                                 1000],
                                [{file,"src/escalus_client.erl"},{line,119}]},
                            {vcard_SUITE,'-do_update_own_card/1-fun-0-',1,
                                [{file,"vcard_SUITE.erl"},{line,182}]},
                            {escalus_story,story,3,
                                [{file,"src/escalus_story.erl"},{line,40}]},
                            {test_server,ts_tc,3,
                                [{file,"test_server.erl"},{line,1429}]},
                            {test_server,run_test_case_eval1,6,
                                [{file,"test_server.erl"},{line,1026}]},
                            {test_server,run_test_case_eval,9,
                                [{file,"test_server.erl"},{line,968}]}]}, [{escalus_client,
                                                                            wait_for_stanza,
                                                                            119},
                                                                           {vcard_SUITE,
                                                                            '-do_update_own_card/1-fun-0-',
                                                                            182},
                                                                           {escalus_story,
                                                                            story,
                                                                            40},
                                                                           {test_server,
                                                                            ts_tc,
                                                                            1429},
                                                                           {test_server,
                                                                            run_test_case_eval1,
                                                                            1026},
                                                                           {test_server,
                                                                            run_test_case_eval,
                                                                            968}]
=== *** FAILED test case 1 of 21 ***
=case          vcard_SUITE:end_per_group
=logfile       vcard_suite.end_per_group.html
=group_props   [{name,rw},sequence]
=started       2016-04-11 16:45:40
=ended         2016-04-11 16:45:40
=result        ok
=elapsed       0.001187
=group_time    1.396s
=case          vcard_SUITE:init_per_group
=logfile       vcard_suite.init_per_group.393140.287.html
=group_props   [{name,ro_full}]
=started       2016-04-11 16:45:40
=ended         2016-04-11 16:45:43
=result        ok
=elapsed       3.080477
=case          vcard_SUITE:retrieve_own_card
=logfile       vcard_suite.retrieve_own_card.html
=started       2016-04-11 16:45:43
=ended         2016-04-11 16:45:44
=result        failed: {timeout_when_waiting_for_stanza,
                           [{escalus_client,wait_for_stanza,
                                [{client,<<"alicE@localhost/res1">>,
                                     escalus_tcp,#Port<0.30556>,false,false,
                                     <0.29689.0>,
                                     [{event_manager,<0.29688.0>},
                                      {server,<<"localhost">>},
                                      {username,<<"alicE">>},
                                      {resource,<<"res1">>}]},
                                 1000],
                                [{file,"src/escalus_client.erl"},{line,119}]},
                            {vcard_SUITE,'-retrieve_own_card/1-fun-0-',2,
                                [{file,"vcard_SUITE.erl"},{line,196}]},
                            {escalus_story,story,3,
                                [{file,"src/escalus_story.erl"},{line,40}]},
                            {test_server,ts_tc,3,
                                [{file,"test_server.erl"},{line,1429}]},
                            {test_server,run_test_case_eval1,6,
                                [{file,"test_server.erl"},{line,1026}]},
                            {test_server,run_test_case_eval,9,
                                [{file,"test_server.erl"},{line,968}]}]}, [{escalus_client,
                                                                            wait_for_stanza,
                                                                            119},
                                                                           {vcard_SUITE,
                                                                            '-retrieve_own_card/1-fun-0-',
                                                                            196},
                                                                           {escalus_story,
                                                                            story,
                                                                            40},
                                                                           {test_server,
                                                                            ts_tc,
                                                                            1429},
                                                                           {test_server,
                                                                            run_test_case_eval1,
                                                                            1026},
                                                                           {test_server,
                                                                            run_test_case_eval,
                                                                            968}]
=== *** FAILED test case 2 of 21 ***
=case          vcard_SUITE:user_doesnt_exist
=logfile       vcard_suite.user_doesnt_exist.html
=started       2016-04-11 16:45:44
=ended         2016-04-11 16:45:45
=result        failed: {timeout_when_waiting_for_stanza,
                           [{escalus_client,wait_for_stanza,
                                [{client,<<"alicE@localhost/res1">>,
                                     escalus_tcp,#Port<0.30559>,false,false,
                                     <0.29696.0>,
                                     [{event_manager,<0.29695.0>},
                                      {server,<<"localhost">>},
                                      {username,<<"alicE">>},
                                      {resource,<<"res1">>}]},
                                 1000],
                                [{file,"src/escalus_client.erl"},{line,119}]},
                            {vcard_SUITE,'-user_doesnt_exist/1-fun-0-',1,
                                [{file,"vcard_SUITE.erl"},{line,213}]},
                            {escalus_story,story,3,
                                [{file,"src/escalus_story.erl"},{line,40}]},
                            {test_server,ts_tc,3,
                                [{file,"test_server.erl"},{line,1429}]},
                            {test_server,run_test_case_eval1,6,
                                [{file,"test_server.erl"},{line,1026}]},
                            {test_server,run_test_case_eval,9,
                                [{file,"test_server.erl"},{line,968}]}]}, [{escalus_client,
                                                                            wait_for_stanza,
                                                                            119},
                                                                           {vcard_SUITE,
                                                                            '-user_doesnt_exist/1-fun-0-',
                                                                            213},
                                                                           {escalus_story,
                                                                            story,
                                                                            40},
                                                                           {test_server,
                                                                            ts_tc,
                                                                            1429},
                                                                           {test_server,
                                                                            run_test_case_eval1,
                                                                            1026},
                                                                           {test_server,
                                                                            run_test_case_eval,
                                                                            968}]
=== *** FAILED test case 3 of 21 ***
=case          vcard_SUITE:update_other_card
=logfile       vcard_suite.update_other_card.html
=started       2016-04-11 16:45:45
=ended         2016-04-11 16:45:47
=result        failed: {timeout_when_waiting_for_stanza,
                           [{escalus_client,wait_for_stanza,
                                [{client,<<"alicE@localhost/res1">>,
                                     escalus_tcp,#Port<0.30562>,false,false,
                                     <0.29703.0>,
                                     [{event_manager,<0.29702.0>},
                                      {server,<<"localhost">>},
                                      {username,<<"alicE">>},
                                      {resource,<<"res1">>}]},
                                 1000],
                                [{file,"src/escalus_client.erl"},{line,119}]},
                            {vcard_SUITE,'-update_other_card/1-fun-0-',3,
                                [{file,"vcard_SUITE.erl"},{line,241}]},
                            {escalus_story,story,3,
                                [{file,"src/escalus_story.erl"},{line,40}]},
                            {test_server,ts_tc,3,
                                [{file,"test_server.erl"},{line,1429}]},
                            {test_server,run_test_case_eval1,6,
                                [{file,"test_server.erl"},{line,1026}]},
                            {test_server,run_test_case_eval,9,
                                [{file,"test_server.erl"},{line,968}]}]}, [{escalus_client,
                                                                            wait_for_stanza,
                                                                            119},
                                                                           {vcard_SUITE,
                                                                            '-update_other_card/1-fun-0-',
                                                                            241},
                                                                           {escalus_story,
                                                                            story,
                                                                            40},
                                                                           {test_server,
                                                                            ts_tc,
                                                                            1429},
                                                                           {test_server,
                                                                            run_test_case_eval1,
                                                                            1026},
                                                                           {test_server,
                                                                            run_test_case_eval,
                                                                            968}]
=== *** FAILED test case 4 of 21 ***
=case          vcard_SUITE:retrieve_others_card
=logfile       vcard_suite.retrieve_others_card.html
=started       2016-04-11 16:45:47
=ended         2016-04-11 16:45:49
=result        failed: {timeout_when_waiting_for_stanza,
                           [{escalus_client,wait_for_stanza,
                                [{client,<<"alicE@localhost/res1">>,
                                     escalus_tcp,#Port<0.30566>,false,false,
                                     <0.29711.0>,
                                     [{event_manager,<0.29710.0>},
                                      {server,<<"localhost">>},
                                      {username,<<"alicE">>},
                                      {resource,<<"res1">>}]},
                                 1000],
                                [{file,"src/escalus_client.erl"},{line,119}]},
                            {vcard_SUITE,'-retrieve_others_card/1-fun-0-',3,
                                [{file,"vcard_SUITE.erl"},{line,252}]},
                            {escalus_story,story,3,
                                [{file,"src/escalus_story.erl"},{line,40}]},
                            {test_server,ts_tc,3,
                                [{file,"test_server.erl"},{line,1429}]},
                            {test_server,run_test_case_eval1,6,
                                [{file,"test_server.erl"},{line,1026}]},
                            {test_server,run_test_case_eval,9,
                                [{file,"test_server.erl"},{line,968}]}]}, [{escalus_client,
                                                                            wait_for_stanza,
                                                                            119},
                                                                           {vcard_SUITE,
                                                                            '-retrieve_others_card/1-fun-0-',
                                                                            252},
                                                                           {escalus_story,
                                                                            story,
                                                                            40},
                                                                           {test_server,
                                                                            ts_tc,
                                                                            1429},
                                                                           {test_server,
                                                                            run_test_case_eval1,
                                                                            1026},
                                                                           {test_server,
                                                                            run_test_case_eval,
                                                                            968}]
=== *** FAILED test case 5 of 21 ***
=case          vcard_SUITE:vcard_service_discovery
=logfile       vcard_suite.vcard_service_discovery.html
=started       2016-04-11 16:45:49
=ended         2016-04-11 16:45:49
=result        ok
=elapsed       0.462456
=case          vcard_SUITE:server_vcard
=logfile       vcard_suite.server_vcard.html
=started       2016-04-11 16:45:49
=ended         2016-04-11 16:45:50
=result        ok
=elapsed       0.461221
=case          vcard_SUITE:directory_service_vcard
=logfile       vcard_suite.directory_service_vcard.html
=started       2016-04-11 16:45:50
=ended         2016-04-11 16:45:50
=result        ok
=elapsed       0.46251
=case          vcard_SUITE:request_search_fields
=logfile       vcard_suite.request_search_fields.html
=started       2016-04-11 16:45:50
=ended         2016-04-11 16:45:51
=result        ok
=elapsed       0.46422
=case          vcard_SUITE:search_open
=logfile       vcard_suite.search_open.html
=started       2016-04-11 16:45:51
=ended         2016-04-11 16:45:51
=result        ok
=elapsed       0.467085
=case          vcard_SUITE:search_empty
=logfile       vcard_suite.search_empty.html
=started       2016-04-11 16:45:51
=ended         2016-04-11 16:45:52
=result        ok
=elapsed       0.465947
=case          vcard_SUITE:search_some
=logfile       vcard_suite.search_some.html
=started       2016-04-11 16:45:52
=ended         2016-04-11 16:45:52
=result        failed: {{badmatch,[]},
                        [{vcard_SUITE,'-search_some/1-fun-0-',2,
                             [{file,"vcard_SUITE.erl"},{line,373}]},
                         {escalus_story,story,3,
                             [{file,"src/escalus_story.erl"},{line,40}]},
                         {test_server,ts_tc,3,
                             [{file,"test_server.erl"},{line,1429}]},
                         {test_server,run_test_case_eval1,6,
                             [{file,"test_server.erl"},{line,1026}]},
                         {test_server,run_test_case_eval,9,
                             [{file,"test_server.erl"},{line,968}]}]}, [{vcard_SUITE,
                                                                         '-search_some/1-fun-0-',
                                                                         373},
                                                                        {escalus_story,
                                                                         story,
                                                                         40},
                                                                        {test_server,
                                                                         ts_tc,
                                                                         1429},
                                                                        {test_server,
                                                                         run_test_case_eval1,
                                                                         1026},
                                                                        {test_server,
                                                                         run_test_case_eval,
                                                                         968}]
=== *** FAILED test case 12 of 21 ***
=case          vcard_SUITE:search_some_many_fields
=logfile       vcard_suite.search_some_many_fields.html
=started       2016-04-11 16:45:52
=ended         2016-04-11 16:45:53
=result        failed: {{badmatch,[]},
                        [{vcard_SUITE,'-search_some_many_fields/1-fun-0-',1,
                             [{file,"vcard_SUITE.erl"},{line,409}]},
                         {escalus_story,story,3,
                             [{file,"src/escalus_story.erl"},{line,40}]},
                         {test_server,ts_tc,3,
                             [{file,"test_server.erl"},{line,1429}]},
                         {test_server,run_test_case_eval1,6,
                             [{file,"test_server.erl"},{line,1026}]},
                         {test_server,run_test_case_eval,9,
                             [{file,"test_server.erl"},{line,968}]}]}, [{vcard_SUITE,
                                                                         '-search_some_many_fields/1-fun-0-',
                                                                         409},
                                                                        {escalus_story,
                                                                         story,
                                                                         40},
                                                                        {test_server,
                                                                         ts_tc,
                                                                         1429},
                                                                        {test_server,
                                                                         run_test_case_eval1,
                                                                         1026},
                                                                        {test_server,
                                                                         run_test_case_eval,
                                                                         968}]
=== *** FAILED test case 13 of 21 ***
=case          vcard_SUITE:search_wildcard
=logfile       vcard_suite.search_wildcard.html
=started       2016-04-11 16:45:53
=ended         2016-04-11 16:45:53
=result        failed: {test_case_failed,
                           "can't find user <<\"bobb@localhost.bis\">> in received results: []"}, [{escalus_story,
                                                                                                    story,
                                                                                                    40},
                                                                                                   {test_server,
                                                                                                    ts_tc,
                                                                                                    1429},
                                                                                                   {test_server,
                                                                                                    run_test_case_eval1,
                                                                                                    1026},
                                                                                                   {test_server,
                                                                                                    run_test_case_eval,
                                                                                                    968}]
=== *** FAILED test case 14 of 21 ***
=case          vcard_SUITE:end_per_group
=logfile       vcard_suite.end_per_group.393153.953.html
=group_props   [{name,ro_full}]
=started       2016-04-11 16:45:53
=ended         2016-04-11 16:45:53
=result        ok
=elapsed       0.001005
=group_time    13.666s
=case          vcard_SUITE:init_per_group
=logfile       vcard_suite.init_per_group.393153.982.html
=group_props   [{name,ro_limited}]
=started       2016-04-11 16:45:53
=ended         2016-04-11 16:45:57
=result        ok
=elapsed       3.077069
=case          vcard_SUITE:search_open_limited
=logfile       vcard_suite.search_open_limited.html
=started       2016-04-11 16:45:57
=ended         2016-04-11 16:45:57
=result        ok
=elapsed       0.468746
=case          vcard_SUITE:search_some_limited
=logfile       vcard_suite.search_some_limited.html
=started       2016-04-11 16:45:57
=ended         2016-04-11 16:45:58
=result        failed: {{badmatch,[]},
                        [{vcard_SUITE,'-search_some_limited/1-fun-0-',1,
                             [{file,"vcard_SUITE.erl"},{line,490}]},
                         {escalus_story,story,3,
                             [{file,"src/escalus_story.erl"},{line,40}]},
                         {test_server,ts_tc,3,
                             [{file,"test_server.erl"},{line,1429}]},
                         {test_server,run_test_case_eval1,6,
                             [{file,"test_server.erl"},{line,1026}]},
                         {test_server,run_test_case_eval,9,
                             [{file,"test_server.erl"},{line,968}]}]}, [{vcard_SUITE,
                                                                         '-search_some_limited/1-fun-0-',
                                                                         490},
                                                                        {escalus_story,
                                                                         story,
                                                                         40},
                                                                        {test_server,
                                                                         ts_tc,
                                                                         1429},
                                                                        {test_server,
                                                                         run_test_case_eval1,
                                                                         1026},
                                                                        {test_server,
                                                                         run_test_case_eval,
                                                                         968}]
=== *** FAILED test case 16 of 21 ***
=case          vcard_SUITE:search_in_service_discovery
=logfile       vcard_suite.search_in_service_discovery.html
=started       2016-04-11 16:45:58
=ended         2016-04-11 16:45:58
=result        ok
=elapsed       0.523104
=case          vcard_SUITE:end_per_group
=logfile       vcard_suite.end_per_group.393158.632.html
=group_props   [{name,ro_limited}]
=started       2016-04-11 16:45:58
=ended         2016-04-11 16:45:58
=result        ok
=elapsed       0.001155
=group_time    4.650s
=case          vcard_SUITE:init_per_group
=logfile       vcard_suite.init_per_group.393158.661.html
=group_props   [{name,ro_no},sequence]
=started       2016-04-11 16:45:58
=ended         2016-04-11 16:46:01
=result        ok
=elapsed       3.073751
=case          vcard_SUITE:search_not_allowed
=logfile       vcard_suite.search_not_allowed.html
=started       2016-04-11 16:46:01
=ended         2016-04-11 16:46:02
=result        ok
=elapsed       0.46278
=case          vcard_SUITE:search_not_in_service_discovery
=logfile       vcard_suite.search_not_in_service_discovery.html
=started       2016-04-11 16:46:02
=ended         2016-04-11 16:46:02
=result        ok
=elapsed       0.462153
=case          vcard_SUITE:end_per_group
=logfile       vcard_suite.end_per_group.393162.749.html
=group_props   [{name,ro_no},sequence]
=started       2016-04-11 16:46:02
=ended         2016-04-11 16:46:02
=result        ok
=elapsed       0.001004
=group_time    4.088s
=case          vcard_SUITE:init_per_group
=logfile       vcard_suite.init_per_group.393162.785.html
=group_props   [{name,ldap_only}]
=started       2016-04-11 16:46:02
=ended         2016-04-11 16:46:02
=result        skipped: "this group is only for ldap vCard backend"
=== *** SKIPPED {vcard_SUITE,init_per_group} ***
=== 
=case          vcard_SUITE:search_some_many_fields_with_or_operator
=group_props   [{name,"ldap_only"}]
=started       2016-04-11 16:46:02
=result        skipped: this group is only for ldap vCard backend
=== *** Skipping test case #20 {vcard_SUITE,search_some_many_fields_with_or_operator} ***
=== 
=case          vcard_SUITE:return_photo_inserted_as_binary_by_3rd_party_service
=group_props   [{name,"ldap_only"}]
=started       2016-04-11 16:46:02
=result        skipped: this group is only for ldap vCard backend
=== *** Skipping test case #21 {vcard_SUITE,return_photo_inserted_as_binary_by_3rd_party_service} ***
=== 
=case          vcard_SUITE:end_per_group
=group_props   [{name,"ldap_only"}]
=started       2016-04-11 16:46:02
=result        skipped: this group is only for ldap vCard backend
=== *** Skipping {vcard_SUITE,end_per_group} ***
=case          vcard_SUITE:end_per_suite
=logfile       vcard_suite.end_per_suite.html
=started       2016-04-11 16:46:02
=ended         2016-04-11 16:46:04
=result        ok
=elapsed       1.887999
=group_time    25.111s
=== TEST COMPLETE, 10 ok, 9 failed, 2 skipped of 21 test cases

=finished      2016-04-11 16:46:04
=failed        9
=successful    10
=user_skipped  2
=auto_skipped  0
