=== Suite started at 2016-04-14 14:14:57
=== Starting test, 203 test cases
=cases         203
=user          travis
=host          testing-gce-9cd4fec2-edc9-4244-8878-19b2d869930b
=hosts         testing-gce-9cd4fec2-edc9-4244-8878-19b2d869930b 
=emulator_vsn  6.4
=emulator      beam
=otp_release   17
=started       2016-04-14 14:14:57
=case          mam_SUITE:init_per_suite
=logfile       mam_suite.init_per_suite.html
=started       2016-04-14 14:14:57
=ended         2016-04-14 14:14:57
=result        ok
=elapsed       0.063686
=case          mam_SUITE:init_per_group
=logfile       mam_suite.init_per_group.html
=group_props   [{name,riak_timed_yz_buckets_mam}]
=started       2016-04-14 14:14:57
=ended         2016-04-14 14:14:58
=result        ok
=elapsed       0.116608
=case          mam_SUITE:mam_service_discovery
=logfile       mam_suite.mam_service_discovery.html
=started       2016-04-14 14:14:58
=ended         2016-04-14 14:14:58
=result        ok
=elapsed       0.217861
=case          mam_SUITE:simple_archive_request
=logfile       mam_suite.simple_archive_request.html
=started       2016-04-14 14:14:58
=ended         2016-04-14 14:15:01
=result        failed: {test_case_failed,"Unexpected error IQ."}, [{mam_SUITE,
                                                                    wait_archive_respond_v02,
                                                                    1119},
                                                                   {mam_SUITE,
                                                                    wait_archive_respond_nofin,
                                                                    1108},
                                                                   {mam_SUITE,
                                                                    '-simple_archive_request/1-fun-0-',
                                                                    922},
                                                                   {escalus_story,
                                                                    story,40},
                                                                   {test_server,
                                                                    ts_tc,
                                                                    1429},
                                                                   {test_server,
                                                                    run_test_case_eval1,
                                                                    1026},
                                                                   {test_server,
                                                                    run_test_case_eval,
                                                                    968}]
=== *** FAILED test case 2 of 203 ***
=case          mam_SUITE:range_archive_request
=logfile       mam_suite.range_archive_request.html
=started       2016-04-14 14:15:01
=ended         2016-04-14 14:15:01
=result        failed: {{assertion_failed,assert,is_iq_result,
                         {xmlel,<<"iq">>,
                          [{<<"from">>,<<"alicE@localhost">>},
                           {<<"to">>,<<"alicE@localhost/res1">>},
                           {<<"id">>,<<"6dfeb30aa4dabc648ae45f99c3ce2310">>},
                           {<<"type">>,<<"error">>}],
                          [{xmlel,<<"error">>,
                            [{<<"code">>,<<"500">>},{<<"type">>,<<"wait">>}],
                            [{xmlel,<<"internal-server-error">>,
                              [{<<"xmlns">>,
                                <<"urn:ietf:params:xml:ns:xmpp-stanzas">>}],
                              []}]}]},
                         "<iq from='alicE@localhost' to='alicE@localhost/res1' id='6dfeb30aa4dabc648ae45f99c3ce2310' type='error'><error code='500' type='wait'><internal-server-error xmlns='urn:ietf:params:xml:ns:xmpp-stanzas'/></error></iq>"},
                        [{escalus_new_assert,assert_true,2,
                          [{file,"src/escalus_new_assert.erl"},{line,84}]},
                         {mam_SUITE,'-range_archive_request/1-fun-0-',2,
                          [{file,"mam_SUITE.erl"},{line,1657}]},
                         {escalus_story,story,3,
                          [{file,"src/escalus_story.erl"},{line,40}]},
                         {test_server,ts_tc,3,
                          [{file,"test_server.erl"},{line,1429}]},
                         {test_server,run_test_case_eval1,6,
                          [{file,"test_server.erl"},{line,1026}]},
                         {test_server,run_test_case_eval,9,
                          [{file,"test_server.erl"},{line,968}]}]}, [{escalus_new_assert,
                                                                      assert_true,
                                                                      84},
                                                                     {mam_SUITE,
                                                                      '-range_archive_request/1-fun-0-',
                                                                      1657},
                                                                     {escalus_story,
                                                                      story,
                                                                      40},
                                                                     {test_server,
                                                                      ts_tc,
                                                                      1429},
                                                                     {test_server,
                                                                      run_test_case_eval1,
                                                                      1026},
                                                                     {test_server,
                                                                      run_test_case_eval,
                                                                      968}]
=== *** FAILED test case 3 of 203 ***
=case          mam_SUITE:range_archive_request_not_empty
=logfile       mam_suite.range_archive_request_not_empty.html
=started       2016-04-14 14:15:01
=ended         2016-04-14 14:15:05
=result        failed: {test_case_failed,"Unexpected error IQ."}, [{mam_SUITE,
                                                                    wait_archive_respond_v02,
                                                                    1119},
                                                                   {mam_SUITE,
                                                                    wait_archive_respond_nofin,
                                                                    1108},
                                                                   {mam_SUITE,
                                                                    '-range_archive_request_not_empty/1-fun-0-',
                                                                    1682},
                                                                   {escalus_story,
                                                                    story,40},
                                                                   {test_server,
                                                                    ts_tc,
                                                                    1429},
                                                                   {test_server,
                                                                    run_test_case_eval1,
                                                                    1026},
                                                                   {test_server,
                                                                    run_test_case_eval,
                                                                    968}]
=== *** FAILED test case 4 of 203 ***
=case          mam_SUITE:limit_archive_request
=logfile       mam_suite.limit_archive_request.html
=started       2016-04-14 14:15:05
=ended         2016-04-14 14:15:05
=result        failed: {test_case_failed,"Unexpected error IQ."}, [{mam_SUITE,
                                                                    wait_archive_respond_v02,
                                                                    1119},
                                                                   {mam_SUITE,
                                                                    wait_archive_respond_nofin,
                                                                    1108},
                                                                   {mam_SUITE,
                                                                    '-limit_archive_request/1-fun-0-',
                                                                    1715},
                                                                   {escalus_story,
                                                                    story,40},
                                                                   {test_server,
                                                                    ts_tc,
                                                                    1429},
                                                                   {test_server,
                                                                    run_test_case_eval1,
                                                                    1026},
                                                                   {test_server,
                                                                    run_test_case_eval,
                                                                    968}]
=== *** FAILED test case 5 of 203 ***
=case          mam_SUITE:end_per_group
=logfile       mam_suite.end_per_group.html
=group_props   [{name,riak_timed_yz_buckets_mam}]
=started       2016-04-14 14:15:05
=ended         2016-04-14 14:15:05
=result        ok
=elapsed       0.079116
=group_time    7.375s
=case          mam_SUITE:init_per_group
=logfile       mam_suite.init_per_group.643305.397.html
=group_props   [{name,riak_timed_yz_buckets_mam03}]
=started       2016-04-14 14:15:05
=ended         2016-04-14 14:15:05
=result        ok
=elapsed       0.120323
=case          mam_SUITE:mam_service_discovery
=logfile       mam_suite.mam_service_discovery.643305.544.html
=started       2016-04-14 14:15:05
=ended         2016-04-14 14:15:05
=result        ok
=elapsed       0.220066
=case          mam_SUITE:simple_archive_request
=logfile       mam_suite.simple_archive_request.643305.790.html
=started       2016-04-14 14:15:05
=ended         2016-04-14 14:15:08
=result        failed: {test_case_failed,"Unexpected error IQ."}, [{mam_SUITE,
                                                                    wait_archive_respond_v03,
                                                                    1133},
                                                                   {mam_SUITE,
                                                                    wait_archive_respond_fin,
                                                                    1099},
                                                                   {mam_SUITE,
                                                                    '-simple_archive_request/1-fun-0-',
                                                                    922},
                                                                   {escalus_story,
                                                                    story,40},
                                                                   {test_server,
                                                                    ts_tc,
                                                                    1429},
                                                                   {test_server,
                                                                    run_test_case_eval1,
                                                                    1026},
                                                                   {test_server,
                                                                    run_test_case_eval,
                                                                    968}]
=== *** FAILED test case 7 of 203 ***
=case          mam_SUITE:range_archive_request
=logfile       mam_suite.range_archive_request.643308.771.html
=started       2016-04-14 14:15:08
=ended         2016-04-14 14:15:09
=result        failed: {{assertion_failed,assert,is_iq_result,
                         {xmlel,<<"iq">>,
                          [{<<"from">>,<<"alicE@localhost">>},
                           {<<"to">>,<<"alicE@localhost/res1">>},
                           {<<"id">>,<<"bec64e579107f1bdabba2319f8efce14">>},
                           {<<"type">>,<<"error">>}],
                          [{xmlel,<<"error">>,
                            [{<<"code">>,<<"500">>},{<<"type">>,<<"wait">>}],
                            [{xmlel,<<"internal-server-error">>,
                              [{<<"xmlns">>,
                                <<"urn:ietf:params:xml:ns:xmpp-stanzas">>}],
                              []}]}]},
                         "<iq from='alicE@localhost' to='alicE@localhost/res1' id='bec64e579107f1bdabba2319f8efce14' type='error'><error code='500' type='wait'><internal-server-error xmlns='urn:ietf:params:xml:ns:xmpp-stanzas'/></error></iq>"},
                        [{escalus_new_assert,assert_true,2,
                          [{file,"src/escalus_new_assert.erl"},{line,84}]},
                         {mam_SUITE,'-range_archive_request/1-fun-0-',2,
                          [{file,"mam_SUITE.erl"},{line,1657}]},
                         {escalus_story,story,3,
                          [{file,"src/escalus_story.erl"},{line,40}]},
                         {test_server,ts_tc,3,
                          [{file,"test_server.erl"},{line,1429}]},
                         {test_server,run_test_case_eval1,6,
                          [{file,"test_server.erl"},{line,1026}]},
                         {test_server,run_test_case_eval,9,
                          [{file,"test_server.erl"},{line,968}]}]}, [{escalus_new_assert,
                                                                      assert_true,
                                                                      84},
                                                                     {mam_SUITE,
                                                                      '-range_archive_request/1-fun-0-',
                                                                      1657},
                                                                     {escalus_story,
                                                                      story,
                                                                      40},
                                                                     {test_server,
                                                                      ts_tc,
                                                                      1429},
                                                                     {test_server,
                                                                      run_test_case_eval1,
                                                                      1026},
                                                                     {test_server,
                                                                      run_test_case_eval,
                                                                      968}]
=== *** FAILED test case 8 of 203 ***
=case          mam_SUITE:range_archive_request_not_empty
=logfile       mam_suite.range_archive_request_not_empty.643309.25.html
=started       2016-04-14 14:15:09
=ended         2016-04-14 14:15:12
=result        failed: {test_case_failed,"Unexpected error IQ."}, [{mam_SUITE,
                                                                    wait_archive_respond_v03,
                                                                    1133},
                                                                   {mam_SUITE,
                                                                    wait_archive_respond_fin,
                                                                    1099},
                                                                   {mam_SUITE,
                                                                    '-range_archive_request_not_empty/1-fun-0-',
                                                                    1682},
                                                                   {escalus_story,
                                                                    story,40},
                                                                   {test_server,
                                                                    ts_tc,
                                                                    1429},
                                                                   {test_server,
                                                                    run_test_case_eval1,
                                                                    1026},
                                                                   {test_server,
                                                                    run_test_case_eval,
                                                                    968}]
=== *** FAILED test case 9 of 203 ***
=case          mam_SUITE:limit_archive_request
=logfile       mam_suite.limit_archive_request.643312.498.html
=started       2016-04-14 14:15:12
=ended         2016-04-14 14:15:12
=result        failed: {test_case_failed,"Unexpected error IQ."}, [{mam_SUITE,
                                                                    wait_archive_respond_v03,
                                                                    1133},
                                                                   {mam_SUITE,
                                                                    wait_archive_respond_fin,
                                                                    1099},
                                                                   {mam_SUITE,
                                                                    '-limit_archive_request/1-fun-0-',
                                                                    1715},
                                                                   {escalus_story,
                                                                    story,40},
                                                                   {test_server,
                                                                    ts_tc,
                                                                    1429},
                                                                   {test_server,
                                                                    run_test_case_eval1,
                                                                    1026},
                                                                   {test_server,
                                                                    run_test_case_eval,
                                                                    968}]
=== *** FAILED test case 10 of 203 ***
=case          mam_SUITE:end_per_group
=logfile       mam_suite.end_per_group.643312.746.html
=group_props   [{name,riak_timed_yz_buckets_mam03}]
=started       2016-04-14 14:15:12
=ended         2016-04-14 14:15:12
=result        ok
=elapsed       0.066668
=group_time    7.349s
=case          mam_SUITE:init_per_group
=logfile       mam_suite.init_per_group.643312.842.html
=group_props   [{name,riak_timed_yz_buckets_mam04}]
=started       2016-04-14 14:15:12
=ended         2016-04-14 14:15:13
=result        ok
=elapsed       0.192782
=case          mam_SUITE:mam_service_discovery
=logfile       mam_suite.mam_service_discovery.643313.62.html
=started       2016-04-14 14:15:13
=ended         2016-04-14 14:15:13
=result        ok
=elapsed       0.213092
=case          mam_SUITE:simple_archive_request
=logfile       mam_suite.simple_archive_request.643313.302.html
=started       2016-04-14 14:15:13
=ended         2016-04-14 14:15:16
=result        failed: {test_case_failed,"Unexpected error IQ."}, [{mam_SUITE,
                                                                    wait_archive_respond_v02,
                                                                    1119},
                                                                   {mam_SUITE,
                                                                    wait_archive_respond_nofin,
                                                                    1108},
                                                                   {mam_SUITE,
                                                                    '-simple_archive_request/1-fun-0-',
                                                                    922},
                                                                   {escalus_story,
                                                                    story,40},
                                                                   {test_server,
                                                                    ts_tc,
                                                                    1429},
                                                                   {test_server,
                                                                    run_test_case_eval1,
                                                                    1026},
                                                                   {test_server,
                                                                    run_test_case_eval,
                                                                    968}]
=== *** FAILED test case 12 of 203 ***
=case          mam_SUITE:range_archive_request
=logfile       mam_suite.range_archive_request.643316.274.html
=started       2016-04-14 14:15:16
=ended         2016-04-14 14:15:16
=result        failed: {{assertion_failed,assert,is_iq_result,
                         {xmlel,<<"iq">>,
                          [{<<"from">>,<<"alicE@localhost">>},
                           {<<"to">>,<<"alicE@localhost/res1">>},
                           {<<"id">>,<<"6c9c8c0e5ce06f844162b35abadb783f">>},
                           {<<"type">>,<<"error">>}],
                          [{xmlel,<<"error">>,
                            [{<<"code">>,<<"500">>},{<<"type">>,<<"wait">>}],
                            [{xmlel,<<"internal-server-error">>,
                              [{<<"xmlns">>,
                                <<"urn:ietf:params:xml:ns:xmpp-stanzas">>}],
                              []}]}]},
                         "<iq from='alicE@localhost' to='alicE@localhost/res1' id='6c9c8c0e5ce06f844162b35abadb783f' type='error'><error code='500' type='wait'><internal-server-error xmlns='urn:ietf:params:xml:ns:xmpp-stanzas'/></error></iq>"},
                        [{escalus_new_assert,assert_true,2,
                          [{file,"src/escalus_new_assert.erl"},{line,84}]},
                         {mam_SUITE,'-range_archive_request/1-fun-0-',2,
                          [{file,"mam_SUITE.erl"},{line,1657}]},
                         {escalus_story,story,3,
                          [{file,"src/escalus_story.erl"},{line,40}]},
                         {test_server,ts_tc,3,
                          [{file,"test_server.erl"},{line,1429}]},
                         {test_server,run_test_case_eval1,6,
                          [{file,"test_server.erl"},{line,1026}]},
                         {test_server,run_test_case_eval,9,
                          [{file,"test_server.erl"},{line,968}]}]}, [{escalus_new_assert,
                                                                      assert_true,
                                                                      84},
                                                                     {mam_SUITE,
                                                                      '-range_archive_request/1-fun-0-',
                                                                      1657},
                                                                     {escalus_story,
                                                                      story,
                                                                      40},
                                                                     {test_server,
                                                                      ts_tc,
                                                                      1429},
                                                                     {test_server,
                                                                      run_test_case_eval1,
                                                                      1026},
                                                                     {test_server,
                                                                      run_test_case_eval,
                                                                      968}]
=== *** FAILED test case 13 of 203 ***
=case          mam_SUITE:range_archive_request_not_empty
=logfile       mam_suite.range_archive_request_not_empty.643316.532.html
=started       2016-04-14 14:15:16
=ended         2016-04-14 14:15:20
=result        failed: {test_case_failed,"Unexpected error IQ."}, [{mam_SUITE,
                                                                    wait_archive_respond_v02,
                                                                    1119},
                                                                   {mam_SUITE,
                                                                    wait_archive_respond_nofin,
                                                                    1108},
                                                                   {mam_SUITE,
                                                                    '-range_archive_request_not_empty/1-fun-0-',
                                                                    1682},
                                                                   {escalus_story,
                                                                    story,40},
                                                                   {test_server,
                                                                    ts_tc,
                                                                    1429},
                                                                   {test_server,
                                                                    run_test_case_eval1,
                                                                    1026},
                                                                   {test_server,
                                                                    run_test_case_eval,
                                                                    968}]
=== *** FAILED test case 14 of 203 ***
=case          mam_SUITE:limit_archive_request
=logfile       mam_suite.limit_archive_request.643320.14.html
=started       2016-04-14 14:15:20
=ended         2016-04-14 14:15:20
=result        failed: {test_case_failed,"Unexpected error IQ."}, [{mam_SUITE,
                                                                    wait_archive_respond_v02,
                                                                    1119},
                                                                   {mam_SUITE,
                                                                    wait_archive_respond_nofin,
                                                                    1108},
                                                                   {mam_SUITE,
                                                                    '-limit_archive_request/1-fun-0-',
                                                                    1715},
                                                                   {escalus_story,
                                                                    story,40},
                                                                   {test_server,
                                                                    ts_tc,
                                                                    1429},
                                                                   {test_server,
                                                                    run_test_case_eval1,
                                                                    1026},
                                                                   {test_server,
                                                                    run_test_case_eval,
                                                                    968}]
=== *** FAILED test case 15 of 203 ***
=case          mam_SUITE:end_per_group
=logfile       mam_suite.end_per_group.643320.266.html
=group_props   [{name,riak_timed_yz_buckets_mam04}]
=started       2016-04-14 14:15:20
=ended         2016-04-14 14:15:20
=result        ok
=elapsed       0.063586
=group_time    7.424s
=case          mam_SUITE:init_per_group
=logfile       mam_suite.init_per_group.643320.358.html
=group_props   [{name,riak_timed_yz_buckets_mam_purge}]
=started       2016-04-14 14:15:20
=ended         2016-04-14 14:15:20
=result        ok
=elapsed       0.218112
=case          mam_SUITE:purge_single_message
=logfile       mam_suite.purge_single_message.html
=started       2016-04-14 14:15:20
=ended         2016-04-14 14:15:23
=result        failed: {test_case_failed,"Unexpected error IQ."}, [{mam_SUITE,
                                                                    wait_archive_respond_v02,
                                                                    1119},
                                                                   {mam_SUITE,
                                                                    wait_archive_respond_nofin,
                                                                    1108},
                                                                   {mam_SUITE,
                                                                    '-purge_single_message/1-fun-0-',
                                                                    1249},
                                                                   {escalus_story,
                                                                    story,40},
                                                                   {test_server,
                                                                    ts_tc,
                                                                    1429},
                                                                   {test_server,
                                                                    run_test_case_eval1,
                                                                    1026},
                                                                   {test_server,
                                                                    run_test_case_eval,
                                                                    968}]
=== *** FAILED test case 16 of 203 ***
=case          mam_SUITE:purge_multiple_messages
=logfile       mam_suite.purge_multiple_messages.html
=started       2016-04-14 14:15:23
=ended         2016-04-14 14:15:26
=result        failed: {test_case_failed,"Unexpected error IQ."}, [{mam_SUITE,
                                                                    wait_archive_respond_v02,
                                                                    1119},
                                                                   {mam_SUITE,
                                                                    wait_archive_respond_nofin,
                                                                    1108},
                                                                   {mam_SUITE,
                                                                    '-purge_multiple_messages/1-fun-0-',
                                                                    1300},
                                                                   {escalus_story,
                                                                    story,40},
                                                                   {test_server,
                                                                    ts_tc,
                                                                    1429},
                                                                   {test_server,
                                                                    run_test_case_eval1,
                                                                    1026},
                                                                   {test_server,
                                                                    run_test_case_eval,
                                                                    968}]
=== *** FAILED test case 17 of 203 ***
=case          mam_SUITE:end_per_group
=logfile       mam_suite.end_per_group.643326.731.html
=group_props   [{name,riak_timed_yz_buckets_mam_purge}]
=started       2016-04-14 14:15:26
=ended         2016-04-14 14:15:26
=result        ok
=elapsed       0.083976
=group_time    6.373s
=case          mam_SUITE:init_per_group
=logfile       mam_suite.init_per_group.643326.842.html
=group_props   [{name,riak_timed_yz_buckets_muc}]
=started       2016-04-14 14:15:26
=ended         2016-04-14 14:15:26
=result        ok
=elapsed       0.10882
=case          mam_SUITE:muc_service_discovery
=logfile       mam_suite.muc_service_discovery.html
=started       2016-04-14 14:15:26
=ended         2016-04-14 14:15:27
=result        ok
=elapsed       0.222438
=case          mam_SUITE:muc_archive_request
=logfile       mam_suite.muc_archive_request.html
=started       2016-04-14 14:15:27
=ended         2016-04-14 14:15:27
=result        failed: {function_clause,
                           [{exml_query,attr,
                                [undefined,<<"by">>,undefined],
                                [{file,"src/exml_query.erl"},{line,83}]},
                            {mam_SUITE,'-muc_archive_request/1-fun-0-',4,
                                [{file,"mam_SUITE.erl"},{line,1335}]},
                            {escalus_story,story,3,
                                [{file,"src/escalus_story.erl"},{line,40}]},
                            {test_server,ts_tc,3,
                                [{file,"test_server.erl"},{line,1429}]},
                            {test_server,run_test_case_eval1,6,
                                [{file,"test_server.erl"},{line,1026}]},
                            {test_server,run_test_case_eval,9,
                                [{file,"test_server.erl"},{line,968}]}]}, [{exml_query,
                                                                            attr,
                                                                            83},
                                                                           {mam_SUITE,
                                                                            '-muc_archive_request/1-fun-0-',
                                                                            1335},
                                                                           {escalus_story,
                                                                            story,
                                                                            40},
                                                                           {test_server,
                                                                            ts_tc,
                                                                            1429},
                                                                           {test_server,
                                                                            run_test_case_eval1,
                                                                            1026},
                                                                           {test_server,
                                                                            run_test_case_eval,
                                                                            968}]
=== *** FAILED test case 19 of 203 ***
=case          mam_SUITE:muc_archive_purge
=logfile       mam_suite.muc_archive_purge.html
=started       2016-04-14 14:15:27
=ended         2016-04-14 14:15:31
=result        ok
=elapsed       3.958803
=case          mam_SUITE:muc_multiple_devices
=logfile       mam_suite.muc_multiple_devices.html
=started       2016-04-14 14:15:31
=ended         2016-04-14 14:15:32
=result        failed: {function_clause,
                           [{exml_query,attr,
                                [undefined,<<"by">>,undefined],
                                [{file,"src/exml_query.erl"},{line,83}]},
                            {mam_SUITE,'-muc_multiple_devices/1-fun-0-',5,
                                [{file,"mam_SUITE.erl"},{line,1441}]},
                            {escalus_story,story,3,
                                [{file,"src/escalus_story.erl"},{line,40}]},
                            {test_server,ts_tc,3,
                                [{file,"test_server.erl"},{line,1429}]},
                            {test_server,run_test_case_eval1,6,
                                [{file,"test_server.erl"},{line,1026}]},
                            {test_server,run_test_case_eval,9,
                                [{file,"test_server.erl"},{line,968}]}]}, [{exml_query,
                                                                            attr,
                                                                            83},
                                                                           {mam_SUITE,
                                                                            '-muc_multiple_devices/1-fun-0-',
                                                                            1441},
                                                                           {escalus_story,
                                                                            story,
                                                                            40},
                                                                           {test_server,
                                                                            ts_tc,
                                                                            1429},
                                                                           {test_server,
                                                                            run_test_case_eval1,
                                                                            1026},
                                                                           {test_server,
                                                                            run_test_case_eval,
                                                                            968}]
=== *** FAILED test case 21 of 203 ***
=case          mam_SUITE:muc_protected_message
=logfile       mam_suite.muc_protected_message.html
=started       2016-04-14 14:15:32
=ended         2016-04-14 14:15:32
=result        failed: {test_case_failed,"Unexpected error IQ."}, [{mam_SUITE,
                                                                    wait_archive_respond_v02,
                                                                    1119},
                                                                   {mam_SUITE,
                                                                    wait_archive_respond_nofin,
                                                                    1108},
                                                                   {mam_SUITE,
                                                                    '-muc_protected_message/1-fun-0-',
                                                                    1494},
                                                                   {escalus_story,
                                                                    story,40},
                                                                   {test_server,
                                                                    ts_tc,
                                                                    1429},
                                                                   {test_server,
                                                                    run_test_case_eval1,
                                                                    1026},
                                                                   {test_server,
                                                                    run_test_case_eval,
                                                                    968}]
=== *** FAILED test case 22 of 203 ***
=case          mam_SUITE:muc_deny_protected_room_access
=logfile       mam_suite.muc_deny_protected_room_access.html
=started       2016-04-14 14:15:32
=ended         2016-04-14 14:15:33
=result        ok
=elapsed       0.433087
=case          mam_SUITE:muc_allow_access_to_owner
=logfile       mam_suite.muc_allow_access_to_owner.html
=started       2016-04-14 14:15:33
=ended         2016-04-14 14:15:33
=result        failed: {test_case_failed,"Unexpected error IQ."}, [{mam_SUITE,
                                                                    wait_archive_respond_v02,
                                                                    1119},
                                                                   {mam_SUITE,
                                                                    wait_archive_respond_nofin,
                                                                    1108},
                                                                   {mam_SUITE,
                                                                    '-muc_allow_access_to_owner/1-fun-0-',
                                                                    1534},
                                                                   {escalus_story,
                                                                    story,40},
                                                                   {test_server,
                                                                    ts_tc,
                                                                    1429},
                                                                   {test_server,
                                                                    run_test_case_eval1,
                                                                    1026},
                                                                   {test_server,
                                                                    run_test_case_eval,
                                                                    968}]
=== *** FAILED test case 24 of 203 ***
=case          mam_SUITE:muc_delete_x_user_in_anon_rooms
=logfile       mam_suite.muc_delete_x_user_in_anon_rooms.html
=started       2016-04-14 14:15:33
=ended         2016-04-14 14:15:36
=result        failed: {test_case_failed,"Unexpected error IQ."}, [{mam_SUITE,
                                                                    wait_archive_respond_v02,
                                                                    1119},
                                                                   {mam_SUITE,
                                                                    wait_archive_respond_nofin,
                                                                    1108},
                                                                   {mam_SUITE,
                                                                    '-muc_delete_x_user_in_anon_rooms/1-fun-0-',
                                                                    1566},
                                                                   {escalus_story,
                                                                    story,40},
                                                                   {test_server,
                                                                    ts_tc,
                                                                    1429},
                                                                   {test_server,
                                                                    run_test_case_eval1,
                                                                    1026},
                                                                   {test_server,
                                                                    run_test_case_eval,
                                                                    968}]
=== *** FAILED test case 25 of 203 ***
=case          mam_SUITE:muc_show_x_user_to_moderators_in_anon_rooms
=logfile       mam_suite.muc_show_x_user_to_moderators_in_anon_rooms.html
=started       2016-04-14 14:15:36
=ended         2016-04-14 14:15:39
=result        failed: {test_case_failed,"Unexpected error IQ."}, [{mam_SUITE,
                                                                    wait_archive_respond_v02,
                                                                    1119},
                                                                   {mam_SUITE,
                                                                    wait_archive_respond_nofin,
                                                                    1108},
                                                                   {mam_SUITE,
                                                                    '-muc_show_x_user_to_moderators_in_anon_rooms/1-fun-0-',
                                                                    1601},
                                                                   {escalus_story,
                                                                    story,40},
                                                                   {test_server,
                                                                    ts_tc,
                                                                    1429},
                                                                   {test_server,
                                                                    run_test_case_eval1,
                                                                    1026},
                                                                   {test_server,
                                                                    run_test_case_eval,
                                                                    968}]
=== *** FAILED test case 26 of 203 ***
=case          mam_SUITE:muc_show_x_user_for_your_own_messages_in_anon_rooms
=logfile       mam_suite.muc_show_x_user_for_your_own_messages_in_anon_rooms.html
=started       2016-04-14 14:15:39
=ended         2016-04-14 14:15:42
=result        failed: {test_case_failed,"Unexpected error IQ."}, [{mam_SUITE,
                                                                    wait_archive_respond_v02,
                                                                    1119},
                                                                   {mam_SUITE,
                                                                    wait_archive_respond_nofin,
                                                                    1108},
                                                                   {mam_SUITE,
                                                                    '-muc_show_x_user_for_your_own_messages_in_anon_rooms/1-fun-0-',
                                                                    1636},
                                                                   {escalus_story,
                                                                    story,40},
                                                                   {test_server,
                                                                    ts_tc,
                                                                    1429},
                                                                   {test_server,
                                                                    run_test_case_eval1,
                                                                    1026},
                                                                   {test_server,
                                                                    run_test_case_eval,
                                                                    968}]
=== *** FAILED test case 27 of 203 ***
=case          mam_SUITE:muc_querying_for_all_messages
=logfile       mam_suite.muc_querying_for_all_messages.html
=started       2016-04-14 14:15:42
=ended         2016-04-14 14:15:48
=result        failed: {test_case_failed,"Unexpected error IQ."}, [{mam_SUITE,
                                                                    wait_archive_respond_v02,
                                                                    1119},
                                                                   {mam_SUITE,
                                                                    wait_archive_respond_nofin,
                                                                    1108},
                                                                   {mam_SUITE,
                                                                    '-muc_querying_for_all_messages/1-fun-0-',
                                                                    959},
                                                                   {escalus_story,
                                                                    story,40},
                                                                   {test_server,
                                                                    ts_tc,
                                                                    1429},
                                                                   {test_server,
                                                                    run_test_case_eval1,
                                                                    1026},
                                                                   {test_server,
                                                                    run_test_case_eval,
                                                                    968}]
=== *** FAILED test case 28 of 203 ***
=case          mam_SUITE:muc_querying_for_all_messages_with_jid
=logfile       mam_suite.muc_querying_for_all_messages_with_jid.html
=started       2016-04-14 14:15:48
=ended         2016-04-14 14:15:51
=result        failed: {test_case_failed,"Unexpected error IQ."}, [{mam_SUITE,
                                                                    wait_archive_respond_v02,
                                                                    1119},
                                                                   {mam_SUITE,
                                                                    wait_archive_respond_nofin,
                                                                    1108},
                                                                   {mam_SUITE,
                                                                    '-muc_querying_for_all_messages_with_jid/1-fun-0-',
                                                                    977},
                                                                   {escalus_story,
                                                                    story,40},
                                                                   {test_server,
                                                                    ts_tc,
                                                                    1429},
                                                                   {test_server,
                                                                    run_test_case_eval1,
                                                                    1026},
                                                                   {test_server,
                                                                    run_test_case_eval,
                                                                    968}]
=== *** FAILED test case 29 of 203 ***
=case          mam_SUITE:end_per_group
=logfile       mam_suite.end_per_group.643351.202.html
=group_props   [{name,riak_timed_yz_buckets_muc}]
=started       2016-04-14 14:15:51
=ended         2016-04-14 14:15:51
=result        ok
=elapsed       0.078704
=group_time    24.360s
=case          mam_SUITE:init_per_group
=logfile       mam_suite.init_per_group.643351.310.html
=group_props   [{name,riak_timed_yz_buckets_muc03}]
=started       2016-04-14 14:15:51
=ended         2016-04-14 14:15:51
=result        ok
=elapsed       0.10369
=case          mam_SUITE:muc_service_discovery
=logfile       mam_suite.muc_service_discovery.643351.440.html
=started       2016-04-14 14:15:51
=ended         2016-04-14 14:15:51
=result        ok
=elapsed       0.22066
=case          mam_SUITE:muc_archive_request
=logfile       mam_suite.muc_archive_request.643351.686.html
=started       2016-04-14 14:15:51
=ended         2016-04-14 14:15:52
=result        failed: {function_clause,
                           [{exml_query,attr,
                                [undefined,<<"by">>,undefined],
                                [{file,"src/exml_query.erl"},{line,83}]},
                            {mam_SUITE,'-muc_archive_request/1-fun-0-',4,
                                [{file,"mam_SUITE.erl"},{line,1335}]},
                            {escalus_story,story,3,
                                [{file,"src/escalus_story.erl"},{line,40}]},
                            {test_server,ts_tc,3,
                                [{file,"test_server.erl"},{line,1429}]},
                            {test_server,run_test_case_eval1,6,
                                [{file,"test_server.erl"},{line,1026}]},
                            {test_server,run_test_case_eval,9,
                                [{file,"test_server.erl"},{line,968}]}]}, [{exml_query,
                                                                            attr,
                                                                            83},
                                                                           {mam_SUITE,
                                                                            '-muc_archive_request/1-fun-0-',
                                                                            1335},
                                                                           {escalus_story,
                                                                            story,
                                                                            40},
                                                                           {test_server,
                                                                            ts_tc,
                                                                            1429},
                                                                           {test_server,
                                                                            run_test_case_eval1,
                                                                            1026},
                                                                           {test_server,
                                                                            run_test_case_eval,
                                                                            968}]
=== *** FAILED test case 31 of 203 ***
=case          mam_SUITE:muc_archive_purge
=logfile       mam_suite.muc_archive_purge.643352.218.html
=started       2016-04-14 14:15:52
=ended         2016-04-14 14:15:56
=result        ok
=elapsed       3.946441
=case          mam_SUITE:muc_multiple_devices
=logfile       mam_suite.muc_multiple_devices.643356.198.html
=started       2016-04-14 14:15:56
=ended         2016-04-14 14:15:56
=result        failed: {function_clause,
                           [{exml_query,attr,
                                [undefined,<<"by">>,undefined],
                                [{file,"src/exml_query.erl"},{line,83}]},
                            {mam_SUITE,'-muc_multiple_devices/1-fun-0-',5,
                                [{file,"mam_SUITE.erl"},{line,1441}]},
                            {escalus_story,story,3,
                                [{file,"src/escalus_story.erl"},{line,40}]},
                            {test_server,ts_tc,3,
                                [{file,"test_server.erl"},{line,1429}]},
                            {test_server,run_test_case_eval1,6,
                                [{file,"test_server.erl"},{line,1026}]},
                            {test_server,run_test_case_eval,9,
                                [{file,"test_server.erl"},{line,968}]}]}, [{exml_query,
                                                                            attr,
                                                                            83},
                                                                           {mam_SUITE,
                                                                            '-muc_multiple_devices/1-fun-0-',
                                                                            1441},
                                                                           {escalus_story,
                                                                            story,
                                                                            40},
                                                                           {test_server,
                                                                            ts_tc,
                                                                            1429},
                                                                           {test_server,
                                                                            run_test_case_eval1,
                                                                            1026},
                                                                           {test_server,
                                                                            run_test_case_eval,
                                                                            968}]
=== *** FAILED test case 33 of 203 ***
=case          mam_SUITE:muc_protected_message
=logfile       mam_suite.muc_protected_message.643356.894.html
=started       2016-04-14 14:15:56
=ended         2016-04-14 14:15:57
=result        failed: {test_case_failed,"Unexpected error IQ."}, [{mam_SUITE,
                                                                    wait_archive_respond_v03,
                                                                    1133},
                                                                   {mam_SUITE,
                                                                    wait_archive_respond_fin,
                                                                    1099},
                                                                   {mam_SUITE,
                                                                    '-muc_protected_message/1-fun-0-',
                                                                    1494},
                                                                   {escalus_story,
                                                                    story,40},
                                                                   {test_server,
                                                                    ts_tc,
                                                                    1429},
                                                                   {test_server,
                                                                    run_test_case_eval1,
                                                                    1026},
                                                                   {test_server,
                                                                    run_test_case_eval,
                                                                    968}]
=== *** FAILED test case 34 of 203 ***
=case          mam_SUITE:muc_deny_protected_room_access
=logfile       mam_suite.muc_deny_protected_room_access.643357.382.html
=started       2016-04-14 14:15:57
=ended         2016-04-14 14:15:57
=result        ok
=elapsed       0.43686
=case          mam_SUITE:muc_allow_access_to_owner
=logfile       mam_suite.muc_allow_access_to_owner.643357.850.html
=started       2016-04-14 14:15:57
=ended         2016-04-14 14:15:58
=result        failed: {test_case_failed,"Unexpected error IQ."}, [{mam_SUITE,
                                                                    wait_archive_respond_v03,
                                                                    1133},
                                                                   {mam_SUITE,
                                                                    wait_archive_respond_fin,
                                                                    1099},
                                                                   {mam_SUITE,
                                                                    '-muc_allow_access_to_owner/1-fun-0-',
                                                                    1534},
                                                                   {escalus_story,
                                                                    story,40},
                                                                   {test_server,
                                                                    ts_tc,
                                                                    1429},
                                                                   {test_server,
                                                                    run_test_case_eval1,
                                                                    1026},
                                                                   {test_server,
                                                                    run_test_case_eval,
                                                                    968}]
=== *** FAILED test case 36 of 203 ***
=case          mam_SUITE:muc_delete_x_user_in_anon_rooms
=logfile       mam_suite.muc_delete_x_user_in_anon_rooms.643358.326.html
=started       2016-04-14 14:15:58
=ended         2016-04-14 14:16:01
=result        failed: {test_case_failed,"Unexpected error IQ."}, [{mam_SUITE,
                                                                    wait_archive_respond_v03,
                                                                    1133},
                                                                   {mam_SUITE,
                                                                    wait_archive_respond_fin,
                                                                    1099},
                                                                   {mam_SUITE,
                                                                    '-muc_delete_x_user_in_anon_rooms/1-fun-0-',
                                                                    1566},
                                                                   {escalus_story,
                                                                    story,40},
                                                                   {test_server,
                                                                    ts_tc,
                                                                    1429},
                                                                   {test_server,
                                                                    run_test_case_eval1,
                                                                    1026},
                                                                   {test_server,
                                                                    run_test_case_eval,
                                                                    968}]
=== *** FAILED test case 37 of 203 ***
=case          mam_SUITE:muc_show_x_user_to_moderators_in_anon_rooms
=logfile       mam_suite.muc_show_x_user_to_moderators_in_anon_rooms.643361.298.html
=started       2016-04-14 14:16:01
=ended         2016-04-14 14:16:04
=result        failed: {test_case_failed,"Unexpected error IQ."}, [{mam_SUITE,
                                                                    wait_archive_respond_v03,
                                                                    1133},
                                                                   {mam_SUITE,
                                                                    wait_archive_respond_fin,
                                                                    1099},
                                                                   {mam_SUITE,
                                                                    '-muc_show_x_user_to_moderators_in_anon_rooms/1-fun-0-',
                                                                    1601},
                                                                   {escalus_story,
                                                                    story,40},
                                                                   {test_server,
                                                                    ts_tc,
                                                                    1429},
                                                                   {test_server,
                                                                    run_test_case_eval1,
                                                                    1026},
                                                                   {test_server,
                                                                    run_test_case_eval,
                                                                    968}]
=== *** FAILED test case 38 of 203 ***
=case          mam_SUITE:muc_show_x_user_for_your_own_messages_in_anon_rooms
=logfile       mam_suite.muc_show_x_user_for_your_own_messages_in_anon_rooms.643364.282.html
=started       2016-04-14 14:16:04
=ended         2016-04-14 14:16:07
=result        failed: {test_case_failed,"Unexpected error IQ."}, [{mam_SUITE,
                                                                    wait_archive_respond_v03,
                                                                    1133},
                                                                   {mam_SUITE,
                                                                    wait_archive_respond_fin,
                                                                    1099},
                                                                   {mam_SUITE,
                                                                    '-muc_show_x_user_for_your_own_messages_in_anon_rooms/1-fun-0-',
                                                                    1636},
                                                                   {escalus_story,
                                                                    story,40},
                                                                   {test_server,
                                                                    ts_tc,
                                                                    1429},
                                                                   {test_server,
                                                                    run_test_case_eval1,
                                                                    1026},
                                                                   {test_server,
                                                                    run_test_case_eval,
                                                                    968}]
=== *** FAILED test case 39 of 203 ***
=case          mam_SUITE:muc_querying_for_all_messages
=logfile       mam_suite.muc_querying_for_all_messages.643367.273.html
=started       2016-04-14 14:16:07
=ended         2016-04-14 14:16:12
=result        failed: {test_case_failed,"Unexpected error IQ."}, [{mam_SUITE,
                                                                    wait_archive_respond_v03,
                                                                    1133},
                                                                   {mam_SUITE,
                                                                    wait_archive_respond_fin,
                                                                    1099},
                                                                   {mam_SUITE,
                                                                    '-muc_querying_for_all_messages/1-fun-0-',
                                                                    959},
                                                                   {escalus_story,
                                                                    story,40},
                                                                   {test_server,
                                                                    ts_tc,
                                                                    1429},
                                                                   {test_server,
                                                                    run_test_case_eval1,
                                                                    1026},
                                                                   {test_server,
                                                                    run_test_case_eval,
                                                                    968}]
=== *** FAILED test case 40 of 203 ***
=case          mam_SUITE:muc_querying_for_all_messages_with_jid
=logfile       mam_suite.muc_querying_for_all_messages_with_jid.643372.589.html
=started       2016-04-14 14:16:12
=ended         2016-04-14 14:16:15
=result        failed: {test_case_failed,"Unexpected error IQ."}, [{mam_SUITE,
                                                                    wait_archive_respond_v03,
                                                                    1133},
                                                                   {mam_SUITE,
                                                                    wait_archive_respond_fin,
                                                                    1099},
                                                                   {mam_SUITE,
                                                                    '-muc_querying_for_all_messages_with_jid/1-fun-0-',
                                                                    977},
                                                                   {escalus_story,
                                                                    story,40},
                                                                   {test_server,
                                                                    ts_tc,
                                                                    1429},
                                                                   {test_server,
                                                                    run_test_case_eval1,
                                                                    1026},
                                                                   {test_server,
                                                                    run_test_case_eval,
                                                                    968}]
=== *** FAILED test case 41 of 203 ***
=case          mam_SUITE:end_per_group
=logfile       mam_suite.end_per_group.643375.609.html
=group_props   [{name,riak_timed_yz_buckets_muc03}]
=started       2016-04-14 14:16:15
=ended         2016-04-14 14:16:15
=result        ok
=elapsed       0.071339
=group_time    24.298s
=case          mam_SUITE:init_per_group
=logfile       mam_suite.init_per_group.643375.710.html
=group_props   [{name,riak_timed_yz_buckets_muc04}]
=started       2016-04-14 14:16:15
=ended         2016-04-14 14:16:15
=result        ok
=elapsed       0.09034
=case          mam_SUITE:muc_service_discovery
=logfile       mam_suite.muc_service_discovery.643375.826.html
=started       2016-04-14 14:16:15
=ended         2016-04-14 14:16:16
=result        ok
=elapsed       0.218082
=case          mam_SUITE:muc_archive_request
=logfile       mam_suite.muc_archive_request.643376.74.html
=started       2016-04-14 14:16:16
=ended         2016-04-14 14:16:16
=result        failed: {function_clause,
                           [{exml_query,attr,
                                [undefined,<<"by">>,undefined],
                                [{file,"src/exml_query.erl"},{line,83}]},
                            {mam_SUITE,'-muc_archive_request/1-fun-0-',4,
                                [{file,"mam_SUITE.erl"},{line,1335}]},
                            {escalus_story,story,3,
                                [{file,"src/escalus_story.erl"},{line,40}]},
                            {test_server,ts_tc,3,
                                [{file,"test_server.erl"},{line,1429}]},
                            {test_server,run_test_case_eval1,6,
                                [{file,"test_server.erl"},{line,1026}]},
                            {test_server,run_test_case_eval,9,
                                [{file,"test_server.erl"},{line,968}]}]}, [{exml_query,
                                                                            attr,
                                                                            83},
                                                                           {mam_SUITE,
                                                                            '-muc_archive_request/1-fun-0-',
                                                                            1335},
                                                                           {escalus_story,
                                                                            story,
                                                                            40},
                                                                           {test_server,
                                                                            ts_tc,
                                                                            1429},
                                                                           {test_server,
                                                                            run_test_case_eval1,
                                                                            1026},
                                                                           {test_server,
                                                                            run_test_case_eval,
                                                                            968}]
=== *** FAILED test case 43 of 203 ***
=case          mam_SUITE:muc_archive_purge
=logfile       mam_suite.muc_archive_purge.643376.581.html
=started       2016-04-14 14:16:16
=ended         2016-04-14 14:16:20
=result        ok
=elapsed       3.93985
=case          mam_SUITE:muc_multiple_devices
=logfile       mam_suite.muc_multiple_devices.643380.554.html
=started       2016-04-14 14:16:20
=ended         2016-04-14 14:16:21
=result        failed: {function_clause,
                           [{exml_query,attr,
                                [undefined,<<"by">>,undefined],
                                [{file,"src/exml_query.erl"},{line,83}]},
                            {mam_SUITE,'-muc_multiple_devices/1-fun-0-',5,
                                [{file,"mam_SUITE.erl"},{line,1441}]},
                            {escalus_story,story,3,
                                [{file,"src/escalus_story.erl"},{line,40}]},
                            {test_server,ts_tc,3,
                                [{file,"test_server.erl"},{line,1429}]},
                            {test_server,run_test_case_eval1,6,
                                [{file,"test_server.erl"},{line,1026}]},
                            {test_server,run_test_case_eval,9,
                                [{file,"test_server.erl"},{line,968}]}]}, [{exml_query,
                                                                            attr,
                                                                            83},
                                                                           {mam_SUITE,
                                                                            '-muc_multiple_devices/1-fun-0-',
                                                                            1441},
                                                                           {escalus_story,
                                                                            story,
                                                                            40},
                                                                           {test_server,
                                                                            ts_tc,
                                                                            1429},
                                                                           {test_server,
                                                                            run_test_case_eval1,
                                                                            1026},
                                                                           {test_server,
                                                                            run_test_case_eval,
                                                                            968}]
=== *** FAILED test case 45 of 203 ***
=case          mam_SUITE:muc_protected_message
=logfile       mam_suite.muc_protected_message.643381.240.html
=started       2016-04-14 14:16:21
=ended         2016-04-14 14:16:21
=result        failed: {test_case_failed,"Unexpected error IQ."}, [{mam_SUITE,
                                                                    wait_archive_respond_v02,
                                                                    1119},
                                                                   {mam_SUITE,
                                                                    wait_archive_respond_nofin,
                                                                    1108},
                                                                   {mam_SUITE,
                                                                    '-muc_protected_message/1-fun-0-',
                                                                    1494},
                                                                   {escalus_story,
                                                                    story,40},
                                                                   {test_server,
                                                                    ts_tc,
                                                                    1429},
                                                                   {test_server,
                                                                    run_test_case_eval1,
                                                                    1026},
                                                                   {test_server,
                                                                    run_test_case_eval,
                                                                    968}]
=== *** FAILED test case 46 of 203 ***
=case          mam_SUITE:muc_deny_protected_room_access
=logfile       mam_suite.muc_deny_protected_room_access.643381.719.html
=started       2016-04-14 14:16:21
=ended         2016-04-14 14:16:22
=result        ok
=elapsed       0.432164
=case          mam_SUITE:muc_allow_access_to_owner
=logfile       mam_suite.muc_allow_access_to_owner.643382.182.html
=started       2016-04-14 14:16:22
=ended         2016-04-14 14:16:22
=result        failed: {test_case_failed,"Unexpected error IQ."}, [{mam_SUITE,
                                                                    wait_archive_respond_v02,
                                                                    1119},
                                                                   {mam_SUITE,
                                                                    wait_archive_respond_nofin,
                                                                    1108},
                                                                   {mam_SUITE,
                                                                    '-muc_allow_access_to_owner/1-fun-0-',
                                                                    1534},
                                                                   {escalus_story,
                                                                    story,40},
                                                                   {test_server,
                                                                    ts_tc,
                                                                    1429},
                                                                   {test_server,
                                                                    run_test_case_eval1,
                                                                    1026},
                                                                   {test_server,
                                                                    run_test_case_eval,
                                                                    968}]
=== *** FAILED test case 48 of 203 ***
=case          mam_SUITE:muc_delete_x_user_in_anon_rooms
=logfile       mam_suite.muc_delete_x_user_in_anon_rooms.643382.648.html
=started       2016-04-14 14:16:22
=ended         2016-04-14 14:16:25
=result        failed: {test_case_failed,"Unexpected error IQ."}, [{mam_SUITE,
                                                                    wait_archive_respond_v02,
                                                                    1119},
                                                                   {mam_SUITE,
                                                                    wait_archive_respond_nofin,
                                                                    1108},
                                                                   {mam_SUITE,
                                                                    '-muc_delete_x_user_in_anon_rooms/1-fun-0-',
                                                                    1566},
                                                                   {escalus_story,
                                                                    story,40},
                                                                   {test_server,
                                                                    ts_tc,
                                                                    1429},
                                                                   {test_server,
                                                                    run_test_case_eval1,
                                                                    1026},
                                                                   {test_server,
                                                                    run_test_case_eval,
                                                                    968}]
=== *** FAILED test case 49 of 203 ***
=case          mam_SUITE:muc_show_x_user_to_moderators_in_anon_rooms
=logfile       mam_suite.muc_show_x_user_to_moderators_in_anon_rooms.643385.630.html
=started       2016-04-14 14:16:25
=ended         2016-04-14 14:16:28
=result        failed: {test_case_failed,"Unexpected error IQ."}, [{mam_SUITE,
                                                                    wait_archive_respond_v02,
                                                                    1119},
                                                                   {mam_SUITE,
                                                                    wait_archive_respond_nofin,
                                                                    1108},
                                                                   {mam_SUITE,
                                                                    '-muc_show_x_user_to_moderators_in_anon_rooms/1-fun-0-',
                                                                    1601},
                                                                   {escalus_story,
                                                                    story,40},
                                                                   {test_server,
                                                                    ts_tc,
                                                                    1429},
                                                                   {test_server,
                                                                    run_test_case_eval1,
                                                                    1026},
                                                                   {test_server,
                                                                    run_test_case_eval,
                                                                    968}]
=== *** FAILED test case 50 of 203 ***
=case          mam_SUITE:muc_show_x_user_for_your_own_messages_in_anon_rooms
=logfile       mam_suite.muc_show_x_user_for_your_own_messages_in_anon_rooms.643388.609.html
=started       2016-04-14 14:16:28
=ended         2016-04-14 14:16:31
=result        failed: {test_case_failed,"Unexpected error IQ."}, [{mam_SUITE,
                                                                    wait_archive_respond_v02,
                                                                    1119},
                                                                   {mam_SUITE,
                                                                    wait_archive_respond_nofin,
                                                                    1108},
                                                                   {mam_SUITE,
                                                                    '-muc_show_x_user_for_your_own_messages_in_anon_rooms/1-fun-0-',
                                                                    1636},
                                                                   {escalus_story,
                                                                    story,40},
                                                                   {test_server,
                                                                    ts_tc,
                                                                    1429},
                                                                   {test_server,
                                                                    run_test_case_eval1,
                                                                    1026},
                                                                   {test_server,
                                                                    run_test_case_eval,
                                                                    968}]
=== *** FAILED test case 51 of 203 ***
=case          mam_SUITE:muc_querying_for_all_messages
=logfile       mam_suite.muc_querying_for_all_messages.643391.593.html
=started       2016-04-14 14:16:31
=ended         2016-04-14 14:16:36
=result        failed: {test_case_failed,"Unexpected error IQ."}, [{mam_SUITE,
                                                                    wait_archive_respond_v02,
                                                                    1119},
                                                                   {mam_SUITE,
                                                                    wait_archive_respond_nofin,
                                                                    1108},
                                                                   {mam_SUITE,
                                                                    '-muc_querying_for_all_messages/1-fun-0-',
                                                                    959},
                                                                   {escalus_story,
                                                                    story,40},
                                                                   {test_server,
                                                                    ts_tc,
                                                                    1429},
                                                                   {test_server,
                                                                    run_test_case_eval1,
                                                                    1026},
                                                                   {test_server,
                                                                    run_test_case_eval,
                                                                    968}]
=== *** FAILED test case 52 of 203 ***
=case          mam_SUITE:muc_querying_for_all_messages_with_jid
=logfile       mam_suite.muc_querying_for_all_messages_with_jid.643396.902.html
=started       2016-04-14 14:16:36
=ended         2016-04-14 14:16:39
=result        failed: {test_case_failed,"Unexpected error IQ."}, [{mam_SUITE,
                                                                    wait_archive_respond_v02,
                                                                    1119},
                                                                   {mam_SUITE,
                                                                    wait_archive_respond_nofin,
                                                                    1108},
                                                                   {mam_SUITE,
                                                                    '-muc_querying_for_all_messages_with_jid/1-fun-0-',
                                                                    977},
                                                                   {escalus_story,
                                                                    story,40},
                                                                   {test_server,
                                                                    ts_tc,
                                                                    1429},
                                                                   {test_server,
                                                                    run_test_case_eval1,
                                                                    1026},
                                                                   {test_server,
                                                                    run_test_case_eval,
                                                                    968}]
=== *** FAILED test case 53 of 203 ***
=case          mam_SUITE:end_per_group
=logfile       mam_suite.end_per_group.643399.930.html
=group_props   [{name,riak_timed_yz_buckets_muc04}]
=started       2016-04-14 14:16:39
=ended         2016-04-14 14:16:40
=result        ok
=elapsed       0.061605
=group_time    24.220s
=case          mam_SUITE:init_per_group
=logfile       mam_suite.init_per_group.643400.17.html
=group_props   [{name,riak_timed_yz_buckets_muc_with_pm}]
=started       2016-04-14 14:16:40
=ended         2016-04-14 14:16:40
=result        ok
=elapsed       0.093858
=case          mam_SUITE:muc_service_discovery
=logfile       mam_suite.muc_service_discovery.643400.138.html
=started       2016-04-14 14:16:40
=ended         2016-04-14 14:16:40
=result        ok
=elapsed       0.223261
=case          mam_SUITE:muc_archive_request
=logfile       mam_suite.muc_archive_request.643400.390.html
=started       2016-04-14 14:16:40
=ended         2016-04-14 14:16:40
=result        failed: {function_clause,
                           [{exml_query,attr,
                                [undefined,<<"by">>,undefined],
                                [{file,"src/exml_query.erl"},{line,83}]},
                            {mam_SUITE,'-muc_archive_request/1-fun-0-',4,
                                [{file,"mam_SUITE.erl"},{line,1335}]},
                            {escalus_story,story,3,
                                [{file,"src/escalus_story.erl"},{line,40}]},
                            {test_server,ts_tc,3,
                                [{file,"test_server.erl"},{line,1429}]},
                            {test_server,run_test_case_eval1,6,
                                [{file,"test_server.erl"},{line,1026}]},
                            {test_server,run_test_case_eval,9,
                                [{file,"test_server.erl"},{line,968}]}]}, [{exml_query,
                                                                            attr,
                                                                            83},
                                                                           {mam_SUITE,
                                                                            '-muc_archive_request/1-fun-0-',
                                                                            1335},
                                                                           {escalus_story,
                                                                            story,
                                                                            40},
                                                                           {test_server,
                                                                            ts_tc,
                                                                            1429},
                                                                           {test_server,
                                                                            run_test_case_eval1,
                                                                            1026},
                                                                           {test_server,
                                                                            run_test_case_eval,
                                                                            968}]
=== *** FAILED test case 55 of 203 ***
=case          mam_SUITE:muc_archive_purge
=logfile       mam_suite.muc_archive_purge.643400.910.html
=started       2016-04-14 14:16:40
=ended         2016-04-14 14:16:44
=result        ok
=elapsed       3.957394
=case          mam_SUITE:muc_multiple_devices
=logfile       mam_suite.muc_multiple_devices.643404.898.html
=started       2016-04-14 14:16:44
=ended         2016-04-14 14:16:45
=result        failed: {function_clause,
                           [{exml_query,attr,
                                [undefined,<<"by">>,undefined],
                                [{file,"src/exml_query.erl"},{line,83}]},
                            {mam_SUITE,'-muc_multiple_devices/1-fun-0-',5,
                                [{file,"mam_SUITE.erl"},{line,1441}]},
                            {escalus_story,story,3,
                                [{file,"src/escalus_story.erl"},{line,40}]},
                            {test_server,ts_tc,3,
                                [{file,"test_server.erl"},{line,1429}]},
                            {test_server,run_test_case_eval1,6,
                                [{file,"test_server.erl"},{line,1026}]},
                            {test_server,run_test_case_eval,9,
                                [{file,"test_server.erl"},{line,968}]}]}, [{exml_query,
                                                                            attr,
                                                                            83},
                                                                           {mam_SUITE,
                                                                            '-muc_multiple_devices/1-fun-0-',
                                                                            1441},
                                                                           {escalus_story,
                                                                            story,
                                                                            40},
                                                                           {test_server,
                                                                            ts_tc,
                                                                            1429},
                                                                           {test_server,
                                                                            run_test_case_eval1,
                                                                            1026},
                                                                           {test_server,
                                                                            run_test_case_eval,
                                                                            968}]
=== *** FAILED test case 57 of 203 ***
=case          mam_SUITE:muc_protected_message
=logfile       mam_suite.muc_protected_message.643405.590.html
=started       2016-04-14 14:16:45
=ended         2016-04-14 14:16:46
=result        failed: {test_case_failed,"Unexpected error IQ."}, [{mam_SUITE,
                                                                    wait_archive_respond_v02,
                                                                    1119},
                                                                   {mam_SUITE,
                                                                    wait_archive_respond_nofin,
                                                                    1108},
                                                                   {mam_SUITE,
                                                                    '-muc_protected_message/1-fun-0-',
                                                                    1494},
                                                                   {escalus_story,
                                                                    story,40},
                                                                   {test_server,
                                                                    ts_tc,
                                                                    1429},
                                                                   {test_server,
                                                                    run_test_case_eval1,
                                                                    1026},
                                                                   {test_server,
                                                                    run_test_case_eval,
                                                                    968}]
=== *** FAILED test case 58 of 203 ***
=case          mam_SUITE:muc_deny_protected_room_access
=logfile       mam_suite.muc_deny_protected_room_access.643406.79.html
=started       2016-04-14 14:16:46
=ended         2016-04-14 14:16:46
=result        ok
=elapsed       0.435503
=case          mam_SUITE:muc_allow_access_to_owner
=logfile       mam_suite.muc_allow_access_to_owner.643406.543.html
=started       2016-04-14 14:16:46
=ended         2016-04-14 14:16:47
=result        failed: {test_case_failed,"Unexpected error IQ."}, [{mam_SUITE,
                                                                    wait_archive_respond_v02,
                                                                    1119},
                                                                   {mam_SUITE,
                                                                    wait_archive_respond_nofin,
                                                                    1108},
                                                                   {mam_SUITE,
                                                                    '-muc_allow_access_to_owner/1-fun-0-',
                                                                    1534},
                                                                   {escalus_story,
                                                                    story,40},
                                                                   {test_server,
                                                                    ts_tc,
                                                                    1429},
                                                                   {test_server,
                                                                    run_test_case_eval1,
                                                                    1026},
                                                                   {test_server,
                                                                    run_test_case_eval,
                                                                    968}]
=== *** FAILED test case 60 of 203 ***
=case          mam_SUITE:muc_delete_x_user_in_anon_rooms
=logfile       mam_suite.muc_delete_x_user_in_anon_rooms.643407.18.html
=started       2016-04-14 14:16:47
=ended         2016-04-14 14:16:49
=result        failed: {test_case_failed,"Unexpected error IQ."}, [{mam_SUITE,
                                                                    wait_archive_respond_v02,
                                                                    1119},
                                                                   {mam_SUITE,
                                                                    wait_archive_respond_nofin,
                                                                    1108},
                                                                   {mam_SUITE,
                                                                    '-muc_delete_x_user_in_anon_rooms/1-fun-0-',
                                                                    1566},
                                                                   {escalus_story,
                                                                    story,40},
                                                                   {test_server,
                                                                    ts_tc,
                                                                    1429},
                                                                   {test_server,
                                                                    run_test_case_eval1,
                                                                    1026},
                                                                   {test_server,
                                                                    run_test_case_eval,
                                                                    968}]
=== *** FAILED test case 61 of 203 ***
=case          mam_SUITE:muc_show_x_user_to_moderators_in_anon_rooms
=logfile       mam_suite.muc_show_x_user_to_moderators_in_anon_rooms.643409.998.html
=started       2016-04-14 14:16:49
=ended         2016-04-14 14:16:52
=result        failed: {test_case_failed,"Unexpected error IQ."}, [{mam_SUITE,
                                                                    wait_archive_respond_v02,
                                                                    1119},
                                                                   {mam_SUITE,
                                                                    wait_archive_respond_nofin,
                                                                    1108},
                                                                   {mam_SUITE,
                                                                    '-muc_show_x_user_to_moderators_in_anon_rooms/1-fun-0-',
                                                                    1601},
                                                                   {escalus_story,
                                                                    story,40},
                                                                   {test_server,
                                                                    ts_tc,
                                                                    1429},
                                                                   {test_server,
                                                                    run_test_case_eval1,
                                                                    1026},
                                                                   {test_server,
                                                                    run_test_case_eval,
                                                                    968}]
=== *** FAILED test case 62 of 203 ***
=case          mam_SUITE:muc_show_x_user_for_your_own_messages_in_anon_rooms
=logfile       mam_suite.muc_show_x_user_for_your_own_messages_in_anon_rooms.643412.984.html
=started       2016-04-14 14:16:52
=ended         2016-04-14 14:16:55
=result        failed: {test_case_failed,"Unexpected error IQ."}, [{mam_SUITE,
                                                                    wait_archive_respond_v02,
                                                                    1119},
                                                                   {mam_SUITE,
                                                                    wait_archive_respond_nofin,
                                                                    1108},
                                                                   {mam_SUITE,
                                                                    '-muc_show_x_user_for_your_own_messages_in_anon_rooms/1-fun-0-',
                                                                    1636},
                                                                   {escalus_story,
                                                                    story,40},
                                                                   {test_server,
                                                                    ts_tc,
                                                                    1429},
                                                                   {test_server,
                                                                    run_test_case_eval1,
                                                                    1026},
                                                                   {test_server,
                                                                    run_test_case_eval,
                                                                    968}]
=== *** FAILED test case 63 of 203 ***
=case          mam_SUITE:muc_querying_for_all_messages
=logfile       mam_suite.muc_querying_for_all_messages.643415.966.html
=started       2016-04-14 14:16:55
=ended         2016-04-14 14:17:01
=result        failed: {test_case_failed,"Unexpected error IQ."}, [{mam_SUITE,
                                                                    wait_archive_respond_v02,
                                                                    1119},
                                                                   {mam_SUITE,
                                                                    wait_archive_respond_nofin,
                                                                    1108},
                                                                   {mam_SUITE,
                                                                    '-muc_querying_for_all_messages/1-fun-0-',
                                                                    959},
                                                                   {escalus_story,
                                                                    story,40},
                                                                   {test_server,
                                                                    ts_tc,
                                                                    1429},
                                                                   {test_server,
                                                                    run_test_case_eval1,
                                                                    1026},
                                                                   {test_server,
                                                                    run_test_case_eval,
                                                                    968}]
=== *** FAILED test case 64 of 203 ***
=case          mam_SUITE:muc_querying_for_all_messages_with_jid
=logfile       mam_suite.muc_querying_for_all_messages_with_jid.643421.284.html
=started       2016-04-14 14:17:01
=ended         2016-04-14 14:17:04
=result        failed: {test_case_failed,"Unexpected error IQ."}, [{mam_SUITE,
                                                                    wait_archive_respond_v02,
                                                                    1119},
                                                                   {mam_SUITE,
                                                                    wait_archive_respond_nofin,
                                                                    1108},
                                                                   {mam_SUITE,
                                                                    '-muc_querying_for_all_messages_with_jid/1-fun-0-',
                                                                    977},
                                                                   {escalus_story,
                                                                    story,40},
                                                                   {test_server,
                                                                    ts_tc,
                                                                    1429},
                                                                   {test_server,
                                                                    run_test_case_eval1,
                                                                    1026},
                                                                   {test_server,
                                                                    run_test_case_eval,
                                                                    968}]
=== *** FAILED test case 65 of 203 ***
=case          mam_SUITE:end_per_group
=logfile       mam_suite.end_per_group.643424.334.html
=group_props   [{name,riak_timed_yz_buckets_muc_with_pm}]
=started       2016-04-14 14:17:04
=ended         2016-04-14 14:17:04
=result        ok
=elapsed       0.067462
=group_time    24.317s
=case          mam_SUITE:init_per_group
=logfile       mam_suite.init_per_group.643424.428.html
=group_props   [{name,riak_timed_yz_buckets_rsm}]
=started       2016-04-14 14:17:04
=ended         2016-04-14 14:17:07
=result        failed: {test_case_failed,"Unexpected error IQ."}, [{mam_SUITE,
                                                                    wait_archive_respond_v02,
                                                                    1119},
                                                                   {mam_SUITE,
                                                                    wait_archive_respond_nofin,
                                                                    1108},
                                                                   {mam_SUITE,
                                                                    '-send_rsm_messages/1-fun-0-',
                                                                    2586},
                                                                   {escalus_story,
                                                                    story,40},
                                                                   {mam_SUITE,
                                                                    send_rsm_messages,
                                                                    2592},
                                                                   {mam_SUITE,
                                                                    init_per_group,
                                                                    390},
                                                                   {test_server,
                                                                    ts_tc,
                                                                    1429}]
=== *** FAILED {mam_SUITE,init_per_group} ***
=== 
=case          mam_SUITE:pagination_first5
=group_props   [{name,"riak_timed_yz_buckets_rsm"}]
=started       2016-04-14 14:17:07
=result        auto_skipped: init_per_group failed
=== *** Skipping test case #66 {mam_SUITE,pagination_first5} ***
=== 
=case          mam_SUITE:pagination_last5
=group_props   [{name,"riak_timed_yz_buckets_rsm"}]
=started       2016-04-14 14:17:07
=result        auto_skipped: init_per_group failed
=== *** Skipping test case #67 {mam_SUITE,pagination_last5} ***
=== 
=case          mam_SUITE:pagination_before10
=group_props   [{name,"riak_timed_yz_buckets_rsm"}]
=started       2016-04-14 14:17:07
=result        auto_skipped: init_per_group failed
=== *** Skipping test case #68 {mam_SUITE,pagination_before10} ***
=== 
=case          mam_SUITE:pagination_after10
=group_props   [{name,"riak_timed_yz_buckets_rsm"}]
=started       2016-04-14 14:17:07
=result        auto_skipped: init_per_group failed
=== *** Skipping test case #69 {mam_SUITE,pagination_after10} ***
=== 
=case          mam_SUITE:pagination_empty_rset
=group_props   [{name,"riak_timed_yz_buckets_rsm"}]
=started       2016-04-14 14:17:07
=result        auto_skipped: init_per_group failed
=== *** Skipping test case #70 {mam_SUITE,pagination_empty_rset} ***
=== 
=case          mam_SUITE:pagination_last_after_id5
=group_props   [{name,"riak_timed_yz_buckets_rsm"}]
=started       2016-04-14 14:17:07
=result        auto_skipped: init_per_group failed
=== *** Skipping test case #71 {mam_SUITE,pagination_last_after_id5} ***
=== 
=case          mam_SUITE:pagination_last_after_id5_before_id11
=group_props   [{name,"riak_timed_yz_buckets_rsm"}]
=started       2016-04-14 14:17:07
=result        auto_skipped: init_per_group failed
=== *** Skipping test case #72 {mam_SUITE,pagination_last_after_id5_before_id11} ***
=== 
=case          mam_SUITE:pagination_simple_before10
=group_props   [{name,"riak_timed_yz_buckets_rsm"}]
=started       2016-04-14 14:17:07
=result        auto_skipped: init_per_group failed
=== *** Skipping test case #73 {mam_SUITE,pagination_simple_before10} ***
=== 
=case          mam_SUITE:pagination_first5_opt_count
=group_props   [{name,"riak_timed_yz_buckets_rsm"}]
=started       2016-04-14 14:17:07
=result        auto_skipped: init_per_group failed
=== *** Skipping test case #74 {mam_SUITE,pagination_first5_opt_count} ***
=== 
=case          mam_SUITE:pagination_last5_opt_count
=group_props   [{name,"riak_timed_yz_buckets_rsm"}]
=started       2016-04-14 14:17:07
=result        auto_skipped: init_per_group failed
=== *** Skipping test case #75 {mam_SUITE,pagination_last5_opt_count} ***
=== 
=case          mam_SUITE:pagination_offset5_opt_count
=group_props   [{name,"riak_timed_yz_buckets_rsm"}]
=started       2016-04-14 14:17:07
=result        auto_skipped: init_per_group failed
=== *** Skipping test case #76 {mam_SUITE,pagination_offset5_opt_count} ***
=== 
=case          mam_SUITE:pagination_first25_opt_count_all
=group_props   [{name,"riak_timed_yz_buckets_rsm"}]
=started       2016-04-14 14:17:07
=result        auto_skipped: init_per_group failed
=== *** Skipping test case #77 {mam_SUITE,pagination_first25_opt_count_all} ***
=== 
=case          mam_SUITE:pagination_last25_opt_count_all
=group_props   [{name,"riak_timed_yz_buckets_rsm"}]
=started       2016-04-14 14:17:07
=result        auto_skipped: init_per_group failed
=== *** Skipping test case #78 {mam_SUITE,pagination_last25_opt_count_all} ***
=== 
=case          mam_SUITE:pagination_offset5_opt_count_all
=group_props   [{name,"riak_timed_yz_buckets_rsm"}]
=started       2016-04-14 14:17:07
=result        auto_skipped: init_per_group failed
=== *** Skipping test case #79 {mam_SUITE,pagination_offset5_opt_count_all} ***
=== 
=case          mam_SUITE:end_per_group
=group_props   [{name,"riak_timed_yz_buckets_rsm"}]
=started       2016-04-14 14:17:07
=result        auto_skipped: init_per_group failed
=== *** Skipping {mam_SUITE,end_per_group} ***
=case          mam_SUITE:init_per_group
=logfile       mam_suite.init_per_group.643427.692.html
=group_props   [{name,riak_timed_yz_buckets_rsm03}]
=started       2016-04-14 14:17:07
=ended         2016-04-14 14:17:10
=result        failed: {test_case_failed,"Unexpected error IQ."}, [{mam_SUITE,
                                                                    wait_archive_respond_v03,
                                                                    1133},
                                                                   {mam_SUITE,
                                                                    wait_archive_respond_fin,
                                                                    1099},
                                                                   {mam_SUITE,
                                                                    '-send_rsm_messages/1-fun-0-',
                                                                    2586},
                                                                   {escalus_story,
                                                                    story,40},
                                                                   {mam_SUITE,
                                                                    send_rsm_messages,
                                                                    2592},
                                                                   {mam_SUITE,
                                                                    init_per_group,
                                                                    390},
                                                                   {test_server,
                                                                    ts_tc,
                                                                    1429}]
=== *** FAILED {mam_SUITE,init_per_group} ***
=== 
=case          mam_SUITE:pagination_first5
=group_props   [{name,"riak_timed_yz_buckets_rsm03"}]
=started       2016-04-14 14:17:10
=result        auto_skipped: init_per_group failed
=== *** Skipping test case #80 {mam_SUITE,pagination_first5} ***
=== 
=case          mam_SUITE:pagination_last5
=group_props   [{name,"riak_timed_yz_buckets_rsm03"}]
=started       2016-04-14 14:17:10
=result        auto_skipped: init_per_group failed
=== *** Skipping test case #81 {mam_SUITE,pagination_last5} ***
=== 
=case          mam_SUITE:pagination_before10
=group_props   [{name,"riak_timed_yz_buckets_rsm03"}]
=started       2016-04-14 14:17:10
=result        auto_skipped: init_per_group failed
=== *** Skipping test case #82 {mam_SUITE,pagination_before10} ***
=== 
=case          mam_SUITE:pagination_after10
=group_props   [{name,"riak_timed_yz_buckets_rsm03"}]
=started       2016-04-14 14:17:10
=result        auto_skipped: init_per_group failed
=== *** Skipping test case #83 {mam_SUITE,pagination_after10} ***
=== 
=case          mam_SUITE:pagination_empty_rset
=group_props   [{name,"riak_timed_yz_buckets_rsm03"}]
=started       2016-04-14 14:17:10
=result        auto_skipped: init_per_group failed
=== *** Skipping test case #84 {mam_SUITE,pagination_empty_rset} ***
=== 
=case          mam_SUITE:pagination_last_after_id5
=group_props   [{name,"riak_timed_yz_buckets_rsm03"}]
=started       2016-04-14 14:17:10
=result        auto_skipped: init_per_group failed
=== *** Skipping test case #85 {mam_SUITE,pagination_last_after_id5} ***
=== 
=case          mam_SUITE:pagination_last_after_id5_before_id11
=group_props   [{name,"riak_timed_yz_buckets_rsm03"}]
=started       2016-04-14 14:17:10
=result        auto_skipped: init_per_group failed
=== *** Skipping test case #86 {mam_SUITE,pagination_last_after_id5_before_id11} ***
=== 
=case          mam_SUITE:pagination_simple_before10
=group_props   [{name,"riak_timed_yz_buckets_rsm03"}]
=started       2016-04-14 14:17:10
=result        auto_skipped: init_per_group failed
=== *** Skipping test case #87 {mam_SUITE,pagination_simple_before10} ***
=== 
=case          mam_SUITE:pagination_first5_opt_count
=group_props   [{name,"riak_timed_yz_buckets_rsm03"}]
=started       2016-04-14 14:17:10
=result        auto_skipped: init_per_group failed
=== *** Skipping test case #88 {mam_SUITE,pagination_first5_opt_count} ***
=== 
=case          mam_SUITE:pagination_last5_opt_count
=group_props   [{name,"riak_timed_yz_buckets_rsm03"}]
=started       2016-04-14 14:17:10
=result        auto_skipped: init_per_group failed
=== *** Skipping test case #89 {mam_SUITE,pagination_last5_opt_count} ***
=== 
=case          mam_SUITE:pagination_offset5_opt_count
=group_props   [{name,"riak_timed_yz_buckets_rsm03"}]
=started       2016-04-14 14:17:10
=result        auto_skipped: init_per_group failed
=== *** Skipping test case #90 {mam_SUITE,pagination_offset5_opt_count} ***
=== 
=case          mam_SUITE:pagination_first25_opt_count_all
=group_props   [{name,"riak_timed_yz_buckets_rsm03"}]
=started       2016-04-14 14:17:10
=result        auto_skipped: init_per_group failed
=== *** Skipping test case #91 {mam_SUITE,pagination_first25_opt_count_all} ***
=== 
=case          mam_SUITE:pagination_last25_opt_count_all
=group_props   [{name,"riak_timed_yz_buckets_rsm03"}]
=started       2016-04-14 14:17:10
=result        auto_skipped: init_per_group failed
=== *** Skipping test case #92 {mam_SUITE,pagination_last25_opt_count_all} ***
=== 
=case          mam_SUITE:pagination_offset5_opt_count_all
=group_props   [{name,"riak_timed_yz_buckets_rsm03"}]
=started       2016-04-14 14:17:10
=result        auto_skipped: init_per_group failed
=== *** Skipping test case #93 {mam_SUITE,pagination_offset5_opt_count_all} ***
=== 
=case          mam_SUITE:end_per_group
=group_props   [{name,"riak_timed_yz_buckets_rsm03"}]
=started       2016-04-14 14:17:10
=result        auto_skipped: init_per_group failed
=== *** Skipping {mam_SUITE,end_per_group} ***
=case          mam_SUITE:init_per_group
=logfile       mam_suite.init_per_group.643430.962.html
=group_props   [{name,riak_timed_yz_buckets_rsm04}]
=started       2016-04-14 14:17:10
=ended         2016-04-14 14:17:14
=result        failed: {test_case_failed,"Unexpected error IQ."}, [{mam_SUITE,
                                                                    wait_archive_respond_v02,
                                                                    1119},
                                                                   {mam_SUITE,
                                                                    wait_archive_respond_nofin,
                                                                    1108},
                                                                   {mam_SUITE,
                                                                    '-send_rsm_messages/1-fun-0-',
                                                                    2586},
                                                                   {escalus_story,
                                                                    story,40},
                                                                   {mam_SUITE,
                                                                    send_rsm_messages,
                                                                    2592},
                                                                   {mam_SUITE,
                                                                    init_per_group,
                                                                    390},
                                                                   {test_server,
                                                                    ts_tc,
                                                                    1429}]
=== *** FAILED {mam_SUITE,init_per_group} ***
=== 
=case          mam_SUITE:pagination_first5
=group_props   [{name,"riak_timed_yz_buckets_rsm04"}]
=started       2016-04-14 14:17:14
=result        auto_skipped: init_per_group failed
=== *** Skipping test case #94 {mam_SUITE,pagination_first5} ***
=== 
=case          mam_SUITE:pagination_last5
=group_props   [{name,"riak_timed_yz_buckets_rsm04"}]
=started       2016-04-14 14:17:14
=result        auto_skipped: init_per_group failed
=== *** Skipping test case #95 {mam_SUITE,pagination_last5} ***
=== 
=case          mam_SUITE:pagination_before10
=group_props   [{name,"riak_timed_yz_buckets_rsm04"}]
=started       2016-04-14 14:17:14
=result        auto_skipped: init_per_group failed
=== *** Skipping test case #96 {mam_SUITE,pagination_before10} ***
=== 
=case          mam_SUITE:pagination_after10
=group_props   [{name,"riak_timed_yz_buckets_rsm04"}]
=started       2016-04-14 14:17:14
=result        auto_skipped: init_per_group failed
=== *** Skipping test case #97 {mam_SUITE,pagination_after10} ***
=== 
=case          mam_SUITE:pagination_empty_rset
=group_props   [{name,"riak_timed_yz_buckets_rsm04"}]
=started       2016-04-14 14:17:14
=result        auto_skipped: init_per_group failed
=== *** Skipping test case #98 {mam_SUITE,pagination_empty_rset} ***
=== 
=case          mam_SUITE:pagination_last_after_id5
=group_props   [{name,"riak_timed_yz_buckets_rsm04"}]
=started       2016-04-14 14:17:14
=result        auto_skipped: init_per_group failed
=== *** Skipping test case #99 {mam_SUITE,pagination_last_after_id5} ***
=== 
=case          mam_SUITE:pagination_last_after_id5_before_id11
=group_props   [{name,"riak_timed_yz_buckets_rsm04"}]
=started       2016-04-14 14:17:14
=result        auto_skipped: init_per_group failed
=== *** Skipping test case #100 {mam_SUITE,pagination_last_after_id5_before_id11} ***
=== 
=case          mam_SUITE:pagination_simple_before10
=group_props   [{name,"riak_timed_yz_buckets_rsm04"}]
=started       2016-04-14 14:17:14
=result        auto_skipped: init_per_group failed
=== *** Skipping test case #101 {mam_SUITE,pagination_simple_before10} ***
=== 
=case          mam_SUITE:pagination_first5_opt_count
=group_props   [{name,"riak_timed_yz_buckets_rsm04"}]
=started       2016-04-14 14:17:14
=result        auto_skipped: init_per_group failed
=== *** Skipping test case #102 {mam_SUITE,pagination_first5_opt_count} ***
=== 
=case          mam_SUITE:pagination_last5_opt_count
=group_props   [{name,"riak_timed_yz_buckets_rsm04"}]
=started       2016-04-14 14:17:14
=result        auto_skipped: init_per_group failed
=== *** Skipping test case #103 {mam_SUITE,pagination_last5_opt_count} ***
=== 
=case          mam_SUITE:pagination_offset5_opt_count
=group_props   [{name,"riak_timed_yz_buckets_rsm04"}]
=started       2016-04-14 14:17:14
=result        auto_skipped: init_per_group failed
=== *** Skipping test case #104 {mam_SUITE,pagination_offset5_opt_count} ***
=== 
=case          mam_SUITE:pagination_first25_opt_count_all
=group_props   [{name,"riak_timed_yz_buckets_rsm04"}]
=started       2016-04-14 14:17:14
=result        auto_skipped: init_per_group failed
=== *** Skipping test case #105 {mam_SUITE,pagination_first25_opt_count_all} ***
=== 
=case          mam_SUITE:pagination_last25_opt_count_all
=group_props   [{name,"riak_timed_yz_buckets_rsm04"}]
=started       2016-04-14 14:17:14
=result        auto_skipped: init_per_group failed
=== *** Skipping test case #106 {mam_SUITE,pagination_last25_opt_count_all} ***
=== 
=case          mam_SUITE:pagination_offset5_opt_count_all
=group_props   [{name,"riak_timed_yz_buckets_rsm04"}]
=started       2016-04-14 14:17:14
=result        auto_skipped: init_per_group failed
=== *** Skipping test case #107 {mam_SUITE,pagination_offset5_opt_count_all} ***
=== 
=case          mam_SUITE:end_per_group
=group_props   [{name,"riak_timed_yz_buckets_rsm04"}]
=started       2016-04-14 14:17:14
=result        auto_skipped: init_per_group failed
=== *** Skipping {mam_SUITE,end_per_group} ***
=case          mam_SUITE:init_per_group
=logfile       mam_suite.init_per_group.643434.231.html
=group_props   [{name,riak_timed_yz_buckets_with_rsm}]
=started       2016-04-14 14:17:14
=ended         2016-04-14 14:17:17
=result        failed: {test_case_failed,"Unexpected error IQ."}, [{mam_SUITE,
                                                                    wait_archive_respond_v02,
                                                                    1119},
                                                                   {mam_SUITE,
                                                                    wait_archive_respond_nofin,
                                                                    1108},
                                                                   {mam_SUITE,
                                                                    '-send_rsm_messages/1-fun-0-',
                                                                    2586},
                                                                   {escalus_story,
                                                                    story,40},
                                                                   {mam_SUITE,
                                                                    send_rsm_messages,
                                                                    2592},
                                                                   {mam_SUITE,
                                                                    init_per_group,
                                                                    390},
                                                                   {test_server,
                                                                    ts_tc,
                                                                    1429}]
=== *** FAILED {mam_SUITE,init_per_group} ***
=== 
=case          mam_SUITE:pagination_first5
=group_props   [{name,"riak_timed_yz_buckets_with_rsm"}]
=started       2016-04-14 14:17:17
=result        auto_skipped: init_per_group failed
=== *** Skipping test case #108 {mam_SUITE,pagination_first5} ***
=== 
=case          mam_SUITE:pagination_last5
=group_props   [{name,"riak_timed_yz_buckets_with_rsm"}]
=started       2016-04-14 14:17:17
=result        auto_skipped: init_per_group failed
=== *** Skipping test case #109 {mam_SUITE,pagination_last5} ***
=== 
=case          mam_SUITE:pagination_before10
=group_props   [{name,"riak_timed_yz_buckets_with_rsm"}]
=started       2016-04-14 14:17:17
=result        auto_skipped: init_per_group failed
=== *** Skipping test case #110 {mam_SUITE,pagination_before10} ***
=== 
=case          mam_SUITE:pagination_after10
=group_props   [{name,"riak_timed_yz_buckets_with_rsm"}]
=started       2016-04-14 14:17:17
=result        auto_skipped: init_per_group failed
=== *** Skipping test case #111 {mam_SUITE,pagination_after10} ***
=== 
=case          mam_SUITE:pagination_empty_rset
=group_props   [{name,"riak_timed_yz_buckets_with_rsm"}]
=started       2016-04-14 14:17:17
=result        auto_skipped: init_per_group failed
=== *** Skipping test case #112 {mam_SUITE,pagination_empty_rset} ***
=== 
=case          mam_SUITE:pagination_last_after_id5
=group_props   [{name,"riak_timed_yz_buckets_with_rsm"}]
=started       2016-04-14 14:17:17
=result        auto_skipped: init_per_group failed
=== *** Skipping test case #113 {mam_SUITE,pagination_last_after_id5} ***
=== 
=case          mam_SUITE:pagination_last_after_id5_before_id11
=group_props   [{name,"riak_timed_yz_buckets_with_rsm"}]
=started       2016-04-14 14:17:17
=result        auto_skipped: init_per_group failed
=== *** Skipping test case #114 {mam_SUITE,pagination_last_after_id5_before_id11} ***
=== 
=case          mam_SUITE:pagination_simple_before10
=group_props   [{name,"riak_timed_yz_buckets_with_rsm"}]
=started       2016-04-14 14:17:17
=result        auto_skipped: init_per_group failed
=== *** Skipping test case #115 {mam_SUITE,pagination_simple_before10} ***
=== 
=case          mam_SUITE:pagination_first5_opt_count
=group_props   [{name,"riak_timed_yz_buckets_with_rsm"}]
=started       2016-04-14 14:17:17
=result        auto_skipped: init_per_group failed
=== *** Skipping test case #116 {mam_SUITE,pagination_first5_opt_count} ***
=== 
=case          mam_SUITE:pagination_last5_opt_count
=group_props   [{name,"riak_timed_yz_buckets_with_rsm"}]
=started       2016-04-14 14:17:17
=result        auto_skipped: init_per_group failed
=== *** Skipping test case #117 {mam_SUITE,pagination_last5_opt_count} ***
=== 
=case          mam_SUITE:pagination_offset5_opt_count
=group_props   [{name,"riak_timed_yz_buckets_with_rsm"}]
=started       2016-04-14 14:17:17
=result        auto_skipped: init_per_group failed
=== *** Skipping test case #118 {mam_SUITE,pagination_offset5_opt_count} ***
=== 
=case          mam_SUITE:pagination_first25_opt_count_all
=group_props   [{name,"riak_timed_yz_buckets_with_rsm"}]
=started       2016-04-14 14:17:17
=result        auto_skipped: init_per_group failed
=== *** Skipping test case #119 {mam_SUITE,pagination_first25_opt_count_all} ***
=== 
=case          mam_SUITE:pagination_last25_opt_count_all
=group_props   [{name,"riak_timed_yz_buckets_with_rsm"}]
=started       2016-04-14 14:17:17
=result        auto_skipped: init_per_group failed
=== *** Skipping test case #120 {mam_SUITE,pagination_last25_opt_count_all} ***
=== 
=case          mam_SUITE:pagination_offset5_opt_count_all
=group_props   [{name,"riak_timed_yz_buckets_with_rsm"}]
=started       2016-04-14 14:17:17
=result        auto_skipped: init_per_group failed
=== *** Skipping test case #121 {mam_SUITE,pagination_offset5_opt_count_all} ***
=== 
=case          mam_SUITE:end_per_group
=group_props   [{name,"riak_timed_yz_buckets_with_rsm"}]
=started       2016-04-14 14:17:17
=result        auto_skipped: init_per_group failed
=== *** Skipping {mam_SUITE,end_per_group} ***
=case          mam_SUITE:init_per_group
=logfile       mam_suite.init_per_group.643437.488.html
=group_props   [{name,riak_timed_yz_buckets_with_rsm03}]
=started       2016-04-14 14:17:17
=ended         2016-04-14 14:17:20
=result        failed: {test_case_failed,"Unexpected error IQ."}, [{mam_SUITE,
                                                                    wait_archive_respond_v03,
                                                                    1133},
                                                                   {mam_SUITE,
                                                                    wait_archive_respond_fin,
                                                                    1099},
                                                                   {mam_SUITE,
                                                                    '-send_rsm_messages/1-fun-0-',
                                                                    2586},
                                                                   {escalus_story,
                                                                    story,40},
                                                                   {mam_SUITE,
                                                                    send_rsm_messages,
                                                                    2592},
                                                                   {mam_SUITE,
                                                                    init_per_group,
                                                                    390},
                                                                   {test_server,
                                                                    ts_tc,
                                                                    1429}]
=== *** FAILED {mam_SUITE,init_per_group} ***
=== 
=case          mam_SUITE:pagination_first5
=group_props   [{name,"riak_timed_yz_buckets_with_rsm03"}]
=started       2016-04-14 14:17:20
=result        auto_skipped: init_per_group failed
=== *** Skipping test case #122 {mam_SUITE,pagination_first5} ***
=== 
=case          mam_SUITE:pagination_last5
=group_props   [{name,"riak_timed_yz_buckets_with_rsm03"}]
=started       2016-04-14 14:17:20
=result        auto_skipped: init_per_group failed
=== *** Skipping test case #123 {mam_SUITE,pagination_last5} ***
=== 
=case          mam_SUITE:pagination_before10
=group_props   [{name,"riak_timed_yz_buckets_with_rsm03"}]
=started       2016-04-14 14:17:20
=result        auto_skipped: init_per_group failed
=== *** Skipping test case #124 {mam_SUITE,pagination_before10} ***
=== 
=case          mam_SUITE:pagination_after10
=group_props   [{name,"riak_timed_yz_buckets_with_rsm03"}]
=started       2016-04-14 14:17:20
=result        auto_skipped: init_per_group failed
=== *** Skipping test case #125 {mam_SUITE,pagination_after10} ***
=== 
=case          mam_SUITE:pagination_empty_rset
=group_props   [{name,"riak_timed_yz_buckets_with_rsm03"}]
=started       2016-04-14 14:17:20
=result        auto_skipped: init_per_group failed
=== *** Skipping test case #126 {mam_SUITE,pagination_empty_rset} ***
=== 
=case          mam_SUITE:pagination_last_after_id5
=group_props   [{name,"riak_timed_yz_buckets_with_rsm03"}]
=started       2016-04-14 14:17:20
=result        auto_skipped: init_per_group failed
=== *** Skipping test case #127 {mam_SUITE,pagination_last_after_id5} ***
=== 
=case          mam_SUITE:pagination_last_after_id5_before_id11
=group_props   [{name,"riak_timed_yz_buckets_with_rsm03"}]
=started       2016-04-14 14:17:20
=result        auto_skipped: init_per_group failed
=== *** Skipping test case #128 {mam_SUITE,pagination_last_after_id5_before_id11} ***
=== 
=case          mam_SUITE:pagination_simple_before10
=group_props   [{name,"riak_timed_yz_buckets_with_rsm03"}]
=started       2016-04-14 14:17:20
=result        auto_skipped: init_per_group failed
=== *** Skipping test case #129 {mam_SUITE,pagination_simple_before10} ***
=== 
=case          mam_SUITE:pagination_first5_opt_count
=group_props   [{name,"riak_timed_yz_buckets_with_rsm03"}]
=started       2016-04-14 14:17:20
=result        auto_skipped: init_per_group failed
=== *** Skipping test case #130 {mam_SUITE,pagination_first5_opt_count} ***
=== 
=case          mam_SUITE:pagination_last5_opt_count
=group_props   [{name,"riak_timed_yz_buckets_with_rsm03"}]
=started       2016-04-14 14:17:20
=result        auto_skipped: init_per_group failed
=== *** Skipping test case #131 {mam_SUITE,pagination_last5_opt_count} ***
=== 
=case          mam_SUITE:pagination_offset5_opt_count
=group_props   [{name,"riak_timed_yz_buckets_with_rsm03"}]
=started       2016-04-14 14:17:20
=result        auto_skipped: init_per_group failed
=== *** Skipping test case #132 {mam_SUITE,pagination_offset5_opt_count} ***
=== 
=case          mam_SUITE:pagination_first25_opt_count_all
=group_props   [{name,"riak_timed_yz_buckets_with_rsm03"}]
=started       2016-04-14 14:17:20
=result        auto_skipped: init_per_group failed
=== *** Skipping test case #133 {mam_SUITE,pagination_first25_opt_count_all} ***
=== 
=case          mam_SUITE:pagination_last25_opt_count_all
=group_props   [{name,"riak_timed_yz_buckets_with_rsm03"}]
=started       2016-04-14 14:17:20
=result        auto_skipped: init_per_group failed
=== *** Skipping test case #134 {mam_SUITE,pagination_last25_opt_count_all} ***
=== 
=case          mam_SUITE:pagination_offset5_opt_count_all
=group_props   [{name,"riak_timed_yz_buckets_with_rsm03"}]
=started       2016-04-14 14:17:20
=result        auto_skipped: init_per_group failed
=== *** Skipping test case #135 {mam_SUITE,pagination_offset5_opt_count_all} ***
=== 
=case          mam_SUITE:end_per_group
=group_props   [{name,"riak_timed_yz_buckets_with_rsm03"}]
=started       2016-04-14 14:17:20
=result        auto_skipped: init_per_group failed
=== *** Skipping {mam_SUITE,end_per_group} ***
=case          mam_SUITE:init_per_group
=logfile       mam_suite.init_per_group.643440.733.html
=group_props   [{name,riak_timed_yz_buckets_with_rsm04}]
=started       2016-04-14 14:17:20
=ended         2016-04-14 14:17:23
=result        failed: {test_case_failed,"Unexpected error IQ."}, [{mam_SUITE,
                                                                    wait_archive_respond_v02,
                                                                    1119},
                                                                   {mam_SUITE,
                                                                    wait_archive_respond_nofin,
                                                                    1108},
                                                                   {mam_SUITE,
                                                                    '-send_rsm_messages/1-fun-0-',
                                                                    2586},
                                                                   {escalus_story,
                                                                    story,40},
                                                                   {mam_SUITE,
                                                                    send_rsm_messages,
                                                                    2592},
                                                                   {mam_SUITE,
                                                                    init_per_group,
                                                                    390},
                                                                   {test_server,
                                                                    ts_tc,
                                                                    1429}]
=== *** FAILED {mam_SUITE,init_per_group} ***
=== 
=case          mam_SUITE:pagination_first5
=group_props   [{name,"riak_timed_yz_buckets_with_rsm04"}]
=started       2016-04-14 14:17:23
=result        auto_skipped: init_per_group failed
=== *** Skipping test case #136 {mam_SUITE,pagination_first5} ***
=== 
=case          mam_SUITE:pagination_last5
=group_props   [{name,"riak_timed_yz_buckets_with_rsm04"}]
=started       2016-04-14 14:17:23
=result        auto_skipped: init_per_group failed
=== *** Skipping test case #137 {mam_SUITE,pagination_last5} ***
=== 
=case          mam_SUITE:pagination_before10
=group_props   [{name,"riak_timed_yz_buckets_with_rsm04"}]
=started       2016-04-14 14:17:23
=result        auto_skipped: init_per_group failed
=== *** Skipping test case #138 {mam_SUITE,pagination_before10} ***
=== 
=case          mam_SUITE:pagination_after10
=group_props   [{name,"riak_timed_yz_buckets_with_rsm04"}]
=started       2016-04-14 14:17:23
=result        auto_skipped: init_per_group failed
=== *** Skipping test case #139 {mam_SUITE,pagination_after10} ***
=== 
=case          mam_SUITE:pagination_empty_rset
=group_props   [{name,"riak_timed_yz_buckets_with_rsm04"}]
=started       2016-04-14 14:17:23
=result        auto_skipped: init_per_group failed
=== *** Skipping test case #140 {mam_SUITE,pagination_empty_rset} ***
=== 
=case          mam_SUITE:pagination_last_after_id5
=group_props   [{name,"riak_timed_yz_buckets_with_rsm04"}]
=started       2016-04-14 14:17:23
=result        auto_skipped: init_per_group failed
=== *** Skipping test case #141 {mam_SUITE,pagination_last_after_id5} ***
=== 
=case          mam_SUITE:pagination_last_after_id5_before_id11
=group_props   [{name,"riak_timed_yz_buckets_with_rsm04"}]
=started       2016-04-14 14:17:23
=result        auto_skipped: init_per_group failed
=== *** Skipping test case #142 {mam_SUITE,pagination_last_after_id5_before_id11} ***
=== 
=case          mam_SUITE:pagination_simple_before10
=group_props   [{name,"riak_timed_yz_buckets_with_rsm04"}]
=started       2016-04-14 14:17:23
=result        auto_skipped: init_per_group failed
=== *** Skipping test case #143 {mam_SUITE,pagination_simple_before10} ***
=== 
=case          mam_SUITE:pagination_first5_opt_count
=group_props   [{name,"riak_timed_yz_buckets_with_rsm04"}]
=started       2016-04-14 14:17:23
=result        auto_skipped: init_per_group failed
=== *** Skipping test case #144 {mam_SUITE,pagination_first5_opt_count} ***
=== 
=case          mam_SUITE:pagination_last5_opt_count
=group_props   [{name,"riak_timed_yz_buckets_with_rsm04"}]
=started       2016-04-14 14:17:23
=result        auto_skipped: init_per_group failed
=== *** Skipping test case #145 {mam_SUITE,pagination_last5_opt_count} ***
=== 
=case          mam_SUITE:pagination_offset5_opt_count
=group_props   [{name,"riak_timed_yz_buckets_with_rsm04"}]
=started       2016-04-14 14:17:23
=result        auto_skipped: init_per_group failed
=== *** Skipping test case #146 {mam_SUITE,pagination_offset5_opt_count} ***
=== 
=case          mam_SUITE:pagination_first25_opt_count_all
=group_props   [{name,"riak_timed_yz_buckets_with_rsm04"}]
=started       2016-04-14 14:17:23
=result        auto_skipped: init_per_group failed
=== *** Skipping test case #147 {mam_SUITE,pagination_first25_opt_count_all} ***
=== 
=case          mam_SUITE:pagination_last25_opt_count_all
=group_props   [{name,"riak_timed_yz_buckets_with_rsm04"}]
=started       2016-04-14 14:17:23
=result        auto_skipped: init_per_group failed
=== *** Skipping test case #148 {mam_SUITE,pagination_last25_opt_count_all} ***
=== 
=case          mam_SUITE:pagination_offset5_opt_count_all
=group_props   [{name,"riak_timed_yz_buckets_with_rsm04"}]
=started       2016-04-14 14:17:23
=result        auto_skipped: init_per_group failed
=== *** Skipping test case #149 {mam_SUITE,pagination_offset5_opt_count_all} ***
=== 
=case          mam_SUITE:end_per_group
=group_props   [{name,"riak_timed_yz_buckets_with_rsm04"}]
=started       2016-04-14 14:17:23
=result        auto_skipped: init_per_group failed
=== *** Skipping {mam_SUITE,end_per_group} ***
=case          mam_SUITE:init_per_group
=logfile       mam_suite.init_per_group.643443.984.html
=group_props   [{name,riak_timed_yz_buckets_muc_rsm}]
=started       2016-04-14 14:17:23
=ended         2016-04-14 14:17:27
=result        failed: {test_case_failed,"Unexpected error IQ."}, [{mam_SUITE,
                                                                    wait_archive_respond_v02,
                                                                    1119},
                                                                   {mam_SUITE,
                                                                    wait_archive_respond_nofin,
                                                                    1108},
                                                                   {mam_SUITE,
                                                                    '-send_muc_rsm_messages/1-fun-0-',
                                                                    2558},
                                                                   {escalus_story,
                                                                    story,40},
                                                                   {mam_SUITE,
                                                                    send_muc_rsm_messages,
                                                                    2564},
                                                                   {mam_SUITE,
                                                                    init_state,
                                                                    660},
                                                                   {mam_SUITE,
                                                                    init_per_group,
                                                                    390}]
=== *** FAILED {mam_SUITE,init_per_group} ***
=== 
=case          mam_SUITE:pagination_first5
=group_props   [{name,"riak_timed_yz_buckets_muc_rsm"}]
=started       2016-04-14 14:17:27
=result        auto_skipped: init_per_group failed
=== *** Skipping test case #150 {mam_SUITE,pagination_first5} ***
=== 
=case          mam_SUITE:pagination_last5
=group_props   [{name,"riak_timed_yz_buckets_muc_rsm"}]
=started       2016-04-14 14:17:27
=result        auto_skipped: init_per_group failed
=== *** Skipping test case #151 {mam_SUITE,pagination_last5} ***
=== 
=case          mam_SUITE:pagination_before10
=group_props   [{name,"riak_timed_yz_buckets_muc_rsm"}]
=started       2016-04-14 14:17:27
=result        auto_skipped: init_per_group failed
=== *** Skipping test case #152 {mam_SUITE,pagination_before10} ***
=== 
=case          mam_SUITE:pagination_after10
=group_props   [{name,"riak_timed_yz_buckets_muc_rsm"}]
=started       2016-04-14 14:17:27
=result        auto_skipped: init_per_group failed
=== *** Skipping test case #153 {mam_SUITE,pagination_after10} ***
=== 
=case          mam_SUITE:pagination_empty_rset
=group_props   [{name,"riak_timed_yz_buckets_muc_rsm"}]
=started       2016-04-14 14:17:27
=result        auto_skipped: init_per_group failed
=== *** Skipping test case #154 {mam_SUITE,pagination_empty_rset} ***
=== 
=case          mam_SUITE:pagination_last_after_id5
=group_props   [{name,"riak_timed_yz_buckets_muc_rsm"}]
=started       2016-04-14 14:17:27
=result        auto_skipped: init_per_group failed
=== *** Skipping test case #155 {mam_SUITE,pagination_last_after_id5} ***
=== 
=case          mam_SUITE:pagination_last_after_id5_before_id11
=group_props   [{name,"riak_timed_yz_buckets_muc_rsm"}]
=started       2016-04-14 14:17:27
=result        auto_skipped: init_per_group failed
=== *** Skipping test case #156 {mam_SUITE,pagination_last_after_id5_before_id11} ***
=== 
=case          mam_SUITE:pagination_simple_before10
=group_props   [{name,"riak_timed_yz_buckets_muc_rsm"}]
=started       2016-04-14 14:17:27
=result        auto_skipped: init_per_group failed
=== *** Skipping test case #157 {mam_SUITE,pagination_simple_before10} ***
=== 
=case          mam_SUITE:pagination_first5_opt_count
=group_props   [{name,"riak_timed_yz_buckets_muc_rsm"}]
=started       2016-04-14 14:17:27
=result        auto_skipped: init_per_group failed
=== *** Skipping test case #158 {mam_SUITE,pagination_first5_opt_count} ***
=== 
=case          mam_SUITE:pagination_last5_opt_count
=group_props   [{name,"riak_timed_yz_buckets_muc_rsm"}]
=started       2016-04-14 14:17:27
=result        auto_skipped: init_per_group failed
=== *** Skipping test case #159 {mam_SUITE,pagination_last5_opt_count} ***
=== 
=case          mam_SUITE:pagination_offset5_opt_count
=group_props   [{name,"riak_timed_yz_buckets_muc_rsm"}]
=started       2016-04-14 14:17:27
=result        auto_skipped: init_per_group failed
=== *** Skipping test case #160 {mam_SUITE,pagination_offset5_opt_count} ***
=== 
=case          mam_SUITE:pagination_first25_opt_count_all
=group_props   [{name,"riak_timed_yz_buckets_muc_rsm"}]
=started       2016-04-14 14:17:27
=result        auto_skipped: init_per_group failed
=== *** Skipping test case #161 {mam_SUITE,pagination_first25_opt_count_all} ***
=== 
=case          mam_SUITE:pagination_last25_opt_count_all
=group_props   [{name,"riak_timed_yz_buckets_muc_rsm"}]
=started       2016-04-14 14:17:27
=result        auto_skipped: init_per_group failed
=== *** Skipping test case #162 {mam_SUITE,pagination_last25_opt_count_all} ***
=== 
=case          mam_SUITE:pagination_offset5_opt_count_all
=group_props   [{name,"riak_timed_yz_buckets_muc_rsm"}]
=started       2016-04-14 14:17:27
=result        auto_skipped: init_per_group failed
=== *** Skipping test case #163 {mam_SUITE,pagination_offset5_opt_count_all} ***
=== 
=case          mam_SUITE:end_per_group
=group_props   [{name,"riak_timed_yz_buckets_muc_rsm"}]
=started       2016-04-14 14:17:27
=result        auto_skipped: init_per_group failed
=== *** Skipping {mam_SUITE,end_per_group} ***
=case          mam_SUITE:init_per_group
=logfile       mam_suite.init_per_group.643447.110.html
=group_props   [{name,riak_timed_yz_buckets_muc_rsm03}]
=started       2016-04-14 14:17:27
=ended         2016-04-14 14:17:30
=result        failed: {test_case_failed,"Unexpected error IQ."}, [{mam_SUITE,
                                                                    wait_archive_respond_v02,
                                                                    1119},
                                                                   {mam_SUITE,
                                                                    wait_archive_respond_nofin,
                                                                    1108},
                                                                   {mam_SUITE,
                                                                    '-send_muc_rsm_messages/1-fun-0-',
                                                                    2558},
                                                                   {escalus_story,
                                                                    story,40},
                                                                   {mam_SUITE,
                                                                    send_muc_rsm_messages,
                                                                    2564},
                                                                   {mam_SUITE,
                                                                    init_state,
                                                                    660},
                                                                   {mam_SUITE,
                                                                    init_state,
                                                                    652}]
=== *** FAILED {mam_SUITE,init_per_group} ***
=== 
=case          mam_SUITE:pagination_first5
=group_props   [{name,"riak_timed_yz_buckets_muc_rsm03"}]
=started       2016-04-14 14:17:30
=result        auto_skipped: init_per_group failed
=== *** Skipping test case #164 {mam_SUITE,pagination_first5} ***
=== 
=case          mam_SUITE:pagination_last5
=group_props   [{name,"riak_timed_yz_buckets_muc_rsm03"}]
=started       2016-04-14 14:17:30
=result        auto_skipped: init_per_group failed
=== *** Skipping test case #165 {mam_SUITE,pagination_last5} ***
=== 
=case          mam_SUITE:pagination_before10
=group_props   [{name,"riak_timed_yz_buckets_muc_rsm03"}]
=started       2016-04-14 14:17:30
=result        auto_skipped: init_per_group failed
=== *** Skipping test case #166 {mam_SUITE,pagination_before10} ***
=== 
=case          mam_SUITE:pagination_after10
=group_props   [{name,"riak_timed_yz_buckets_muc_rsm03"}]
=started       2016-04-14 14:17:30
=result        auto_skipped: init_per_group failed
=== *** Skipping test case #167 {mam_SUITE,pagination_after10} ***
=== 
=case          mam_SUITE:pagination_empty_rset
=group_props   [{name,"riak_timed_yz_buckets_muc_rsm03"}]
=started       2016-04-14 14:17:30
=result        auto_skipped: init_per_group failed
=== *** Skipping test case #168 {mam_SUITE,pagination_empty_rset} ***
=== 
=case          mam_SUITE:pagination_last_after_id5
=group_props   [{name,"riak_timed_yz_buckets_muc_rsm03"}]
=started       2016-04-14 14:17:30
=result        auto_skipped: init_per_group failed
=== *** Skipping test case #169 {mam_SUITE,pagination_last_after_id5} ***
=== 
=case          mam_SUITE:pagination_last_after_id5_before_id11
=group_props   [{name,"riak_timed_yz_buckets_muc_rsm03"}]
=started       2016-04-14 14:17:30
=result        auto_skipped: init_per_group failed
=== *** Skipping test case #170 {mam_SUITE,pagination_last_after_id5_before_id11} ***
=== 
=case          mam_SUITE:pagination_simple_before10
=group_props   [{name,"riak_timed_yz_buckets_muc_rsm03"}]
=started       2016-04-14 14:17:30
=result        auto_skipped: init_per_group failed
=== *** Skipping test case #171 {mam_SUITE,pagination_simple_before10} ***
=== 
=case          mam_SUITE:pagination_first5_opt_count
=group_props   [{name,"riak_timed_yz_buckets_muc_rsm03"}]
=started       2016-04-14 14:17:30
=result        auto_skipped: init_per_group failed
=== *** Skipping test case #172 {mam_SUITE,pagination_first5_opt_count} ***
=== 
=case          mam_SUITE:pagination_last5_opt_count
=group_props   [{name,"riak_timed_yz_buckets_muc_rsm03"}]
=started       2016-04-14 14:17:30
=result        auto_skipped: init_per_group failed
=== *** Skipping test case #173 {mam_SUITE,pagination_last5_opt_count} ***
=== 
=case          mam_SUITE:pagination_offset5_opt_count
=group_props   [{name,"riak_timed_yz_buckets_muc_rsm03"}]
=started       2016-04-14 14:17:30
=result        auto_skipped: init_per_group failed
=== *** Skipping test case #174 {mam_SUITE,pagination_offset5_opt_count} ***
=== 
=case          mam_SUITE:pagination_first25_opt_count_all
=group_props   [{name,"riak_timed_yz_buckets_muc_rsm03"}]
=started       2016-04-14 14:17:30
=result        auto_skipped: init_per_group failed
=== *** Skipping test case #175 {mam_SUITE,pagination_first25_opt_count_all} ***
=== 
=case          mam_SUITE:pagination_last25_opt_count_all
=group_props   [{name,"riak_timed_yz_buckets_muc_rsm03"}]
=started       2016-04-14 14:17:30
=result        auto_skipped: init_per_group failed
=== *** Skipping test case #176 {mam_SUITE,pagination_last25_opt_count_all} ***
=== 
=case          mam_SUITE:pagination_offset5_opt_count_all
=group_props   [{name,"riak_timed_yz_buckets_muc_rsm03"}]
=started       2016-04-14 14:17:30
=result        auto_skipped: init_per_group failed
=== *** Skipping test case #177 {mam_SUITE,pagination_offset5_opt_count_all} ***
=== 
=case          mam_SUITE:end_per_group
=group_props   [{name,"riak_timed_yz_buckets_muc_rsm03"}]
=started       2016-04-14 14:17:30
=result        auto_skipped: init_per_group failed
=== *** Skipping {mam_SUITE,end_per_group} ***
=case          mam_SUITE:init_per_group
=logfile       mam_suite.init_per_group.643450.245.html
=group_props   [{name,riak_timed_yz_buckets_muc_rsm04}]
=started       2016-04-14 14:17:30
=ended         2016-04-14 14:17:33
=result        failed: {test_case_failed,"Unexpected error IQ."}, [{mam_SUITE,
                                                                    wait_archive_respond_v02,
                                                                    1119},
                                                                   {mam_SUITE,
                                                                    wait_archive_respond_nofin,
                                                                    1108},
                                                                   {mam_SUITE,
                                                                    '-send_muc_rsm_messages/1-fun-0-',
                                                                    2558},
                                                                   {escalus_story,
                                                                    story,40},
                                                                   {mam_SUITE,
                                                                    send_muc_rsm_messages,
                                                                    2564},
                                                                   {mam_SUITE,
                                                                    init_state,
                                                                    660},
                                                                   {mam_SUITE,
                                                                    init_state,
                                                                    655}]
=== *** FAILED {mam_SUITE,init_per_group} ***
=== 
=case          mam_SUITE:pagination_first5
=group_props   [{name,"riak_timed_yz_buckets_muc_rsm04"}]
=started       2016-04-14 14:17:33
=result        auto_skipped: init_per_group failed
=== *** Skipping test case #178 {mam_SUITE,pagination_first5} ***
=== 
=case          mam_SUITE:pagination_last5
=group_props   [{name,"riak_timed_yz_buckets_muc_rsm04"}]
=started       2016-04-14 14:17:33
=result        auto_skipped: init_per_group failed
=== *** Skipping test case #179 {mam_SUITE,pagination_last5} ***
=== 
=case          mam_SUITE:pagination_before10
=group_props   [{name,"riak_timed_yz_buckets_muc_rsm04"}]
=started       2016-04-14 14:17:33
=result        auto_skipped: init_per_group failed
=== *** Skipping test case #180 {mam_SUITE,pagination_before10} ***
=== 
=case          mam_SUITE:pagination_after10
=group_props   [{name,"riak_timed_yz_buckets_muc_rsm04"}]
=started       2016-04-14 14:17:33
=result        auto_skipped: init_per_group failed
=== *** Skipping test case #181 {mam_SUITE,pagination_after10} ***
=== 
=case          mam_SUITE:pagination_empty_rset
=group_props   [{name,"riak_timed_yz_buckets_muc_rsm04"}]
=started       2016-04-14 14:17:33
=result        auto_skipped: init_per_group failed
=== *** Skipping test case #182 {mam_SUITE,pagination_empty_rset} ***
=== 
=case          mam_SUITE:pagination_last_after_id5
=group_props   [{name,"riak_timed_yz_buckets_muc_rsm04"}]
=started       2016-04-14 14:17:33
=result        auto_skipped: init_per_group failed
=== *** Skipping test case #183 {mam_SUITE,pagination_last_after_id5} ***
=== 
=case          mam_SUITE:pagination_last_after_id5_before_id11
=group_props   [{name,"riak_timed_yz_buckets_muc_rsm04"}]
=started       2016-04-14 14:17:33
=result        auto_skipped: init_per_group failed
=== *** Skipping test case #184 {mam_SUITE,pagination_last_after_id5_before_id11} ***
=== 
=case          mam_SUITE:pagination_simple_before10
=group_props   [{name,"riak_timed_yz_buckets_muc_rsm04"}]
=started       2016-04-14 14:17:33
=result        auto_skipped: init_per_group failed
=== *** Skipping test case #185 {mam_SUITE,pagination_simple_before10} ***
=== 
=case          mam_SUITE:pagination_first5_opt_count
=group_props   [{name,"riak_timed_yz_buckets_muc_rsm04"}]
=started       2016-04-14 14:17:33
=result        auto_skipped: init_per_group failed
=== *** Skipping test case #186 {mam_SUITE,pagination_first5_opt_count} ***
=== 
=case          mam_SUITE:pagination_last5_opt_count
=group_props   [{name,"riak_timed_yz_buckets_muc_rsm04"}]
=started       2016-04-14 14:17:33
=result        auto_skipped: init_per_group failed
=== *** Skipping test case #187 {mam_SUITE,pagination_last5_opt_count} ***
=== 
=case          mam_SUITE:pagination_offset5_opt_count
=group_props   [{name,"riak_timed_yz_buckets_muc_rsm04"}]
=started       2016-04-14 14:17:33
=result        auto_skipped: init_per_group failed
=== *** Skipping test case #188 {mam_SUITE,pagination_offset5_opt_count} ***
=== 
=case          mam_SUITE:pagination_first25_opt_count_all
=group_props   [{name,"riak_timed_yz_buckets_muc_rsm04"}]
=started       2016-04-14 14:17:33
=result        auto_skipped: init_per_group failed
=== *** Skipping test case #189 {mam_SUITE,pagination_first25_opt_count_all} ***
=== 
=case          mam_SUITE:pagination_last25_opt_count_all
=group_props   [{name,"riak_timed_yz_buckets_muc_rsm04"}]
=started       2016-04-14 14:17:33
=result        auto_skipped: init_per_group failed
=== *** Skipping test case #190 {mam_SUITE,pagination_last25_opt_count_all} ***
=== 
=case          mam_SUITE:pagination_offset5_opt_count_all
=group_props   [{name,"riak_timed_yz_buckets_muc_rsm04"}]
=started       2016-04-14 14:17:33
=result        auto_skipped: init_per_group failed
=== *** Skipping test case #191 {mam_SUITE,pagination_offset5_opt_count_all} ***
=== 
=case          mam_SUITE:end_per_group
=group_props   [{name,"riak_timed_yz_buckets_muc_rsm04"}]
=started       2016-04-14 14:17:33
=result        auto_skipped: init_per_group failed
=== *** Skipping {mam_SUITE,end_per_group} ***
=case          mam_SUITE:init_per_group
=logfile       mam_suite.init_per_group.643453.389.html
=group_props   [{name,riak_timed_yz_buckets_bootstrapped}]
=started       2016-04-14 14:17:33
=ended         2016-04-14 14:17:33
=result        ok
=elapsed       0.16372
=case          mam_SUITE:purge_old_single_message
=logfile       mam_suite.purge_old_single_message.html
=started       2016-04-14 14:17:33
=ended         2016-04-14 14:17:37
=result        failed: {test_case_failed,"Unexpected error IQ."}, [{mam_SUITE,
                                                                    wait_archive_respond_v02,
                                                                    1119},
                                                                   {mam_SUITE,
                                                                    wait_archive_respond_nofin,
                                                                    1108},
                                                                   {mam_SUITE,
                                                                    '-purge_old_single_message/1-fun-0-',
                                                                    1268},
                                                                   {escalus_story,
                                                                    story,40},
                                                                   {test_server,
                                                                    ts_tc,
                                                                    1429},
                                                                   {test_server,
                                                                    run_test_case_eval1,
                                                                    1026},
                                                                   {test_server,
                                                                    run_test_case_eval,
                                                                    968}]
=== *** FAILED test case 192 of 203 ***
=case          mam_SUITE:querying_for_all_messages_with_jid
=logfile       mam_suite.querying_for_all_messages_with_jid.html
=started       2016-04-14 14:17:37
=ended         2016-04-14 14:17:40
=result        failed: {test_case_failed,"Unexpected error IQ."}, [{mam_SUITE,
                                                                    wait_archive_respond_v02,
                                                                    1119},
                                                                   {mam_SUITE,
                                                                    wait_archive_respond_nofin,
                                                                    1108},
                                                                   {mam_SUITE,
                                                                    '-querying_for_all_messages_with_jid/1-fun-0-',
                                                                    943},
                                                                   {escalus_story,
                                                                    story,40},
                                                                   {test_server,
                                                                    ts_tc,
                                                                    1429},
                                                                   {test_server,
                                                                    run_test_case_eval1,
                                                                    1026},
                                                                   {test_server,
                                                                    run_test_case_eval,
                                                                    968}]
=== *** FAILED test case 193 of 203 ***
=case          mam_SUITE:end_per_group
=logfile       mam_suite.end_per_group.643460.545.html
=group_props   [{name,riak_timed_yz_buckets_bootstrapped}]
=started       2016-04-14 14:17:40
=ended         2016-04-14 14:17:40
=result        ok
=elapsed       0.077312
=group_time    7.156s
=case          mam_SUITE:init_per_group
=logfile       mam_suite.init_per_group.643460.650.html
=group_props   [{name,riak_timed_yz_buckets_archived}]
=started       2016-04-14 14:17:40
=ended         2016-04-14 14:17:40
=result        ok
=elapsed       0.198607
=case          mam_SUITE:archived
=logfile       mam_suite.archived.html
=started       2016-04-14 14:17:40
=ended         2016-04-14 14:17:41
=result        failed: {function_clause,
                           [{exml_query,attr,
                                [undefined,<<"by">>,undefined],
                                [{file,"src/exml_query.erl"},{line,83}]},
                            {mam_SUITE,'-archived/1-fun-0-',4,
                                [{file,"mam_SUITE.erl"},{line,996}]},
                            {escalus_story,story,3,
                                [{file,"src/escalus_story.erl"},{line,40}]},
                            {test_server,ts_tc,3,
                                [{file,"test_server.erl"},{line,1429}]},
                            {test_server,run_test_case_eval1,6,
                                [{file,"test_server.erl"},{line,1026}]},
                            {test_server,run_test_case_eval,9,
                                [{file,"test_server.erl"},{line,968}]}]}, [{exml_query,
                                                                            attr,
                                                                            83},
                                                                           {mam_SUITE,
                                                                            '-archived/1-fun-0-',
                                                                            996},
                                                                           {escalus_story,
                                                                            story,
                                                                            40},
                                                                           {test_server,
                                                                            ts_tc,
                                                                            1429},
                                                                           {test_server,
                                                                            run_test_case_eval1,
                                                                            1026},
                                                                           {test_server,
                                                                            run_test_case_eval,
                                                                            968}]
=== *** FAILED test case 194 of 203 ***
=case          mam_SUITE:strip_archived
=logfile       mam_suite.strip_archived.html
=started       2016-04-14 14:17:41
=ended         2016-04-14 14:17:44
=result        failed: {test_case_failed,"Unexpected error IQ."}, [{mam_SUITE,
                                                                    wait_archive_respond_v02,
                                                                    1119},
                                                                   {mam_SUITE,
                                                                    wait_archive_respond_nofin,
                                                                    1108},
                                                                   {mam_SUITE,
                                                                    '-strip_archived/1-fun-0-',
                                                                    1060},
                                                                   {escalus_story,
                                                                    story,40},
                                                                   {test_server,
                                                                    ts_tc,
                                                                    1429},
                                                                   {test_server,
                                                                    run_test_case_eval1,
                                                                    1026},
                                                                   {test_server,
                                                                    run_test_case_eval,
                                                                    968}]
=== *** FAILED test case 195 of 203 ***
=case          mam_SUITE:filter_forwarded
=logfile       mam_suite.filter_forwarded.html
=started       2016-04-14 14:17:44
=ended         2016-04-14 14:17:47
=result        failed: {test_case_failed,"Unexpected error IQ."}, [{mam_SUITE,
                                                                    wait_archive_respond_v02,
                                                                    1119},
                                                                   {mam_SUITE,
                                                                    wait_archive_respond_nofin,
                                                                    1108},
                                                                   {mam_SUITE,
                                                                    '-filter_forwarded/1-fun-0-',
                                                                    1027},
                                                                   {escalus_story,
                                                                    story,40},
                                                                   {test_server,
                                                                    ts_tc,
                                                                    1429},
                                                                   {test_server,
                                                                    run_test_case_eval1,
                                                                    1026},
                                                                   {test_server,
                                                                    run_test_case_eval,
                                                                    968}]
=== *** FAILED test case 196 of 203 ***
=case          mam_SUITE:end_per_group
=logfile       mam_suite.end_per_group.643467.622.html
=group_props   [{name,riak_timed_yz_buckets_archived}]
=started       2016-04-14 14:17:47
=ended         2016-04-14 14:17:47
=result        ok
=elapsed       0.071707
=group_time    6.972s
=case          mam_SUITE:init_per_group
=logfile       mam_suite.init_per_group.643467.722.html
=group_props   [{name,riak_timed_yz_buckets_policy_violation}]
=started       2016-04-14 14:17:47
=ended         2016-04-14 14:17:47
=result        ok
=elapsed       0.204767
=case          mam_SUITE:policy_violation
=logfile       mam_suite.policy_violation.html
=started       2016-04-14 14:17:47
=ended         2016-04-14 14:17:51
=result        failed: {test_case_failed,
                           "ASSERT EQUAL\n\tExpected <<\"policy-violation\">>\n\tValue <<\"internal-server-error\">>\n"}, [{mam_SUITE,
                                                                                                                            '-policy_violation/1-fun-0-',
                                                                                                                            1186},
                                                                                                                           {escalus_story,
                                                                                                                            story,
                                                                                                                            40},
                                                                                                                           {test_server,
                                                                                                                            ts_tc,
                                                                                                                            1429},
                                                                                                                           {test_server,
                                                                                                                            run_test_case_eval1,
                                                                                                                            1026},
                                                                                                                           {test_server,
                                                                                                                            run_test_case_eval,
                                                                                                                            968}]
=== *** FAILED test case 197 of 203 ***
=case          mam_SUITE:end_per_group
=logfile       mam_suite.end_per_group.643471.154.html
=group_props   [{name,riak_timed_yz_buckets_policy_violation}]
=started       2016-04-14 14:17:51
=ended         2016-04-14 14:17:51
=result        ok
=elapsed       0.082252
=group_time    3.432s
=case          mam_SUITE:init_per_group
=logfile       mam_suite.init_per_group.643471.263.html
=group_props   [{name,riak_timed_yz_buckets_nostore}]
=started       2016-04-14 14:17:51
=ended         2016-04-14 14:17:51
=result        ok
=elapsed       0.183408
=case          mam_SUITE:offline_message
=logfile       mam_suite.offline_message.html
=started       2016-04-14 14:17:51
=ended         2016-04-14 14:17:57
=result        failed: {test_case_failed,"Unexpected error IQ."}, [{mam_SUITE,
                                                                    wait_archive_respond_v02,
                                                                    1119},
                                                                   {mam_SUITE,
                                                                    wait_archive_respond_nofin,
                                                                    1108},
                                                                   {mam_SUITE,
                                                                    offline_message,
                                                                    1220},
                                                                   {test_server,
                                                                    ts_tc,
                                                                    1429},
                                                                   {test_server,
                                                                    run_test_case_eval1,
                                                                    1026},
                                                                   {test_server,
                                                                    run_test_case_eval,
                                                                    968}]
=== *** FAILED test case 198 of 203 ***
=case          mam_SUITE:nostore_hint
=logfile       mam_suite.nostore_hint.html
=started       2016-04-14 14:17:57
=ended         2016-04-14 14:18:00
=result        failed: {test_case_failed,"Unexpected error IQ."}, [{mam_SUITE,
                                                                    wait_archive_respond_v02,
                                                                    1119},
                                                                   {mam_SUITE,
                                                                    wait_archive_respond_nofin,
                                                                    1108},
                                                                   {mam_SUITE,
                                                                    '-nostore_hint/1-fun-0-',
                                                                    1237},
                                                                   {escalus_story,
                                                                    story,40},
                                                                   {test_server,
                                                                    ts_tc,
                                                                    1429},
                                                                   {test_server,
                                                                    run_test_case_eval1,
                                                                    1026},
                                                                   {test_server,
                                                                    run_test_case_eval,
                                                                    968}]
=== *** FAILED test case 199 of 203 ***
=case          mam_SUITE:end_per_group
=logfile       mam_suite.end_per_group.643480.387.html
=group_props   [{name,riak_timed_yz_buckets_nostore}]
=started       2016-04-14 14:18:00
=ended         2016-04-14 14:18:00
=result        ok
=elapsed       0.06725
=group_time    9.124s
=case          mam_SUITE:init_per_group
=logfile       mam_suite.init_per_group.643480.481.html
=group_props   [{name,riak_timed_yz_buckets_prefs_cases}]
=started       2016-04-14 14:18:00
=ended         2016-04-14 14:18:00
=result        ok
=elapsed       0.196624
=case          mam_SUITE:prefs_set_request
=logfile       mam_suite.prefs_set_request.html
=started       2016-04-14 14:18:00
=ended         2016-04-14 14:18:00
=result        skipped: "prefs not implemented for riak"
=== *** SKIPPED test case 200 of 203 ***
=case          mam_SUITE:prefs_set_cdata_request
=logfile       mam_suite.prefs_set_cdata_request.html
=started       2016-04-14 14:18:00
=ended         2016-04-14 14:18:00
=result        skipped: "prefs not implemented for riak"
=== *** SKIPPED test case 201 of 203 ***
=case          mam_SUITE:run_prefs_cases
=logfile       mam_suite.run_prefs_cases.html
=started       2016-04-14 14:18:00
=ended         2016-04-14 14:18:04
=result        failed: {test_case_failed,"Unexpected error IQ."}, [{mam_SUITE,
                                                                    wait_archive_respond_v02,
                                                                    1119},
                                                                   {mam_SUITE,
                                                                    wait_archive_respond_nofin,
                                                                    1108},
                                                                   {mam_SUITE,
                                                                    get_all_messages,
                                                                    3031},
                                                                   {mam_SUITE,
                                                                    '-run_prefs_cases/1-fun-0-',
                                                                    2965},
                                                                   {escalus_story,
                                                                    story,40},
                                                                   {test_server,
                                                                    ts_tc,
                                                                    1429},
                                                                   {test_server,
                                                                    run_test_case_eval1,
                                                                    1026}]
=== *** FAILED test case 202 of 203 ***
=case          mam_SUITE:run_set_and_get_prefs_cases
=logfile       mam_suite.run_set_and_get_prefs_cases.html
=started       2016-04-14 14:18:04
=ended         2016-04-14 14:18:04
=result        ok
=elapsed       0.425554
=case          mam_SUITE:end_per_group
=logfile       mam_suite.end_per_group.643484.743.html
=group_props   [{name,riak_timed_yz_buckets_prefs_cases}]
=started       2016-04-14 14:18:04
=ended         2016-04-14 14:18:04
=result        ok
=elapsed       0.085655
=group_time    4.261s
=case          mam_SUITE:end_per_suite
=logfile       mam_suite.end_per_suite.html
=started       2016-04-14 14:18:04
=ended         2016-04-14 14:18:04
=result        ok
=elapsed       0.002721
=group_time    187.056s
=== TEST COMPLETE, 16 ok, 59 failed, 128 skipped of 203 test cases

=finished      2016-04-14 14:18:04
=failed        59
=successful    16
=user_skipped  2
=auto_skipped  126
