=== Suite started at 2016-04-15 14:15:50
=== Starting test, 21 test cases
=cases         21
=user          travis
=host          testing-gce-ee4e283f-c7eb-4dc9-9b85-47f55de9db21
=hosts         testing-gce-ee4e283f-c7eb-4dc9-9b85-47f55de9db21 
=emulator_vsn  6.4
=emulator      beam
=otp_release   17
=started       2016-04-15 14:15:50
=case          vcard_SUITE:init_per_suite
=logfile       vcard_suite.init_per_suite.html
=started       2016-04-15 14:15:50
=ended         2016-04-15 14:15:50
=result        ok
=elapsed       0.034152
=case          vcard_SUITE:init_per_group
=logfile       vcard_suite.init_per_group.html
=group_props   [{name,rw},sequence]
=started       2016-04-15 14:15:50
=ended         2016-04-15 14:15:51
=result        ok
=elapsed       0.066691
=case          vcard_SUITE:update_own_card
=logfile       vcard_suite.update_own_card.html
=started       2016-04-15 14:15:51
=ended         2016-04-15 14:15:52
=result        failed: {timeout_when_waiting_for_stanza,
                           [{escalus_client,wait_for_stanza,
                                [{client,<<"alicE@localhost/res1">>,
                                     escalus_tcp,#Port<0.37662>,false,false,
                                     <0.30746.0>,
                                     [{event_manager,<0.30744.0>},
                                      {server,<<"localhost">>},
                                      {username,<<"alicE">>},
                                      {resource,<<"res1">>}]},
                                 1000],
                                [{file,"src/escalus_client.erl"},{line,119}]},
                            {vcard_SUITE,'-do_update_own_card/1-fun-0-',1,
                                [{file,"vcard_SUITE.erl"},{line,182}]},
                            {escalus_story,story,3,
                                [{file,"src/escalus_story.erl"},{line,40}]},
                            {test_server,ts_tc,3,
                                [{file,"test_server.erl"},{line,1429}]},
                            {test_server,run_test_case_eval1,6,
                                [{file,"test_server.erl"},{line,1026}]},
                            {test_server,run_test_case_eval,9,
                                [{file,"test_server.erl"},{line,968}]}]}, [{escalus_client,
                                                                            wait_for_stanza,
                                                                            119},
                                                                           {vcard_SUITE,
                                                                            '-do_update_own_card/1-fun-0-',
                                                                            182},
                                                                           {escalus_story,
                                                                            story,
                                                                            40},
                                                                           {test_server,
                                                                            ts_tc,
                                                                            1429},
                                                                           {test_server,
                                                                            run_test_case_eval1,
                                                                            1026},
                                                                           {test_server,
                                                                            run_test_case_eval,
                                                                            968}]
=== *** FAILED test case 1 of 21 ***
=case          vcard_SUITE:end_per_group
=logfile       vcard_suite.end_per_group.html
=group_props   [{name,rw},sequence]
=started       2016-04-15 14:15:52
=ended         2016-04-15 14:15:52
=result        ok
=elapsed       0.001236
=group_time    1.395s
=case          vcard_SUITE:init_per_group
=logfile       vcard_suite.init_per_group.729752.401.html
=group_props   [{name,ro_full}]
=started       2016-04-15 14:15:52
=ended         2016-04-15 14:15:55
=result        ok
=elapsed       3.073356
=case          vcard_SUITE:retrieve_own_card
=logfile       vcard_suite.retrieve_own_card.html
=started       2016-04-15 14:15:55
=ended         2016-04-15 14:15:56
=result        failed: {timeout_when_waiting_for_stanza,
                           [{escalus_client,wait_for_stanza,
                                [{client,<<"alicE@localhost/res1">>,
                                     escalus_tcp,#Port<0.37667>,false,false,
                                     <0.30770.0>,
                                     [{event_manager,<0.30769.0>},
                                      {server,<<"localhost">>},
                                      {username,<<"alicE">>},
                                      {resource,<<"res1">>}]},
                                 1000],
                                [{file,"src/escalus_client.erl"},{line,119}]},
                            {vcard_SUITE,'-retrieve_own_card/1-fun-0-',2,
                                [{file,"vcard_SUITE.erl"},{line,196}]},
                            {escalus_story,story,3,
                                [{file,"src/escalus_story.erl"},{line,40}]},
                            {test_server,ts_tc,3,
                                [{file,"test_server.erl"},{line,1429}]},
                            {test_server,run_test_case_eval1,6,
                                [{file,"test_server.erl"},{line,1026}]},
                            {test_server,run_test_case_eval,9,
                                [{file,"test_server.erl"},{line,968}]}]}, [{escalus_client,
                                                                            wait_for_stanza,
                                                                            119},
                                                                           {vcard_SUITE,
                                                                            '-retrieve_own_card/1-fun-0-',
                                                                            196},
                                                                           {escalus_story,
                                                                            story,
                                                                            40},
                                                                           {test_server,
                                                                            ts_tc,
                                                                            1429},
                                                                           {test_server,
                                                                            run_test_case_eval1,
                                                                            1026},
                                                                           {test_server,
                                                                            run_test_case_eval,
                                                                            968}]
=== *** FAILED test case 2 of 21 ***
=case          vcard_SUITE:user_doesnt_exist
=logfile       vcard_suite.user_doesnt_exist.html
=started       2016-04-15 14:15:56
=ended         2016-04-15 14:15:58
=result        failed: {timeout_when_waiting_for_stanza,
                           [{escalus_client,wait_for_stanza,
                                [{client,<<"alicE@localhost/res1">>,
                                     escalus_tcp,#Port<0.37670>,false,false,
                                     <0.30777.0>,
                                     [{event_manager,<0.30776.0>},
                                      {server,<<"localhost">>},
                                      {username,<<"alicE">>},
                                      {resource,<<"res1">>}]},
                                 1000],
                                [{file,"src/escalus_client.erl"},{line,119}]},
                            {vcard_SUITE,'-user_doesnt_exist/1-fun-0-',1,
                                [{file,"vcard_SUITE.erl"},{line,213}]},
                            {escalus_story,story,3,
                                [{file,"src/escalus_story.erl"},{line,40}]},
                            {test_server,ts_tc,3,
                                [{file,"test_server.erl"},{line,1429}]},
                            {test_server,run_test_case_eval1,6,
                                [{file,"test_server.erl"},{line,1026}]},
                            {test_server,run_test_case_eval,9,
                                [{file,"test_server.erl"},{line,968}]}]}, [{escalus_client,
                                                                            wait_for_stanza,
                                                                            119},
                                                                           {vcard_SUITE,
                                                                            '-user_doesnt_exist/1-fun-0-',
                                                                            213},
                                                                           {escalus_story,
                                                                            story,
                                                                            40},
                                                                           {test_server,
                                                                            ts_tc,
                                                                            1429},
                                                                           {test_server,
                                                                            run_test_case_eval1,
                                                                            1026},
                                                                           {test_server,
                                                                            run_test_case_eval,
                                                                            968}]
=== *** FAILED test case 3 of 21 ***
=case          vcard_SUITE:update_other_card
=logfile       vcard_suite.update_other_card.html
=started       2016-04-15 14:15:58
=ended         2016-04-15 14:15:59
=result        failed: {timeout_when_waiting_for_stanza,
                           [{escalus_client,wait_for_stanza,
                                [{client,<<"alicE@localhost/res1">>,
                                     escalus_tcp,#Port<0.37673>,false,false,
                                     <0.30784.0>,
                                     [{event_manager,<0.30783.0>},
                                      {server,<<"localhost">>},
                                      {username,<<"alicE">>},
                                      {resource,<<"res1">>}]},
                                 1000],
                                [{file,"src/escalus_client.erl"},{line,119}]},
                            {vcard_SUITE,'-update_other_card/1-fun-0-',3,
                                [{file,"vcard_SUITE.erl"},{line,241}]},
                            {escalus_story,story,3,
                                [{file,"src/escalus_story.erl"},{line,40}]},
                            {test_server,ts_tc,3,
                                [{file,"test_server.erl"},{line,1429}]},
                            {test_server,run_test_case_eval1,6,
                                [{file,"test_server.erl"},{line,1026}]},
                            {test_server,run_test_case_eval,9,
                                [{file,"test_server.erl"},{line,968}]}]}, [{escalus_client,
                                                                            wait_for_stanza,
                                                                            119},
                                                                           {vcard_SUITE,
                                                                            '-update_other_card/1-fun-0-',
                                                                            241},
                                                                           {escalus_story,
                                                                            story,
                                                                            40},
                                                                           {test_server,
                                                                            ts_tc,
                                                                            1429},
                                                                           {test_server,
                                                                            run_test_case_eval1,
                                                                            1026},
                                                                           {test_server,
                                                                            run_test_case_eval,
                                                                            968}]
=== *** FAILED test case 4 of 21 ***
=case          vcard_SUITE:retrieve_others_card
=logfile       vcard_suite.retrieve_others_card.html
=started       2016-04-15 14:15:59
=ended         2016-04-15 14:16:01
=result        failed: {timeout_when_waiting_for_stanza,
                           [{escalus_client,wait_for_stanza,
                                [{client,<<"alicE@localhost/res1">>,
                                     escalus_tcp,#Port<0.37677>,false,false,
                                     <0.30792.0>,
                                     [{event_manager,<0.30791.0>},
                                      {server,<<"localhost">>},
                                      {username,<<"alicE">>},
                                      {resource,<<"res1">>}]},
                                 1000],
                                [{file,"src/escalus_client.erl"},{line,119}]},
                            {vcard_SUITE,'-retrieve_others_card/1-fun-0-',3,
                                [{file,"vcard_SUITE.erl"},{line,252}]},
                            {escalus_story,story,3,
                                [{file,"src/escalus_story.erl"},{line,40}]},
                            {test_server,ts_tc,3,
                                [{file,"test_server.erl"},{line,1429}]},
                            {test_server,run_test_case_eval1,6,
                                [{file,"test_server.erl"},{line,1026}]},
                            {test_server,run_test_case_eval,9,
                                [{file,"test_server.erl"},{line,968}]}]}, [{escalus_client,
                                                                            wait_for_stanza,
                                                                            119},
                                                                           {vcard_SUITE,
                                                                            '-retrieve_others_card/1-fun-0-',
                                                                            252},
                                                                           {escalus_story,
                                                                            story,
                                                                            40},
                                                                           {test_server,
                                                                            ts_tc,
                                                                            1429},
                                                                           {test_server,
                                                                            run_test_case_eval1,
                                                                            1026},
                                                                           {test_server,
                                                                            run_test_case_eval,
                                                                            968}]
=== *** FAILED test case 5 of 21 ***
=case          vcard_SUITE:vcard_service_discovery
=logfile       vcard_suite.vcard_service_discovery.html
=started       2016-04-15 14:16:01
=ended         2016-04-15 14:16:02
=result        ok
=elapsed       0.463039
=case          vcard_SUITE:server_vcard
=logfile       vcard_suite.server_vcard.html
=started       2016-04-15 14:16:02
=ended         2016-04-15 14:16:02
=result        ok
=elapsed       0.464676
=case          vcard_SUITE:directory_service_vcard
=logfile       vcard_suite.directory_service_vcard.html
=started       2016-04-15 14:16:02
=ended         2016-04-15 14:16:03
=result        ok
=elapsed       0.462214
=case          vcard_SUITE:request_search_fields
=logfile       vcard_suite.request_search_fields.html
=started       2016-04-15 14:16:03
=ended         2016-04-15 14:16:03
=result        ok
=elapsed       0.462096
=case          vcard_SUITE:search_open
=logfile       vcard_suite.search_open.html
=started       2016-04-15 14:16:03
=ended         2016-04-15 14:16:04
=result        ok
=elapsed       0.462059
=case          vcard_SUITE:search_empty
=logfile       vcard_suite.search_empty.html
=started       2016-04-15 14:16:04
=ended         2016-04-15 14:16:04
=result        ok
=elapsed       0.46828
=case          vcard_SUITE:search_some
=logfile       vcard_suite.search_some.html
=started       2016-04-15 14:16:04
=ended         2016-04-15 14:16:05
=result        failed: {{badmatch,[]},
                        [{vcard_SUITE,'-search_some/1-fun-0-',2,
                             [{file,"vcard_SUITE.erl"},{line,373}]},
                         {escalus_story,story,3,
                             [{file,"src/escalus_story.erl"},{line,40}]},
                         {test_server,ts_tc,3,
                             [{file,"test_server.erl"},{line,1429}]},
                         {test_server,run_test_case_eval1,6,
                             [{file,"test_server.erl"},{line,1026}]},
                         {test_server,run_test_case_eval,9,
                             [{file,"test_server.erl"},{line,968}]}]}, [{vcard_SUITE,
                                                                         '-search_some/1-fun-0-',
                                                                         373},
                                                                        {escalus_story,
                                                                         story,
                                                                         40},
                                                                        {test_server,
                                                                         ts_tc,
                                                                         1429},
                                                                        {test_server,
                                                                         run_test_case_eval1,
                                                                         1026},
                                                                        {test_server,
                                                                         run_test_case_eval,
                                                                         968}]
=== *** FAILED test case 12 of 21 ***
=case          vcard_SUITE:search_some_many_fields
=logfile       vcard_suite.search_some_many_fields.html
=started       2016-04-15 14:16:05
=ended         2016-04-15 14:16:05
=result        failed: {{badmatch,[]},
                        [{vcard_SUITE,'-search_some_many_fields/1-fun-0-',1,
                             [{file,"vcard_SUITE.erl"},{line,409}]},
                         {escalus_story,story,3,
                             [{file,"src/escalus_story.erl"},{line,40}]},
                         {test_server,ts_tc,3,
                             [{file,"test_server.erl"},{line,1429}]},
                         {test_server,run_test_case_eval1,6,
                             [{file,"test_server.erl"},{line,1026}]},
                         {test_server,run_test_case_eval,9,
                             [{file,"test_server.erl"},{line,968}]}]}, [{vcard_SUITE,
                                                                         '-search_some_many_fields/1-fun-0-',
                                                                         409},
                                                                        {escalus_story,
                                                                         story,
                                                                         40},
                                                                        {test_server,
                                                                         ts_tc,
                                                                         1429},
                                                                        {test_server,
                                                                         run_test_case_eval1,
                                                                         1026},
                                                                        {test_server,
                                                                         run_test_case_eval,
                                                                         968}]
=== *** FAILED test case 13 of 21 ***
=case          vcard_SUITE:search_wildcard
=logfile       vcard_suite.search_wildcard.html
=started       2016-04-15 14:16:05
=ended         2016-04-15 14:16:06
=result        failed: {test_case_failed,
                           "can't find user <<\"bobb@localhost.bis\">> in received results: []"}, [{escalus_story,
                                                                                                    story,
                                                                                                    40},
                                                                                                   {test_server,
                                                                                                    ts_tc,
                                                                                                    1429},
                                                                                                   {test_server,
                                                                                                    run_test_case_eval1,
                                                                                                    1026},
                                                                                                   {test_server,
                                                                                                    run_test_case_eval,
                                                                                                    968}]
=== *** FAILED test case 14 of 21 ***
=case          vcard_SUITE:end_per_group
=logfile       vcard_suite.end_per_group.729766.72.html
=group_props   [{name,ro_full}]
=started       2016-04-15 14:16:06
=ended         2016-04-15 14:16:06
=result        ok
=elapsed       8.84e-4
=group_time    13.671s
=case          vcard_SUITE:init_per_group
=logfile       vcard_suite.init_per_group.729766.101.html
=group_props   [{name,ro_limited}]
=started       2016-04-15 14:16:06
=ended         2016-04-15 14:16:09
=result        ok
=elapsed       3.073782
=case          vcard_SUITE:search_open_limited
=logfile       vcard_suite.search_open_limited.html
=started       2016-04-15 14:16:09
=ended         2016-04-15 14:16:09
=result        ok
=elapsed       0.462662
=case          vcard_SUITE:search_some_limited
=logfile       vcard_suite.search_some_limited.html
=started       2016-04-15 14:16:09
=ended         2016-04-15 14:16:10
=result        failed: {{badmatch,[]},
                        [{vcard_SUITE,'-search_some_limited/1-fun-0-',1,
                             [{file,"vcard_SUITE.erl"},{line,490}]},
                         {escalus_story,story,3,
                             [{file,"src/escalus_story.erl"},{line,40}]},
                         {test_server,ts_tc,3,
                             [{file,"test_server.erl"},{line,1429}]},
                         {test_server,run_test_case_eval1,6,
                             [{file,"test_server.erl"},{line,1026}]},
                         {test_server,run_test_case_eval,9,
                             [{file,"test_server.erl"},{line,968}]}]}, [{vcard_SUITE,
                                                                         '-search_some_limited/1-fun-0-',
                                                                         490},
                                                                        {escalus_story,
                                                                         story,
                                                                         40},
                                                                        {test_server,
                                                                         ts_tc,
                                                                         1429},
                                                                        {test_server,
                                                                         run_test_case_eval1,
                                                                         1026},
                                                                        {test_server,
                                                                         run_test_case_eval,
                                                                         968}]
=== *** FAILED test case 16 of 21 ***
=case          vcard_SUITE:search_in_service_discovery
=logfile       vcard_suite.search_in_service_discovery.html
=started       2016-04-15 14:16:10
=ended         2016-04-15 14:16:10
=result        ok
=elapsed       0.524807
=case          vcard_SUITE:end_per_group
=logfile       vcard_suite.end_per_group.729770.750.html
=group_props   [{name,ro_limited}]
=started       2016-04-15 14:16:10
=ended         2016-04-15 14:16:10
=result        ok
=elapsed       0.001016
=group_time    4.649s
=case          vcard_SUITE:init_per_group
=logfile       vcard_suite.init_per_group.729770.779.html
=group_props   [{name,ro_no},sequence]
=started       2016-04-15 14:16:10
=ended         2016-04-15 14:16:13
=result        ok
=elapsed       3.068359
=case          vcard_SUITE:search_not_allowed
=logfile       vcard_suite.search_not_allowed.html
=started       2016-04-15 14:16:13
=ended         2016-04-15 14:16:14
=result        ok
=elapsed       0.463239
=case          vcard_SUITE:search_not_in_service_discovery
=logfile       vcard_suite.search_not_in_service_discovery.html
=started       2016-04-15 14:16:14
=ended         2016-04-15 14:16:14
=result        ok
=elapsed       0.468456
=case          vcard_SUITE:end_per_group
=logfile       vcard_suite.end_per_group.729774.868.html
=group_props   [{name,ro_no},sequence]
=started       2016-04-15 14:16:14
=ended         2016-04-15 14:16:14
=result        ok
=elapsed       0.001
=group_time    4.089s
=case          vcard_SUITE:init_per_group
=logfile       vcard_suite.init_per_group.729774.898.html
=group_props   [{name,ldap_only}]
=started       2016-04-15 14:16:14
=ended         2016-04-15 14:16:14
=result        skipped: "this group is only for ldap vCard backend"
=== *** SKIPPED {vcard_SUITE,init_per_group} ***
=== 
=case          vcard_SUITE:search_some_many_fields_with_or_operator
=group_props   [{name,"ldap_only"}]
=started       2016-04-15 14:16:14
=result        skipped: this group is only for ldap vCard backend
=== *** Skipping test case #20 {vcard_SUITE,search_some_many_fields_with_or_operator} ***
=== 
=case          vcard_SUITE:return_photo_inserted_as_binary_by_3rd_party_service
=group_props   [{name,"ldap_only"}]
=started       2016-04-15 14:16:14
=result        skipped: this group is only for ldap vCard backend
=== *** Skipping test case #21 {vcard_SUITE,return_photo_inserted_as_binary_by_3rd_party_service} ***
=== 
=case          vcard_SUITE:end_per_group
=group_props   [{name,"ldap_only"}]
=started       2016-04-15 14:16:14
=result        skipped: this group is only for ldap vCard backend
=== *** Skipping {vcard_SUITE,end_per_group} ***
=case          vcard_SUITE:end_per_suite
=logfile       vcard_suite.end_per_suite.html
=started       2016-04-15 14:16:14
=ended         2016-04-15 14:16:15
=result        ok
=elapsed       0.119597
=group_time    24.106s
=== TEST COMPLETE, 10 ok, 9 failed, 2 skipped of 21 test cases

=finished      2016-04-15 14:16:15
=failed        9
=successful    10
=user_skipped  2
=auto_skipped  0
