=== Suite started at 2016-03-17 14:46:37
=== Starting test, 3 test cases
=cases         3
=user          travis
=host          testing-gce-014cb3e3-3045-40b4-af40-7d98cedb8504
=hosts         testing-gce-014cb3e3-3045-40b4-af40-7d98cedb8504 
=emulator_vsn  6.4
=emulator      beam
=otp_release   17
=started       2016-03-17 14:46:37
=case          private_SUITE:init_per_suite
=logfile       private_suite.init_per_suite.html
=started       2016-03-17 14:46:37
=ended         2016-03-17 14:46:37
=result        ok
=elapsed       0.001892
=case          private_SUITE:init_per_group
=logfile       private_suite.init_per_group.html
=group_props   [{name,private_positive},sequence]
=started       2016-03-17 14:46:37
=ended         2016-03-17 14:46:37
=result        failed: {function_clause,
                           [{escalus_users,
                                '-create_users_via_xmpp/2-lc$^0/1-0-',
                                [{by_name,[alice,bob]}],
                                [{file,"src/escalus_users.erl"},{line,99}]},
                            {escalus_users,create_users_via_xmpp,2,
                                [{file,"src/escalus_users.erl"},{line,99}]},
                            {test_server,ts_tc,3,
                                [{file,"test_server.erl"},{line,1429}]},
                            {test_server,run_test_case_eval1,6,
                                [{file,"test_server.erl"},{line,1099}]},
                            {test_server,run_test_case_eval,9,
                                [{file,"test_server.erl"},{line,968}]}]}, [{escalus_users,
                                                                            '-create_users_via_xmpp/2-lc$^0/1-0-',
                                                                            99},
                                                                           {escalus_users,
                                                                            create_users_via_xmpp,
                                                                            99},
                                                                           {test_server,
                                                                            ts_tc,
                                                                            1429},
                                                                           {test_server,
                                                                            run_test_case_eval1,
                                                                            1099},
                                                                           {test_server,
                                                                            run_test_case_eval,
                                                                            968}]
=== *** FAILED {private_SUITE,init_per_group} ***
=== 
=case          private_SUITE:store_retrieve
=group_props   [{name,"private_positive"}]
=started       2016-03-17 14:46:37
=result        auto_skipped: init_per_group failed
=== *** Skipping test case #1 {private_SUITE,store_retrieve} ***
=== 
=case          private_SUITE:end_per_group
=group_props   [{name,"private_positive"}]
=started       2016-03-17 14:46:37
=result        auto_skipped: init_per_group failed
=== *** Skipping {private_SUITE,end_per_group} ***
=case          private_SUITE:init_per_group
=logfile       private_suite.init_per_group.225997.215.html
=group_props   [{name,private_negative},sequence]
=started       2016-03-17 14:46:37
=ended         2016-03-17 14:46:37
=result        failed: {function_clause,
                           [{escalus_users,
                                '-create_users_via_xmpp/2-lc$^0/1-0-',
                                [{by_name,[alice,bob]}],
                                [{file,"src/escalus_users.erl"},{line,99}]},
                            {escalus_users,create_users_via_xmpp,2,
                                [{file,"src/escalus_users.erl"},{line,99}]},
                            {test_server,ts_tc,3,
                                [{file,"test_server.erl"},{line,1429}]},
                            {test_server,run_test_case_eval1,6,
                                [{file,"test_server.erl"},{line,1099}]},
                            {test_server,run_test_case_eval,9,
                                [{file,"test_server.erl"},{line,968}]}]}, [{escalus_users,
                                                                            '-create_users_via_xmpp/2-lc$^0/1-0-',
                                                                            99},
                                                                           {escalus_users,
                                                                            create_users_via_xmpp,
                                                                            99},
                                                                           {test_server,
                                                                            ts_tc,
                                                                            1429},
                                                                           {test_server,
                                                                            run_test_case_eval1,
                                                                            1099},
                                                                           {test_server,
                                                                            run_test_case_eval,
                                                                            968}]
=== *** FAILED {private_SUITE,init_per_group} ***
=== 
=case          private_SUITE:get_other_user
=group_props   [{name,"private_negative"}]
=started       2016-03-17 14:46:37
=result        auto_skipped: init_per_group failed
=== *** Skipping test case #2 {private_SUITE,get_other_user} ***
=== 
=case          private_SUITE:set_other_user
=group_props   [{name,"private_negative"}]
=started       2016-03-17 14:46:37
=result        auto_skipped: init_per_group failed
=== *** Skipping test case #3 {private_SUITE,set_other_user} ***
=== 
=case          private_SUITE:end_per_group
=group_props   [{name,"private_negative"}]
=started       2016-03-17 14:46:37
=result        auto_skipped: init_per_group failed
=== *** Skipping {private_SUITE,end_per_group} ***
=case          private_SUITE:end_per_suite
=logfile       private_suite.end_per_suite.html
=started       2016-03-17 14:46:37
=ended         2016-03-17 14:46:37
=result        ok
=elapsed       0.001063
=group_time    0.122s
=== TEST COMPLETE, 0 ok, 0 failed, 3 skipped of 3 test cases

=finished      2016-03-17 14:46:37
=failed        0
=successful    0
=user_skipped  0
=auto_skipped  3
