=== Suite started at 2016-04-06 17:22:05
=== Starting test, 27 test cases
=cases         27
=user          travis
=host          testing-gce-96c2a039-c17e-41b4-b2d1-2d41ac5f5cdf
=hosts         testing-gce-96c2a039-c17e-41b4-b2d1-2d41ac5f5cdf 
=emulator_vsn  6.4
=emulator      beam
=otp_release   17
=started       2016-04-06 17:22:05
=case          connect_SUITE:init_per_suite
=logfile       connect_suite.init_per_suite.html
=started       2016-04-06 17:22:05
=ended         2016-04-06 17:22:05
=result        ok
=elapsed       0.012444
=case          connect_SUITE:init_per_group
=logfile       connect_suite.init_per_group.html
=group_props   [{name,c2s_noproc}]
=started       2016-04-06 17:22:05
=ended         2016-04-06 17:22:05
=result        ok
=elapsed       1.0e-6
=case          connect_SUITE:reset_stream_noproc
=logfile       connect_suite.reset_stream_noproc.html
=started       2016-04-06 17:22:05
=ended         2016-04-06 17:22:05
=result        failed: {{badmatch,false},
                        [{escalus_utils,make_jid,1,
                             [{file,"src/escalus_utils.erl"},{line,150}]},
                         {escalus_connection,start,2,
                             [{file,"src/escalus_connection.erl"},{line,109}]},
                         {connect_SUITE,reset_stream_noproc,1,
                             [{file,"connect_SUITE.erl"},{line,280}]},
                         {test_server,ts_tc,3,
                             [{file,"test_server.erl"},{line,1429}]},
                         {test_server,run_test_case_eval1,6,
                             [{file,"test_server.erl"},{line,1026}]},
                         {test_server,run_test_case_eval,9,
                             [{file,"test_server.erl"},{line,968}]}]}, [{escalus_utils,
                                                                         make_jid,
                                                                         150},
                                                                        {escalus_connection,
                                                                         start,
                                                                         109},
                                                                        {connect_SUITE,
                                                                         reset_stream_noproc,
                                                                         280},
                                                                        {test_server,
                                                                         ts_tc,
                                                                         1429},
                                                                        {test_server,
                                                                         run_test_case_eval1,
                                                                         1026},
                                                                        {test_server,
                                                                         run_test_case_eval,
                                                                         968}]
=== *** FAILED test case 1 of 27 ***
=case          connect_SUITE:starttls_noproc
=logfile       connect_suite.starttls_noproc.html
=started       2016-04-06 17:22:05
=ended         2016-04-06 17:22:05
=result        failed: {{badmatch,false},
                        [{escalus_utils,make_jid,1,
                             [{file,"src/escalus_utils.erl"},{line,150}]},
                         {escalus_connection,start,2,
                             [{file,"src/escalus_connection.erl"},{line,109}]},
                         {connect_SUITE,starttls_noproc,1,
                             [{file,"connect_SUITE.erl"},{line,310}]},
                         {test_server,ts_tc,3,
                             [{file,"test_server.erl"},{line,1429}]},
                         {test_server,run_test_case_eval1,6,
                             [{file,"test_server.erl"},{line,1026}]},
                         {test_server,run_test_case_eval,9,
                             [{file,"test_server.erl"},{line,968}]}]}, [{escalus_utils,
                                                                         make_jid,
                                                                         150},
                                                                        {escalus_connection,
                                                                         start,
                                                                         109},
                                                                        {connect_SUITE,
                                                                         starttls_noproc,
                                                                         310},
                                                                        {test_server,
                                                                         ts_tc,
                                                                         1429},
                                                                        {test_server,
                                                                         run_test_case_eval1,
                                                                         1026},
                                                                        {test_server,
                                                                         run_test_case_eval,
                                                                         968}]
=== *** FAILED test case 2 of 27 ***
=case          connect_SUITE:compress_noproc
=logfile       connect_suite.compress_noproc.html
=started       2016-04-06 17:22:05
=ended         2016-04-06 17:22:05
=result        failed: {{badmatch,false},
                        [{escalus_utils,make_jid,1,
                             [{file,"src/escalus_utils.erl"},{line,150}]},
                         {escalus_connection,start,2,
                             [{file,"src/escalus_connection.erl"},{line,109}]},
                         {connect_SUITE,compress_noproc,1,
                             [{file,"connect_SUITE.erl"},{line,340}]},
                         {test_server,ts_tc,3,
                             [{file,"test_server.erl"},{line,1429}]},
                         {test_server,run_test_case_eval1,6,
                             [{file,"test_server.erl"},{line,1026}]},
                         {test_server,run_test_case_eval,9,
                             [{file,"test_server.erl"},{line,968}]}]}, [{escalus_utils,
                                                                         make_jid,
                                                                         150},
                                                                        {escalus_connection,
                                                                         start,
                                                                         109},
                                                                        {connect_SUITE,
                                                                         compress_noproc,
                                                                         340},
                                                                        {test_server,
                                                                         ts_tc,
                                                                         1429},
                                                                        {test_server,
                                                                         run_test_case_eval1,
                                                                         1026},
                                                                        {test_server,
                                                                         run_test_case_eval,
                                                                         968}]
=== *** FAILED test case 3 of 27 ***
=case          connect_SUITE:end_per_group
=logfile       connect_suite.end_per_group.html
=group_props   [{name,c2s_noproc}]
=started       2016-04-06 17:22:05
=ended         2016-04-06 17:22:06
=result        ok
=elapsed       1.0e-6
=group_time    0.116s
=case          connect_SUITE:init_per_group
=logfile       connect_suite.init_per_group.963326.18.html
=group_props   [{name,negative}]
=started       2016-04-06 17:22:06
=ended         2016-04-06 17:22:06
=result        ok
=elapsed       1.0e-6
=case          connect_SUITE:bad_xml
=logfile       connect_suite.bad_xml.html
=started       2016-04-06 17:22:06
=ended         2016-04-06 17:22:06
=result        failed: {{badmatch,false},
                        [{escalus_utils,make_jid,1,
                             [{file,"src/escalus_utils.erl"},{line,150}]},
                         {escalus_connection,start,2,
                             [{file,"src/escalus_connection.erl"},{line,109}]},
                         {connect_SUITE,connect_with_bad_xml,1,
                             [{file,"connect_SUITE.erl"},{line,547}]},
                         {connect_SUITE,bad_xml,1,
                             [{file,"connect_SUITE.erl"},{line,154}]},
                         {test_server,ts_tc,3,
                             [{file,"test_server.erl"},{line,1429}]},
                         {test_server,run_test_case_eval1,6,
                             [{file,"test_server.erl"},{line,1026}]},
                         {test_server,run_test_case_eval,9,
                             [{file,"test_server.erl"},{line,968}]}]}, [{escalus_utils,
                                                                         make_jid,
                                                                         150},
                                                                        {escalus_connection,
                                                                         start,
                                                                         109},
                                                                        {connect_SUITE,
                                                                         connect_with_bad_xml,
                                                                         547},
                                                                        {connect_SUITE,
                                                                         bad_xml,
                                                                         154},
                                                                        {test_server,
                                                                         ts_tc,
                                                                         1429},
                                                                        {test_server,
                                                                         run_test_case_eval1,
                                                                         1026},
                                                                        {test_server,
                                                                         run_test_case_eval,
                                                                         968}]
=== *** FAILED test case 4 of 27 ***
=case          connect_SUITE:invalid_host
=logfile       connect_suite.invalid_host.html
=started       2016-04-06 17:22:06
=ended         2016-04-06 17:22:06
=result        failed: {{badmatch,false},
                        [{escalus_utils,make_jid,1,
                             [{file,"src/escalus_utils.erl"},{line,150}]},
                         {escalus_connection,start,2,
                             [{file,"src/escalus_connection.erl"},{line,109}]},
                         {connect_SUITE,connect_to_invalid_host,1,
                             [{file,"connect_SUITE.erl"},{line,538}]},
                         {connect_SUITE,invalid_host,1,
                             [{file,"connect_SUITE.erl"},{line,166}]},
                         {test_server,ts_tc,3,
                             [{file,"test_server.erl"},{line,1429}]},
                         {test_server,run_test_case_eval1,6,
                             [{file,"test_server.erl"},{line,1026}]},
                         {test_server,run_test_case_eval,9,
                             [{file,"test_server.erl"},{line,968}]}]}, [{escalus_utils,
                                                                         make_jid,
                                                                         150},
                                                                        {escalus_connection,
                                                                         start,
                                                                         109},
                                                                        {connect_SUITE,
                                                                         connect_to_invalid_host,
                                                                         538},
                                                                        {connect_SUITE,
                                                                         invalid_host,
                                                                         166},
                                                                        {test_server,
                                                                         ts_tc,
                                                                         1429},
                                                                        {test_server,
                                                                         run_test_case_eval1,
                                                                         1026},
                                                                        {test_server,
                                                                         run_test_case_eval,
                                                                         968}]
=== *** FAILED test case 5 of 27 ***
=case          connect_SUITE:invalid_stream_namespace
=logfile       connect_suite.invalid_stream_namespace.html
=started       2016-04-06 17:22:06
=ended         2016-04-06 17:22:06
=result        failed: {{badmatch,false},
                        [{escalus_utils,make_jid,1,
                             [{file,"src/escalus_utils.erl"},{line,150}]},
                         {escalus_connection,start,2,
                             [{file,"src/escalus_connection.erl"},{line,109}]},
                         {connect_SUITE,
                             connect_with_invalid_stream_namespace,1,
                             [{file,"connect_SUITE.erl"},{line,560}]},
                         {connect_SUITE,invalid_stream_namespace,1,
                             [{file,"connect_SUITE.erl"},{line,178}]},
                         {test_server,ts_tc,3,
                             [{file,"test_server.erl"},{line,1429}]},
                         {test_server,run_test_case_eval1,6,
                             [{file,"test_server.erl"},{line,1026}]},
                         {test_server,run_test_case_eval,9,
                             [{file,"test_server.erl"},{line,968}]}]}, [{escalus_utils,
                                                                         make_jid,
                                                                         150},
                                                                        {escalus_connection,
                                                                         start,
                                                                         109},
                                                                        {connect_SUITE,
                                                                         connect_with_invalid_stream_namespace,
                                                                         560},
                                                                        {connect_SUITE,
                                                                         invalid_stream_namespace,
                                                                         178},
                                                                        {test_server,
                                                                         ts_tc,
                                                                         1429},
                                                                        {test_server,
                                                                         run_test_case_eval1,
                                                                         1026},
                                                                        {test_server,
                                                                         run_test_case_eval,
                                                                         968}]
=== *** FAILED test case 6 of 27 ***
=case          connect_SUITE:end_per_group
=logfile       connect_suite.end_per_group.963326.133.html
=group_props   [{name,negative}]
=started       2016-04-06 17:22:06
=ended         2016-04-06 17:22:06
=result        ok
=elapsed       1.0e-6
=group_time    0.115s
=case          connect_SUITE:init_per_group
=logfile       connect_suite.init_per_group.963326.159.html
=group_props   [{name,pre_xmpp_1_0}]
=started       2016-04-06 17:22:06
=ended         2016-04-06 17:22:06
=result        ok
=elapsed       1.0e-6
=case          connect_SUITE:pre_xmpp_1_0_stream
=logfile       connect_suite.pre_xmpp_1_0_stream.html
=started       2016-04-06 17:22:06
=ended         2016-04-06 17:22:06
=result        failed: {{badmatch,false},
                        [{escalus_utils,make_jid,1,
                             [{file,"src/escalus_utils.erl"},{line,150}]},
                         {escalus_connection,start,2,
                             [{file,"src/escalus_connection.erl"},{line,109}]},
                         {connect_SUITE,pre_xmpp_1_0_stream,1,
                             [{file,"connect_SUITE.erl"},{line,193}]},
                         {test_server,ts_tc,3,
                             [{file,"test_server.erl"},{line,1429}]},
                         {test_server,run_test_case_eval1,6,
                             [{file,"test_server.erl"},{line,1026}]},
                         {test_server,run_test_case_eval,9,
                             [{file,"test_server.erl"},{line,968}]}]}, [{escalus_utils,
                                                                         make_jid,
                                                                         150},
                                                                        {escalus_connection,
                                                                         start,
                                                                         109},
                                                                        {connect_SUITE,
                                                                         pre_xmpp_1_0_stream,
                                                                         193},
                                                                        {test_server,
                                                                         ts_tc,
                                                                         1429},
                                                                        {test_server,
                                                                         run_test_case_eval1,
                                                                         1026},
                                                                        {test_server,
                                                                         run_test_case_eval,
                                                                         968}]
=== *** FAILED test case 7 of 27 ***
=case          connect_SUITE:end_per_group
=logfile       connect_suite.end_per_group.963326.214.html
=group_props   [{name,pre_xmpp_1_0}]
=started       2016-04-06 17:22:06
=ended         2016-04-06 17:22:06
=result        ok
=elapsed       1.0e-6
=group_time    0.054s
=case          connect_SUITE:init_per_group
=logfile       connect_suite.init_per_group.963326.245.html
=group_props   [{name,starttls}]
=started       2016-04-06 17:22:06
=ended         2016-04-06 17:22:12
=result        ok
=elapsed       5.923385
=case          connect_SUITE:should_pass_with_tlsv1
=logfile       connect_suite.should_pass_with_tlsv1.html
=started       2016-04-06 17:22:12
=ended         2016-04-06 17:22:12
=result        ok
=elapsed       0.24213
=case          connect_SUITE:'should_pass_with_tlsv1.1'
=logfile       connect_suite.'should_pass_with_tlsv1.1'.html
=started       2016-04-06 17:22:12
=ended         2016-04-06 17:22:12
=result        ok
=elapsed       0.239786
=case          connect_SUITE:'should_pass_with_tlsv1.2'
=logfile       connect_suite.'should_pass_with_tlsv1.2'.html
=started       2016-04-06 17:22:12
=ended         2016-04-06 17:22:13
=result        ok
=elapsed       0.241828
=case          connect_SUITE:should_fail_with_sslv3
=logfile       connect_suite.should_fail_with_sslv3.html
=started       2016-04-06 17:22:13
=ended         2016-04-06 17:22:13
=result        ok
=elapsed       0.02853
=case          connect_SUITE:should_fail_to_authenticate_without_starttls
=logfile       connect_suite.should_fail_to_authenticate_without_starttls.html
=started       2016-04-06 17:22:13
=ended         2016-04-06 17:22:13
=result        failed: {{badmatch,false},
                        [{escalus_utils,make_jid,1,
                             [{file,"src/escalus_utils.erl"},{line,150}]},
                         {escalus_connection,start,2,
                             [{file,"src/escalus_connection.erl"},{line,109}]},
                         {connect_SUITE,start_stream_with_compression,1,
                             [{file,"connect_SUITE.erl"},{line,533}]},
                         {connect_SUITE,
                             should_fail_to_authenticate_without_starttls,1,
                             [{file,"connect_SUITE.erl"},{line,232}]},
                         {test_server,ts_tc,3,
                             [{file,"test_server.erl"},{line,1429}]},
                         {test_server,run_test_case_eval1,6,
                             [{file,"test_server.erl"},{line,1026}]},
                         {test_server,run_test_case_eval,9,
                             [{file,"test_server.erl"},{line,968}]}]}, [{escalus_utils,
                                                                         make_jid,
                                                                         150},
                                                                        {escalus_connection,
                                                                         start,
                                                                         109},
                                                                        {connect_SUITE,
                                                                         start_stream_with_compression,
                                                                         533},
                                                                        {connect_SUITE,
                                                                         should_fail_to_authenticate_without_starttls,
                                                                         232},
                                                                        {test_server,
                                                                         ts_tc,
                                                                         1429},
                                                                        {test_server,
                                                                         run_test_case_eval1,
                                                                         1026},
                                                                        {test_server,
                                                                         run_test_case_eval,
                                                                         968}]
=== *** FAILED test case 12 of 27 ***
=case          connect_SUITE:should_not_send_other_features_with_starttls_required
=logfile       connect_suite.should_not_send_other_features_with_starttls_required.html
=started       2016-04-06 17:22:13
=ended         2016-04-06 17:22:13
=result        failed: {{badmatch,false},
                        [{escalus_utils,make_jid,1,
                             [{file,"src/escalus_utils.erl"},{line,150}]},
                         {escalus_connection,start,2,
                             [{file,"src/escalus_connection.erl"},{line,109}]},
                         {connect_SUITE,
                             should_not_send_other_features_with_starttls_required,
                             1,
                             [{file,"connect_SUITE.erl"},{line,249}]},
                         {test_server,ts_tc,3,
                             [{file,"test_server.erl"},{line,1429}]},
                         {test_server,run_test_case_eval1,6,
                             [{file,"test_server.erl"},{line,1026}]},
                         {test_server,run_test_case_eval,9,
                             [{file,"test_server.erl"},{line,968}]}]}, [{escalus_utils,
                                                                         make_jid,
                                                                         150},
                                                                        {escalus_connection,
                                                                         start,
                                                                         109},
                                                                        {connect_SUITE,
                                                                         should_not_send_other_features_with_starttls_required,
                                                                         249},
                                                                        {test_server,
                                                                         ts_tc,
                                                                         1429},
                                                                        {test_server,
                                                                         run_test_case_eval1,
                                                                         1026},
                                                                        {test_server,
                                                                         run_test_case_eval,
                                                                         968}]
=== *** FAILED test case 13 of 27 ***
=case          connect_SUITE:end_per_group
=logfile       connect_suite.end_per_group.963333.116.html
=group_props   [{name,starttls}]
=started       2016-04-06 17:22:13
=ended         2016-04-06 17:22:13
=result        ok
=elapsed       1.0e-6
=group_time    6.871s
=case          connect_SUITE:init_per_group
=logfile       connect_suite.init_per_group.963333.145.html
=group_props   [{name,feature_order},parallel]
=started       2016-04-06 17:22:13
=ended         2016-04-06 17:22:19
=result        ok
=elapsed       5.87833
=case          connect_SUITE:stream_features_test
=logfile       connect_suite.stream_features_test.963339.54.html
=started       2016-04-06 17:22:19
=ended         2016-04-06 17:22:19
=result        failed: {{badmatch,false},
                        [{escalus_utils,make_jid,1,
                             [{file,"src/escalus_utils.erl"},{line,150}]},
                         {escalus_connection,start,2,
                             [{file,"src/escalus_connection.erl"},{line,109}]},
                         {connect_SUITE,stream_features_test,1,
                             [{file,"connect_SUITE.erl"},{line,370}]},
                         {test_server,ts_tc,3,
                             [{file,"test_server.erl"},{line,1429}]},
                         {test_server,run_test_case_eval1,6,
                             [{file,"test_server.erl"},{line,1026}]},
                         {test_server,run_test_case_eval,9,
                             [{file,"test_server.erl"},{line,968}]}]}, [{escalus_utils,
                                                                         make_jid,
                                                                         150},
                                                                        {escalus_connection,
                                                                         start,
                                                                         109},
                                                                        {connect_SUITE,
                                                                         stream_features_test,
                                                                         370},
                                                                        {test_server,
                                                                         ts_tc,
                                                                         1429},
                                                                        {test_server,
                                                                         run_test_case_eval1,
                                                                         1026},
                                                                        {test_server,
                                                                         run_test_case_eval,
                                                                         968}]
=== *** FAILED test case 14 of 27 ***
=case          connect_SUITE:tls_authenticate
=logfile       connect_suite.tls_authenticate.963339.64.html
=started       2016-04-06 17:22:19
=ended         2016-04-06 17:22:19
=result        failed: {{badmatch,false},
                        [{escalus_utils,make_jid,1,
                             [{file,"src/escalus_utils.erl"},{line,150}]},
                         {escalus_connection,start,2,
                             [{file,"src/escalus_connection.erl"},{line,109}]},
                         {connect_SUITE,tls_authenticate,1,
                             [{file,"connect_SUITE.erl"},{line,432}]},
                         {test_server,ts_tc,3,
                             [{file,"test_server.erl"},{line,1429}]},
                         {test_server,run_test_case_eval1,6,
                             [{file,"test_server.erl"},{line,1026}]},
                         {test_server,run_test_case_eval,9,
                             [{file,"test_server.erl"},{line,968}]}]}, [{escalus_utils,
                                                                         make_jid,
                                                                         150},
                                                                        {escalus_connection,
                                                                         start,
                                                                         109},
                                                                        {connect_SUITE,
                                                                         tls_authenticate,
                                                                         432},
                                                                        {test_server,
                                                                         ts_tc,
                                                                         1429},
                                                                        {test_server,
                                                                         run_test_case_eval1,
                                                                         1026},
                                                                        {test_server,
                                                                         run_test_case_eval,
                                                                         968}]
=== *** FAILED test case 15 of 27 ***
=case          connect_SUITE:tls_compression_fail
=logfile       connect_suite.tls_compression_fail.963339.56.html
=started       2016-04-06 17:22:19
=ended         2016-04-06 17:22:19
=result        ok
=elapsed       0.146745
=case          connect_SUITE:tls_compression_authenticate_fail
=logfile       connect_suite.tls_compression_authenticate_fail.963339.62.html
=started       2016-04-06 17:22:19
=ended         2016-04-06 17:22:19
=result        ok
=elapsed       0.156726
=case          connect_SUITE:tls_authenticate_compression
=logfile       connect_suite.tls_authenticate_compression.963339.58.html
=started       2016-04-06 17:22:19
=ended         2016-04-06 17:22:19
=result        failed: {{badmatch,false},
                        [{escalus_utils,make_jid,1,
                             [{file,"src/escalus_utils.erl"},{line,150}]},
                         {escalus_connection,start,2,
                             [{file,"src/escalus_connection.erl"},{line,109}]},
                         {connect_SUITE,tls_authenticate_compression,1,
                             [{file,"connect_SUITE.erl"},{line,419}]},
                         {test_server,ts_tc,3,
                             [{file,"test_server.erl"},{line,1429}]},
                         {test_server,run_test_case_eval1,6,
                             [{file,"test_server.erl"},{line,1026}]},
                         {test_server,run_test_case_eval,9,
                             [{file,"test_server.erl"},{line,968}]}]}, [{escalus_utils,
                                                                         make_jid,
                                                                         150},
                                                                        {escalus_connection,
                                                                         start,
                                                                         109},
                                                                        {connect_SUITE,
                                                                         tls_authenticate_compression,
                                                                         419},
                                                                        {test_server,
                                                                         ts_tc,
                                                                         1429},
                                                                        {test_server,
                                                                         run_test_case_eval1,
                                                                         1026},
                                                                        {test_server,
                                                                         run_test_case_eval,
                                                                         968}]
=== *** FAILED test case 18 of 27 ***
=case          connect_SUITE:auth_compression_bind_session
=logfile       connect_suite.auth_compression_bind_session.963339.66.html
=started       2016-04-06 17:22:19
=ended         2016-04-06 17:22:19
=result        ok
=elapsed       0.342797
=case          connect_SUITE:auth_bind_compression_session
=logfile       connect_suite.auth_bind_compression_session.963339.60.html
=started       2016-04-06 17:22:19
=ended         2016-04-06 17:22:19
=result        ok
=elapsed       0.333654
=case          connect_SUITE:end_per_group
=logfile       connect_suite.end_per_group.963339.451.html
=group_props   [{name,feature_order},parallel]
=started       2016-04-06 17:22:19
=ended         2016-04-06 17:22:19
=result        ok
=elapsed       0.016313
=group_time    6.305s
=case          connect_SUITE:init_per_group
=logfile       connect_suite.init_per_group.963339.493.html
=group_props   [{name,tls}]
=started       2016-04-06 17:22:19
=ended         2016-04-06 17:22:25
=result        ok
=elapsed       5.849857
=case          connect_SUITE:should_pass_with_tlsv1
=logfile       connect_suite.should_pass_with_tlsv1.963345.373.html
=started       2016-04-06 17:22:25
=ended         2016-04-06 17:22:25
=result        ok
=elapsed       0.225105
=case          connect_SUITE:'should_pass_with_tlsv1.1'
=logfile       connect_suite.'should_pass_with_tlsv1.1'.963345.625.html
=started       2016-04-06 17:22:25
=ended         2016-04-06 17:22:25
=result        ok
=elapsed       0.221173
=case          connect_SUITE:'should_pass_with_tlsv1.2'
=logfile       connect_suite.'should_pass_with_tlsv1.2'.963345.872.html
=started       2016-04-06 17:22:25
=ended         2016-04-06 17:22:26
=result        ok
=elapsed       0.222394
=case          connect_SUITE:end_per_group
=logfile       connect_suite.end_per_group.963346.120.html
=group_props   [{name,tls}]
=started       2016-04-06 17:22:26
=ended         2016-04-06 17:22:26
=result        ok
=elapsed       1.0e-6
=group_time    6.627s
=case          connect_SUITE:init_per_group
=logfile       connect_suite.init_per_group.963346.150.html
=group_props   [{name,ciphers_default}]
=started       2016-04-06 17:22:26
=ended         2016-04-06 17:22:31
=result        ok
=elapsed       5.817544
=case          connect_SUITE:clients_can_connect_with_advertised_ciphers
=logfile       connect_suite.clients_can_connect_with_advertised_ciphers.html
=started       2016-04-06 17:22:31
=ended         2016-04-06 17:22:32
=result        ok
=elapsed       0.867246
=case          connect_SUITE:'clients_can_connect_with_DHE-RSA-AES256-SHA'
=logfile       connect_suite.'clients_can_connect_with_dhe-rsa-aes256-sha'.html
=started       2016-04-06 17:22:32
=ended         2016-04-06 17:22:33
=result        ok
=elapsed       0.846742
=case          connect_SUITE:'clients_can_connect_with_DHE-RSA-AES128-SHA'
=logfile       connect_suite.'clients_can_connect_with_dhe-rsa-aes128-sha'.html
=started       2016-04-06 17:22:33
=ended         2016-04-06 17:22:34
=result        ok
=elapsed       0.833157
=case          connect_SUITE:end_per_group
=logfile       connect_suite.end_per_group.963354.620.html
=group_props   [{name,ciphers_default}]
=started       2016-04-06 17:22:34
=ended         2016-04-06 17:22:34
=result        ok
=elapsed       1.0e-6
=group_time    8.471s
=case          connect_SUITE:init_per_group
=logfile       connect_suite.init_per_group.963354.648.html
=group_props   [{name,'node2_supports_DHE-RSA-AES256-SHA_only'}]
=started       2016-04-06 17:22:34
=ended         2016-04-06 17:22:34
=result        ok
=elapsed       1.0e-6
=case          connect_SUITE:'clients_can_connect_with_DHE-RSA-AES256-SHA_only'
=logfile       connect_suite.'clients_can_connect_with_dhe-rsa-aes256-sha_only'.html
=started       2016-04-06 17:22:34
=ended         2016-04-06 17:22:35
=result        ok
=elapsed       0.757308
=case          connect_SUITE:end_per_group
=logfile       connect_suite.end_per_group.963355.459.html
=group_props   [{name,'node2_supports_DHE-RSA-AES256-SHA_only'}]
=started       2016-04-06 17:22:35
=ended         2016-04-06 17:22:35
=result        ok
=elapsed       1.0e-6
=group_time    0.811s
=case          connect_SUITE:end_per_suite
=logfile       connect_suite.end_per_suite.html
=started       2016-04-06 17:22:35
=ended         2016-04-06 17:22:42
=result        ok
=elapsed       7.313142
=group_time    29.665s
=== TEST COMPLETE, 15 ok, 12 failed of 27 test cases

=finished      2016-04-06 17:22:42
=failed        12
=successful    15
=user_skipped  0
=auto_skipped  0
