=== Suite started at 2016-04-06 17:57:55
=== Starting test, 14 test cases
=cases         14
=user          travis
=host          testing-gce-402bb558-83e9-406b-b92a-ce1af48dc89b
=hosts         testing-gce-402bb558-83e9-406b-b92a-ce1af48dc89b 
=emulator_vsn  6.4
=emulator      beam
=otp_release   17
=started       2016-04-06 17:57:55
=case          component_SUITE:init_per_suite
=logfile       component_suite.init_per_suite.html
=started       2016-04-06 17:57:55
=ended         2016-04-06 17:57:55
=result        ok
=elapsed       0.002265
=case          component_SUITE:init_per_group
=logfile       component_suite.init_per_group.html
=group_props   [{name,xep0114_tcp}]
=started       2016-04-06 17:57:55
=ended         2016-04-06 17:57:55
=result        ok
=elapsed       0.014852
=case          component_SUITE:register_one_component
=logfile       component_suite.register_one_component.html
=started       2016-04-06 17:57:55
=ended         2016-04-06 17:57:55
=result        failed: {{badmatch,false},
                        [{escalus_utils,make_jid,1,
                             [{file,"src/escalus_utils.erl"},{line,148}]},
                         {escalus_connection,start,2,
                             [{file,"src/escalus_connection.erl"},{line,109}]},
                         {component_SUITE,connect_component,2,
                             [{file,"component_SUITE.erl"},{line,357}]},
                         {component_SUITE,register_one_component,1,
                             [{file,"component_SUITE.erl"},{line,115}]},
                         {test_server,ts_tc,3,
                             [{file,"test_server.erl"},{line,1429}]},
                         {test_server,run_test_case_eval1,6,
                             [{file,"test_server.erl"},{line,1026}]},
                         {test_server,run_test_case_eval,9,
                             [{file,"test_server.erl"},{line,968}]}]}, [{escalus_utils,
                                                                         make_jid,
                                                                         148},
                                                                        {escalus_connection,
                                                                         start,
                                                                         109},
                                                                        {component_SUITE,
                                                                         connect_component,
                                                                         357},
                                                                        {component_SUITE,
                                                                         register_one_component,
                                                                         115},
                                                                        {test_server,
                                                                         ts_tc,
                                                                         1429},
                                                                        {test_server,
                                                                         run_test_case_eval1,
                                                                         1026},
                                                                        {test_server,
                                                                         run_test_case_eval,
                                                                         968}]
=== *** FAILED test case 1 of 14 ***
=case          component_SUITE:register_two_components
=logfile       component_suite.register_two_components.html
=started       2016-04-06 17:57:55
=ended         2016-04-06 17:57:55
=result        failed: {{badmatch,false},
                        [{escalus_utils,make_jid,1,
                             [{file,"src/escalus_utils.erl"},{line,148}]},
                         {escalus_connection,start,2,
                             [{file,"src/escalus_connection.erl"},{line,109}]},
                         {component_SUITE,connect_component,2,
                             [{file,"component_SUITE.erl"},{line,357}]},
                         {component_SUITE,register_two_components,1,
                             [{file,"component_SUITE.erl"},{line,141}]},
                         {test_server,ts_tc,3,
                             [{file,"test_server.erl"},{line,1429}]},
                         {test_server,run_test_case_eval1,6,
                             [{file,"test_server.erl"},{line,1026}]},
                         {test_server,run_test_case_eval,9,
                             [{file,"test_server.erl"},{line,968}]}]}, [{escalus_utils,
                                                                         make_jid,
                                                                         148},
                                                                        {escalus_connection,
                                                                         start,
                                                                         109},
                                                                        {component_SUITE,
                                                                         connect_component,
                                                                         357},
                                                                        {component_SUITE,
                                                                         register_two_components,
                                                                         141},
                                                                        {test_server,
                                                                         ts_tc,
                                                                         1429},
                                                                        {test_server,
                                                                         run_test_case_eval1,
                                                                         1026},
                                                                        {test_server,
                                                                         run_test_case_eval,
                                                                         968}]
=== *** FAILED test case 2 of 14 ***
=case          component_SUITE:try_registering_with_wrong_password
=logfile       component_suite.try_registering_with_wrong_password.html
=started       2016-04-06 17:57:55
=ended         2016-04-06 17:57:55
=result        ok
=elapsed       0.003348
=case          component_SUITE:try_registering_component_twice
=logfile       component_suite.try_registering_component_twice.html
=started       2016-04-06 17:57:55
=ended         2016-04-06 17:57:55
=result        failed: {{badmatch,false},
                        [{escalus_utils,make_jid,1,
                             [{file,"src/escalus_utils.erl"},{line,148}]},
                         {escalus_connection,start,2,
                             [{file,"src/escalus_connection.erl"},{line,109}]},
                         {component_SUITE,connect_component,2,
                             [{file,"component_SUITE.erl"},{line,357}]},
                         {component_SUITE,try_registering_component_twice,1,
                             [{file,"component_SUITE.erl"},{line,198}]},
                         {test_server,ts_tc,3,
                             [{file,"test_server.erl"},{line,1429}]},
                         {test_server,run_test_case_eval1,6,
                             [{file,"test_server.erl"},{line,1026}]},
                         {test_server,run_test_case_eval,9,
                             [{file,"test_server.erl"},{line,968}]}]}, [{escalus_utils,
                                                                         make_jid,
                                                                         148},
                                                                        {escalus_connection,
                                                                         start,
                                                                         109},
                                                                        {component_SUITE,
                                                                         connect_component,
                                                                         357},
                                                                        {component_SUITE,
                                                                         try_registering_component_twice,
                                                                         198},
                                                                        {test_server,
                                                                         ts_tc,
                                                                         1429},
                                                                        {test_server,
                                                                         run_test_case_eval1,
                                                                         1026},
                                                                        {test_server,
                                                                         run_test_case_eval,
                                                                         968}]
=== *** FAILED test case 4 of 14 ***
=case          component_SUITE:try_registering_existing_host
=logfile       component_suite.try_registering_existing_host.html
=started       2016-04-06 17:57:55
=ended         2016-04-06 17:57:55
=result        ok
=elapsed       0.006849
=case          component_SUITE:disco_components
=logfile       component_suite.disco_components.html
=started       2016-04-06 17:57:55
=ended         2016-04-06 17:57:55
=result        failed: {{badmatch,false},
                        [{escalus_utils,make_jid,1,
                             [{file,"src/escalus_utils.erl"},{line,148}]},
                         {escalus_connection,start,2,
                             [{file,"src/escalus_connection.erl"},{line,109}]},
                         {component_SUITE,connect_component,2,
                             [{file,"component_SUITE.erl"},{line,357}]},
                         {component_SUITE,disco_components,1,
                             [{file,"component_SUITE.erl"},{line,230}]},
                         {test_server,ts_tc,3,
                             [{file,"test_server.erl"},{line,1429}]},
                         {test_server,run_test_case_eval1,6,
                             [{file,"test_server.erl"},{line,1026}]},
                         {test_server,run_test_case_eval,9,
                             [{file,"test_server.erl"},{line,968}]}]}, [{escalus_utils,
                                                                         make_jid,
                                                                         148},
                                                                        {escalus_connection,
                                                                         start,
                                                                         109},
                                                                        {component_SUITE,
                                                                         connect_component,
                                                                         357},
                                                                        {component_SUITE,
                                                                         disco_components,
                                                                         230},
                                                                        {test_server,
                                                                         ts_tc,
                                                                         1429},
                                                                        {test_server,
                                                                         run_test_case_eval1,
                                                                         1026},
                                                                        {test_server,
                                                                         run_test_case_eval,
                                                                         968}]
=== *** FAILED test case 6 of 14 ***
=case          component_SUITE:end_per_group
=logfile       component_suite.end_per_group.html
=group_props   [{name,xep0114_tcp}]
=started       2016-04-06 17:57:55
=ended         2016-04-06 17:57:55
=result        ok
=elapsed       0.057784
=group_time    0.230s
=case          component_SUITE:init_per_group
=logfile       component_suite.init_per_group.965475.941.html
=group_props   [{name,xep0114_ws}]
=started       2016-04-06 17:57:55
=ended         2016-04-06 17:57:55
=result        ok
=elapsed       0.012641
=case          component_SUITE:register_one_component
=logfile       component_suite.register_one_component.965475.981.html
=started       2016-04-06 17:57:55
=ended         2016-04-06 17:57:56
=result        failed: {{badmatch,false},
                        [{escalus_utils,make_jid,1,
                             [{file,"src/escalus_utils.erl"},{line,148}]},
                         {escalus_connection,start,2,
                             [{file,"src/escalus_connection.erl"},{line,109}]},
                         {component_SUITE,connect_component,2,
                             [{file,"component_SUITE.erl"},{line,357}]},
                         {component_SUITE,register_one_component,1,
                             [{file,"component_SUITE.erl"},{line,115}]},
                         {test_server,ts_tc,3,
                             [{file,"test_server.erl"},{line,1429}]},
                         {test_server,run_test_case_eval1,6,
                             [{file,"test_server.erl"},{line,1026}]},
                         {test_server,run_test_case_eval,9,
                             [{file,"test_server.erl"},{line,968}]}]}, [{escalus_utils,
                                                                         make_jid,
                                                                         148},
                                                                        {escalus_connection,
                                                                         start,
                                                                         109},
                                                                        {component_SUITE,
                                                                         connect_component,
                                                                         357},
                                                                        {component_SUITE,
                                                                         register_one_component,
                                                                         115},
                                                                        {test_server,
                                                                         ts_tc,
                                                                         1429},
                                                                        {test_server,
                                                                         run_test_case_eval1,
                                                                         1026},
                                                                        {test_server,
                                                                         run_test_case_eval,
                                                                         968}]
=== *** FAILED test case 7 of 14 ***
=case          component_SUITE:register_two_components
=logfile       component_suite.register_two_components.965476.16.html
=started       2016-04-06 17:57:56
=ended         2016-04-06 17:57:56
=result        failed: {{badmatch,false},
                        [{escalus_utils,make_jid,1,
                             [{file,"src/escalus_utils.erl"},{line,148}]},
                         {escalus_connection,start,2,
                             [{file,"src/escalus_connection.erl"},{line,109}]},
                         {component_SUITE,connect_component,2,
                             [{file,"component_SUITE.erl"},{line,357}]},
                         {component_SUITE,register_two_components,1,
                             [{file,"component_SUITE.erl"},{line,141}]},
                         {test_server,ts_tc,3,
                             [{file,"test_server.erl"},{line,1429}]},
                         {test_server,run_test_case_eval1,6,
                             [{file,"test_server.erl"},{line,1026}]},
                         {test_server,run_test_case_eval,9,
                             [{file,"test_server.erl"},{line,968}]}]}, [{escalus_utils,
                                                                         make_jid,
                                                                         148},
                                                                        {escalus_connection,
                                                                         start,
                                                                         109},
                                                                        {component_SUITE,
                                                                         connect_component,
                                                                         357},
                                                                        {component_SUITE,
                                                                         register_two_components,
                                                                         141},
                                                                        {test_server,
                                                                         ts_tc,
                                                                         1429},
                                                                        {test_server,
                                                                         run_test_case_eval1,
                                                                         1026},
                                                                        {test_server,
                                                                         run_test_case_eval,
                                                                         968}]
=== *** FAILED test case 8 of 14 ***
=case          component_SUITE:try_registering_with_wrong_password
=logfile       component_suite.try_registering_with_wrong_password.965476.51.html
=started       2016-04-06 17:57:56
=ended         2016-04-06 17:57:56
=result        ok
=elapsed       0.003067
=case          component_SUITE:try_registering_component_twice
=logfile       component_suite.try_registering_component_twice.965476.81.html
=started       2016-04-06 17:57:56
=ended         2016-04-06 17:57:56
=result        failed: {{badmatch,false},
                        [{escalus_utils,make_jid,1,
                             [{file,"src/escalus_utils.erl"},{line,148}]},
                         {escalus_connection,start,2,
                             [{file,"src/escalus_connection.erl"},{line,109}]},
                         {component_SUITE,connect_component,2,
                             [{file,"component_SUITE.erl"},{line,357}]},
                         {component_SUITE,try_registering_component_twice,1,
                             [{file,"component_SUITE.erl"},{line,198}]},
                         {test_server,ts_tc,3,
                             [{file,"test_server.erl"},{line,1429}]},
                         {test_server,run_test_case_eval1,6,
                             [{file,"test_server.erl"},{line,1026}]},
                         {test_server,run_test_case_eval,9,
                             [{file,"test_server.erl"},{line,968}]}]}, [{escalus_utils,
                                                                         make_jid,
                                                                         148},
                                                                        {escalus_connection,
                                                                         start,
                                                                         109},
                                                                        {component_SUITE,
                                                                         connect_component,
                                                                         357},
                                                                        {component_SUITE,
                                                                         try_registering_component_twice,
                                                                         198},
                                                                        {test_server,
                                                                         ts_tc,
                                                                         1429},
                                                                        {test_server,
                                                                         run_test_case_eval1,
                                                                         1026},
                                                                        {test_server,
                                                                         run_test_case_eval,
                                                                         968}]
=== *** FAILED test case 10 of 14 ***
=case          component_SUITE:try_registering_existing_host
=logfile       component_suite.try_registering_existing_host.965476.114.html
=started       2016-04-06 17:57:56
=ended         2016-04-06 17:57:56
=result        ok
=elapsed       0.005227
=case          component_SUITE:disco_components
=logfile       component_suite.disco_components.965476.146.html
=started       2016-04-06 17:57:56
=ended         2016-04-06 17:57:56
=result        failed: {{badmatch,false},
                        [{escalus_utils,make_jid,1,
                             [{file,"src/escalus_utils.erl"},{line,148}]},
                         {escalus_connection,start,2,
                             [{file,"src/escalus_connection.erl"},{line,109}]},
                         {component_SUITE,connect_component,2,
                             [{file,"component_SUITE.erl"},{line,357}]},
                         {component_SUITE,disco_components,1,
                             [{file,"component_SUITE.erl"},{line,230}]},
                         {test_server,ts_tc,3,
                             [{file,"test_server.erl"},{line,1429}]},
                         {test_server,run_test_case_eval1,6,
                             [{file,"test_server.erl"},{line,1026}]},
                         {test_server,run_test_case_eval,9,
                             [{file,"test_server.erl"},{line,968}]}]}, [{escalus_utils,
                                                                         make_jid,
                                                                         148},
                                                                        {escalus_connection,
                                                                         start,
                                                                         109},
                                                                        {component_SUITE,
                                                                         connect_component,
                                                                         357},
                                                                        {component_SUITE,
                                                                         disco_components,
                                                                         230},
                                                                        {test_server,
                                                                         ts_tc,
                                                                         1429},
                                                                        {test_server,
                                                                         run_test_case_eval1,
                                                                         1026},
                                                                        {test_server,
                                                                         run_test_case_eval,
                                                                         968}]
=== *** FAILED test case 12 of 14 ***
=case          component_SUITE:end_per_group
=logfile       component_suite.end_per_group.965476.184.html
=group_props   [{name,xep0114_ws}]
=started       2016-04-06 17:57:56
=ended         2016-04-06 17:57:56
=result        ok
=elapsed       0.05246
=group_time    0.243s
=case          component_SUITE:init_per_group
=logfile       component_suite.init_per_group.965476.264.html
=group_props   [{name,subdomain}]
=started       2016-04-06 17:57:56
=ended         2016-04-06 17:57:56
=result        ok
=elapsed       0.696046
=case          component_SUITE:register_subdomain
=logfile       component_suite.register_subdomain.html
=started       2016-04-06 17:57:56
=ended         2016-04-06 17:57:57
=result        failed: {{badmatch,false},
                        [{escalus_utils,make_jid,1,
                             [{file,"src/escalus_utils.erl"},{line,148}]},
                         {escalus_connection,start,2,
                             [{file,"src/escalus_connection.erl"},{line,109}]},
                         {component_SUITE,connect_component,2,
                             [{file,"component_SUITE.erl"},{line,357}]},
                         {component_SUITE,register_subdomain,1,
                             [{file,"component_SUITE.erl"},{line,251}]},
                         {test_server,ts_tc,3,
                             [{file,"test_server.erl"},{line,1429}]},
                         {test_server,run_test_case_eval1,6,
                             [{file,"test_server.erl"},{line,1026}]},
                         {test_server,run_test_case_eval,9,
                             [{file,"test_server.erl"},{line,968}]}]}, [{escalus_utils,
                                                                         make_jid,
                                                                         148},
                                                                        {escalus_connection,
                                                                         start,
                                                                         109},
                                                                        {component_SUITE,
                                                                         connect_component,
                                                                         357},
                                                                        {component_SUITE,
                                                                         register_subdomain,
                                                                         251},
                                                                        {test_server,
                                                                         ts_tc,
                                                                         1429},
                                                                        {test_server,
                                                                         run_test_case_eval1,
                                                                         1026},
                                                                        {test_server,
                                                                         run_test_case_eval,
                                                                         968}]
=== *** FAILED test case 13 of 14 ***
=case          component_SUITE:end_per_group
=logfile       component_suite.end_per_group.965477.19.html
=group_props   [{name,subdomain}]
=started       2016-04-06 17:57:57
=ended         2016-04-06 17:58:03
=result        ok
=elapsed       6.525436
=group_time    0.755s
=case          component_SUITE:init_per_group
=logfile       component_suite.init_per_group.965483.576.html
=group_props   [{name,distributed}]
=started       2016-04-06 17:58:03
=ended         2016-04-06 17:58:10
=result        ok
=elapsed       6.790342
=case          component_SUITE:register_in_cluster
=logfile       component_suite.register_in_cluster.html
=started       2016-04-06 17:58:10
=ended         2016-04-06 17:58:10
=result        failed: {{badmatch,false},
                        [{escalus_utils,make_jid,1,
                             [{file,"src/escalus_utils.erl"},{line,148}]},
                         {escalus_connection,start,2,
                             [{file,"src/escalus_connection.erl"},{line,109}]},
                         {component_SUITE,connect_component,2,
                             [{file,"component_SUITE.erl"},{line,357}]},
                         {component_SUITE,register_in_cluster,1,
                             [{file,"component_SUITE.erl"},{line,283}]},
                         {test_server,ts_tc,3,
                             [{file,"test_server.erl"},{line,1429}]},
                         {test_server,run_test_case_eval1,6,
                             [{file,"test_server.erl"},{line,1026}]},
                         {test_server,run_test_case_eval,9,
                             [{file,"test_server.erl"},{line,968}]}]}, [{escalus_utils,
                                                                         make_jid,
                                                                         148},
                                                                        {escalus_connection,
                                                                         start,
                                                                         109},
                                                                        {component_SUITE,
                                                                         connect_component,
                                                                         357},
                                                                        {component_SUITE,
                                                                         register_in_cluster,
                                                                         283},
                                                                        {test_server,
                                                                         ts_tc,
                                                                         1429},
                                                                        {test_server,
                                                                         run_test_case_eval1,
                                                                         1026},
                                                                        {test_server,
                                                                         run_test_case_eval,
                                                                         968}]
=== *** FAILED test case 14 of 14 ***
=case          component_SUITE:end_per_group
=logfile       component_suite.end_per_group.965490.431.html
=group_props   [{name,distributed}]
=started       2016-04-06 17:58:10
=ended         2016-04-06 17:58:17
=result        ok
=elapsed       6.750803
=group_time    6.855s
=case          component_SUITE:end_per_suite
=logfile       component_suite.end_per_suite.html
=started       2016-04-06 17:58:17
=ended         2016-04-06 17:58:17
=result        ok
=elapsed       0.001886
=group_time    21.633s
=== TEST COMPLETE, 4 ok, 10 failed of 14 test cases

=finished      2016-04-06 17:58:17
=failed        10
=successful    4
=user_skipped  0
=auto_skipped  0
