=== Suite started at 2016-03-17 15:11:23
=== Starting test, 5 test cases
=cases         5
=user          travis
=host          testing-gce-a819c1c9-f341-4ca2-8257-8f95852133aa
=hosts         testing-gce-a819c1c9-f341-4ca2-8257-8f95852133aa 
=emulator_vsn  7.1
=emulator      beam
=otp_release   18
=started       2016-03-17 15:11:23
=case          metrics_session_SUITE:init_per_suite
=logfile       metrics_session_suite.init_per_suite.html
=started       2016-03-17 15:11:23
=ended         2016-03-17 15:11:23
=result        ok
=elapsed       0.002588
=case          metrics_session_SUITE:init_per_group
=logfile       metrics_session_suite.init_per_group.html
=group_props   [{name,session},sequence]
=started       2016-03-17 15:11:23
=ended         2016-03-17 15:11:24
=result        failed: {function_clause,
                           [{escalus_users,
                                '-create_users_via_xmpp/2-lc$^0/1-0-',
                                [{by_name,[alice,bob]}],
                                [{file,"src/escalus_users.erl"},{line,99}]},
                            {escalus_users,create_users_via_xmpp,2,
                                [{file,"src/escalus_users.erl"},{line,99}]},
                            {test_server,ts_tc,3,
                                [{file,"test_server.erl"},{line,1408}]},
                            {test_server,run_test_case_eval1,6,
                                [{file,"test_server.erl"},{line,1057}]},
                            {test_server,run_test_case_eval,9,
                                [{file,"test_server.erl"},{line,926}]}]}, [{escalus_users,
                                                                            '-create_users_via_xmpp/2-lc$^0/1-0-',
                                                                            99},
                                                                           {escalus_users,
                                                                            create_users_via_xmpp,
                                                                            99},
                                                                           {test_server,
                                                                            ts_tc,
                                                                            1408},
                                                                           {test_server,
                                                                            run_test_case_eval1,
                                                                            1057},
                                                                           {test_server,
                                                                            run_test_case_eval,
                                                                            926}]
=== *** FAILED {metrics_session_SUITE,init_per_group} ***
=== 
=case          metrics_session_SUITE:login_one
=group_props   [{name,"session"}]
=started       2016-03-17 15:11:24
=result        auto_skipped: init_per_group failed
=== *** Skipping test case #1 {metrics_session_SUITE,login_one} ***
=== 
=case          metrics_session_SUITE:login_many
=group_props   [{name,"session"}]
=started       2016-03-17 15:11:24
=result        auto_skipped: init_per_group failed
=== *** Skipping test case #2 {metrics_session_SUITE,login_many} ***
=== 
=case          metrics_session_SUITE:auth_failed
=group_props   [{name,"session"}]
=started       2016-03-17 15:11:24
=result        auto_skipped: init_per_group failed
=== *** Skipping test case #3 {metrics_session_SUITE,auth_failed} ***
=== 
=case          metrics_session_SUITE:end_per_group
=group_props   [{name,"session"}]
=started       2016-03-17 15:11:24
=result        auto_skipped: init_per_group failed
=== *** Skipping {metrics_session_SUITE,end_per_group} ***
=case          metrics_session_SUITE:init_per_group
=logfile       metrics_session_suite.init_per_group.810.html
=group_props   [{name,session_global},sequence]
=started       2016-03-17 15:11:24
=ended         2016-03-17 15:11:24
=result        failed: {function_clause,
                           [{escalus_users,
                                '-create_users_via_xmpp/2-lc$^0/1-0-',
                                [{by_name,[alice,bob]}],
                                [{file,"src/escalus_users.erl"},{line,99}]},
                            {escalus_users,create_users_via_xmpp,2,
                                [{file,"src/escalus_users.erl"},{line,99}]},
                            {test_server,ts_tc,3,
                                [{file,"test_server.erl"},{line,1408}]},
                            {test_server,run_test_case_eval1,6,
                                [{file,"test_server.erl"},{line,1057}]},
                            {test_server,run_test_case_eval,9,
                                [{file,"test_server.erl"},{line,926}]}]}, [{escalus_users,
                                                                            '-create_users_via_xmpp/2-lc$^0/1-0-',
                                                                            99},
                                                                           {escalus_users,
                                                                            create_users_via_xmpp,
                                                                            99},
                                                                           {test_server,
                                                                            ts_tc,
                                                                            1408},
                                                                           {test_server,
                                                                            run_test_case_eval1,
                                                                            1057},
                                                                           {test_server,
                                                                            run_test_case_eval,
                                                                            926}]
=== *** FAILED {metrics_session_SUITE,init_per_group} ***
=== 
=case          metrics_session_SUITE:session_global
=group_props   [{name,"session_global"}]
=started       2016-03-17 15:11:24
=result        auto_skipped: init_per_group failed
=== *** Skipping test case #4 {metrics_session_SUITE,session_global} ***
=== 
=case          metrics_session_SUITE:session_unique
=group_props   [{name,"session_global"}]
=started       2016-03-17 15:11:24
=result        auto_skipped: init_per_group failed
=== *** Skipping test case #5 {metrics_session_SUITE,session_unique} ***
=== 
=case          metrics_session_SUITE:end_per_group
=group_props   [{name,"session_global"}]
=started       2016-03-17 15:11:24
=result        auto_skipped: init_per_group failed
=== *** Skipping {metrics_session_SUITE,end_per_group} ***
=case          metrics_session_SUITE:end_per_suite
=logfile       metrics_session_suite.end_per_suite.html
=started       2016-03-17 15:11:24
=ended         2016-03-17 15:11:24
=result        ok
=elapsed       0.001151
=group_time    0.117s
=== TEST COMPLETE, 0 ok, 0 failed, 5 skipped of 5 test cases

=finished      2016-03-17 15:11:24
=failed        0
=successful    0
=user_skipped  0
=auto_skipped  5
