=== Suite started at 2016-04-06 19:16:41
=== Starting test, 27 test cases
=cases         27
=user          travis
=host          testing-gce-4119d237-0c2b-446e-a5c5-db9cac82a933
=hosts         testing-gce-4119d237-0c2b-446e-a5c5-db9cac82a933 
=emulator_vsn  5.10.4
=emulator      beam
=otp_release   R16B03
=started       2016-04-06 19:16:41
=case          connect_SUITE:init_per_suite
=logfile       connect_suite.init_per_suite.html
=started       2016-04-06 19:16:41
=ended         2016-04-06 19:16:41
=result        ok
=elapsed       0.007899
=case          connect_SUITE:init_per_group
=logfile       connect_suite.init_per_group.html
=group_props   [{name,c2s_noproc}]
=started       2016-04-06 19:16:41
=ended         2016-04-06 19:16:41
=result        ok
=elapsed       1.0e-6
=case          connect_SUITE:reset_stream_noproc
=logfile       connect_suite.reset_stream_noproc.html
=started       2016-04-06 19:16:41
=ended         2016-04-06 19:16:41
=result        failed: {{badmatch,false},
                        [{escalus_utils,make_jid,1,
                             [{file,"src/escalus_utils.erl"},{line,150}]},
                         {escalus_connection,start,2,
                             [{file,"src/escalus_connection.erl"},{line,109}]},
                         {connect_SUITE,reset_stream_noproc,1,
                             [{file,"connect_SUITE.erl"},{line,280}]},
                         {test_server,ts_tc,3,
                             [{file,"test_server.erl"},{line,1360}]},
                         {test_server,run_test_case_eval1,6,
                             [{file,"test_server.erl"},{line,977}]},
                         {test_server,run_test_case_eval,9,
                             [{file,"test_server.erl"},{line,925}]}]}, [{escalus_utils,
                                                                         make_jid,
                                                                         150},
                                                                        {escalus_connection,
                                                                         start,
                                                                         109},
                                                                        {connect_SUITE,
                                                                         reset_stream_noproc,
                                                                         280},
                                                                        {test_server,
                                                                         ts_tc,
                                                                         1360},
                                                                        {test_server,
                                                                         run_test_case_eval1,
                                                                         977},
                                                                        {test_server,
                                                                         run_test_case_eval,
                                                                         925}]
=== *** FAILED test case 1 of 27 ***
=case          connect_SUITE:starttls_noproc
=logfile       connect_suite.starttls_noproc.html
=started       2016-04-06 19:16:41
=ended         2016-04-06 19:16:41
=result        failed: {{badmatch,false},
                        [{escalus_utils,make_jid,1,
                             [{file,"src/escalus_utils.erl"},{line,150}]},
                         {escalus_connection,start,2,
                             [{file,"src/escalus_connection.erl"},{line,109}]},
                         {connect_SUITE,starttls_noproc,1,
                             [{file,"connect_SUITE.erl"},{line,310}]},
                         {test_server,ts_tc,3,
                             [{file,"test_server.erl"},{line,1360}]},
                         {test_server,run_test_case_eval1,6,
                             [{file,"test_server.erl"},{line,977}]},
                         {test_server,run_test_case_eval,9,
                             [{file,"test_server.erl"},{line,925}]}]}, [{escalus_utils,
                                                                         make_jid,
                                                                         150},
                                                                        {escalus_connection,
                                                                         start,
                                                                         109},
                                                                        {connect_SUITE,
                                                                         starttls_noproc,
                                                                         310},
                                                                        {test_server,
                                                                         ts_tc,
                                                                         1360},
                                                                        {test_server,
                                                                         run_test_case_eval1,
                                                                         977},
                                                                        {test_server,
                                                                         run_test_case_eval,
                                                                         925}]
=== *** FAILED test case 2 of 27 ***
=case          connect_SUITE:compress_noproc
=logfile       connect_suite.compress_noproc.html
=started       2016-04-06 19:16:41
=ended         2016-04-06 19:16:41
=result        failed: {{badmatch,false},
                        [{escalus_utils,make_jid,1,
                             [{file,"src/escalus_utils.erl"},{line,150}]},
                         {escalus_connection,start,2,
                             [{file,"src/escalus_connection.erl"},{line,109}]},
                         {connect_SUITE,compress_noproc,1,
                             [{file,"connect_SUITE.erl"},{line,340}]},
                         {test_server,ts_tc,3,
                             [{file,"test_server.erl"},{line,1360}]},
                         {test_server,run_test_case_eval1,6,
                             [{file,"test_server.erl"},{line,977}]},
                         {test_server,run_test_case_eval,9,
                             [{file,"test_server.erl"},{line,925}]}]}, [{escalus_utils,
                                                                         make_jid,
                                                                         150},
                                                                        {escalus_connection,
                                                                         start,
                                                                         109},
                                                                        {connect_SUITE,
                                                                         compress_noproc,
                                                                         340},
                                                                        {test_server,
                                                                         ts_tc,
                                                                         1360},
                                                                        {test_server,
                                                                         run_test_case_eval1,
                                                                         977},
                                                                        {test_server,
                                                                         run_test_case_eval,
                                                                         925}]
=== *** FAILED test case 3 of 27 ***
=case          connect_SUITE:end_per_group
=logfile       connect_suite.end_per_group.html
=group_props   [{name,c2s_noproc}]
=started       2016-04-06 19:16:41
=ended         2016-04-06 19:16:41
=result        ok
=elapsed       1.0e-6
=group_time    0.115s
=case          connect_SUITE:init_per_group
=logfile       connect_suite.init_per_group.970201.729.html
=group_props   [{name,negative}]
=started       2016-04-06 19:16:41
=ended         2016-04-06 19:16:41
=result        ok
=elapsed       1.0e-6
=case          connect_SUITE:bad_xml
=logfile       connect_suite.bad_xml.html
=started       2016-04-06 19:16:41
=ended         2016-04-06 19:16:41
=result        failed: {{badmatch,false},
                        [{escalus_utils,make_jid,1,
                             [{file,"src/escalus_utils.erl"},{line,150}]},
                         {escalus_connection,start,2,
                             [{file,"src/escalus_connection.erl"},{line,109}]},
                         {connect_SUITE,connect_with_bad_xml,1,
                             [{file,"connect_SUITE.erl"},{line,547}]},
                         {connect_SUITE,bad_xml,1,
                             [{file,"connect_SUITE.erl"},{line,154}]},
                         {test_server,ts_tc,3,
                             [{file,"test_server.erl"},{line,1360}]},
                         {test_server,run_test_case_eval1,6,
                             [{file,"test_server.erl"},{line,977}]},
                         {test_server,run_test_case_eval,9,
                             [{file,"test_server.erl"},{line,925}]}]}, [{escalus_utils,
                                                                         make_jid,
                                                                         150},
                                                                        {escalus_connection,
                                                                         start,
                                                                         109},
                                                                        {connect_SUITE,
                                                                         connect_with_bad_xml,
                                                                         547},
                                                                        {connect_SUITE,
                                                                         bad_xml,
                                                                         154},
                                                                        {test_server,
                                                                         ts_tc,
                                                                         1360},
                                                                        {test_server,
                                                                         run_test_case_eval1,
                                                                         977},
                                                                        {test_server,
                                                                         run_test_case_eval,
                                                                         925}]
=== *** FAILED test case 4 of 27 ***
=case          connect_SUITE:invalid_host
=logfile       connect_suite.invalid_host.html
=started       2016-04-06 19:16:41
=ended         2016-04-06 19:16:41
=result        failed: {{badmatch,false},
                        [{escalus_utils,make_jid,1,
                             [{file,"src/escalus_utils.erl"},{line,150}]},
                         {escalus_connection,start,2,
                             [{file,"src/escalus_connection.erl"},{line,109}]},
                         {connect_SUITE,connect_to_invalid_host,1,
                             [{file,"connect_SUITE.erl"},{line,538}]},
                         {connect_SUITE,invalid_host,1,
                             [{file,"connect_SUITE.erl"},{line,166}]},
                         {test_server,ts_tc,3,
                             [{file,"test_server.erl"},{line,1360}]},
                         {test_server,run_test_case_eval1,6,
                             [{file,"test_server.erl"},{line,977}]},
                         {test_server,run_test_case_eval,9,
                             [{file,"test_server.erl"},{line,925}]}]}, [{escalus_utils,
                                                                         make_jid,
                                                                         150},
                                                                        {escalus_connection,
                                                                         start,
                                                                         109},
                                                                        {connect_SUITE,
                                                                         connect_to_invalid_host,
                                                                         538},
                                                                        {connect_SUITE,
                                                                         invalid_host,
                                                                         166},
                                                                        {test_server,
                                                                         ts_tc,
                                                                         1360},
                                                                        {test_server,
                                                                         run_test_case_eval1,
                                                                         977},
                                                                        {test_server,
                                                                         run_test_case_eval,
                                                                         925}]
=== *** FAILED test case 5 of 27 ***
=case          connect_SUITE:invalid_stream_namespace
=logfile       connect_suite.invalid_stream_namespace.html
=started       2016-04-06 19:16:41
=ended         2016-04-06 19:16:41
=result        failed: {{badmatch,false},
                        [{escalus_utils,make_jid,1,
                             [{file,"src/escalus_utils.erl"},{line,150}]},
                         {escalus_connection,start,2,
                             [{file,"src/escalus_connection.erl"},{line,109}]},
                         {connect_SUITE,
                             connect_with_invalid_stream_namespace,1,
                             [{file,"connect_SUITE.erl"},{line,560}]},
                         {connect_SUITE,invalid_stream_namespace,1,
                             [{file,"connect_SUITE.erl"},{line,178}]},
                         {test_server,ts_tc,3,
                             [{file,"test_server.erl"},{line,1360}]},
                         {test_server,run_test_case_eval1,6,
                             [{file,"test_server.erl"},{line,977}]},
                         {test_server,run_test_case_eval,9,
                             [{file,"test_server.erl"},{line,925}]}]}, [{escalus_utils,
                                                                         make_jid,
                                                                         150},
                                                                        {escalus_connection,
                                                                         start,
                                                                         109},
                                                                        {connect_SUITE,
                                                                         connect_with_invalid_stream_namespace,
                                                                         560},
                                                                        {connect_SUITE,
                                                                         invalid_stream_namespace,
                                                                         178},
                                                                        {test_server,
                                                                         ts_tc,
                                                                         1360},
                                                                        {test_server,
                                                                         run_test_case_eval1,
                                                                         977},
                                                                        {test_server,
                                                                         run_test_case_eval,
                                                                         925}]
=== *** FAILED test case 6 of 27 ***
=case          connect_SUITE:end_per_group
=logfile       connect_suite.end_per_group.970201.843.html
=group_props   [{name,negative}]
=started       2016-04-06 19:16:41
=ended         2016-04-06 19:16:41
=result        ok
=elapsed       1.0e-6
=group_time    0.114s
=case          connect_SUITE:init_per_group
=logfile       connect_suite.init_per_group.970201.870.html
=group_props   [{name,pre_xmpp_1_0}]
=started       2016-04-06 19:16:41
=ended         2016-04-06 19:16:41
=result        ok
=elapsed       1.0e-6
=case          connect_SUITE:pre_xmpp_1_0_stream
=logfile       connect_suite.pre_xmpp_1_0_stream.html
=started       2016-04-06 19:16:41
=ended         2016-04-06 19:16:41
=result        failed: {{badmatch,false},
                        [{escalus_utils,make_jid,1,
                             [{file,"src/escalus_utils.erl"},{line,150}]},
                         {escalus_connection,start,2,
                             [{file,"src/escalus_connection.erl"},{line,109}]},
                         {connect_SUITE,pre_xmpp_1_0_stream,1,
                             [{file,"connect_SUITE.erl"},{line,193}]},
                         {test_server,ts_tc,3,
                             [{file,"test_server.erl"},{line,1360}]},
                         {test_server,run_test_case_eval1,6,
                             [{file,"test_server.erl"},{line,977}]},
                         {test_server,run_test_case_eval,9,
                             [{file,"test_server.erl"},{line,925}]}]}, [{escalus_utils,
                                                                         make_jid,
                                                                         150},
                                                                        {escalus_connection,
                                                                         start,
                                                                         109},
                                                                        {connect_SUITE,
                                                                         pre_xmpp_1_0_stream,
                                                                         193},
                                                                        {test_server,
                                                                         ts_tc,
                                                                         1360},
                                                                        {test_server,
                                                                         run_test_case_eval1,
                                                                         977},
                                                                        {test_server,
                                                                         run_test_case_eval,
                                                                         925}]
=== *** FAILED test case 7 of 27 ***
=case          connect_SUITE:end_per_group
=logfile       connect_suite.end_per_group.970201.928.html
=group_props   [{name,pre_xmpp_1_0}]
=started       2016-04-06 19:16:41
=ended         2016-04-06 19:16:41
=result        ok
=elapsed       1.0e-6
=group_time    0.058s
=case          connect_SUITE:init_per_group
=logfile       connect_suite.init_per_group.970201.955.html
=group_props   [{name,starttls}]
=started       2016-04-06 19:16:41
=ended         2016-04-06 19:16:48
=result        ok
=elapsed       6.195392
=case          connect_SUITE:should_pass_with_tlsv1
=logfile       connect_suite.should_pass_with_tlsv1.html
=started       2016-04-06 19:16:48
=ended         2016-04-06 19:16:48
=result        ok
=elapsed       0.246375
=case          connect_SUITE:'should_pass_with_tlsv1.1'
=logfile       connect_suite.'should_pass_with_tlsv1.1'.html
=started       2016-04-06 19:16:48
=ended         2016-04-06 19:16:48
=result        ok
=elapsed       0.244644
=case          connect_SUITE:'should_pass_with_tlsv1.2'
=logfile       connect_suite.'should_pass_with_tlsv1.2'.html
=started       2016-04-06 19:16:48
=ended         2016-04-06 19:16:48
=result        ok
=elapsed       0.242729
=case          connect_SUITE:should_fail_with_sslv3
=logfile       connect_suite.should_fail_with_sslv3.html
=started       2016-04-06 19:16:49
=ended         2016-04-06 19:16:49
=result        ok
=elapsed       0.028151
=case          connect_SUITE:should_fail_to_authenticate_without_starttls
=logfile       connect_suite.should_fail_to_authenticate_without_starttls.html
=started       2016-04-06 19:16:49
=ended         2016-04-06 19:16:49
=result        failed: {{badmatch,false},
                        [{escalus_utils,make_jid,1,
                             [{file,"src/escalus_utils.erl"},{line,150}]},
                         {escalus_connection,start,2,
                             [{file,"src/escalus_connection.erl"},{line,109}]},
                         {connect_SUITE,start_stream_with_compression,1,
                             [{file,"connect_SUITE.erl"},{line,533}]},
                         {connect_SUITE,
                             should_fail_to_authenticate_without_starttls,1,
                             [{file,"connect_SUITE.erl"},{line,232}]},
                         {test_server,ts_tc,3,
                             [{file,"test_server.erl"},{line,1360}]},
                         {test_server,run_test_case_eval1,6,
                             [{file,"test_server.erl"},{line,977}]},
                         {test_server,run_test_case_eval,9,
                             [{file,"test_server.erl"},{line,925}]}]}, [{escalus_utils,
                                                                         make_jid,
                                                                         150},
                                                                        {escalus_connection,
                                                                         start,
                                                                         109},
                                                                        {connect_SUITE,
                                                                         start_stream_with_compression,
                                                                         533},
                                                                        {connect_SUITE,
                                                                         should_fail_to_authenticate_without_starttls,
                                                                         232},
                                                                        {test_server,
                                                                         ts_tc,
                                                                         1360},
                                                                        {test_server,
                                                                         run_test_case_eval1,
                                                                         977},
                                                                        {test_server,
                                                                         run_test_case_eval,
                                                                         925}]
=== *** FAILED test case 12 of 27 ***
=case          connect_SUITE:should_not_send_other_features_with_starttls_required
=logfile       connect_suite.should_not_send_other_features_with_starttls_required.html
=started       2016-04-06 19:16:49
=ended         2016-04-06 19:16:49
=result        failed: {{badmatch,false},
                        [{escalus_utils,make_jid,1,
                             [{file,"src/escalus_utils.erl"},{line,150}]},
                         {escalus_connection,start,2,
                             [{file,"src/escalus_connection.erl"},{line,109}]},
                         {connect_SUITE,
                             should_not_send_other_features_with_starttls_required,
                             1,
                             [{file,"connect_SUITE.erl"},{line,249}]},
                         {test_server,ts_tc,3,
                             [{file,"test_server.erl"},{line,1360}]},
                         {test_server,run_test_case_eval1,6,
                             [{file,"test_server.erl"},{line,977}]},
                         {test_server,run_test_case_eval,9,
                             [{file,"test_server.erl"},{line,925}]}]}, [{escalus_utils,
                                                                         make_jid,
                                                                         150},
                                                                        {escalus_connection,
                                                                         start,
                                                                         109},
                                                                        {connect_SUITE,
                                                                         should_not_send_other_features_with_starttls_required,
                                                                         249},
                                                                        {test_server,
                                                                         ts_tc,
                                                                         1360},
                                                                        {test_server,
                                                                         run_test_case_eval1,
                                                                         977},
                                                                        {test_server,
                                                                         run_test_case_eval,
                                                                         925}]
=== *** FAILED test case 13 of 27 ***
=case          connect_SUITE:end_per_group
=logfile       connect_suite.end_per_group.970209.127.html
=group_props   [{name,starttls}]
=started       2016-04-06 19:16:49
=ended         2016-04-06 19:16:49
=result        ok
=elapsed       1.0e-6
=group_time    7.172s
=case          connect_SUITE:init_per_group
=logfile       connect_suite.init_per_group.970209.153.html
=group_props   [{name,feature_order},parallel]
=started       2016-04-06 19:16:49
=ended         2016-04-06 19:16:55
=result        ok
=elapsed       6.143179
=case          connect_SUITE:stream_features_test
=logfile       connect_suite.stream_features_test.html
=started       2016-04-06 19:16:55
=ended         2016-04-06 19:16:55
=result        failed: {{badmatch,false},
                        [{escalus_utils,make_jid,1,
                             [{file,"src/escalus_utils.erl"},{line,150}]},
                         {escalus_connection,start,2,
                             [{file,"src/escalus_connection.erl"},{line,109}]},
                         {connect_SUITE,stream_features_test,1,
                             [{file,"connect_SUITE.erl"},{line,370}]},
                         {test_server,ts_tc,3,
                             [{file,"test_server.erl"},{line,1360}]},
                         {test_server,run_test_case_eval1,6,
                             [{file,"test_server.erl"},{line,977}]},
                         {test_server,run_test_case_eval,9,
                             [{file,"test_server.erl"},{line,925}]}]}, [{escalus_utils,
                                                                         make_jid,
                                                                         150},
                                                                        {escalus_connection,
                                                                         start,
                                                                         109},
                                                                        {connect_SUITE,
                                                                         stream_features_test,
                                                                         370},
                                                                        {test_server,
                                                                         ts_tc,
                                                                         1360},
                                                                        {test_server,
                                                                         run_test_case_eval1,
                                                                         977},
                                                                        {test_server,
                                                                         run_test_case_eval,
                                                                         925}]
=== *** FAILED test case 14 of 27 ***
=case          connect_SUITE:tls_authenticate
=logfile       connect_suite.tls_authenticate.html
=started       2016-04-06 19:16:55
=ended         2016-04-06 19:16:55
=result        failed: {{badmatch,false},
                        [{escalus_utils,make_jid,1,
                             [{file,"src/escalus_utils.erl"},{line,150}]},
                         {escalus_connection,start,2,
                             [{file,"src/escalus_connection.erl"},{line,109}]},
                         {connect_SUITE,tls_authenticate,1,
                             [{file,"connect_SUITE.erl"},{line,432}]},
                         {test_server,ts_tc,3,
                             [{file,"test_server.erl"},{line,1360}]},
                         {test_server,run_test_case_eval1,6,
                             [{file,"test_server.erl"},{line,977}]},
                         {test_server,run_test_case_eval,9,
                             [{file,"test_server.erl"},{line,925}]}]}, [{escalus_utils,
                                                                         make_jid,
                                                                         150},
                                                                        {escalus_connection,
                                                                         start,
                                                                         109},
                                                                        {connect_SUITE,
                                                                         tls_authenticate,
                                                                         432},
                                                                        {test_server,
                                                                         ts_tc,
                                                                         1360},
                                                                        {test_server,
                                                                         run_test_case_eval1,
                                                                         977},
                                                                        {test_server,
                                                                         run_test_case_eval,
                                                                         925}]
=== *** FAILED test case 15 of 27 ***
=case          connect_SUITE:tls_compression_fail
=logfile       connect_suite.tls_compression_fail.html
=started       2016-04-06 19:16:55
=ended         2016-04-06 19:16:55
=result        ok
=elapsed       0.159332
=case          connect_SUITE:tls_compression_authenticate_fail
=logfile       connect_suite.tls_compression_authenticate_fail.html
=started       2016-04-06 19:16:55
=ended         2016-04-06 19:16:55
=result        ok
=elapsed       0.145539
=case          connect_SUITE:tls_authenticate_compression
=logfile       connect_suite.tls_authenticate_compression.html
=started       2016-04-06 19:16:55
=ended         2016-04-06 19:16:55
=result        failed: {{badmatch,false},
                        [{escalus_utils,make_jid,1,
                             [{file,"src/escalus_utils.erl"},{line,150}]},
                         {escalus_connection,start,2,
                             [{file,"src/escalus_connection.erl"},{line,109}]},
                         {connect_SUITE,tls_authenticate_compression,1,
                             [{file,"connect_SUITE.erl"},{line,419}]},
                         {test_server,ts_tc,3,
                             [{file,"test_server.erl"},{line,1360}]},
                         {test_server,run_test_case_eval1,6,
                             [{file,"test_server.erl"},{line,977}]},
                         {test_server,run_test_case_eval,9,
                             [{file,"test_server.erl"},{line,925}]}]}, [{escalus_utils,
                                                                         make_jid,
                                                                         150},
                                                                        {escalus_connection,
                                                                         start,
                                                                         109},
                                                                        {connect_SUITE,
                                                                         tls_authenticate_compression,
                                                                         419},
                                                                        {test_server,
                                                                         ts_tc,
                                                                         1360},
                                                                        {test_server,
                                                                         run_test_case_eval1,
                                                                         977},
                                                                        {test_server,
                                                                         run_test_case_eval,
                                                                         925}]
=== *** FAILED test case 18 of 27 ***
=case          connect_SUITE:auth_compression_bind_session
=logfile       connect_suite.auth_compression_bind_session.html
=started       2016-04-06 19:16:55
=ended         2016-04-06 19:16:55
=result        ok
=elapsed       0.347537
=case          connect_SUITE:auth_bind_compression_session
=logfile       connect_suite.auth_bind_compression_session.html
=started       2016-04-06 19:16:55
=ended         2016-04-06 19:16:55
=result        ok
=elapsed       0.333663
=case          connect_SUITE:end_per_group
=logfile       connect_suite.end_per_group.970215.715.html
=group_props   [{name,feature_order},parallel]
=started       2016-04-06 19:16:55
=ended         2016-04-06 19:16:55
=result        ok
=elapsed       0.019449
=group_time    6.562s
=case          connect_SUITE:init_per_group
=logfile       connect_suite.init_per_group.970215.761.html
=group_props   [{name,tls}]
=started       2016-04-06 19:16:55
=ended         2016-04-06 19:17:01
=result        ok
=elapsed       6.166113
=case          connect_SUITE:should_pass_with_tlsv1
=logfile       connect_suite.should_pass_with_tlsv1.970221.956.html
=started       2016-04-06 19:17:01
=ended         2016-04-06 19:17:02
=result        ok
=elapsed       0.223943
=case          connect_SUITE:'should_pass_with_tlsv1.1'
=logfile       connect_suite.'should_pass_with_tlsv1.1'.970222.212.html
=started       2016-04-06 19:17:02
=ended         2016-04-06 19:17:02
=result        ok
=elapsed       0.223681
=case          connect_SUITE:'should_pass_with_tlsv1.2'
=logfile       connect_suite.'should_pass_with_tlsv1.2'.970222.464.html
=started       2016-04-06 19:17:02
=ended         2016-04-06 19:17:02
=result        ok
=elapsed       0.224586
=case          connect_SUITE:end_per_group
=logfile       connect_suite.end_per_group.970222.716.html
=group_props   [{name,tls}]
=started       2016-04-06 19:17:02
=ended         2016-04-06 19:17:02
=result        ok
=elapsed       1.0e-6
=group_time    6.955s
=case          connect_SUITE:init_per_group
=logfile       connect_suite.init_per_group.970222.744.html
=group_props   [{name,ciphers_default}]
=started       2016-04-06 19:17:02
=ended         2016-04-06 19:17:08
=result        ok
=elapsed       5.890521
=case          connect_SUITE:clients_can_connect_with_advertised_ciphers
=logfile       connect_suite.clients_can_connect_with_advertised_ciphers.html
=started       2016-04-06 19:17:08
=ended         2016-04-06 19:17:09
=result        ok
=elapsed       1.172527
=case          connect_SUITE:'clients_can_connect_with_DHE-RSA-AES256-SHA'
=logfile       connect_suite.'clients_can_connect_with_dhe-rsa-aes256-sha'.html
=started       2016-04-06 19:17:09
=ended         2016-04-06 19:17:11
=result        ok
=elapsed       1.177083
=case          connect_SUITE:'clients_can_connect_with_DHE-RSA-AES128-SHA'
=logfile       connect_suite.'clients_can_connect_with_dhe-rsa-aes128-sha'.html
=started       2016-04-06 19:17:11
=ended         2016-04-06 19:17:12
=result        ok
=elapsed       1.17048
=case          connect_SUITE:end_per_group
=logfile       connect_suite.end_per_group.970232.280.html
=group_props   [{name,ciphers_default}]
=started       2016-04-06 19:17:12
=ended         2016-04-06 19:17:12
=result        ok
=elapsed       1.0e-6
=group_time    9.536s
=case          connect_SUITE:init_per_group
=logfile       connect_suite.init_per_group.970232.308.html
=group_props   [{name,'node2_supports_DHE-RSA-AES256-SHA_only'}]
=started       2016-04-06 19:17:12
=ended         2016-04-06 19:17:12
=result        ok
=elapsed       1.0e-6
=case          connect_SUITE:'clients_can_connect_with_DHE-RSA-AES256-SHA_only'
=logfile       connect_suite.'clients_can_connect_with_dhe-rsa-aes256-sha_only'.html
=started       2016-04-06 19:17:12
=ended         2016-04-06 19:17:13
=result        ok
=elapsed       1.094949
=case          connect_SUITE:end_per_group
=logfile       connect_suite.end_per_group.970233.459.html
=group_props   [{name,'node2_supports_DHE-RSA-AES256-SHA_only'}]
=started       2016-04-06 19:17:13
=ended         2016-04-06 19:17:13
=result        ok
=elapsed       1.0e-6
=group_time    1.151s
=case          connect_SUITE:end_per_suite
=logfile       connect_suite.end_per_suite.html
=started       2016-04-06 19:17:13
=ended         2016-04-06 19:17:21
=result        ok
=elapsed       7.577757
=group_time    31.970s
=== TEST COMPLETE, 15 ok, 12 failed of 27 test cases

=finished      2016-04-06 19:17:21
=failed        12
=successful    15
=user_skipped  0
=auto_skipped  0
