=== Suite started at 2016-03-14 14:39:00
=== Starting test, 16 test cases
=cases         16
=user          travis
=host          testing-gce-79e40235-8d9b-4299-8776-924313760ac6
=hosts         testing-gce-79e40235-8d9b-4299-8776-924313760ac6 
=emulator_vsn  5.10.4
=emulator      beam
=otp_release   R16B03
=started       2016-03-14 14:39:00
=case          amp_SUITE:init_per_suite
=logfile       amp_suite.init_per_suite.html
=started       2016-03-14 14:39:00
=ended         2016-03-14 14:39:00
=result        ok
=elapsed       0.009197
=case          ct_framework:init_per_group
=logfile       ct_framework.init_per_group.html
=group_props   [{suite,amp_SUITE},{name,all},parallel,shuffle]
=started       2016-03-14 14:39:00
=ended         2016-03-14 14:39:00
=result        ok
=elapsed       4.6e-5
=case          amp_SUITE:actions_and_conditions_discovery_test
=logfile       amp_suite.actions_and_conditions_discovery_test.html
=started       2016-03-14 14:39:00
=ended         2016-03-14 14:39:00
=result        failed: {undef,
                           [{escalus,fresh_story,
                                [[{escalus_event_mgr,<0.2652.0>},
                                  {tc_name,
                                      actions_and_conditions_discovery_test},
                                  {escalus_cleaner,<0.2651.0>},
                                  {watchdog,<0.2647.0>},
                                  {preset,"internal_mnesia"},
                                  {tc_logfile,
                                      "/home/travis/build/esl/MongooseIM/test/ejabberd_tests/ct_report/ct_run.test@testing-gce-79e40235-8d9b-4299-8776-924313760ac6.2016-03-14_14.38.52/ejabberd_tests.tests.amp_SUITE.logs/run.2016-03-14_14.39.00/amp_suite.actions_and_conditions_discovery_test.html"},
                                  {tc_group_properties,
                                      [{shuffle,{1457,966340,777067}},
                                       {suite,amp_SUITE},
                                       {name,all},
                                       parallel]},
                                  {tc_group_path,[]},
                                  {data_dir,
                                      "/home/travis/build/esl/MongooseIM/test/ejabberd_tests/tests/amp_SUITE_data/"},
                                  {priv_dir,
                                      "/home/travis/build/esl/MongooseIM/test/ejabberd_tests/ct_report/ct_run.test@testing-gce-79e40235-8d9b-4299-8776-924313760ac6.2016-03-14_14.38.52/ejabberd_tests.tests.amp_SUITE.logs/run.2016-03-14_14.39.00/log_private/"}],
                                 [{alice,1}],
                                 #Fun<amp_SUITE.1.80651690>],
                                []},
                            {test_server,ts_tc,3,
                                [{file,"test_server.erl"},{line,1360}]},
                            {test_server,run_test_case_eval1,6,
                                [{file,"test_server.erl"},{line,977}]},
                            {test_server,run_test_case_eval,9,
                                [{file,"test_server.erl"},{line,925}]}]}, [{escalus,
                                                                            fresh_story},
                                                                           {test_server,
                                                                            ts_tc,
                                                                            1360},
                                                                           {test_server,
                                                                            run_test_case_eval1,
                                                                            977},
                                                                           {test_server,
                                                                            run_test_case_eval,
                                                                            925}]
=== *** FAILED test case 1 of 16 ***
=case          amp_SUITE:notify_match_resource_other_test
=logfile       amp_suite.notify_match_resource_other_test.html
=started       2016-03-14 14:39:00
=ended         2016-03-14 14:39:00
=result        failed: {undef,
                           [{escalus,fresh_story,
                                [[{escalus_event_mgr,<0.2671.0>},
                                  {tc_name,notify_match_resource_other_test},
                                  {escalus_cleaner,<0.2669.0>},
                                  {watchdog,<0.2668.0>},
                                  {preset,"internal_mnesia"},
                                  {tc_logfile,
                                      "/home/travis/build/esl/MongooseIM/test/ejabberd_tests/ct_report/ct_run.test@testing-gce-79e40235-8d9b-4299-8776-924313760ac6.2016-03-14_14.38.52/ejabberd_tests.tests.amp_SUITE.logs/run.2016-03-14_14.39.00/amp_suite.notify_match_resource_other_test.html"},
                                  {tc_group_properties,
                                      [{shuffle,{1457,966340,777067}},
                                       {suite,amp_SUITE},
                                       {name,all},
                                       parallel]},
                                  {tc_group_path,[]},
                                  {data_dir,
                                      "/home/travis/build/esl/MongooseIM/test/ejabberd_tests/tests/amp_SUITE_data/"},
                                  {priv_dir,
                                      "/home/travis/build/esl/MongooseIM/test/ejabberd_tests/ct_report/ct_run.test@testing-gce-79e40235-8d9b-4299-8776-924313760ac6.2016-03-14_14.38.52/ejabberd_tests.tests.amp_SUITE.logs/run.2016-03-14_14.39.00/log_private/"}],
                                 [{alice,1},{bob,1}],
                                 #Fun<amp_SUITE.10.80651690>],
                                []},
                            {test_server,ts_tc,3,
                                [{file,"test_server.erl"},{line,1360}]},
                            {test_server,run_test_case_eval1,6,
                                [{file,"test_server.erl"},{line,977}]},
                            {test_server,run_test_case_eval,9,
                                [{file,"test_server.erl"},{line,925}]}]}, [{escalus,
                                                                            fresh_story},
                                                                           {test_server,
                                                                            ts_tc,
                                                                            1360},
                                                                           {test_server,
                                                                            run_test_case_eval1,
                                                                            977},
                                                                           {test_server,
                                                                            run_test_case_eval,
                                                                            925}]
=== *** FAILED test case 2 of 16 ***
=case          amp_SUITE:error_deliver_none_test
=logfile       amp_suite.error_deliver_none_test.html
=started       2016-03-14 14:39:00
=ended         2016-03-14 14:39:00
=result        failed: {undef,
                           [{escalus,fresh_story,
                                [[{escalus_event_mgr,<0.2653.0>},
                                  {tc_name,error_deliver_none_test},
                                  {escalus_cleaner,<0.2650.0>},
                                  {watchdog,<0.2646.0>},
                                  {preset,"internal_mnesia"},
                                  {tc_logfile,
                                      "/home/travis/build/esl/MongooseIM/test/ejabberd_tests/ct_report/ct_run.test@testing-gce-79e40235-8d9b-4299-8776-924313760ac6.2016-03-14_14.38.52/ejabberd_tests.tests.amp_SUITE.logs/run.2016-03-14_14.39.00/amp_suite.error_deliver_none_test.html"},
                                  {tc_group_properties,
                                      [{shuffle,{1457,966340,777067}},
                                       {suite,amp_SUITE},
                                       {name,all},
                                       parallel]},
                                  {tc_group_path,[]},
                                  {data_dir,
                                      "/home/travis/build/esl/MongooseIM/test/ejabberd_tests/tests/amp_SUITE_data/"},
                                  {priv_dir,
                                      "/home/travis/build/esl/MongooseIM/test/ejabberd_tests/ct_report/ct_run.test@testing-gce-79e40235-8d9b-4299-8776-924313760ac6.2016-03-14_14.38.52/ejabberd_tests.tests.amp_SUITE.logs/run.2016-03-14_14.39.00/log_private/"}],
                                 [{alice,1}],
                                 #Fun<amp_SUITE.13.80651690>],
                                []},
                            {test_server,ts_tc,3,
                                [{file,"test_server.erl"},{line,1360}]},
                            {test_server,run_test_case_eval1,6,
                                [{file,"test_server.erl"},{line,977}]},
                            {test_server,run_test_case_eval,9,
                                [{file,"test_server.erl"},{line,925}]}]}, [{escalus,
                                                                            fresh_story},
                                                                           {test_server,
                                                                            ts_tc,
                                                                            1360},
                                                                           {test_server,
                                                                            run_test_case_eval1,
                                                                            977},
                                                                           {test_server,
                                                                            run_test_case_eval,
                                                                            925}]
=== *** FAILED test case 3 of 16 ***
=case          amp_SUITE:error_deliver_doesnt_apply_test
=logfile       amp_suite.error_deliver_doesnt_apply_test.html
=started       2016-03-14 14:39:00
=ended         2016-03-14 14:39:00
=result        failed: {undef,
                           [{escalus,fresh_story,
                                [[{escalus_event_mgr,<0.2672.0>},
                                  {tc_name,error_deliver_doesnt_apply_test},
                                  {escalus_cleaner,<0.2670.0>},
                                  {watchdog,<0.2665.0>},
                                  {preset,"internal_mnesia"},
                                  {tc_logfile,
                                      "/home/travis/build/esl/MongooseIM/test/ejabberd_tests/ct_report/ct_run.test@testing-gce-79e40235-8d9b-4299-8776-924313760ac6.2016-03-14_14.38.52/ejabberd_tests.tests.amp_SUITE.logs/run.2016-03-14_14.39.00/amp_suite.error_deliver_doesnt_apply_test.html"},
                                  {tc_group_properties,
                                      [{shuffle,{1457,966340,777067}},
                                       {suite,amp_SUITE},
                                       {name,all},
                                       parallel]},
                                  {tc_group_path,[]},
                                  {data_dir,
                                      "/home/travis/build/esl/MongooseIM/test/ejabberd_tests/tests/amp_SUITE_data/"},
                                  {priv_dir,
                                      "/home/travis/build/esl/MongooseIM/test/ejabberd_tests/ct_report/ct_run.test@testing-gce-79e40235-8d9b-4299-8776-924313760ac6.2016-03-14_14.38.52/ejabberd_tests.tests.amp_SUITE.logs/run.2016-03-14_14.39.00/log_private/"}],
                                 [{alice,1},{bob,1}],
                                 #Fun<amp_SUITE.14.80651690>],
                                []},
                            {test_server,ts_tc,3,
                                [{file,"test_server.erl"},{line,1360}]},
                            {test_server,run_test_case_eval1,6,
                                [{file,"test_server.erl"},{line,977}]},
                            {test_server,run_test_case_eval,9,
                                [{file,"test_server.erl"},{line,925}]}]}, [{escalus,
                                                                            fresh_story},
                                                                           {test_server,
                                                                            ts_tc,
                                                                            1360},
                                                                           {test_server,
                                                                            run_test_case_eval1,
                                                                            977},
                                                                           {test_server,
                                                                            run_test_case_eval,
                                                                            925}]
=== *** FAILED test case 4 of 16 ***
=case          amp_SUITE:initial_service_discovery_test
=logfile       amp_suite.initial_service_discovery_test.html
=started       2016-03-14 14:39:00
=ended         2016-03-14 14:39:00
=result        failed: {undef,
                           [{escalus,fresh_story,
                                [[{escalus_event_mgr,<0.2687.0>},
                                  {tc_name,initial_service_discovery_test},
                                  {escalus_cleaner,<0.2686.0>},
                                  {watchdog,<0.2684.0>},
                                  {preset,"internal_mnesia"},
                                  {tc_logfile,
                                      "/home/travis/build/esl/MongooseIM/test/ejabberd_tests/ct_report/ct_run.test@testing-gce-79e40235-8d9b-4299-8776-924313760ac6.2016-03-14_14.38.52/ejabberd_tests.tests.amp_SUITE.logs/run.2016-03-14_14.39.00/amp_suite.initial_service_discovery_test.html"},
                                  {tc_group_properties,
                                      [{shuffle,{1457,966340,777067}},
                                       {suite,amp_SUITE},
                                       {name,all},
                                       parallel]},
                                  {tc_group_path,[]},
                                  {data_dir,
                                      "/home/travis/build/esl/MongooseIM/test/ejabberd_tests/tests/amp_SUITE_data/"},
                                  {priv_dir,
                                      "/home/travis/build/esl/MongooseIM/test/ejabberd_tests/ct_report/ct_run.test@testing-gce-79e40235-8d9b-4299-8776-924313760ac6.2016-03-14_14.38.52/ejabberd_tests.tests.amp_SUITE.logs/run.2016-03-14_14.39.00/log_private/"}],
                                 [{alice,1}],
                                 #Fun<amp_SUITE.0.80651690>],
                                []},
                            {test_server,ts_tc,3,
                                [{file,"test_server.erl"},{line,1360}]},
                            {test_server,run_test_case_eval1,6,
                                [{file,"test_server.erl"},{line,977}]},
                            {test_server,run_test_case_eval,9,
                                [{file,"test_server.erl"},{line,925}]}]}, [{escalus,
                                                                            fresh_story},
                                                                           {test_server,
                                                                            ts_tc,
                                                                            1360},
                                                                           {test_server,
                                                                            run_test_case_eval1,
                                                                            977},
                                                                           {test_server,
                                                                            run_test_case_eval,
                                                                            925}]
=== *** FAILED test case 5 of 16 ***
=case          amp_SUITE:error_deliver_forward_test
=logfile       amp_suite.error_deliver_forward_test.html
=started       2016-03-14 14:39:00
=ended         2016-03-14 14:39:00
=result        failed: {undef,
                           [{escalus,fresh_story,
                                [[{escalus_event_mgr,<0.2699.0>},
                                  {tc_name,error_deliver_forward_test},
                                  {escalus_cleaner,<0.2697.0>},
                                  {watchdog,<0.2696.0>},
                                  {preset,"internal_mnesia"},
                                  {tc_logfile,
                                      "/home/travis/build/esl/MongooseIM/test/ejabberd_tests/ct_report/ct_run.test@testing-gce-79e40235-8d9b-4299-8776-924313760ac6.2016-03-14_14.38.52/ejabberd_tests.tests.amp_SUITE.logs/run.2016-03-14_14.39.00/amp_suite.error_deliver_forward_test.html"},
                                  {tc_group_properties,
                                      [{shuffle,{1457,966340,777067}},
                                       {suite,amp_SUITE},
                                       {name,all},
                                       parallel]},
                                  {tc_group_path,[]},
                                  {data_dir,
                                      "/home/travis/build/esl/MongooseIM/test/ejabberd_tests/tests/amp_SUITE_data/"},
                                  {priv_dir,
                                      "/home/travis/build/esl/MongooseIM/test/ejabberd_tests/ct_report/ct_run.test@testing-gce-79e40235-8d9b-4299-8776-924313760ac6.2016-03-14_14.38.52/ejabberd_tests.tests.amp_SUITE.logs/run.2016-03-14_14.39.00/log_private/"}],
                                 [{alice,1},{bob,1}],
                                 #Fun<amp_SUITE.12.80651690>],
                                []},
                            {test_server,ts_tc,3,
                                [{file,"test_server.erl"},{line,1360}]},
                            {test_server,run_test_case_eval1,6,
                                [{file,"test_server.erl"},{line,977}]},
                            {test_server,run_test_case_eval,9,
                                [{file,"test_server.erl"},{line,925}]}]}, [{escalus,
                                                                            fresh_story},
                                                                           {test_server,
                                                                            ts_tc,
                                                                            1360},
                                                                           {test_server,
                                                                            run_test_case_eval1,
                                                                            977},
                                                                           {test_server,
                                                                            run_test_case_eval,
                                                                            925}]
=== *** FAILED test case 6 of 16 ***
=case          amp_SUITE:notify_match_resource_any_test
=logfile       amp_suite.notify_match_resource_any_test.html
=started       2016-03-14 14:39:00
=ended         2016-03-14 14:39:00
=result        failed: {undef,
                           [{escalus,fresh_story,
                                [[{escalus_event_mgr,<0.2661.0>},
                                  {tc_name,notify_match_resource_any_test},
                                  {escalus_cleaner,<0.2657.0>},
                                  {watchdog,<0.2656.0>},
                                  {preset,"internal_mnesia"},
                                  {tc_logfile,
                                      "/home/travis/build/esl/MongooseIM/test/ejabberd_tests/ct_report/ct_run.test@testing-gce-79e40235-8d9b-4299-8776-924313760ac6.2016-03-14_14.38.52/ejabberd_tests.tests.amp_SUITE.logs/run.2016-03-14_14.39.00/amp_suite.notify_match_resource_any_test.html"},
                                  {tc_group_properties,
                                      [{shuffle,{1457,966340,777067}},
                                       {suite,amp_SUITE},
                                       {name,all},
                                       parallel]},
                                  {tc_group_path,[]},
                                  {data_dir,
                                      "/home/travis/build/esl/MongooseIM/test/ejabberd_tests/tests/amp_SUITE_data/"},
                                  {priv_dir,
                                      "/home/travis/build/esl/MongooseIM/test/ejabberd_tests/ct_report/ct_run.test@testing-gce-79e40235-8d9b-4299-8776-924313760ac6.2016-03-14_14.38.52/ejabberd_tests.tests.amp_SUITE.logs/run.2016-03-14_14.39.00/log_private/"}],
                                 [{alice,1},{bob,4}],
                                 #Fun<amp_SUITE.8.80651690>],
                                []},
                            {test_server,ts_tc,3,
                                [{file,"test_server.erl"},{line,1360}]},
                            {test_server,run_test_case_eval1,6,
                                [{file,"test_server.erl"},{line,977}]},
                            {test_server,run_test_case_eval,9,
                                [{file,"test_server.erl"},{line,925}]}]}, [{escalus,
                                                                            fresh_story},
                                                                           {test_server,
                                                                            ts_tc,
                                                                            1360},
                                                                           {test_server,
                                                                            run_test_case_eval1,
                                                                            977},
                                                                           {test_server,
                                                                            run_test_case_eval,
                                                                            925}]
=== *** FAILED test case 7 of 16 ***
=case          amp_SUITE:notify_deliver_forward_test
=logfile       amp_suite.notify_deliver_forward_test.html
=started       2016-03-14 14:39:00
=ended         2016-03-14 14:39:00
=result        failed: {undef,
                           [{escalus,fresh_story,
                                [[{escalus_event_mgr,<0.2682.0>},
                                  {tc_name,notify_deliver_forward_test},
                                  {escalus_cleaner,<0.2680.0>},
                                  {watchdog,<0.2679.0>},
                                  {preset,"internal_mnesia"},
                                  {tc_logfile,
                                      "/home/travis/build/esl/MongooseIM/test/ejabberd_tests/ct_report/ct_run.test@testing-gce-79e40235-8d9b-4299-8776-924313760ac6.2016-03-14_14.38.52/ejabberd_tests.tests.amp_SUITE.logs/run.2016-03-14_14.39.00/amp_suite.notify_deliver_forward_test.html"},
                                  {tc_group_properties,
                                      [{shuffle,{1457,966340,777067}},
                                       {suite,amp_SUITE},
                                       {name,all},
                                       parallel]},
                                  {tc_group_path,[]},
                                  {data_dir,
                                      "/home/travis/build/esl/MongooseIM/test/ejabberd_tests/tests/amp_SUITE_data/"},
                                  {priv_dir,
                                      "/home/travis/build/esl/MongooseIM/test/ejabberd_tests/ct_report/ct_run.test@testing-gce-79e40235-8d9b-4299-8776-924313760ac6.2016-03-14_14.38.52/ejabberd_tests.tests.amp_SUITE.logs/run.2016-03-14_14.39.00/log_private/"}],
                                 [{alice,1},{bob,1}],
                                 #Fun<amp_SUITE.6.80651690>],
                                []},
                            {test_server,ts_tc,3,
                                [{file,"test_server.erl"},{line,1360}]},
                            {test_server,run_test_case_eval1,6,
                                [{file,"test_server.erl"},{line,977}]},
                            {test_server,run_test_case_eval,9,
                                [{file,"test_server.erl"},{line,925}]}]}, [{escalus,
                                                                            fresh_story},
                                                                           {test_server,
                                                                            ts_tc,
                                                                            1360},
                                                                           {test_server,
                                                                            run_test_case_eval1,
                                                                            977},
                                                                           {test_server,
                                                                            run_test_case_eval,
                                                                            925}]
=== *** FAILED test case 8 of 16 ***
=case          amp_SUITE:unacceptable_rules_test
=logfile       amp_suite.unacceptable_rules_test.html
=started       2016-03-14 14:39:00
=ended         2016-03-14 14:39:00
=result        failed: {undef,
                           [{escalus,fresh_story,
                                [[{escalus_event_mgr,<0.2702.0>},
                                  {tc_name,unacceptable_rules_test},
                                  {escalus_cleaner,<0.2701.0>},
                                  {watchdog,<0.2700.0>},
                                  {preset,"internal_mnesia"},
                                  {tc_logfile,
                                      "/home/travis/build/esl/MongooseIM/test/ejabberd_tests/ct_report/ct_run.test@testing-gce-79e40235-8d9b-4299-8776-924313760ac6.2016-03-14_14.38.52/ejabberd_tests.tests.amp_SUITE.logs/run.2016-03-14_14.39.00/amp_suite.unacceptable_rules_test.html"},
                                  {tc_group_properties,
                                      [{shuffle,{1457,966340,777067}},
                                       {suite,amp_SUITE},
                                       {name,all},
                                       parallel]},
                                  {tc_group_path,[]},
                                  {data_dir,
                                      "/home/travis/build/esl/MongooseIM/test/ejabberd_tests/tests/amp_SUITE_data/"},
                                  {priv_dir,
                                      "/home/travis/build/esl/MongooseIM/test/ejabberd_tests/ct_report/ct_run.test@testing-gce-79e40235-8d9b-4299-8776-924313760ac6.2016-03-14_14.38.52/ejabberd_tests.tests.amp_SUITE.logs/run.2016-03-14_14.39.00/log_private/"}],
                                 [{alice,1},{bob,1}],
                                 #Fun<amp_SUITE.4.80651690>],
                                []},
                            {test_server,ts_tc,3,
                                [{file,"test_server.erl"},{line,1360}]},
                            {test_server,run_test_case_eval1,6,
                                [{file,"test_server.erl"},{line,977}]},
                            {test_server,run_test_case_eval,9,
                                [{file,"test_server.erl"},{line,925}]}]}, [{escalus,
                                                                            fresh_story},
                                                                           {test_server,
                                                                            ts_tc,
                                                                            1360},
                                                                           {test_server,
                                                                            run_test_case_eval1,
                                                                            977},
                                                                           {test_server,
                                                                            run_test_case_eval,
                                                                            925}]
=== *** FAILED test case 9 of 16 ***
=case          amp_SUITE:unsupported_actions_test
=logfile       amp_suite.unsupported_actions_test.html
=started       2016-03-14 14:39:00
=ended         2016-03-14 14:39:00
=result        failed: {undef,
                           [{escalus,fresh_story,
                                [[{escalus_event_mgr,<0.2705.0>},
                                  {tc_name,unsupported_actions_test},
                                  {escalus_cleaner,<0.2704.0>},
                                  {watchdog,<0.2703.0>},
                                  {preset,"internal_mnesia"},
                                  {tc_logfile,
                                      "/home/travis/build/esl/MongooseIM/test/ejabberd_tests/ct_report/ct_run.test@testing-gce-79e40235-8d9b-4299-8776-924313760ac6.2016-03-14_14.38.52/ejabberd_tests.tests.amp_SUITE.logs/run.2016-03-14_14.39.00/amp_suite.unsupported_actions_test.html"},
                                  {tc_group_properties,
                                      [{shuffle,{1457,966340,777067}},
                                       {suite,amp_SUITE},
                                       {name,all},
                                       parallel]},
                                  {tc_group_path,[]},
                                  {data_dir,
                                      "/home/travis/build/esl/MongooseIM/test/ejabberd_tests/tests/amp_SUITE_data/"},
                                  {priv_dir,
                                      "/home/travis/build/esl/MongooseIM/test/ejabberd_tests/ct_report/ct_run.test@testing-gce-79e40235-8d9b-4299-8776-924313760ac6.2016-03-14_14.38.52/ejabberd_tests.tests.amp_SUITE.logs/run.2016-03-14_14.39.00/log_private/"}],
                                 [{alice,1},{bob,1}],
                                 #Fun<amp_SUITE.2.80651690>],
                                []},
                            {test_server,ts_tc,3,
                                [{file,"test_server.erl"},{line,1360}]},
                            {test_server,run_test_case_eval1,6,
                                [{file,"test_server.erl"},{line,977}]},
                            {test_server,run_test_case_eval,9,
                                [{file,"test_server.erl"},{line,925}]}]}, [{escalus,
                                                                            fresh_story},
                                                                           {test_server,
                                                                            ts_tc,
                                                                            1360},
                                                                           {test_server,
                                                                            run_test_case_eval1,
                                                                            977},
                                                                           {test_server,
                                                                            run_test_case_eval,
                                                                            925}]
=== *** FAILED test case 10 of 16 ***
=case          amp_SUITE:error_deliver_direct_test
=logfile       amp_suite.error_deliver_direct_test.html
=started       2016-03-14 14:39:00
=ended         2016-03-14 14:39:00
=result        failed: {undef,
                           [{escalus,fresh_story,
                                [[{escalus_event_mgr,<0.2708.0>},
                                  {tc_name,error_deliver_direct_test},
                                  {escalus_cleaner,<0.2707.0>},
                                  {watchdog,<0.2706.0>},
                                  {preset,"internal_mnesia"},
                                  {tc_logfile,
                                      "/home/travis/build/esl/MongooseIM/test/ejabberd_tests/ct_report/ct_run.test@testing-gce-79e40235-8d9b-4299-8776-924313760ac6.2016-03-14_14.38.52/ejabberd_tests.tests.amp_SUITE.logs/run.2016-03-14_14.39.00/amp_suite.error_deliver_direct_test.html"},
                                  {tc_group_properties,
                                      [{shuffle,{1457,966340,777067}},
                                       {suite,amp_SUITE},
                                       {name,all},
                                       parallel]},
                                  {tc_group_path,[]},
                                  {data_dir,
                                      "/home/travis/build/esl/MongooseIM/test/ejabberd_tests/tests/amp_SUITE_data/"},
                                  {priv_dir,
                                      "/home/travis/build/esl/MongooseIM/test/ejabberd_tests/ct_report/ct_run.test@testing-gce-79e40235-8d9b-4299-8776-924313760ac6.2016-03-14_14.38.52/ejabberd_tests.tests.amp_SUITE.logs/run.2016-03-14_14.39.00/log_private/"}],
                                 [{alice,1},{bob,1}],
                                 #Fun<amp_SUITE.11.80651690>],
                                []},
                            {test_server,ts_tc,3,
                                [{file,"test_server.erl"},{line,1360}]},
                            {test_server,run_test_case_eval1,6,
                                [{file,"test_server.erl"},{line,977}]},
                            {test_server,run_test_case_eval,9,
                                [{file,"test_server.erl"},{line,925}]}]}, [{escalus,
                                                                            fresh_story},
                                                                           {test_server,
                                                                            ts_tc,
                                                                            1360},
                                                                           {test_server,
                                                                            run_test_case_eval1,
                                                                            977},
                                                                           {test_server,
                                                                            run_test_case_eval,
                                                                            925}]
=== *** FAILED test case 11 of 16 ***
=case          amp_SUITE:unsupported_conditions_test
=logfile       amp_suite.unsupported_conditions_test.html
=started       2016-03-14 14:39:00
=ended         2016-03-14 14:39:00
=result        failed: {undef,
                           [{escalus,fresh_story,
                                [[{escalus_event_mgr,<0.2690.0>},
                                  {tc_name,unsupported_conditions_test},
                                  {escalus_cleaner,<0.2689.0>},
                                  {watchdog,<0.2688.0>},
                                  {preset,"internal_mnesia"},
                                  {tc_logfile,
                                      "/home/travis/build/esl/MongooseIM/test/ejabberd_tests/ct_report/ct_run.test@testing-gce-79e40235-8d9b-4299-8776-924313760ac6.2016-03-14_14.38.52/ejabberd_tests.tests.amp_SUITE.logs/run.2016-03-14_14.39.00/amp_suite.unsupported_conditions_test.html"},
                                  {tc_group_properties,
                                      [{shuffle,{1457,966340,777067}},
                                       {suite,amp_SUITE},
                                       {name,all},
                                       parallel]},
                                  {tc_group_path,[]},
                                  {data_dir,
                                      "/home/travis/build/esl/MongooseIM/test/ejabberd_tests/tests/amp_SUITE_data/"},
                                  {priv_dir,
                                      "/home/travis/build/esl/MongooseIM/test/ejabberd_tests/ct_report/ct_run.test@testing-gce-79e40235-8d9b-4299-8776-924313760ac6.2016-03-14_14.38.52/ejabberd_tests.tests.amp_SUITE.logs/run.2016-03-14_14.39.00/log_private/"}],
                                 [{alice,1},{bob,1}],
                                 #Fun<amp_SUITE.3.80651690>],
                                []},
                            {test_server,ts_tc,3,
                                [{file,"test_server.erl"},{line,1360}]},
                            {test_server,run_test_case_eval1,6,
                                [{file,"test_server.erl"},{line,977}]},
                            {test_server,run_test_case_eval,9,
                                [{file,"test_server.erl"},{line,925}]}]}, [{escalus,
                                                                            fresh_story},
                                                                           {test_server,
                                                                            ts_tc,
                                                                            1360},
                                                                           {test_server,
                                                                            run_test_case_eval1,
                                                                            977},
                                                                           {test_server,
                                                                            run_test_case_eval,
                                                                            925}]
=== *** FAILED test case 12 of 16 ***
=case          amp_SUITE:notify_deliver_none_test
=logfile       amp_suite.notify_deliver_none_test.html
=started       2016-03-14 14:39:00
=ended         2016-03-14 14:39:00
=result        failed: {undef,
                           [{escalus,fresh_story,
                                [[{escalus_event_mgr,<0.2698.0>},
                                  {tc_name,notify_deliver_none_test},
                                  {escalus_cleaner,<0.2695.0>},
                                  {watchdog,<0.2694.0>},
                                  {preset,"internal_mnesia"},
                                  {tc_logfile,
                                      "/home/travis/build/esl/MongooseIM/test/ejabberd_tests/ct_report/ct_run.test@testing-gce-79e40235-8d9b-4299-8776-924313760ac6.2016-03-14_14.38.52/ejabberd_tests.tests.amp_SUITE.logs/run.2016-03-14_14.39.00/amp_suite.notify_deliver_none_test.html"},
                                  {tc_group_properties,
                                      [{shuffle,{1457,966340,777067}},
                                       {suite,amp_SUITE},
                                       {name,all},
                                       parallel]},
                                  {tc_group_path,[]},
                                  {data_dir,
                                      "/home/travis/build/esl/MongooseIM/test/ejabberd_tests/tests/amp_SUITE_data/"},
                                  {priv_dir,
                                      "/home/travis/build/esl/MongooseIM/test/ejabberd_tests/ct_report/ct_run.test@testing-gce-79e40235-8d9b-4299-8776-924313760ac6.2016-03-14_14.38.52/ejabberd_tests.tests.amp_SUITE.logs/run.2016-03-14_14.39.00/log_private/"}],
                                 [{alice,1}],
                                 #Fun<amp_SUITE.7.80651690>],
                                []},
                            {test_server,ts_tc,3,
                                [{file,"test_server.erl"},{line,1360}]},
                            {test_server,run_test_case_eval1,6,
                                [{file,"test_server.erl"},{line,977}]},
                            {test_server,run_test_case_eval,9,
                                [{file,"test_server.erl"},{line,925}]}]}, [{escalus,
                                                                            fresh_story},
                                                                           {test_server,
                                                                            ts_tc,
                                                                            1360},
                                                                           {test_server,
                                                                            run_test_case_eval1,
                                                                            977},
                                                                           {test_server,
                                                                            run_test_case_eval,
                                                                            925}]
=== *** FAILED test case 13 of 16 ***
=case          amp_SUITE:notify_match_resource_exact_test
=logfile       amp_suite.notify_match_resource_exact_test.html
=started       2016-03-14 14:39:00
=ended         2016-03-14 14:39:00
=result        failed: {undef,
                           [{escalus,fresh_story,
                                [[{escalus_event_mgr,<0.2693.0>},
                                  {tc_name,notify_match_resource_exact_test},
                                  {escalus_cleaner,<0.2692.0>},
                                  {watchdog,<0.2691.0>},
                                  {preset,"internal_mnesia"},
                                  {tc_logfile,
                                      "/home/travis/build/esl/MongooseIM/test/ejabberd_tests/ct_report/ct_run.test@testing-gce-79e40235-8d9b-4299-8776-924313760ac6.2016-03-14_14.38.52/ejabberd_tests.tests.amp_SUITE.logs/run.2016-03-14_14.39.00/amp_suite.notify_match_resource_exact_test.html"},
                                  {tc_group_properties,
                                      [{shuffle,{1457,966340,777067}},
                                       {suite,amp_SUITE},
                                       {name,all},
                                       parallel]},
                                  {tc_group_path,[]},
                                  {data_dir,
                                      "/home/travis/build/esl/MongooseIM/test/ejabberd_tests/tests/amp_SUITE_data/"},
                                  {priv_dir,
                                      "/home/travis/build/esl/MongooseIM/test/ejabberd_tests/ct_report/ct_run.test@testing-gce-79e40235-8d9b-4299-8776-924313760ac6.2016-03-14_14.38.52/ejabberd_tests.tests.amp_SUITE.logs/run.2016-03-14_14.39.00/log_private/"}],
                                 [{alice,1},{bob,4}],
                                 #Fun<amp_SUITE.9.80651690>],
                                []},
                            {test_server,ts_tc,3,
                                [{file,"test_server.erl"},{line,1360}]},
                            {test_server,run_test_case_eval1,6,
                                [{file,"test_server.erl"},{line,977}]},
                            {test_server,run_test_case_eval,9,
                                [{file,"test_server.erl"},{line,925}]}]}, [{escalus,
                                                                            fresh_story},
                                                                           {test_server,
                                                                            ts_tc,
                                                                            1360},
                                                                           {test_server,
                                                                            run_test_case_eval1,
                                                                            977},
                                                                           {test_server,
                                                                            run_test_case_eval,
                                                                            925}]
=== *** FAILED test case 14 of 16 ***
=case          amp_SUITE:last_rule_applies_test
=logfile       amp_suite.last_rule_applies_test.html
=started       2016-03-14 14:39:00
=ended         2016-03-14 14:39:00
=result        failed: {undef,
                           [{escalus,fresh_story,
                                [[{escalus_event_mgr,<0.2676.0>},
                                  {tc_name,last_rule_applies_test},
                                  {escalus_cleaner,<0.2675.0>},
                                  {watchdog,<0.2674.0>},
                                  {preset,"internal_mnesia"},
                                  {tc_logfile,
                                      "/home/travis/build/esl/MongooseIM/test/ejabberd_tests/ct_report/ct_run.test@testing-gce-79e40235-8d9b-4299-8776-924313760ac6.2016-03-14_14.38.52/ejabberd_tests.tests.amp_SUITE.logs/run.2016-03-14_14.39.00/amp_suite.last_rule_applies_test.html"},
                                  {tc_group_properties,
                                      [{shuffle,{1457,966340,777067}},
                                       {suite,amp_SUITE},
                                       {name,all},
                                       parallel]},
                                  {tc_group_path,[]},
                                  {data_dir,
                                      "/home/travis/build/esl/MongooseIM/test/ejabberd_tests/tests/amp_SUITE_data/"},
                                  {priv_dir,
                                      "/home/travis/build/esl/MongooseIM/test/ejabberd_tests/ct_report/ct_run.test@testing-gce-79e40235-8d9b-4299-8776-924313760ac6.2016-03-14_14.38.52/ejabberd_tests.tests.amp_SUITE.logs/run.2016-03-14_14.39.00/log_private/"}],
                                 [{alice,1},{bob,1}],
                                 #Fun<amp_SUITE.15.80651690>],
                                []},
                            {test_server,ts_tc,3,
                                [{file,"test_server.erl"},{line,1360}]},
                            {test_server,run_test_case_eval1,6,
                                [{file,"test_server.erl"},{line,977}]},
                            {test_server,run_test_case_eval,9,
                                [{file,"test_server.erl"},{line,925}]}]}, [{escalus,
                                                                            fresh_story},
                                                                           {test_server,
                                                                            ts_tc,
                                                                            1360},
                                                                           {test_server,
                                                                            run_test_case_eval1,
                                                                            977},
                                                                           {test_server,
                                                                            run_test_case_eval,
                                                                            925}]
=== *** FAILED test case 15 of 16 ***
=case          amp_SUITE:notify_deliver_direct_test
=logfile       amp_suite.notify_deliver_direct_test.html
=started       2016-03-14 14:39:00
=ended         2016-03-14 14:39:00
=result        failed: {undef,
                           [{escalus,fresh_story,
                                [[{escalus_event_mgr,<0.2683.0>},
                                  {tc_name,notify_deliver_direct_test},
                                  {escalus_cleaner,<0.2681.0>},
                                  {watchdog,<0.2677.0>},
                                  {preset,"internal_mnesia"},
                                  {tc_logfile,
                                      "/home/travis/build/esl/MongooseIM/test/ejabberd_tests/ct_report/ct_run.test@testing-gce-79e40235-8d9b-4299-8776-924313760ac6.2016-03-14_14.38.52/ejabberd_tests.tests.amp_SUITE.logs/run.2016-03-14_14.39.00/amp_suite.notify_deliver_direct_test.html"},
                                  {tc_group_properties,
                                      [{shuffle,{1457,966340,777067}},
                                       {suite,amp_SUITE},
                                       {name,all},
                                       parallel]},
                                  {tc_group_path,[]},
                                  {data_dir,
                                      "/home/travis/build/esl/MongooseIM/test/ejabberd_tests/tests/amp_SUITE_data/"},
                                  {priv_dir,
                                      "/home/travis/build/esl/MongooseIM/test/ejabberd_tests/ct_report/ct_run.test@testing-gce-79e40235-8d9b-4299-8776-924313760ac6.2016-03-14_14.38.52/ejabberd_tests.tests.amp_SUITE.logs/run.2016-03-14_14.39.00/log_private/"}],
                                 [{alice,1},{bob,1}],
                                 #Fun<amp_SUITE.5.80651690>],
                                []},
                            {test_server,ts_tc,3,
                                [{file,"test_server.erl"},{line,1360}]},
                            {test_server,run_test_case_eval1,6,
                                [{file,"test_server.erl"},{line,977}]},
                            {test_server,run_test_case_eval,9,
                                [{file,"test_server.erl"},{line,925}]}]}, [{escalus,
                                                                            fresh_story},
                                                                           {test_server,
                                                                            ts_tc,
                                                                            1360},
                                                                           {test_server,
                                                                            run_test_case_eval1,
                                                                            977},
                                                                           {test_server,
                                                                            run_test_case_eval,
                                                                            925}]
=== *** FAILED test case 16 of 16 ***
=case          ct_framework:end_per_group
=logfile       ct_framework.end_per_group.html
=group_props   [{suite,amp_SUITE},{name,all},parallel,shuffle]
=started       2016-03-14 14:39:00
=ended         2016-03-14 14:39:00
=result        ok
=elapsed       5.1e-5
=group_time    0.129s
=case          amp_SUITE:end_per_suite
=logfile       amp_suite.end_per_suite.html
=started       2016-03-14 14:39:00
=ended         2016-03-14 14:39:00
=result        failed: {undef,
                           [{escalus_fresh,clean,[],[]},
                            {amp_SUITE,end_per_suite,1,
                                [{file,"amp_SUITE.erl"},{line,44}]},
                            {test_server,ts_tc,3,
                                [{file,"test_server.erl"},{line,1360}]},
                            {test_server,run_test_case_eval1,6,
                                [{file,"test_server.erl"},{line,1041}]},
                            {test_server,run_test_case_eval,9,
                                [{file,"test_server.erl"},{line,925}]}]}, [{escalus_fresh,
                                                                            clean},
                                                                           {amp_SUITE,
                                                                            end_per_suite,
                                                                            44},
                                                                           {test_server,
                                                                            ts_tc,
                                                                            1360},
                                                                           {test_server,
                                                                            run_test_case_eval1,
                                                                            1041},
                                                                           {test_server,
                                                                            run_test_case_eval,
                                                                            925}]
=== *** FAILED {amp_SUITE,end_per_suite} ***
=group_time    0.198s
=== TEST COMPLETE, 0 ok, 16 failed of 16 test cases

=finished      2016-03-14 14:39:00
=failed        16
=successful    0
=user_skipped  0
=auto_skipped  0
