=== Suite started at 2016-03-25 12:01:24
=== Starting test, 27 test cases
=cases         27
=user          travis
=host          testing-gce-faded0c4-e7b2-4703-8583-2fdc7dc5050a
=hosts         testing-gce-faded0c4-e7b2-4703-8583-2fdc7dc5050a 
=emulator_vsn  6.4
=emulator      beam
=otp_release   17
=started       2016-03-25 12:01:24
=case          login_SUITE:init_per_suite
=logfile       login_suite.init_per_suite.html
=started       2016-03-25 12:01:24
=ended         2016-03-25 12:01:24
=result        ok
=elapsed       0.002677
=case          login_SUITE:init_per_group
=logfile       login_suite.init_per_group.html
=group_props   [{name,register},sequence]
=started       2016-03-25 12:01:24
=ended         2016-03-25 12:01:24
=result        ok
=elapsed       0.001566
=case          login_SUITE:register
=logfile       login_suite.register.html
=started       2016-03-25 12:01:24
=ended         2016-03-25 12:01:24
=result        failed: {{badmatch,{error,not_allowed}},
                        [{login_SUITE,register,1,
                                      [{file,"login_SUITE.erl"},{line,231}]},
                         {test_server,ts_tc,3,
                                      [{file,"test_server.erl"},{line,1429}]},
                         {test_server,run_test_case_eval1,6,
                                      [{file,"test_server.erl"},{line,1026}]},
                         {test_server,run_test_case_eval,9,
                                      [{file,"test_server.erl"},{line,968}]}]}, [{login_SUITE,
                                                                                  register,
                                                                                  231},
                                                                                 {test_server,
                                                                                  ts_tc,
                                                                                  1429},
                                                                                 {test_server,
                                                                                  run_test_case_eval1,
                                                                                  1026},
                                                                                 {test_server,
                                                                                  run_test_case_eval,
                                                                                  968}]
=== *** FAILED test case 1 of 27 ***
=== 
=case          login_SUITE:already_registered
=group_props   [{name,"register"}]
=started       2016-03-25 12:01:24
=result        auto_skipped: {failed,{login_SUITE,register}}
=== *** Skipping test case #2 {login_SUITE,already_registered} ***
=== 
=case          login_SUITE:check_unregistered
=group_props   [{name,"register"}]
=started       2016-03-25 12:01:24
=result        auto_skipped: {failed,{login_SUITE,register}}
=== *** Skipping test case #3 {login_SUITE,check_unregistered} ***
=case          login_SUITE:end_per_group
=logfile       login_suite.end_per_group.html
=group_props   [{name,register},sequence]
=started       2016-03-25 12:01:24
=ended         2016-03-25 12:01:24
=result        ok
=elapsed       1.0e-6
=group_time    0.057s
=case          login_SUITE:init_per_group
=logfile       login_suite.init_per_group.907284.509.html
=group_props   [{name,bad_registration},no_sequence]
=started       2016-03-25 12:01:24
=ended         2016-03-25 12:01:24
=result        ok
=elapsed       1.0e-6
=case          login_SUITE:null_password
=logfile       login_suite.null_password.html
=started       2016-03-25 12:01:24
=ended         2016-03-25 12:01:24
=result        ok
=elapsed       0.25041
=case          login_SUITE:end_per_group
=logfile       login_suite.end_per_group.907284.811.html
=group_props   [{name,bad_registration},no_sequence]
=started       2016-03-25 12:01:24
=ended         2016-03-25 12:01:24
=result        ok
=elapsed       1.0e-6
=group_time    0.302s
=case          login_SUITE:init_per_group
=logfile       login_suite.init_per_group.907284.839.html
=group_props   [{name,bad_cancelation},no_sequence]
=started       2016-03-25 12:01:24
=ended         2016-03-25 12:01:24
=result        ok
=elapsed       0.001616
=case          login_SUITE:bad_request_registration_cancelation
=logfile       login_suite.bad_request_registration_cancelation.html
=started       2016-03-25 12:01:24
=== ERROR! init_per_testcase crashed!
	Location: [{escalus_users,verify_creation,268},
              {lists,foreach,1336},
              {escalus_users,create_users_via_xmpp,100},
              {test_server,do_init_per_testcase,1233},
              {test_server,run_test_case_eval1,997},
              {test_server,run_test_case_eval,968}]
	Reason: {failed_to_register,
                    [{escalus_users,verify_creation,1,
                         [{file,"src/escalus_users.erl"},{line,268}]},
                     {lists,foreach,2,[{file,"lists.erl"},{line,1336}]},
                     {escalus_users,create_users_via_xmpp,2,
                         [{file,"src/escalus_users.erl"},{line,100}]},
                     {test_server,do_init_per_testcase,2,
                         [{file,"test_server.erl"},{line,1233}]},
                     {test_server,run_test_case_eval1,6,
                         [{file,"test_server.erl"},{line,997}]},
                     {test_server,run_test_case_eval,9,
                         [{file,"test_server.erl"},{line,968}]}]}

=ended         2016-03-25 12:01:25
=result        auto_skipped: {failed,
                              {login_SUITE,init_per_testcase,
                               {failed_to_register,
                                [{escalus_users,verify_creation,1,
                                  [{file,"src/escalus_users.erl"},{line,268}]},
                                 {lists,foreach,2,
                                  [{file,"lists.erl"},{line,1336}]},
                                 {escalus_users,create_users_via_xmpp,2,
                                  [{file,"src/escalus_users.erl"},{line,100}]},
                                 {test_server,do_init_per_testcase,2,
                                  [{file,"test_server.erl"},{line,1233}]},
                                 {test_server,run_test_case_eval1,6,
                                  [{file,"test_server.erl"},{line,997}]},
                                 {test_server,run_test_case_eval,9,
                                  [{file,"test_server.erl"},{line,968}]}]}}}
=== *** SKIPPED test case 5 of 27 ***
=case          login_SUITE:not_allowed_registration_cancelation
=logfile       login_suite.not_allowed_registration_cancelation.html
=started       2016-03-25 12:01:25
=== ERROR! init_per_testcase crashed!
	Location: [{escalus_users,verify_creation,268},
              {lists,foreach,1336},
              {escalus_users,create_users_via_xmpp,100},
              {login_SUITE,init_per_testcase,<a href="login_suite.src.html#163">163</a>},
              {test_server,do_init_per_testcase,1233},
              {test_server,run_test_case_eval1,997},
              {test_server,run_test_case_eval,968}]
	Reason: {failed_to_register,
                    [{escalus_users,verify_creation,1,
                         [{file,"src/escalus_users.erl"},{line,268}]},
                     {lists,foreach,2,[{file,"lists.erl"},{line,1336}]},
                     {escalus_users,create_users_via_xmpp,2,
                         [{file,"src/escalus_users.erl"},{line,100}]},
                     {login_SUITE,init_per_testcase,2,
                         [{file,"login_SUITE.erl"},{line,163}]},
                     {test_server,do_init_per_testcase,2,
                         [{file,"test_server.erl"},{line,1233}]},
                     {test_server,run_test_case_eval1,6,
                         [{file,"test_server.erl"},{line,997}]},
                     {test_server,run_test_case_eval,9,
                         [{file,"test_server.erl"},{line,968}]}]}

=ended         2016-03-25 12:01:25
=result        auto_skipped: {failed,
                              {login_SUITE,init_per_testcase,
                               {failed_to_register,
                                [{escalus_users,verify_creation,1,
                                  [{file,"src/escalus_users.erl"},{line,268}]},
                                 {lists,foreach,2,
                                  [{file,"lists.erl"},{line,1336}]},
                                 {escalus_users,create_users_via_xmpp,2,
                                  [{file,"src/escalus_users.erl"},{line,100}]},
                                 {login_SUITE,init_per_testcase,2,
                                  [{file,"login_SUITE.erl"},{line,163}]},
                                 {test_server,do_init_per_testcase,2,
                                  [{file,"test_server.erl"},{line,1233}]},
                                 {test_server,run_test_case_eval1,6,
                                  [{file,"test_server.erl"},{line,997}]},
                                 {test_server,run_test_case_eval,9,
                                  [{file,"test_server.erl"},{line,968}]}]}}}
=== *** SKIPPED test case 6 of 27 ***
=case          login_SUITE:end_per_group
=logfile       login_suite.end_per_group.907285.429.html
=group_props   [{name,bad_cancelation},no_sequence]
=started       2016-03-25 12:01:25
=ended         2016-03-25 12:01:25
=result        ok
=elapsed       1.0e-6
=group_time    0.590s
=case          login_SUITE:init_per_group
=logfile       login_suite.init_per_group.907285.455.html
=group_props   [{name,registration_timeout},sequence]
=started       2016-03-25 12:01:25
=ended         2016-03-25 12:01:25
=result        ok
=elapsed       0.002499
=case          login_SUITE:registration_timeout
=logfile       login_suite.registration_timeout.html
=started       2016-03-25 12:01:25
=== WARNING: end_per_testcase crashed!
Reason: {badmatch,
            {error,
                {connection_step_failed,
                    {{escalus_session,authenticate},
                     {client,undefined,escalus_tcp,#Port<0.22985>,false,
                         false,<0.15609.0>,undefined},
                     [{username,<<"alicE">>},
                      {server,<<"localhost">>},
                      {host,<<"localhost">>},
                      {port,5222},
                      {auth,{escalus_auth,auth_plain}},
                      {wspath,undefined},
                      {username,<<"alicE">>},
                      {server,<<"localhost">>},
                      {password,<<"matygrysa">>}],
                     [{compression,false},
                      {starttls,true},
                      {stream_management,true},
                      {advanced_message_processing,true},
                      {auth_plain,true},
                      {auth_sasl_oauth,true},
                      {auth_digest_md5,true},
                      {auth_sasl_scram_sha1,true}]},
                    {auth_failed,<<"alicE">>,
                        {xmlel,<<"failure">>,
                            [{<<"xmlns">>,
                              <<"urn:ietf:params:xml:ns:xmpp-sasl">>}],
                            [{xmlel,<<"not-authorized">>,[],[]}]}}}}}
Line: [{escalus_users,delete_user,274},
              {escalus_users,'-delete_users/2-lc$^0/1-0-',107},
              {test_server,do_end_per_testcase,1299},
              {test_server,run_test_case_eval1,1054},
              {test_server,run_test_case_eval,968}]

=ended         2016-03-25 12:01:27
=result        failed: {failed_to_register,
                           [{escalus_users,verify_creation,1,
                                [{file,"src/escalus_users.erl"},{line,268}]},
                            {login_SUITE,registration_timeout,1,
                                [{file,"login_SUITE.erl"},{line,325}]},
                            {test_server,ts_tc,3,
                                [{file,"test_server.erl"},{line,1429}]},
                            {test_server,run_test_case_eval1,6,
                                [{file,"test_server.erl"},{line,1026}]},
                            {test_server,run_test_case_eval,9,
                                [{file,"test_server.erl"},{line,968}]}]}, [{escalus_users,
                                                                            verify_creation,
                                                                            268},
                                                                           {login_SUITE,
                                                                            registration_timeout,
                                                                            325},
                                                                           {test_server,
                                                                            ts_tc,
                                                                            1429},
                                                                           {test_server,
                                                                            run_test_case_eval1,
                                                                            1026},
                                                                           {test_server,
                                                                            run_test_case_eval,
                                                                            968}]
=== *** FAILED test case 7 of 27 ***
=== 
=case          login_SUITE:registration_failure_timeout
=group_props   [{name,"registration_timeout"}]
=started       2016-03-25 12:01:27
=result        auto_skipped: {failed,{login_SUITE,registration_timeout}}
=== *** Skipping test case #8 {login_SUITE,registration_failure_timeout} ***
=case          login_SUITE:end_per_group
=logfile       login_suite.end_per_group.907287.976.html
=group_props   [{name,registration_timeout},sequence]
=started       2016-03-25 12:01:27
=ended         2016-03-25 12:01:27
=result        ok
=elapsed       2.58e-4
=group_time    2.521s
=case          login_SUITE:init_per_group
=logfile       login_suite.init_per_group.907288.2.html
=group_props   [{name,change_account_details},no_sequence]
=started       2016-03-25 12:01:28
=ended         2016-03-25 12:01:28
=result        ok
=elapsed       0.002451
=case          login_SUITE:change_password
=logfile       login_suite.change_password.html
=started       2016-03-25 12:01:28
=== ERROR! init_per_testcase crashed!
	Location: [{escalus_users,verify_creation,268},
              {lists,foreach,1336},
              {escalus_users,create_users_via_xmpp,100},
              {test_server,do_init_per_testcase,1233},
              {test_server,run_test_case_eval1,997},
              {test_server,run_test_case_eval,968}]
	Reason: {failed_to_register,
                    [{escalus_users,verify_creation,1,
                         [{file,"src/escalus_users.erl"},{line,268}]},
                     {lists,foreach,2,[{file,"lists.erl"},{line,1336}]},
                     {escalus_users,create_users_via_xmpp,2,
                         [{file,"src/escalus_users.erl"},{line,100}]},
                     {test_server,do_init_per_testcase,2,
                         [{file,"test_server.erl"},{line,1233}]},
                     {test_server,run_test_case_eval1,6,
                         [{file,"test_server.erl"},{line,997}]},
                     {test_server,run_test_case_eval,9,
                         [{file,"test_server.erl"},{line,968}]}]}

=ended         2016-03-25 12:01:28
=result        auto_skipped: {failed,
                              {login_SUITE,init_per_testcase,
                               {failed_to_register,
                                [{escalus_users,verify_creation,1,
                                  [{file,"src/escalus_users.erl"},{line,268}]},
                                 {lists,foreach,2,
                                  [{file,"lists.erl"},{line,1336}]},
                                 {escalus_users,create_users_via_xmpp,2,
                                  [{file,"src/escalus_users.erl"},{line,100}]},
                                 {test_server,do_init_per_testcase,2,
                                  [{file,"test_server.erl"},{line,1233}]},
                                 {test_server,run_test_case_eval1,6,
                                  [{file,"test_server.erl"},{line,997}]},
                                 {test_server,run_test_case_eval,9,
                                  [{file,"test_server.erl"},{line,968}]}]}}}
=== *** SKIPPED test case 9 of 27 ***
=case          login_SUITE:change_password_to_null
=logfile       login_suite.change_password_to_null.html
=started       2016-03-25 12:01:28
=== ERROR! init_per_testcase crashed!
	Location: [{escalus_users,verify_creation,268},
              {lists,foreach,1336},
              {escalus_users,create_users_via_xmpp,100},
              {test_server,do_init_per_testcase,1233},
              {test_server,run_test_case_eval1,997},
              {test_server,run_test_case_eval,968}]
	Reason: {failed_to_register,
                    [{escalus_users,verify_creation,1,
                         [{file,"src/escalus_users.erl"},{line,268}]},
                     {lists,foreach,2,[{file,"lists.erl"},{line,1336}]},
                     {escalus_users,create_users_via_xmpp,2,
                         [{file,"src/escalus_users.erl"},{line,100}]},
                     {test_server,do_init_per_testcase,2,
                         [{file,"test_server.erl"},{line,1233}]},
                     {test_server,run_test_case_eval1,6,
                         [{file,"test_server.erl"},{line,997}]},
                     {test_server,run_test_case_eval,9,
                         [{file,"test_server.erl"},{line,968}]}]}

=ended         2016-03-25 12:01:28
=result        auto_skipped: {failed,
                              {login_SUITE,init_per_testcase,
                               {failed_to_register,
                                [{escalus_users,verify_creation,1,
                                  [{file,"src/escalus_users.erl"},{line,268}]},
                                 {lists,foreach,2,
                                  [{file,"lists.erl"},{line,1336}]},
                                 {escalus_users,create_users_via_xmpp,2,
                                  [{file,"src/escalus_users.erl"},{line,100}]},
                                 {test_server,do_init_per_testcase,2,
                                  [{file,"test_server.erl"},{line,1233}]},
                                 {test_server,run_test_case_eval1,6,
                                  [{file,"test_server.erl"},{line,997}]},
                                 {test_server,run_test_case_eval,9,
                                  [{file,"test_server.erl"},{line,968}]}]}}}
=== *** SKIPPED test case 10 of 27 ***
=case          login_SUITE:end_per_group
=logfile       login_suite.end_per_group.907288.592.html
=group_props   [{name,change_account_details},no_sequence]
=started       2016-03-25 12:01:28
=ended         2016-03-25 12:01:28
=result        ok
=elapsed       1.0e-6
=group_time    0.590s
=case          login_SUITE:init_per_group
=logfile       login_suite.init_per_group.907288.618.html
=group_props   [{name,login},sequence]
=started       2016-03-25 12:01:28
=ended         2016-03-25 12:01:29
=result        failed: {failed_to_register,
                           [{escalus_users,verify_creation,1,
                                [{file,"src/escalus_users.erl"},{line,268}]},
                            {lists,foreach,2,[{file,"lists.erl"},{line,1336}]},
                            {escalus_users,create_users_via_xmpp,2,
                                [{file,"src/escalus_users.erl"},{line,100}]},
                            {test_server,ts_tc,3,
                                [{file,"test_server.erl"},{line,1429}]},
                            {test_server,run_test_case_eval1,6,
                                [{file,"test_server.erl"},{line,1099}]},
                            {test_server,run_test_case_eval,9,
                                [{file,"test_server.erl"},{line,968}]}]}, [{escalus_users,
                                                                            verify_creation,
                                                                            268},
                                                                           {lists,
                                                                            foreach,
                                                                            1336},
                                                                           {escalus_users,
                                                                            create_users_via_xmpp,
                                                                            100},
                                                                           {test_server,
                                                                            ts_tc,
                                                                            1429},
                                                                           {test_server,
                                                                            run_test_case_eval1,
                                                                            1099},
                                                                           {test_server,
                                                                            run_test_case_eval,
                                                                            968}]
=== *** FAILED {login_SUITE,init_per_group} ***
=== 
=case          login_SUITE:log_one
=group_props   [{name,"login"}]
=started       2016-03-25 12:01:29
=result        auto_skipped: init_per_group failed
=== *** Skipping test case #11 {login_SUITE,log_one} ***
=== 
=case          login_SUITE:log_non_existent_plain
=group_props   [{name,"login"}]
=started       2016-03-25 12:01:29
=result        auto_skipped: init_per_group failed
=== *** Skipping test case #12 {login_SUITE,log_non_existent_plain} ***
=== 
=case          login_SUITE:log_one_digest
=group_props   [{name,"login"}]
=started       2016-03-25 12:01:29
=result        auto_skipped: init_per_group failed
=== *** Skipping test case #13 {login_SUITE,log_one_digest} ***
=== 
=case          login_SUITE:log_non_existent_digest
=group_props   [{name,"login"}]
=started       2016-03-25 12:01:29
=result        auto_skipped: init_per_group failed
=== *** Skipping test case #14 {login_SUITE,log_non_existent_digest} ***
=== 
=case          login_SUITE:log_one_scram
=group_props   [{name,"login"}]
=started       2016-03-25 12:01:29
=result        auto_skipped: init_per_group failed
=== *** Skipping test case #15 {login_SUITE,log_one_scram} ***
=== 
=case          login_SUITE:log_non_existent_scram
=group_props   [{name,"login"}]
=started       2016-03-25 12:01:29
=result        auto_skipped: init_per_group failed
=== *** Skipping test case #16 {login_SUITE,log_non_existent_scram} ***
=== 
=case          login_SUITE:blocked_user
=group_props   [{name,"login"}]
=started       2016-03-25 12:01:29
=result        auto_skipped: init_per_group failed
=== *** Skipping test case #17 {login_SUITE,blocked_user} ***
=== 
=case          login_SUITE:end_per_group
=group_props   [{name,"login"}]
=started       2016-03-25 12:01:29
=result        auto_skipped: init_per_group failed
=== *** Skipping {login_SUITE,end_per_group} ***
=case          login_SUITE:init_per_group
=logfile       login_suite.init_per_group.907289.153.html
=group_props   [{name,login_scram},sequence]
=started       2016-03-25 12:01:29
=ended         2016-03-25 12:01:29
=result        failed: {failed_to_register,
                           [{escalus_users,verify_creation,1,
                                [{file,"src/escalus_users.erl"},{line,268}]},
                            {lists,foreach,2,[{file,"lists.erl"},{line,1336}]},
                            {escalus_users,create_users_via_xmpp,2,
                                [{file,"src/escalus_users.erl"},{line,100}]},
                            {login_SUITE,init_per_group,2,
                                [{file,"login_SUITE.erl"},{line,116}]},
                            {test_server,ts_tc,3,
                                [{file,"test_server.erl"},{line,1429}]},
                            {test_server,run_test_case_eval1,6,
                                [{file,"test_server.erl"},{line,1099}]},
                            {test_server,run_test_case_eval,9,
                                [{file,"test_server.erl"},{line,968}]}]}, [{escalus_users,
                                                                            verify_creation,
                                                                            268},
                                                                           {lists,
                                                                            foreach,
                                                                            1336},
                                                                           {escalus_users,
                                                                            create_users_via_xmpp,
                                                                            100},
                                                                           {login_SUITE,
                                                                            init_per_group,
                                                                            116},
                                                                           {test_server,
                                                                            ts_tc,
                                                                            1429},
                                                                           {test_server,
                                                                            run_test_case_eval1,
                                                                            1099},
                                                                           {test_server,
                                                                            run_test_case_eval,
                                                                            968}]
=== *** FAILED {login_SUITE,init_per_group} ***
=== 
=case          login_SUITE:log_one
=group_props   [{name,"login_scram"}]
=started       2016-03-25 12:01:29
=result        auto_skipped: init_per_group failed
=== *** Skipping test case #18 {login_SUITE,log_one} ***
=== 
=case          login_SUITE:log_one_scram
=group_props   [{name,"login_scram"}]
=started       2016-03-25 12:01:29
=result        auto_skipped: init_per_group failed
=== *** Skipping test case #19 {login_SUITE,log_one_scram} ***
=== 
=case          login_SUITE:end_per_group
=group_props   [{name,"login_scram"}]
=started       2016-03-25 12:01:29
=result        auto_skipped: init_per_group failed
=== *** Skipping {login_SUITE,end_per_group} ***
=case          login_SUITE:init_per_group
=logfile       login_suite.init_per_group.907289.685.html
=group_props   [{name,login_scram_store_plain},sequence]
=started       2016-03-25 12:01:29
=ended         2016-03-25 12:01:30
=result        failed: {failed_to_register,
                           [{escalus_users,verify_creation,1,
                                [{file,"src/escalus_users.erl"},{line,268}]},
                            {lists,foreach,2,[{file,"lists.erl"},{line,1336}]},
                            {escalus_users,create_users_via_xmpp,2,
                                [{file,"src/escalus_users.erl"},{line,100}]},
                            {login_SUITE,init_per_group,2,
                                [{file,"login_SUITE.erl"},{line,116}]},
                            {test_server,ts_tc,3,
                                [{file,"test_server.erl"},{line,1429}]},
                            {test_server,run_test_case_eval1,6,
                                [{file,"test_server.erl"},{line,1099}]},
                            {test_server,run_test_case_eval,9,
                                [{file,"test_server.erl"},{line,968}]}]}, [{escalus_users,
                                                                            verify_creation,
                                                                            268},
                                                                           {lists,
                                                                            foreach,
                                                                            1336},
                                                                           {escalus_users,
                                                                            create_users_via_xmpp,
                                                                            100},
                                                                           {login_SUITE,
                                                                            init_per_group,
                                                                            116},
                                                                           {test_server,
                                                                            ts_tc,
                                                                            1429},
                                                                           {test_server,
                                                                            run_test_case_eval1,
                                                                            1099},
                                                                           {test_server,
                                                                            run_test_case_eval,
                                                                            968}]
=== *** FAILED {login_SUITE,init_per_group} ***
=== 
=case          login_SUITE:log_one
=group_props   [{name,"login_scram_store_plain"}]
=started       2016-03-25 12:01:30
=result        auto_skipped: init_per_group failed
=== *** Skipping test case #20 {login_SUITE,log_one} ***
=== 
=case          login_SUITE:log_one_scram
=group_props   [{name,"login_scram_store_plain"}]
=started       2016-03-25 12:01:30
=result        auto_skipped: init_per_group failed
=== *** Skipping test case #21 {login_SUITE,log_one_scram} ***
=== 
=case          login_SUITE:end_per_group
=group_props   [{name,"login_scram_store_plain"}]
=started       2016-03-25 12:01:30
=result        auto_skipped: init_per_group failed
=== *** Skipping {login_SUITE,end_per_group} ***
=case          login_SUITE:init_per_group
=logfile       login_suite.init_per_group.907290.216.html
=group_props   [{name,legacy_auth},sequence]
=started       2016-03-25 12:01:30
=ended         2016-03-25 12:01:30
=result        failed: {failed_to_register,
                           [{escalus_users,verify_creation,1,
                                [{file,"src/escalus_users.erl"},{line,268}]},
                            {lists,foreach,2,[{file,"lists.erl"},{line,1336}]},
                            {escalus_users,create_users_via_xmpp,2,
                                [{file,"src/escalus_users.erl"},{line,100}]},
                            {test_server,ts_tc,3,
                                [{file,"test_server.erl"},{line,1429}]},
                            {test_server,run_test_case_eval1,6,
                                [{file,"test_server.erl"},{line,1099}]},
                            {test_server,run_test_case_eval,9,
                                [{file,"test_server.erl"},{line,968}]}]}, [{escalus_users,
                                                                            verify_creation,
                                                                            268},
                                                                           {lists,
                                                                            foreach,
                                                                            1336},
                                                                           {escalus_users,
                                                                            create_users_via_xmpp,
                                                                            100},
                                                                           {test_server,
                                                                            ts_tc,
                                                                            1429},
                                                                           {test_server,
                                                                            run_test_case_eval1,
                                                                            1099},
                                                                           {test_server,
                                                                            run_test_case_eval,
                                                                            968}]
=== *** FAILED {login_SUITE,init_per_group} ***
=== 
=case          login_SUITE:legacy_successful_plain
=group_props   [{name,"legacy_auth"}]
=started       2016-03-25 12:01:30
=result        auto_skipped: init_per_group failed
=== *** Skipping test case #22 {login_SUITE,legacy_successful_plain} ***
=== 
=case          login_SUITE:legacy_unsuccessful_plain
=group_props   [{name,"legacy_auth"}]
=started       2016-03-25 12:01:30
=result        auto_skipped: init_per_group failed
=== *** Skipping test case #23 {login_SUITE,legacy_unsuccessful_plain} ***
=== 
=case          login_SUITE:legacy_successful_digest
=group_props   [{name,"legacy_auth"}]
=started       2016-03-25 12:01:30
=result        auto_skipped: init_per_group failed
=== *** Skipping test case #24 {login_SUITE,legacy_successful_digest} ***
=== 
=case          login_SUITE:legacy_blocked_user
=group_props   [{name,"legacy_auth"}]
=started       2016-03-25 12:01:30
=result        auto_skipped: init_per_group failed
=== *** Skipping test case #25 {login_SUITE,legacy_blocked_user} ***
=== 
=case          login_SUITE:end_per_group
=group_props   [{name,"legacy_auth"}]
=started       2016-03-25 12:01:30
=result        auto_skipped: init_per_group failed
=== *** Skipping {login_SUITE,end_per_group} ***
=case          login_SUITE:init_per_group
=logfile       login_suite.init_per_group.907290.746.html
=group_props   [{name,messages},sequence]
=started       2016-03-25 12:01:30
=ended         2016-03-25 12:01:31
=result        failed: {failed_to_register,
                           [{escalus_users,verify_creation,1,
                                [{file,"src/escalus_users.erl"},{line,268}]},
                            {lists,foreach,2,[{file,"lists.erl"},{line,1336}]},
                            {escalus_users,create_users_via_xmpp,2,
                                [{file,"src/escalus_users.erl"},{line,100}]},
                            {test_server,ts_tc,3,
                                [{file,"test_server.erl"},{line,1429}]},
                            {test_server,run_test_case_eval1,6,
                                [{file,"test_server.erl"},{line,1099}]},
                            {test_server,run_test_case_eval,9,
                                [{file,"test_server.erl"},{line,968}]}]}, [{escalus_users,
                                                                            verify_creation,
                                                                            268},
                                                                           {lists,
                                                                            foreach,
                                                                            1336},
                                                                           {escalus_users,
                                                                            create_users_via_xmpp,
                                                                            100},
                                                                           {test_server,
                                                                            ts_tc,
                                                                            1429},
                                                                           {test_server,
                                                                            run_test_case_eval1,
                                                                            1099},
                                                                           {test_server,
                                                                            run_test_case_eval,
                                                                            968}]
=== *** FAILED {login_SUITE,init_per_group} ***
=== 
=case          login_SUITE:messages_story
=group_props   [{name,"messages"}]
=started       2016-03-25 12:01:31
=result        auto_skipped: init_per_group failed
=== *** Skipping test case #26 {login_SUITE,messages_story} ***
=== 
=case          login_SUITE:message_zlib_limit
=group_props   [{name,"messages"}]
=started       2016-03-25 12:01:31
=result        auto_skipped: init_per_group failed
=== *** Skipping test case #27 {login_SUITE,message_zlib_limit} ***
=== 
=case          login_SUITE:end_per_group
=group_props   [{name,"messages"}]
=started       2016-03-25 12:01:31
=result        auto_skipped: init_per_group failed
=== *** Skipping {login_SUITE,end_per_group} ***
=case          login_SUITE:end_per_suite
=logfile       login_suite.end_per_suite.html
=started       2016-03-25 12:01:31
=ended         2016-03-25 12:01:31
=result        ok
=elapsed       0.001355
=group_time    6.904s
=== TEST COMPLETE, 1 ok, 2 failed, 24 skipped of 27 test cases

=finished      2016-03-25 12:01:31
=failed        2
=successful    1
=user_skipped  0
=auto_skipped  24
