=== Suite started at 2016-03-17 14:46:26
=== Starting test, 5 test cases
=cases         5
=user          travis
=host          testing-gce-014cb3e3-3045-40b4-af40-7d98cedb8504
=hosts         testing-gce-014cb3e3-3045-40b4-af40-7d98cedb8504 
=emulator_vsn  6.4
=emulator      beam
=otp_release   17
=started       2016-03-17 14:46:26
=case          metrics_session_SUITE:init_per_suite
=logfile       metrics_session_suite.init_per_suite.html
=started       2016-03-17 14:46:26
=ended         2016-03-17 14:46:26
=result        ok
=elapsed       0.001882
=case          metrics_session_SUITE:init_per_group
=logfile       metrics_session_suite.init_per_group.html
=group_props   [{name,session},sequence]
=started       2016-03-17 14:46:26
=ended         2016-03-17 14:46:26
=result        failed: {function_clause,
                           [{escalus_users,
                                '-create_users_via_xmpp/2-lc$^0/1-0-',
                                [{by_name,[alice,bob]}],
                                [{file,"src/escalus_users.erl"},{line,99}]},
                            {escalus_users,create_users_via_xmpp,2,
                                [{file,"src/escalus_users.erl"},{line,99}]},
                            {test_server,ts_tc,3,
                                [{file,"test_server.erl"},{line,1429}]},
                            {test_server,run_test_case_eval1,6,
                                [{file,"test_server.erl"},{line,1099}]},
                            {test_server,run_test_case_eval,9,
                                [{file,"test_server.erl"},{line,968}]}]}, [{escalus_users,
                                                                            '-create_users_via_xmpp/2-lc$^0/1-0-',
                                                                            99},
                                                                           {escalus_users,
                                                                            create_users_via_xmpp,
                                                                            99},
                                                                           {test_server,
                                                                            ts_tc,
                                                                            1429},
                                                                           {test_server,
                                                                            run_test_case_eval1,
                                                                            1099},
                                                                           {test_server,
                                                                            run_test_case_eval,
                                                                            968}]
=== *** FAILED {metrics_session_SUITE,init_per_group} ***
=== 
=case          metrics_session_SUITE:login_one
=group_props   [{name,"session"}]
=started       2016-03-17 14:46:26
=result        auto_skipped: init_per_group failed
=== *** Skipping test case #1 {metrics_session_SUITE,login_one} ***
=== 
=case          metrics_session_SUITE:login_many
=group_props   [{name,"session"}]
=started       2016-03-17 14:46:26
=result        auto_skipped: init_per_group failed
=== *** Skipping test case #2 {metrics_session_SUITE,login_many} ***
=== 
=case          metrics_session_SUITE:auth_failed
=group_props   [{name,"session"}]
=started       2016-03-17 14:46:26
=result        auto_skipped: init_per_group failed
=== *** Skipping test case #3 {metrics_session_SUITE,auth_failed} ***
=== 
=case          metrics_session_SUITE:end_per_group
=group_props   [{name,"session"}]
=started       2016-03-17 14:46:27
=result        auto_skipped: init_per_group failed
=== *** Skipping {metrics_session_SUITE,end_per_group} ***
=case          metrics_session_SUITE:init_per_group
=logfile       metrics_session_suite.init_per_group.225987.3.html
=group_props   [{name,session_global},sequence]
=started       2016-03-17 14:46:27
=ended         2016-03-17 14:46:27
=result        failed: {function_clause,
                           [{escalus_users,
                                '-create_users_via_xmpp/2-lc$^0/1-0-',
                                [{by_name,[alice,bob]}],
                                [{file,"src/escalus_users.erl"},{line,99}]},
                            {escalus_users,create_users_via_xmpp,2,
                                [{file,"src/escalus_users.erl"},{line,99}]},
                            {test_server,ts_tc,3,
                                [{file,"test_server.erl"},{line,1429}]},
                            {test_server,run_test_case_eval1,6,
                                [{file,"test_server.erl"},{line,1099}]},
                            {test_server,run_test_case_eval,9,
                                [{file,"test_server.erl"},{line,968}]}]}, [{escalus_users,
                                                                            '-create_users_via_xmpp/2-lc$^0/1-0-',
                                                                            99},
                                                                           {escalus_users,
                                                                            create_users_via_xmpp,
                                                                            99},
                                                                           {test_server,
                                                                            ts_tc,
                                                                            1429},
                                                                           {test_server,
                                                                            run_test_case_eval1,
                                                                            1099},
                                                                           {test_server,
                                                                            run_test_case_eval,
                                                                            968}]
=== *** FAILED {metrics_session_SUITE,init_per_group} ***
=== 
=case          metrics_session_SUITE:session_global
=group_props   [{name,"session_global"}]
=started       2016-03-17 14:46:27
=result        auto_skipped: init_per_group failed
=== *** Skipping test case #4 {metrics_session_SUITE,session_global} ***
=== 
=case          metrics_session_SUITE:session_unique
=group_props   [{name,"session_global"}]
=started       2016-03-17 14:46:27
=result        auto_skipped: init_per_group failed
=== *** Skipping test case #5 {metrics_session_SUITE,session_unique} ***
=== 
=case          metrics_session_SUITE:end_per_group
=group_props   [{name,"session_global"}]
=started       2016-03-17 14:46:27
=result        auto_skipped: init_per_group failed
=== *** Skipping {metrics_session_SUITE,end_per_group} ***
=case          metrics_session_SUITE:end_per_suite
=logfile       metrics_session_suite.end_per_suite.html
=started       2016-03-17 14:46:27
=ended         2016-03-17 14:46:27
=result        ok
=elapsed       0.001184
=group_time    0.114s
=== TEST COMPLETE, 0 ok, 0 failed, 5 skipped of 5 test cases

=finished      2016-03-17 14:46:27
=failed        0
=successful    0
=user_skipped  0
=auto_skipped  5
