=== Suite started at 2016-03-14 14:43:06
=== Starting test, 16 test cases
=cases         16
=user          travis
=host          testing-gce-ffacab47-be1b-4ee7-8149-8ad678f25ee7
=hosts         testing-gce-ffacab47-be1b-4ee7-8149-8ad678f25ee7 
=emulator_vsn  7.1
=emulator      beam
=otp_release   18
=started       2016-03-14 14:43:06
=case          amp_SUITE:init_per_suite
=logfile       amp_suite.init_per_suite.html
=started       2016-03-14 14:43:06
=ended         2016-03-14 14:43:06
=result        ok
=elapsed       0.002476
=case          ct_framework:init_per_group
=logfile       ct_framework.init_per_group.html
=group_props   [{suite,amp_SUITE},{name,all},parallel,shuffle]
=started       2016-03-14 14:43:06
=ended         2016-03-14 14:43:06
=result        ok
=elapsed       6.6e-5
=case          amp_SUITE:notify_deliver_none_test
=logfile       amp_suite.notify_deliver_none_test.18.html
=started       2016-03-14 14:43:06
=ended         2016-03-14 14:43:06
=result        failed: {undef,
                           [{escalus,fresh_story,
                                [[{escalus_event_mgr,<0.2697.0>},
                                  {tc_name,notify_deliver_none_test},
                                  {escalus_cleaner,<0.2695.0>},
                                  {watchdog,<0.2690.0>},
                                  {preset,"internal_mnesia"},
                                  {tc_logfile,
                                      "/home/travis/build/esl/MongooseIM/test/ejabberd_tests/ct_report/ct_run.test@testing-gce-ffacab47-be1b-4ee7-8149-8ad678f25ee7.2016-03-14_14.42.58/ejabberd_tests.tests.amp_SUITE.logs/run.2016-03-14_14.43.06/amp_suite.notify_deliver_none_test.18.html"},
                                  {tc_group_properties,
                                      [{shuffle,{1457,966586,822231}},
                                       {suite,amp_SUITE},
                                       {name,all},
                                       parallel]},
                                  {tc_group_path,[]},
                                  {data_dir,
                                      "/home/travis/build/esl/MongooseIM/test/ejabberd_tests/tests/amp_SUITE_data/"},
                                  {priv_dir,
                                      "/home/travis/build/esl/MongooseIM/test/ejabberd_tests/ct_report/ct_run.test@testing-gce-ffacab47-be1b-4ee7-8149-8ad678f25ee7.2016-03-14_14.42.58/ejabberd_tests.tests.amp_SUITE.logs/run.2016-03-14_14.43.06/log_private/"}],
                                 [{alice,1}],
                                 #Fun<amp_SUITE.7.128366657>],
                                []},
                            {test_server,ts_tc,3,
                                [{file,"test_server.erl"},{line,1408}]},
                            {test_server,run_test_case_eval1,6,
                                [{file,"test_server.erl"},{line,984}]},
                            {test_server,run_test_case_eval,9,
                                [{file,"test_server.erl"},{line,926}]}]}, [{escalus,
                                                                            fresh_story},
                                                                           {test_server,
                                                                            ts_tc,
                                                                            1408},
                                                                           {test_server,
                                                                            run_test_case_eval1,
                                                                            984},
                                                                           {test_server,
                                                                            run_test_case_eval,
                                                                            926}]
=== *** FAILED test case 1 of 16 ***
=case          amp_SUITE:last_rule_applies_test
=logfile       amp_suite.last_rule_applies_test.3.html
=started       2016-03-14 14:43:06
=ended         2016-03-14 14:43:06
=result        failed: {undef,
                           [{escalus,fresh_story,
                                [[{escalus_event_mgr,<0.2687.0>},
                                  {tc_name,last_rule_applies_test},
                                  {escalus_cleaner,<0.2686.0>},
                                  {watchdog,<0.2683.0>},
                                  {preset,"internal_mnesia"},
                                  {tc_logfile,
                                      "/home/travis/build/esl/MongooseIM/test/ejabberd_tests/ct_report/ct_run.test@testing-gce-ffacab47-be1b-4ee7-8149-8ad678f25ee7.2016-03-14_14.42.58/ejabberd_tests.tests.amp_SUITE.logs/run.2016-03-14_14.43.06/amp_suite.last_rule_applies_test.3.html"},
                                  {tc_group_properties,
                                      [{shuffle,{1457,966586,822231}},
                                       {suite,amp_SUITE},
                                       {name,all},
                                       parallel]},
                                  {tc_group_path,[]},
                                  {data_dir,
                                      "/home/travis/build/esl/MongooseIM/test/ejabberd_tests/tests/amp_SUITE_data/"},
                                  {priv_dir,
                                      "/home/travis/build/esl/MongooseIM/test/ejabberd_tests/ct_report/ct_run.test@testing-gce-ffacab47-be1b-4ee7-8149-8ad678f25ee7.2016-03-14_14.42.58/ejabberd_tests.tests.amp_SUITE.logs/run.2016-03-14_14.43.06/log_private/"}],
                                 [{alice,1},{bob,1}],
                                 #Fun<amp_SUITE.15.128366657>],
                                []},
                            {test_server,ts_tc,3,
                                [{file,"test_server.erl"},{line,1408}]},
                            {test_server,run_test_case_eval1,6,
                                [{file,"test_server.erl"},{line,984}]},
                            {test_server,run_test_case_eval,9,
                                [{file,"test_server.erl"},{line,926}]}]}, [{escalus,
                                                                            fresh_story},
                                                                           {test_server,
                                                                            ts_tc,
                                                                            1408},
                                                                           {test_server,
                                                                            run_test_case_eval1,
                                                                            984},
                                                                           {test_server,
                                                                            run_test_case_eval,
                                                                            926}]
=== *** FAILED test case 2 of 16 ***
=case          amp_SUITE:unacceptable_rules_test
=logfile       amp_suite.unacceptable_rules_test.11.html
=started       2016-03-14 14:43:06
=ended         2016-03-14 14:43:06
=result        failed: {undef,
                           [{escalus,fresh_story,
                                [[{escalus_event_mgr,<0.2698.0>},
                                  {tc_name,unacceptable_rules_test},
                                  {escalus_cleaner,<0.2696.0>},
                                  {watchdog,<0.2693.0>},
                                  {preset,"internal_mnesia"},
                                  {tc_logfile,
                                      "/home/travis/build/esl/MongooseIM/test/ejabberd_tests/ct_report/ct_run.test@testing-gce-ffacab47-be1b-4ee7-8149-8ad678f25ee7.2016-03-14_14.42.58/ejabberd_tests.tests.amp_SUITE.logs/run.2016-03-14_14.43.06/amp_suite.unacceptable_rules_test.11.html"},
                                  {tc_group_properties,
                                      [{shuffle,{1457,966586,822231}},
                                       {suite,amp_SUITE},
                                       {name,all},
                                       parallel]},
                                  {tc_group_path,[]},
                                  {data_dir,
                                      "/home/travis/build/esl/MongooseIM/test/ejabberd_tests/tests/amp_SUITE_data/"},
                                  {priv_dir,
                                      "/home/travis/build/esl/MongooseIM/test/ejabberd_tests/ct_report/ct_run.test@testing-gce-ffacab47-be1b-4ee7-8149-8ad678f25ee7.2016-03-14_14.42.58/ejabberd_tests.tests.amp_SUITE.logs/run.2016-03-14_14.43.06/log_private/"}],
                                 [{alice,1},{bob,1}],
                                 #Fun<amp_SUITE.4.128366657>],
                                []},
                            {test_server,ts_tc,3,
                                [{file,"test_server.erl"},{line,1408}]},
                            {test_server,run_test_case_eval1,6,
                                [{file,"test_server.erl"},{line,984}]},
                            {test_server,run_test_case_eval,9,
                                [{file,"test_server.erl"},{line,926}]}]}, [{escalus,
                                                                            fresh_story},
                                                                           {test_server,
                                                                            ts_tc,
                                                                            1408},
                                                                           {test_server,
                                                                            run_test_case_eval1,
                                                                            984},
                                                                           {test_server,
                                                                            run_test_case_eval,
                                                                            926}]
=== *** FAILED test case 3 of 16 ***
=case          amp_SUITE:error_deliver_doesnt_apply_test
=logfile       amp_suite.error_deliver_doesnt_apply_test.7.html
=started       2016-03-14 14:43:06
=ended         2016-03-14 14:43:06
=result        failed: {undef,
                           [{escalus,fresh_story,
                                [[{escalus_event_mgr,<0.2694.0>},
                                  {tc_name,error_deliver_doesnt_apply_test},
                                  {escalus_cleaner,<0.2692.0>},
                                  {watchdog,<0.2691.0>},
                                  {preset,"internal_mnesia"},
                                  {tc_logfile,
                                      "/home/travis/build/esl/MongooseIM/test/ejabberd_tests/ct_report/ct_run.test@testing-gce-ffacab47-be1b-4ee7-8149-8ad678f25ee7.2016-03-14_14.42.58/ejabberd_tests.tests.amp_SUITE.logs/run.2016-03-14_14.43.06/amp_suite.error_deliver_doesnt_apply_test.7.html"},
                                  {tc_group_properties,
                                      [{shuffle,{1457,966586,822231}},
                                       {suite,amp_SUITE},
                                       {name,all},
                                       parallel]},
                                  {tc_group_path,[]},
                                  {data_dir,
                                      "/home/travis/build/esl/MongooseIM/test/ejabberd_tests/tests/amp_SUITE_data/"},
                                  {priv_dir,
                                      "/home/travis/build/esl/MongooseIM/test/ejabberd_tests/ct_report/ct_run.test@testing-gce-ffacab47-be1b-4ee7-8149-8ad678f25ee7.2016-03-14_14.42.58/ejabberd_tests.tests.amp_SUITE.logs/run.2016-03-14_14.43.06/log_private/"}],
                                 [{alice,1},{bob,1}],
                                 #Fun<amp_SUITE.14.128366657>],
                                []},
                            {test_server,ts_tc,3,
                                [{file,"test_server.erl"},{line,1408}]},
                            {test_server,run_test_case_eval1,6,
                                [{file,"test_server.erl"},{line,984}]},
                            {test_server,run_test_case_eval,9,
                                [{file,"test_server.erl"},{line,926}]}]}, [{escalus,
                                                                            fresh_story},
                                                                           {test_server,
                                                                            ts_tc,
                                                                            1408},
                                                                           {test_server,
                                                                            run_test_case_eval1,
                                                                            984},
                                                                           {test_server,
                                                                            run_test_case_eval,
                                                                            926}]
=== *** FAILED test case 4 of 16 ***
=case          amp_SUITE:initial_service_discovery_test
=logfile       amp_suite.initial_service_discovery_test.19.html
=started       2016-03-14 14:43:06
=ended         2016-03-14 14:43:06
=result        failed: {undef,
                           [{escalus,fresh_story,
                                [[{escalus_event_mgr,<0.2733.0>},
                                  {tc_name,initial_service_discovery_test},
                                  {escalus_cleaner,<0.2730.0>},
                                  {watchdog,<0.2724.0>},
                                  {preset,"internal_mnesia"},
                                  {tc_logfile,
                                      "/home/travis/build/esl/MongooseIM/test/ejabberd_tests/ct_report/ct_run.test@testing-gce-ffacab47-be1b-4ee7-8149-8ad678f25ee7.2016-03-14_14.42.58/ejabberd_tests.tests.amp_SUITE.logs/run.2016-03-14_14.43.06/amp_suite.initial_service_discovery_test.19.html"},
                                  {tc_group_properties,
                                      [{shuffle,{1457,966586,822231}},
                                       {suite,amp_SUITE},
                                       {name,all},
                                       parallel]},
                                  {tc_group_path,[]},
                                  {data_dir,
                                      "/home/travis/build/esl/MongooseIM/test/ejabberd_tests/tests/amp_SUITE_data/"},
                                  {priv_dir,
                                      "/home/travis/build/esl/MongooseIM/test/ejabberd_tests/ct_report/ct_run.test@testing-gce-ffacab47-be1b-4ee7-8149-8ad678f25ee7.2016-03-14_14.42.58/ejabberd_tests.tests.amp_SUITE.logs/run.2016-03-14_14.43.06/log_private/"}],
                                 [{alice,1}],
                                 #Fun<amp_SUITE.0.128366657>],
                                []},
                            {test_server,ts_tc,3,
                                [{file,"test_server.erl"},{line,1408}]},
                            {test_server,run_test_case_eval1,6,
                                [{file,"test_server.erl"},{line,984}]},
                            {test_server,run_test_case_eval,9,
                                [{file,"test_server.erl"},{line,926}]}]}, [{escalus,
                                                                            fresh_story},
                                                                           {test_server,
                                                                            ts_tc,
                                                                            1408},
                                                                           {test_server,
                                                                            run_test_case_eval1,
                                                                            984},
                                                                           {test_server,
                                                                            run_test_case_eval,
                                                                            926}]
=== *** FAILED test case 5 of 16 ***
=case          amp_SUITE:unsupported_actions_test
=logfile       amp_suite.unsupported_actions_test.23.html
=started       2016-03-14 14:43:06
=ended         2016-03-14 14:43:06
=result        failed: {undef,
                           [{escalus,fresh_story,
                                [[{escalus_event_mgr,<0.2751.0>},
                                  {tc_name,unsupported_actions_test},
                                  {escalus_cleaner,<0.2749.0>},
                                  {watchdog,<0.2742.0>},
                                  {preset,"internal_mnesia"},
                                  {tc_logfile,
                                      "/home/travis/build/esl/MongooseIM/test/ejabberd_tests/ct_report/ct_run.test@testing-gce-ffacab47-be1b-4ee7-8149-8ad678f25ee7.2016-03-14_14.42.58/ejabberd_tests.tests.amp_SUITE.logs/run.2016-03-14_14.43.06/amp_suite.unsupported_actions_test.23.html"},
                                  {tc_group_properties,
                                      [{shuffle,{1457,966586,822231}},
                                       {suite,amp_SUITE},
                                       {name,all},
                                       parallel]},
                                  {tc_group_path,[]},
                                  {data_dir,
                                      "/home/travis/build/esl/MongooseIM/test/ejabberd_tests/tests/amp_SUITE_data/"},
                                  {priv_dir,
                                      "/home/travis/build/esl/MongooseIM/test/ejabberd_tests/ct_report/ct_run.test@testing-gce-ffacab47-be1b-4ee7-8149-8ad678f25ee7.2016-03-14_14.42.58/ejabberd_tests.tests.amp_SUITE.logs/run.2016-03-14_14.43.06/log_private/"}],
                                 [{alice,1},{bob,1}],
                                 #Fun<amp_SUITE.2.128366657>],
                                []},
                            {test_server,ts_tc,3,
                                [{file,"test_server.erl"},{line,1408}]},
                            {test_server,run_test_case_eval1,6,
                                [{file,"test_server.erl"},{line,984}]},
                            {test_server,run_test_case_eval,9,
                                [{file,"test_server.erl"},{line,926}]}]}, [{escalus,
                                                                            fresh_story},
                                                                           {test_server,
                                                                            ts_tc,
                                                                            1408},
                                                                           {test_server,
                                                                            run_test_case_eval1,
                                                                            984},
                                                                           {test_server,
                                                                            run_test_case_eval,
                                                                            926}]
=== *** FAILED test case 6 of 16 ***
=case          amp_SUITE:notify_match_resource_any_test
=logfile       amp_suite.notify_match_resource_any_test.35.html
=started       2016-03-14 14:43:06
=ended         2016-03-14 14:43:06
=result        failed: {undef,
                           [{escalus,fresh_story,
                                [[{escalus_event_mgr,<0.2760.0>},
                                  {tc_name,notify_match_resource_any_test},
                                  {escalus_cleaner,<0.2759.0>},
                                  {watchdog,<0.2755.0>},
                                  {preset,"internal_mnesia"},
                                  {tc_logfile,
                                      "/home/travis/build/esl/MongooseIM/test/ejabberd_tests/ct_report/ct_run.test@testing-gce-ffacab47-be1b-4ee7-8149-8ad678f25ee7.2016-03-14_14.42.58/ejabberd_tests.tests.amp_SUITE.logs/run.2016-03-14_14.43.06/amp_suite.notify_match_resource_any_test.35.html"},
                                  {tc_group_properties,
                                      [{shuffle,{1457,966586,822231}},
                                       {suite,amp_SUITE},
                                       {name,all},
                                       parallel]},
                                  {tc_group_path,[]},
                                  {data_dir,
                                      "/home/travis/build/esl/MongooseIM/test/ejabberd_tests/tests/amp_SUITE_data/"},
                                  {priv_dir,
                                      "/home/travis/build/esl/MongooseIM/test/ejabberd_tests/ct_report/ct_run.test@testing-gce-ffacab47-be1b-4ee7-8149-8ad678f25ee7.2016-03-14_14.42.58/ejabberd_tests.tests.amp_SUITE.logs/run.2016-03-14_14.43.06/log_private/"}],
                                 [{alice,1},{bob,4}],
                                 #Fun<amp_SUITE.8.128366657>],
                                []},
                            {test_server,ts_tc,3,
                                [{file,"test_server.erl"},{line,1408}]},
                            {test_server,run_test_case_eval1,6,
                                [{file,"test_server.erl"},{line,984}]},
                            {test_server,run_test_case_eval,9,
                                [{file,"test_server.erl"},{line,926}]}]}, [{escalus,
                                                                            fresh_story},
                                                                           {test_server,
                                                                            ts_tc,
                                                                            1408},
                                                                           {test_server,
                                                                            run_test_case_eval1,
                                                                            984},
                                                                           {test_server,
                                                                            run_test_case_eval,
                                                                            926}]
=== *** FAILED test case 7 of 16 ***
=case          amp_SUITE:actions_and_conditions_discovery_test
=logfile       amp_suite.actions_and_conditions_discovery_test.27.html
=started       2016-03-14 14:43:06
=ended         2016-03-14 14:43:06
=result        failed: {undef,
                           [{escalus,fresh_story,
                                [[{escalus_event_mgr,<0.2740.0>},
                                  {tc_name,
                                      actions_and_conditions_discovery_test},
                                  {escalus_cleaner,<0.2739.0>},
                                  {watchdog,<0.2736.0>},
                                  {preset,"internal_mnesia"},
                                  {tc_logfile,
                                      "/home/travis/build/esl/MongooseIM/test/ejabberd_tests/ct_report/ct_run.test@testing-gce-ffacab47-be1b-4ee7-8149-8ad678f25ee7.2016-03-14_14.42.58/ejabberd_tests.tests.amp_SUITE.logs/run.2016-03-14_14.43.06/amp_suite.actions_and_conditions_discovery_test.27.html"},
                                  {tc_group_properties,
                                      [{shuffle,{1457,966586,822231}},
                                       {suite,amp_SUITE},
                                       {name,all},
                                       parallel]},
                                  {tc_group_path,[]},
                                  {data_dir,
                                      "/home/travis/build/esl/MongooseIM/test/ejabberd_tests/tests/amp_SUITE_data/"},
                                  {priv_dir,
                                      "/home/travis/build/esl/MongooseIM/test/ejabberd_tests/ct_report/ct_run.test@testing-gce-ffacab47-be1b-4ee7-8149-8ad678f25ee7.2016-03-14_14.42.58/ejabberd_tests.tests.amp_SUITE.logs/run.2016-03-14_14.43.06/log_private/"}],
                                 [{alice,1}],
                                 #Fun<amp_SUITE.1.128366657>],
                                []},
                            {test_server,ts_tc,3,
                                [{file,"test_server.erl"},{line,1408}]},
                            {test_server,run_test_case_eval1,6,
                                [{file,"test_server.erl"},{line,984}]},
                            {test_server,run_test_case_eval,9,
                                [{file,"test_server.erl"},{line,926}]}]}, [{escalus,
                                                                            fresh_story},
                                                                           {test_server,
                                                                            ts_tc,
                                                                            1408},
                                                                           {test_server,
                                                                            run_test_case_eval1,
                                                                            984},
                                                                           {test_server,
                                                                            run_test_case_eval,
                                                                            926}]
=== *** FAILED test case 8 of 16 ***
=case          amp_SUITE:error_deliver_forward_test
=logfile       amp_suite.error_deliver_forward_test.31.html
=started       2016-03-14 14:43:06
=ended         2016-03-14 14:43:06
=result        failed: {undef,
                           [{escalus,fresh_story,
                                [[{escalus_event_mgr,<0.2729.0>},
                                  {tc_name,error_deliver_forward_test},
                                  {escalus_cleaner,<0.2728.0>},
                                  {watchdog,<0.2723.0>},
                                  {preset,"internal_mnesia"},
                                  {tc_logfile,
                                      "/home/travis/build/esl/MongooseIM/test/ejabberd_tests/ct_report/ct_run.test@testing-gce-ffacab47-be1b-4ee7-8149-8ad678f25ee7.2016-03-14_14.42.58/ejabberd_tests.tests.amp_SUITE.logs/run.2016-03-14_14.43.06/amp_suite.error_deliver_forward_test.31.html"},
                                  {tc_group_properties,
                                      [{shuffle,{1457,966586,822231}},
                                       {suite,amp_SUITE},
                                       {name,all},
                                       parallel]},
                                  {tc_group_path,[]},
                                  {data_dir,
                                      "/home/travis/build/esl/MongooseIM/test/ejabberd_tests/tests/amp_SUITE_data/"},
                                  {priv_dir,
                                      "/home/travis/build/esl/MongooseIM/test/ejabberd_tests/ct_report/ct_run.test@testing-gce-ffacab47-be1b-4ee7-8149-8ad678f25ee7.2016-03-14_14.42.58/ejabberd_tests.tests.amp_SUITE.logs/run.2016-03-14_14.43.06/log_private/"}],
                                 [{alice,1},{bob,1}],
                                 #Fun<amp_SUITE.12.128366657>],
                                []},
                            {test_server,ts_tc,3,
                                [{file,"test_server.erl"},{line,1408}]},
                            {test_server,run_test_case_eval1,6,
                                [{file,"test_server.erl"},{line,984}]},
                            {test_server,run_test_case_eval,9,
                                [{file,"test_server.erl"},{line,926}]}]}, [{escalus,
                                                                            fresh_story},
                                                                           {test_server,
                                                                            ts_tc,
                                                                            1408},
                                                                           {test_server,
                                                                            run_test_case_eval1,
                                                                            984},
                                                                           {test_server,
                                                                            run_test_case_eval,
                                                                            926}]
=== *** FAILED test case 9 of 16 ***
=case          amp_SUITE:error_deliver_direct_test
=logfile       amp_suite.error_deliver_direct_test.15.html
=started       2016-03-14 14:43:06
=ended         2016-03-14 14:43:06
=result        failed: {undef,
                           [{escalus,fresh_story,
                                [[{escalus_event_mgr,<0.2722.0>},
                                  {tc_name,error_deliver_direct_test},
                                  {escalus_cleaner,<0.2721.0>},
                                  {watchdog,<0.2719.0>},
                                  {preset,"internal_mnesia"},
                                  {tc_logfile,
                                      "/home/travis/build/esl/MongooseIM/test/ejabberd_tests/ct_report/ct_run.test@testing-gce-ffacab47-be1b-4ee7-8149-8ad678f25ee7.2016-03-14_14.42.58/ejabberd_tests.tests.amp_SUITE.logs/run.2016-03-14_14.43.06/amp_suite.error_deliver_direct_test.15.html"},
                                  {tc_group_properties,
                                      [{shuffle,{1457,966586,822231}},
                                       {suite,amp_SUITE},
                                       {name,all},
                                       parallel]},
                                  {tc_group_path,[]},
                                  {data_dir,
                                      "/home/travis/build/esl/MongooseIM/test/ejabberd_tests/tests/amp_SUITE_data/"},
                                  {priv_dir,
                                      "/home/travis/build/esl/MongooseIM/test/ejabberd_tests/ct_report/ct_run.test@testing-gce-ffacab47-be1b-4ee7-8149-8ad678f25ee7.2016-03-14_14.42.58/ejabberd_tests.tests.amp_SUITE.logs/run.2016-03-14_14.43.06/log_private/"}],
                                 [{alice,1},{bob,1}],
                                 #Fun<amp_SUITE.11.128366657>],
                                []},
                            {test_server,ts_tc,3,
                                [{file,"test_server.erl"},{line,1408}]},
                            {test_server,run_test_case_eval1,6,
                                [{file,"test_server.erl"},{line,984}]},
                            {test_server,run_test_case_eval,9,
                                [{file,"test_server.erl"},{line,926}]}]}, [{escalus,
                                                                            fresh_story},
                                                                           {test_server,
                                                                            ts_tc,
                                                                            1408},
                                                                           {test_server,
                                                                            run_test_case_eval1,
                                                                            984},
                                                                           {test_server,
                                                                            run_test_case_eval,
                                                                            926}]
=== *** FAILED test case 10 of 16 ***
=case          amp_SUITE:notify_deliver_forward_test
=logfile       amp_suite.notify_deliver_forward_test.39.html
=started       2016-03-14 14:43:06
=ended         2016-03-14 14:43:06
=result        failed: {undef,
                           [{escalus,fresh_story,
                                [[{escalus_event_mgr,<0.2750.0>},
                                  {tc_name,notify_deliver_forward_test},
                                  {escalus_cleaner,<0.2748.0>},
                                  {watchdog,<0.2744.0>},
                                  {preset,"internal_mnesia"},
                                  {tc_logfile,
                                      "/home/travis/build/esl/MongooseIM/test/ejabberd_tests/ct_report/ct_run.test@testing-gce-ffacab47-be1b-4ee7-8149-8ad678f25ee7.2016-03-14_14.42.58/ejabberd_tests.tests.amp_SUITE.logs/run.2016-03-14_14.43.06/amp_suite.notify_deliver_forward_test.39.html"},
                                  {tc_group_properties,
                                      [{shuffle,{1457,966586,822231}},
                                       {suite,amp_SUITE},
                                       {name,all},
                                       parallel]},
                                  {tc_group_path,[]},
                                  {data_dir,
                                      "/home/travis/build/esl/MongooseIM/test/ejabberd_tests/tests/amp_SUITE_data/"},
                                  {priv_dir,
                                      "/home/travis/build/esl/MongooseIM/test/ejabberd_tests/ct_report/ct_run.test@testing-gce-ffacab47-be1b-4ee7-8149-8ad678f25ee7.2016-03-14_14.42.58/ejabberd_tests.tests.amp_SUITE.logs/run.2016-03-14_14.43.06/log_private/"}],
                                 [{alice,1},{bob,1}],
                                 #Fun<amp_SUITE.6.128366657>],
                                []},
                            {test_server,ts_tc,3,
                                [{file,"test_server.erl"},{line,1408}]},
                            {test_server,run_test_case_eval1,6,
                                [{file,"test_server.erl"},{line,984}]},
                            {test_server,run_test_case_eval,9,
                                [{file,"test_server.erl"},{line,926}]}]}, [{escalus,
                                                                            fresh_story},
                                                                           {test_server,
                                                                            ts_tc,
                                                                            1408},
                                                                           {test_server,
                                                                            run_test_case_eval1,
                                                                            984},
                                                                           {test_server,
                                                                            run_test_case_eval,
                                                                            926}]
=== *** FAILED test case 11 of 16 ***
=case          amp_SUITE:notify_deliver_direct_test
=logfile       amp_suite.notify_deliver_direct_test.43.html
=started       2016-03-14 14:43:06
=ended         2016-03-14 14:43:06
=result        failed: {undef,
                           [{escalus,fresh_story,
                                [[{escalus_event_mgr,<0.2754.0>},
                                  {tc_name,notify_deliver_direct_test},
                                  {escalus_cleaner,<0.2753.0>},
                                  {watchdog,<0.2752.0>},
                                  {preset,"internal_mnesia"},
                                  {tc_logfile,
                                      "/home/travis/build/esl/MongooseIM/test/ejabberd_tests/ct_report/ct_run.test@testing-gce-ffacab47-be1b-4ee7-8149-8ad678f25ee7.2016-03-14_14.42.58/ejabberd_tests.tests.amp_SUITE.logs/run.2016-03-14_14.43.06/amp_suite.notify_deliver_direct_test.43.html"},
                                  {tc_group_properties,
                                      [{shuffle,{1457,966586,822231}},
                                       {suite,amp_SUITE},
                                       {name,all},
                                       parallel]},
                                  {tc_group_path,[]},
                                  {data_dir,
                                      "/home/travis/build/esl/MongooseIM/test/ejabberd_tests/tests/amp_SUITE_data/"},
                                  {priv_dir,
                                      "/home/travis/build/esl/MongooseIM/test/ejabberd_tests/ct_report/ct_run.test@testing-gce-ffacab47-be1b-4ee7-8149-8ad678f25ee7.2016-03-14_14.42.58/ejabberd_tests.tests.amp_SUITE.logs/run.2016-03-14_14.43.06/log_private/"}],
                                 [{alice,1},{bob,1}],
                                 #Fun<amp_SUITE.5.128366657>],
                                []},
                            {test_server,ts_tc,3,
                                [{file,"test_server.erl"},{line,1408}]},
                            {test_server,run_test_case_eval1,6,
                                [{file,"test_server.erl"},{line,984}]},
                            {test_server,run_test_case_eval,9,
                                [{file,"test_server.erl"},{line,926}]}]}, [{escalus,
                                                                            fresh_story},
                                                                           {test_server,
                                                                            ts_tc,
                                                                            1408},
                                                                           {test_server,
                                                                            run_test_case_eval1,
                                                                            984},
                                                                           {test_server,
                                                                            run_test_case_eval,
                                                                            926}]
=== *** FAILED test case 12 of 16 ***
=case          amp_SUITE:unsupported_conditions_test
=logfile       amp_suite.unsupported_conditions_test.51.html
=started       2016-03-14 14:43:06
=ended         2016-03-14 14:43:06
=result        failed: {undef,
                           [{escalus,fresh_story,
                                [[{escalus_event_mgr,<0.2738.0>},
                                  {tc_name,unsupported_conditions_test},
                                  {escalus_cleaner,<0.2737.0>},
                                  {watchdog,<0.2731.0>},
                                  {preset,"internal_mnesia"},
                                  {tc_logfile,
                                      "/home/travis/build/esl/MongooseIM/test/ejabberd_tests/ct_report/ct_run.test@testing-gce-ffacab47-be1b-4ee7-8149-8ad678f25ee7.2016-03-14_14.42.58/ejabberd_tests.tests.amp_SUITE.logs/run.2016-03-14_14.43.06/amp_suite.unsupported_conditions_test.51.html"},
                                  {tc_group_properties,
                                      [{shuffle,{1457,966586,822231}},
                                       {suite,amp_SUITE},
                                       {name,all},
                                       parallel]},
                                  {tc_group_path,[]},
                                  {data_dir,
                                      "/home/travis/build/esl/MongooseIM/test/ejabberd_tests/tests/amp_SUITE_data/"},
                                  {priv_dir,
                                      "/home/travis/build/esl/MongooseIM/test/ejabberd_tests/ct_report/ct_run.test@testing-gce-ffacab47-be1b-4ee7-8149-8ad678f25ee7.2016-03-14_14.42.58/ejabberd_tests.tests.amp_SUITE.logs/run.2016-03-14_14.43.06/log_private/"}],
                                 [{alice,1},{bob,1}],
                                 #Fun<amp_SUITE.3.128366657>],
                                []},
                            {test_server,ts_tc,3,
                                [{file,"test_server.erl"},{line,1408}]},
                            {test_server,run_test_case_eval1,6,
                                [{file,"test_server.erl"},{line,984}]},
                            {test_server,run_test_case_eval,9,
                                [{file,"test_server.erl"},{line,926}]}]}, [{escalus,
                                                                            fresh_story},
                                                                           {test_server,
                                                                            ts_tc,
                                                                            1408},
                                                                           {test_server,
                                                                            run_test_case_eval1,
                                                                            984},
                                                                           {test_server,
                                                                            run_test_case_eval,
                                                                            926}]
=== *** FAILED test case 13 of 16 ***
=case          amp_SUITE:error_deliver_none_test
=logfile       amp_suite.error_deliver_none_test.55.html
=started       2016-03-14 14:43:06
=ended         2016-03-14 14:43:06
=result        failed: {undef,
                           [{escalus,fresh_story,
                                [[{escalus_event_mgr,<0.2717.0>},
                                  {tc_name,error_deliver_none_test},
                                  {escalus_cleaner,<0.2716.0>},
                                  {watchdog,<0.2713.0>},
                                  {preset,"internal_mnesia"},
                                  {tc_logfile,
                                      "/home/travis/build/esl/MongooseIM/test/ejabberd_tests/ct_report/ct_run.test@testing-gce-ffacab47-be1b-4ee7-8149-8ad678f25ee7.2016-03-14_14.42.58/ejabberd_tests.tests.amp_SUITE.logs/run.2016-03-14_14.43.06/amp_suite.error_deliver_none_test.55.html"},
                                  {tc_group_properties,
                                      [{shuffle,{1457,966586,822231}},
                                       {suite,amp_SUITE},
                                       {name,all},
                                       parallel]},
                                  {tc_group_path,[]},
                                  {data_dir,
                                      "/home/travis/build/esl/MongooseIM/test/ejabberd_tests/tests/amp_SUITE_data/"},
                                  {priv_dir,
                                      "/home/travis/build/esl/MongooseIM/test/ejabberd_tests/ct_report/ct_run.test@testing-gce-ffacab47-be1b-4ee7-8149-8ad678f25ee7.2016-03-14_14.42.58/ejabberd_tests.tests.amp_SUITE.logs/run.2016-03-14_14.43.06/log_private/"}],
                                 [{alice,1}],
                                 #Fun<amp_SUITE.13.128366657>],
                                []},
                            {test_server,ts_tc,3,
                                [{file,"test_server.erl"},{line,1408}]},
                            {test_server,run_test_case_eval1,6,
                                [{file,"test_server.erl"},{line,984}]},
                            {test_server,run_test_case_eval,9,
                                [{file,"test_server.erl"},{line,926}]}]}, [{escalus,
                                                                            fresh_story},
                                                                           {test_server,
                                                                            ts_tc,
                                                                            1408},
                                                                           {test_server,
                                                                            run_test_case_eval1,
                                                                            984},
                                                                           {test_server,
                                                                            run_test_case_eval,
                                                                            926}]
=== *** FAILED test case 14 of 16 ***
=case          amp_SUITE:notify_match_resource_other_test
=logfile       amp_suite.notify_match_resource_other_test.47.html
=started       2016-03-14 14:43:06
=ended         2016-03-14 14:43:06
=result        failed: {undef,
                           [{escalus,fresh_story,
                                [[{escalus_event_mgr,<0.2720.0>},
                                  {tc_name,notify_match_resource_other_test},
                                  {escalus_cleaner,<0.2718.0>},
                                  {watchdog,<0.2715.0>},
                                  {preset,"internal_mnesia"},
                                  {tc_logfile,
                                      "/home/travis/build/esl/MongooseIM/test/ejabberd_tests/ct_report/ct_run.test@testing-gce-ffacab47-be1b-4ee7-8149-8ad678f25ee7.2016-03-14_14.42.58/ejabberd_tests.tests.amp_SUITE.logs/run.2016-03-14_14.43.06/amp_suite.notify_match_resource_other_test.47.html"},
                                  {tc_group_properties,
                                      [{shuffle,{1457,966586,822231}},
                                       {suite,amp_SUITE},
                                       {name,all},
                                       parallel]},
                                  {tc_group_path,[]},
                                  {data_dir,
                                      "/home/travis/build/esl/MongooseIM/test/ejabberd_tests/tests/amp_SUITE_data/"},
                                  {priv_dir,
                                      "/home/travis/build/esl/MongooseIM/test/ejabberd_tests/ct_report/ct_run.test@testing-gce-ffacab47-be1b-4ee7-8149-8ad678f25ee7.2016-03-14_14.42.58/ejabberd_tests.tests.amp_SUITE.logs/run.2016-03-14_14.43.06/log_private/"}],
                                 [{alice,1},{bob,1}],
                                 #Fun<amp_SUITE.10.128366657>],
                                []},
                            {test_server,ts_tc,3,
                                [{file,"test_server.erl"},{line,1408}]},
                            {test_server,run_test_case_eval1,6,
                                [{file,"test_server.erl"},{line,984}]},
                            {test_server,run_test_case_eval,9,
                                [{file,"test_server.erl"},{line,926}]}]}, [{escalus,
                                                                            fresh_story},
                                                                           {test_server,
                                                                            ts_tc,
                                                                            1408},
                                                                           {test_server,
                                                                            run_test_case_eval1,
                                                                            984},
                                                                           {test_server,
                                                                            run_test_case_eval,
                                                                            926}]
=== *** FAILED test case 15 of 16 ***
=case          amp_SUITE:notify_match_resource_exact_test
=logfile       amp_suite.notify_match_resource_exact_test.59.html
=started       2016-03-14 14:43:06
=ended         2016-03-14 14:43:06
=result        failed: {undef,
                           [{escalus,fresh_story,
                                [[{escalus_event_mgr,<0.2735.0>},
                                  {tc_name,notify_match_resource_exact_test},
                                  {escalus_cleaner,<0.2734.0>},
                                  {watchdog,<0.2727.0>},
                                  {preset,"internal_mnesia"},
                                  {tc_logfile,
                                      "/home/travis/build/esl/MongooseIM/test/ejabberd_tests/ct_report/ct_run.test@testing-gce-ffacab47-be1b-4ee7-8149-8ad678f25ee7.2016-03-14_14.42.58/ejabberd_tests.tests.amp_SUITE.logs/run.2016-03-14_14.43.06/amp_suite.notify_match_resource_exact_test.59.html"},
                                  {tc_group_properties,
                                      [{shuffle,{1457,966586,822231}},
                                       {suite,amp_SUITE},
                                       {name,all},
                                       parallel]},
                                  {tc_group_path,[]},
                                  {data_dir,
                                      "/home/travis/build/esl/MongooseIM/test/ejabberd_tests/tests/amp_SUITE_data/"},
                                  {priv_dir,
                                      "/home/travis/build/esl/MongooseIM/test/ejabberd_tests/ct_report/ct_run.test@testing-gce-ffacab47-be1b-4ee7-8149-8ad678f25ee7.2016-03-14_14.42.58/ejabberd_tests.tests.amp_SUITE.logs/run.2016-03-14_14.43.06/log_private/"}],
                                 [{alice,1},{bob,4}],
                                 #Fun<amp_SUITE.9.128366657>],
                                []},
                            {test_server,ts_tc,3,
                                [{file,"test_server.erl"},{line,1408}]},
                            {test_server,run_test_case_eval1,6,
                                [{file,"test_server.erl"},{line,984}]},
                            {test_server,run_test_case_eval,9,
                                [{file,"test_server.erl"},{line,926}]}]}, [{escalus,
                                                                            fresh_story},
                                                                           {test_server,
                                                                            ts_tc,
                                                                            1408},
                                                                           {test_server,
                                                                            run_test_case_eval1,
                                                                            984},
                                                                           {test_server,
                                                                            run_test_case_eval,
                                                                            926}]
=== *** FAILED test case 16 of 16 ***
=case          ct_framework:end_per_group
=logfile       ct_framework.end_per_group.html
=group_props   [{suite,amp_SUITE},{name,all},parallel,shuffle]
=started       2016-03-14 14:43:06
=ended         2016-03-14 14:43:06
=result        ok
=elapsed       3.7e-5
=group_time    0.112s
=case          amp_SUITE:end_per_suite
=logfile       amp_suite.end_per_suite.html
=started       2016-03-14 14:43:06
=ended         2016-03-14 14:43:06
=result        failed: {undef,
                           [{escalus_fresh,clean,[],[]},
                            {amp_SUITE,end_per_suite,1,
                                [{file,"amp_SUITE.erl"},{line,44}]},
                            {test_server,ts_tc,3,
                                [{file,"test_server.erl"},{line,1408}]},
                            {test_server,run_test_case_eval1,6,
                                [{file,"test_server.erl"},{line,1057}]},
                            {test_server,run_test_case_eval,9,
                                [{file,"test_server.erl"},{line,926}]}]}, [{escalus_fresh,
                                                                            clean},
                                                                           {amp_SUITE,
                                                                            end_per_suite,
                                                                            44},
                                                                           {test_server,
                                                                            ts_tc,
                                                                            1408},
                                                                           {test_server,
                                                                            run_test_case_eval1,
                                                                            1057},
                                                                           {test_server,
                                                                            run_test_case_eval,
                                                                            926}]
=== *** FAILED {amp_SUITE,end_per_suite} ***
=group_time    0.173s
=== TEST COMPLETE, 0 ok, 16 failed of 16 test cases

=finished      2016-03-14 14:43:06
=failed        16
=successful    0
=user_skipped  0
=auto_skipped  0
