=== Suite started at 2016-03-14 14:47:04
=== Starting test, 16 test cases
=cases         16
=user          travis
=host          testing-gce-087950c9-1dce-4a8c-ba8e-0133df6302ff
=hosts         testing-gce-087950c9-1dce-4a8c-ba8e-0133df6302ff 
=emulator_vsn  6.4
=emulator      beam
=otp_release   17
=started       2016-03-14 14:47:04
=case          amp_SUITE:init_per_suite
=logfile       amp_suite.init_per_suite.html
=started       2016-03-14 14:47:04
=ended         2016-03-14 14:47:04
=result        ok
=elapsed       0.008191
=case          ct_framework:init_per_group
=logfile       ct_framework.init_per_group.html
=group_props   [{suite,amp_SUITE},{name,all},parallel,shuffle]
=started       2016-03-14 14:47:04
=ended         2016-03-14 14:47:04
=result        ok
=elapsed       4.7e-5
=case          amp_SUITE:error_deliver_direct_test
=logfile       amp_suite.error_deliver_direct_test.966824.325.html
=started       2016-03-14 14:47:04
=ended         2016-03-14 14:47:04
=result        failed: {undef,
                           [{escalus,fresh_story,
                                [[{escalus_event_mgr,<0.2588.0>},
                                  {tc_name,error_deliver_direct_test},
                                  {escalus_cleaner,<0.2587.0>},
                                  {watchdog,<0.2584.0>},
                                  {preset,"odbc_pgsql_mnesia"},
                                  {tc_logfile,
                                      "/home/travis/build/esl/MongooseIM/test/ejabberd_tests/ct_report/ct_run.test@testing-gce-087950c9-1dce-4a8c-ba8e-0133df6302ff.2016-03-14_14.46.55/ejabberd_tests.tests.amp_SUITE.logs/run.2016-03-14_14.47.04/amp_suite.error_deliver_direct_test.966824.325.html"},
                                  {tc_group_properties,
                                      [{shuffle,{1457,966824,297184}},
                                       {suite,amp_SUITE},
                                       {name,all},
                                       parallel]},
                                  {tc_group_path,[]},
                                  {data_dir,
                                      "/home/travis/build/esl/MongooseIM/test/ejabberd_tests/tests/amp_SUITE_data/"},
                                  {priv_dir,
                                      "/home/travis/build/esl/MongooseIM/test/ejabberd_tests/ct_report/ct_run.test@testing-gce-087950c9-1dce-4a8c-ba8e-0133df6302ff.2016-03-14_14.46.55/ejabberd_tests.tests.amp_SUITE.logs/run.2016-03-14_14.47.04/log_private/"}],
                                 [{alice,1},{bob,1}],
                                 #Fun<amp_SUITE.11.15361033>],
                                []},
                            {test_server,ts_tc,3,
                                [{file,"test_server.erl"},{line,1429}]},
                            {test_server,run_test_case_eval1,6,
                                [{file,"test_server.erl"},{line,1026}]},
                            {test_server,run_test_case_eval,9,
                                [{file,"test_server.erl"},{line,968}]}]}, [{escalus,
                                                                            fresh_story},
                                                                           {test_server,
                                                                            ts_tc,
                                                                            1429},
                                                                           {test_server,
                                                                            run_test_case_eval1,
                                                                            1026},
                                                                           {test_server,
                                                                            run_test_case_eval,
                                                                            968}]
=== *** FAILED test case 1 of 16 ***
=case          amp_SUITE:unsupported_actions_test
=logfile       amp_suite.unsupported_actions_test.966824.327.html
=started       2016-03-14 14:47:04
=ended         2016-03-14 14:47:04
=result        failed: {undef,
                           [{escalus,fresh_story,
                                [[{escalus_event_mgr,<0.2582.0>},
                                  {tc_name,unsupported_actions_test},
                                  {escalus_cleaner,<0.2581.0>},
                                  {watchdog,<0.2580.0>},
                                  {preset,"odbc_pgsql_mnesia"},
                                  {tc_logfile,
                                      "/home/travis/build/esl/MongooseIM/test/ejabberd_tests/ct_report/ct_run.test@testing-gce-087950c9-1dce-4a8c-ba8e-0133df6302ff.2016-03-14_14.46.55/ejabberd_tests.tests.amp_SUITE.logs/run.2016-03-14_14.47.04/amp_suite.unsupported_actions_test.966824.327.html"},
                                  {tc_group_properties,
                                      [{shuffle,{1457,966824,297184}},
                                       {suite,amp_SUITE},
                                       {name,all},
                                       parallel]},
                                  {tc_group_path,[]},
                                  {data_dir,
                                      "/home/travis/build/esl/MongooseIM/test/ejabberd_tests/tests/amp_SUITE_data/"},
                                  {priv_dir,
                                      "/home/travis/build/esl/MongooseIM/test/ejabberd_tests/ct_report/ct_run.test@testing-gce-087950c9-1dce-4a8c-ba8e-0133df6302ff.2016-03-14_14.46.55/ejabberd_tests.tests.amp_SUITE.logs/run.2016-03-14_14.47.04/log_private/"}],
                                 [{alice,1},{bob,1}],
                                 #Fun<amp_SUITE.2.15361033>],
                                []},
                            {test_server,ts_tc,3,
                                [{file,"test_server.erl"},{line,1429}]},
                            {test_server,run_test_case_eval1,6,
                                [{file,"test_server.erl"},{line,1026}]},
                            {test_server,run_test_case_eval,9,
                                [{file,"test_server.erl"},{line,968}]}]}, [{escalus,
                                                                            fresh_story},
                                                                           {test_server,
                                                                            ts_tc,
                                                                            1429},
                                                                           {test_server,
                                                                            run_test_case_eval1,
                                                                            1026},
                                                                           {test_server,
                                                                            run_test_case_eval,
                                                                            968}]
=== *** FAILED test case 2 of 16 ***
=case          amp_SUITE:notify_deliver_direct_test
=logfile       amp_suite.notify_deliver_direct_test.966824.345.html
=started       2016-03-14 14:47:04
=ended         2016-03-14 14:47:04
=result        failed: {undef,
                           [{escalus,fresh_story,
                                [[{escalus_event_mgr,<0.2630.0>},
                                  {tc_name,notify_deliver_direct_test},
                                  {escalus_cleaner,<0.2627.0>},
                                  {watchdog,<0.2625.0>},
                                  {preset,"odbc_pgsql_mnesia"},
                                  {tc_logfile,
                                      "/home/travis/build/esl/MongooseIM/test/ejabberd_tests/ct_report/ct_run.test@testing-gce-087950c9-1dce-4a8c-ba8e-0133df6302ff.2016-03-14_14.46.55/ejabberd_tests.tests.amp_SUITE.logs/run.2016-03-14_14.47.04/amp_suite.notify_deliver_direct_test.966824.345.html"},
                                  {tc_group_properties,
                                      [{shuffle,{1457,966824,297184}},
                                       {suite,amp_SUITE},
                                       {name,all},
                                       parallel]},
                                  {tc_group_path,[]},
                                  {data_dir,
                                      "/home/travis/build/esl/MongooseIM/test/ejabberd_tests/tests/amp_SUITE_data/"},
                                  {priv_dir,
                                      "/home/travis/build/esl/MongooseIM/test/ejabberd_tests/ct_report/ct_run.test@testing-gce-087950c9-1dce-4a8c-ba8e-0133df6302ff.2016-03-14_14.46.55/ejabberd_tests.tests.amp_SUITE.logs/run.2016-03-14_14.47.04/log_private/"}],
                                 [{alice,1},{bob,1}],
                                 #Fun<amp_SUITE.5.15361033>],
                                []},
                            {test_server,ts_tc,3,
                                [{file,"test_server.erl"},{line,1429}]},
                            {test_server,run_test_case_eval1,6,
                                [{file,"test_server.erl"},{line,1026}]},
                            {test_server,run_test_case_eval,9,
                                [{file,"test_server.erl"},{line,968}]}]}, [{escalus,
                                                                            fresh_story},
                                                                           {test_server,
                                                                            ts_tc,
                                                                            1429},
                                                                           {test_server,
                                                                            run_test_case_eval1,
                                                                            1026},
                                                                           {test_server,
                                                                            run_test_case_eval,
                                                                            968}]
=== *** FAILED test case 3 of 16 ***
=case          amp_SUITE:error_deliver_forward_test
=logfile       amp_suite.error_deliver_forward_test.966824.331.html
=started       2016-03-14 14:47:04
=ended         2016-03-14 14:47:04
=result        failed: {undef,
                           [{escalus,fresh_story,
                                [[{escalus_event_mgr,<0.2596.0>},
                                  {tc_name,error_deliver_forward_test},
                                  {escalus_cleaner,<0.2595.0>},
                                  {watchdog,<0.2593.0>},
                                  {preset,"odbc_pgsql_mnesia"},
                                  {tc_logfile,
                                      "/home/travis/build/esl/MongooseIM/test/ejabberd_tests/ct_report/ct_run.test@testing-gce-087950c9-1dce-4a8c-ba8e-0133df6302ff.2016-03-14_14.46.55/ejabberd_tests.tests.amp_SUITE.logs/run.2016-03-14_14.47.04/amp_suite.error_deliver_forward_test.966824.331.html"},
                                  {tc_group_properties,
                                      [{shuffle,{1457,966824,297184}},
                                       {suite,amp_SUITE},
                                       {name,all},
                                       parallel]},
                                  {tc_group_path,[]},
                                  {data_dir,
                                      "/home/travis/build/esl/MongooseIM/test/ejabberd_tests/tests/amp_SUITE_data/"},
                                  {priv_dir,
                                      "/home/travis/build/esl/MongooseIM/test/ejabberd_tests/ct_report/ct_run.test@testing-gce-087950c9-1dce-4a8c-ba8e-0133df6302ff.2016-03-14_14.46.55/ejabberd_tests.tests.amp_SUITE.logs/run.2016-03-14_14.47.04/log_private/"}],
                                 [{alice,1},{bob,1}],
                                 #Fun<amp_SUITE.12.15361033>],
                                []},
                            {test_server,ts_tc,3,
                                [{file,"test_server.erl"},{line,1429}]},
                            {test_server,run_test_case_eval1,6,
                                [{file,"test_server.erl"},{line,1026}]},
                            {test_server,run_test_case_eval,9,
                                [{file,"test_server.erl"},{line,968}]}]}, [{escalus,
                                                                            fresh_story},
                                                                           {test_server,
                                                                            ts_tc,
                                                                            1429},
                                                                           {test_server,
                                                                            run_test_case_eval1,
                                                                            1026},
                                                                           {test_server,
                                                                            run_test_case_eval,
                                                                            968}]
=== *** FAILED test case 4 of 16 ***
=case          amp_SUITE:notify_deliver_none_test
=logfile       amp_suite.notify_deliver_none_test.966824.329.html
=started       2016-03-14 14:47:04
=ended         2016-03-14 14:47:04
=result        failed: {undef,
                           [{escalus,fresh_story,
                                [[{escalus_event_mgr,<0.2598.0>},
                                  {tc_name,notify_deliver_none_test},
                                  {escalus_cleaner,<0.2597.0>},
                                  {watchdog,<0.2594.0>},
                                  {preset,"odbc_pgsql_mnesia"},
                                  {tc_logfile,
                                      "/home/travis/build/esl/MongooseIM/test/ejabberd_tests/ct_report/ct_run.test@testing-gce-087950c9-1dce-4a8c-ba8e-0133df6302ff.2016-03-14_14.46.55/ejabberd_tests.tests.amp_SUITE.logs/run.2016-03-14_14.47.04/amp_suite.notify_deliver_none_test.966824.329.html"},
                                  {tc_group_properties,
                                      [{shuffle,{1457,966824,297184}},
                                       {suite,amp_SUITE},
                                       {name,all},
                                       parallel]},
                                  {tc_group_path,[]},
                                  {data_dir,
                                      "/home/travis/build/esl/MongooseIM/test/ejabberd_tests/tests/amp_SUITE_data/"},
                                  {priv_dir,
                                      "/home/travis/build/esl/MongooseIM/test/ejabberd_tests/ct_report/ct_run.test@testing-gce-087950c9-1dce-4a8c-ba8e-0133df6302ff.2016-03-14_14.46.55/ejabberd_tests.tests.amp_SUITE.logs/run.2016-03-14_14.47.04/log_private/"}],
                                 [{alice,1}],
                                 #Fun<amp_SUITE.7.15361033>],
                                []},
                            {test_server,ts_tc,3,
                                [{file,"test_server.erl"},{line,1429}]},
                            {test_server,run_test_case_eval1,6,
                                [{file,"test_server.erl"},{line,1026}]},
                            {test_server,run_test_case_eval,9,
                                [{file,"test_server.erl"},{line,968}]}]}, [{escalus,
                                                                            fresh_story},
                                                                           {test_server,
                                                                            ts_tc,
                                                                            1429},
                                                                           {test_server,
                                                                            run_test_case_eval1,
                                                                            1026},
                                                                           {test_server,
                                                                            run_test_case_eval,
                                                                            968}]
=== *** FAILED test case 5 of 16 ***
=case          amp_SUITE:unacceptable_rules_test
=logfile       amp_suite.unacceptable_rules_test.966824.351.html
=started       2016-03-14 14:47:04
=ended         2016-03-14 14:47:04
=result        failed: {undef,
                           [{escalus,fresh_story,
                                [[{escalus_event_mgr,<0.2645.0>},
                                  {tc_name,unacceptable_rules_test},
                                  {escalus_cleaner,<0.2642.0>},
                                  {watchdog,<0.2640.0>},
                                  {preset,"odbc_pgsql_mnesia"},
                                  {tc_logfile,
                                      "/home/travis/build/esl/MongooseIM/test/ejabberd_tests/ct_report/ct_run.test@testing-gce-087950c9-1dce-4a8c-ba8e-0133df6302ff.2016-03-14_14.46.55/ejabberd_tests.tests.amp_SUITE.logs/run.2016-03-14_14.47.04/amp_suite.unacceptable_rules_test.966824.351.html"},
                                  {tc_group_properties,
                                      [{shuffle,{1457,966824,297184}},
                                       {suite,amp_SUITE},
                                       {name,all},
                                       parallel]},
                                  {tc_group_path,[]},
                                  {data_dir,
                                      "/home/travis/build/esl/MongooseIM/test/ejabberd_tests/tests/amp_SUITE_data/"},
                                  {priv_dir,
                                      "/home/travis/build/esl/MongooseIM/test/ejabberd_tests/ct_report/ct_run.test@testing-gce-087950c9-1dce-4a8c-ba8e-0133df6302ff.2016-03-14_14.46.55/ejabberd_tests.tests.amp_SUITE.logs/run.2016-03-14_14.47.04/log_private/"}],
                                 [{alice,1},{bob,1}],
                                 #Fun<amp_SUITE.4.15361033>],
                                []},
                            {test_server,ts_tc,3,
                                [{file,"test_server.erl"},{line,1429}]},
                            {test_server,run_test_case_eval1,6,
                                [{file,"test_server.erl"},{line,1026}]},
                            {test_server,run_test_case_eval,9,
                                [{file,"test_server.erl"},{line,968}]}]}, [{escalus,
                                                                            fresh_story},
                                                                           {test_server,
                                                                            ts_tc,
                                                                            1429},
                                                                           {test_server,
                                                                            run_test_case_eval1,
                                                                            1026},
                                                                           {test_server,
                                                                            run_test_case_eval,
                                                                            968}]
=== *** FAILED test case 6 of 16 ***
=case          amp_SUITE:unsupported_conditions_test
=logfile       amp_suite.unsupported_conditions_test.966824.347.html
=started       2016-03-14 14:47:04
=ended         2016-03-14 14:47:04
=result        failed: {undef,
                           [{escalus,fresh_story,
                                [[{escalus_event_mgr,<0.2634.0>},
                                  {tc_name,unsupported_conditions_test},
                                  {escalus_cleaner,<0.2631.0>},
                                  {watchdog,<0.2629.0>},
                                  {preset,"odbc_pgsql_mnesia"},
                                  {tc_logfile,
                                      "/home/travis/build/esl/MongooseIM/test/ejabberd_tests/ct_report/ct_run.test@testing-gce-087950c9-1dce-4a8c-ba8e-0133df6302ff.2016-03-14_14.46.55/ejabberd_tests.tests.amp_SUITE.logs/run.2016-03-14_14.47.04/amp_suite.unsupported_conditions_test.966824.347.html"},
                                  {tc_group_properties,
                                      [{shuffle,{1457,966824,297184}},
                                       {suite,amp_SUITE},
                                       {name,all},
                                       parallel]},
                                  {tc_group_path,[]},
                                  {data_dir,
                                      "/home/travis/build/esl/MongooseIM/test/ejabberd_tests/tests/amp_SUITE_data/"},
                                  {priv_dir,
                                      "/home/travis/build/esl/MongooseIM/test/ejabberd_tests/ct_report/ct_run.test@testing-gce-087950c9-1dce-4a8c-ba8e-0133df6302ff.2016-03-14_14.46.55/ejabberd_tests.tests.amp_SUITE.logs/run.2016-03-14_14.47.04/log_private/"}],
                                 [{alice,1},{bob,1}],
                                 #Fun<amp_SUITE.3.15361033>],
                                []},
                            {test_server,ts_tc,3,
                                [{file,"test_server.erl"},{line,1429}]},
                            {test_server,run_test_case_eval1,6,
                                [{file,"test_server.erl"},{line,1026}]},
                            {test_server,run_test_case_eval,9,
                                [{file,"test_server.erl"},{line,968}]}]}, [{escalus,
                                                                            fresh_story},
                                                                           {test_server,
                                                                            ts_tc,
                                                                            1429},
                                                                           {test_server,
                                                                            run_test_case_eval1,
                                                                            1026},
                                                                           {test_server,
                                                                            run_test_case_eval,
                                                                            968}]
=== *** FAILED test case 7 of 16 ***
=case          amp_SUITE:error_deliver_none_test
=logfile       amp_suite.error_deliver_none_test.966824.333.html
=started       2016-03-14 14:47:04
=ended         2016-03-14 14:47:04
=result        failed: {undef,
                           [{escalus,fresh_story,
                                [[{escalus_event_mgr,<0.2603.0>},
                                  {tc_name,error_deliver_none_test},
                                  {escalus_cleaner,<0.2602.0>},
                                  {watchdog,<0.2599.0>},
                                  {preset,"odbc_pgsql_mnesia"},
                                  {tc_logfile,
                                      "/home/travis/build/esl/MongooseIM/test/ejabberd_tests/ct_report/ct_run.test@testing-gce-087950c9-1dce-4a8c-ba8e-0133df6302ff.2016-03-14_14.46.55/ejabberd_tests.tests.amp_SUITE.logs/run.2016-03-14_14.47.04/amp_suite.error_deliver_none_test.966824.333.html"},
                                  {tc_group_properties,
                                      [{shuffle,{1457,966824,297184}},
                                       {suite,amp_SUITE},
                                       {name,all},
                                       parallel]},
                                  {tc_group_path,[]},
                                  {data_dir,
                                      "/home/travis/build/esl/MongooseIM/test/ejabberd_tests/tests/amp_SUITE_data/"},
                                  {priv_dir,
                                      "/home/travis/build/esl/MongooseIM/test/ejabberd_tests/ct_report/ct_run.test@testing-gce-087950c9-1dce-4a8c-ba8e-0133df6302ff.2016-03-14_14.46.55/ejabberd_tests.tests.amp_SUITE.logs/run.2016-03-14_14.47.04/log_private/"}],
                                 [{alice,1}],
                                 #Fun<amp_SUITE.13.15361033>],
                                []},
                            {test_server,ts_tc,3,
                                [{file,"test_server.erl"},{line,1429}]},
                            {test_server,run_test_case_eval1,6,
                                [{file,"test_server.erl"},{line,1026}]},
                            {test_server,run_test_case_eval,9,
                                [{file,"test_server.erl"},{line,968}]}]}, [{escalus,
                                                                            fresh_story},
                                                                           {test_server,
                                                                            ts_tc,
                                                                            1429},
                                                                           {test_server,
                                                                            run_test_case_eval1,
                                                                            1026},
                                                                           {test_server,
                                                                            run_test_case_eval,
                                                                            968}]
=== *** FAILED test case 8 of 16 ***
=case          amp_SUITE:last_rule_applies_test
=logfile       amp_suite.last_rule_applies_test.966824.335.html
=started       2016-03-14 14:47:04
=ended         2016-03-14 14:47:04
=result        failed: {undef,
                           [{escalus,fresh_story,
                                [[{escalus_event_mgr,<0.2616.0>},
                                  {tc_name,last_rule_applies_test},
                                  {escalus_cleaner,<0.2614.0>},
                                  {watchdog,<0.2611.0>},
                                  {preset,"odbc_pgsql_mnesia"},
                                  {tc_logfile,
                                      "/home/travis/build/esl/MongooseIM/test/ejabberd_tests/ct_report/ct_run.test@testing-gce-087950c9-1dce-4a8c-ba8e-0133df6302ff.2016-03-14_14.46.55/ejabberd_tests.tests.amp_SUITE.logs/run.2016-03-14_14.47.04/amp_suite.last_rule_applies_test.966824.335.html"},
                                  {tc_group_properties,
                                      [{shuffle,{1457,966824,297184}},
                                       {suite,amp_SUITE},
                                       {name,all},
                                       parallel]},
                                  {tc_group_path,[]},
                                  {data_dir,
                                      "/home/travis/build/esl/MongooseIM/test/ejabberd_tests/tests/amp_SUITE_data/"},
                                  {priv_dir,
                                      "/home/travis/build/esl/MongooseIM/test/ejabberd_tests/ct_report/ct_run.test@testing-gce-087950c9-1dce-4a8c-ba8e-0133df6302ff.2016-03-14_14.46.55/ejabberd_tests.tests.amp_SUITE.logs/run.2016-03-14_14.47.04/log_private/"}],
                                 [{alice,1},{bob,1}],
                                 #Fun<amp_SUITE.15.15361033>],
                                []},
                            {test_server,ts_tc,3,
                                [{file,"test_server.erl"},{line,1429}]},
                            {test_server,run_test_case_eval1,6,
                                [{file,"test_server.erl"},{line,1026}]},
                            {test_server,run_test_case_eval,9,
                                [{file,"test_server.erl"},{line,968}]}]}, [{escalus,
                                                                            fresh_story},
                                                                           {test_server,
                                                                            ts_tc,
                                                                            1429},
                                                                           {test_server,
                                                                            run_test_case_eval1,
                                                                            1026},
                                                                           {test_server,
                                                                            run_test_case_eval,
                                                                            968}]
=== *** FAILED test case 9 of 16 ***
=case          amp_SUITE:notify_match_resource_any_test
=logfile       amp_suite.notify_match_resource_any_test.966824.337.html
=started       2016-03-14 14:47:04
=ended         2016-03-14 14:47:04
=result        failed: {undef,
                           [{escalus,fresh_story,
                                [[{escalus_event_mgr,<0.2628.0>},
                                  {tc_name,notify_match_resource_any_test},
                                  {escalus_cleaner,<0.2624.0>},
                                  {watchdog,<0.2622.0>},
                                  {preset,"odbc_pgsql_mnesia"},
                                  {tc_logfile,
                                      "/home/travis/build/esl/MongooseIM/test/ejabberd_tests/ct_report/ct_run.test@testing-gce-087950c9-1dce-4a8c-ba8e-0133df6302ff.2016-03-14_14.46.55/ejabberd_tests.tests.amp_SUITE.logs/run.2016-03-14_14.47.04/amp_suite.notify_match_resource_any_test.966824.337.html"},
                                  {tc_group_properties,
                                      [{shuffle,{1457,966824,297184}},
                                       {suite,amp_SUITE},
                                       {name,all},
                                       parallel]},
                                  {tc_group_path,[]},
                                  {data_dir,
                                      "/home/travis/build/esl/MongooseIM/test/ejabberd_tests/tests/amp_SUITE_data/"},
                                  {priv_dir,
                                      "/home/travis/build/esl/MongooseIM/test/ejabberd_tests/ct_report/ct_run.test@testing-gce-087950c9-1dce-4a8c-ba8e-0133df6302ff.2016-03-14_14.46.55/ejabberd_tests.tests.amp_SUITE.logs/run.2016-03-14_14.47.04/log_private/"}],
                                 [{alice,1},{bob,4}],
                                 #Fun<amp_SUITE.8.15361033>],
                                []},
                            {test_server,ts_tc,3,
                                [{file,"test_server.erl"},{line,1429}]},
                            {test_server,run_test_case_eval1,6,
                                [{file,"test_server.erl"},{line,1026}]},
                            {test_server,run_test_case_eval,9,
                                [{file,"test_server.erl"},{line,968}]}]}, [{escalus,
                                                                            fresh_story},
                                                                           {test_server,
                                                                            ts_tc,
                                                                            1429},
                                                                           {test_server,
                                                                            run_test_case_eval1,
                                                                            1026},
                                                                           {test_server,
                                                                            run_test_case_eval,
                                                                            968}]
=== *** FAILED test case 10 of 16 ***
=case          amp_SUITE:actions_and_conditions_discovery_test
=logfile       amp_suite.actions_and_conditions_discovery_test.966824.339.html
=started       2016-03-14 14:47:04
=ended         2016-03-14 14:47:04
=result        failed: {undef,
                           [{escalus,fresh_story,
                                [[{escalus_event_mgr,<0.2615.0>},
                                  {tc_name,
                                      actions_and_conditions_discovery_test},
                                  {escalus_cleaner,<0.2612.0>},
                                  {watchdog,<0.2609.0>},
                                  {preset,"odbc_pgsql_mnesia"},
                                  {tc_logfile,
                                      "/home/travis/build/esl/MongooseIM/test/ejabberd_tests/ct_report/ct_run.test@testing-gce-087950c9-1dce-4a8c-ba8e-0133df6302ff.2016-03-14_14.46.55/ejabberd_tests.tests.amp_SUITE.logs/run.2016-03-14_14.47.04/amp_suite.actions_and_conditions_discovery_test.966824.339.html"},
                                  {tc_group_properties,
                                      [{shuffle,{1457,966824,297184}},
                                       {suite,amp_SUITE},
                                       {name,all},
                                       parallel]},
                                  {tc_group_path,[]},
                                  {data_dir,
                                      "/home/travis/build/esl/MongooseIM/test/ejabberd_tests/tests/amp_SUITE_data/"},
                                  {priv_dir,
                                      "/home/travis/build/esl/MongooseIM/test/ejabberd_tests/ct_report/ct_run.test@testing-gce-087950c9-1dce-4a8c-ba8e-0133df6302ff.2016-03-14_14.46.55/ejabberd_tests.tests.amp_SUITE.logs/run.2016-03-14_14.47.04/log_private/"}],
                                 [{alice,1}],
                                 #Fun<amp_SUITE.1.15361033>],
                                []},
                            {test_server,ts_tc,3,
                                [{file,"test_server.erl"},{line,1429}]},
                            {test_server,run_test_case_eval1,6,
                                [{file,"test_server.erl"},{line,1026}]},
                            {test_server,run_test_case_eval,9,
                                [{file,"test_server.erl"},{line,968}]}]}, [{escalus,
                                                                            fresh_story},
                                                                           {test_server,
                                                                            ts_tc,
                                                                            1429},
                                                                           {test_server,
                                                                            run_test_case_eval1,
                                                                            1026},
                                                                           {test_server,
                                                                            run_test_case_eval,
                                                                            968}]
=== *** FAILED test case 11 of 16 ***
=case          amp_SUITE:error_deliver_doesnt_apply_test
=logfile       amp_suite.error_deliver_doesnt_apply_test.966824.355.html
=started       2016-03-14 14:47:04
=ended         2016-03-14 14:47:04
=result        failed: {undef,
                           [{escalus,fresh_story,
                                [[{escalus_event_mgr,<0.2649.0>},
                                  {tc_name,error_deliver_doesnt_apply_test},
                                  {escalus_cleaner,<0.2648.0>},
                                  {watchdog,<0.2647.0>},
                                  {preset,"odbc_pgsql_mnesia"},
                                  {tc_logfile,
                                      "/home/travis/build/esl/MongooseIM/test/ejabberd_tests/ct_report/ct_run.test@testing-gce-087950c9-1dce-4a8c-ba8e-0133df6302ff.2016-03-14_14.46.55/ejabberd_tests.tests.amp_SUITE.logs/run.2016-03-14_14.47.04/amp_suite.error_deliver_doesnt_apply_test.966824.355.html"},
                                  {tc_group_properties,
                                      [{shuffle,{1457,966824,297184}},
                                       {suite,amp_SUITE},
                                       {name,all},
                                       parallel]},
                                  {tc_group_path,[]},
                                  {data_dir,
                                      "/home/travis/build/esl/MongooseIM/test/ejabberd_tests/tests/amp_SUITE_data/"},
                                  {priv_dir,
                                      "/home/travis/build/esl/MongooseIM/test/ejabberd_tests/ct_report/ct_run.test@testing-gce-087950c9-1dce-4a8c-ba8e-0133df6302ff.2016-03-14_14.46.55/ejabberd_tests.tests.amp_SUITE.logs/run.2016-03-14_14.47.04/log_private/"}],
                                 [{alice,1},{bob,1}],
                                 #Fun<amp_SUITE.14.15361033>],
                                []},
                            {test_server,ts_tc,3,
                                [{file,"test_server.erl"},{line,1429}]},
                            {test_server,run_test_case_eval1,6,
                                [{file,"test_server.erl"},{line,1026}]},
                            {test_server,run_test_case_eval,9,
                                [{file,"test_server.erl"},{line,968}]}]}, [{escalus,
                                                                            fresh_story},
                                                                           {test_server,
                                                                            ts_tc,
                                                                            1429},
                                                                           {test_server,
                                                                            run_test_case_eval1,
                                                                            1026},
                                                                           {test_server,
                                                                            run_test_case_eval,
                                                                            968}]
=== *** FAILED test case 12 of 16 ***
=case          amp_SUITE:notify_match_resource_exact_test
=logfile       amp_suite.notify_match_resource_exact_test.966824.341.html
=started       2016-03-14 14:47:04
=ended         2016-03-14 14:47:04
=result        failed: {undef,
                           [{escalus,fresh_story,
                                [[{escalus_event_mgr,<0.2621.0>},
                                  {tc_name,notify_match_resource_exact_test},
                                  {escalus_cleaner,<0.2620.0>},
                                  {watchdog,<0.2619.0>},
                                  {preset,"odbc_pgsql_mnesia"},
                                  {tc_logfile,
                                      "/home/travis/build/esl/MongooseIM/test/ejabberd_tests/ct_report/ct_run.test@testing-gce-087950c9-1dce-4a8c-ba8e-0133df6302ff.2016-03-14_14.46.55/ejabberd_tests.tests.amp_SUITE.logs/run.2016-03-14_14.47.04/amp_suite.notify_match_resource_exact_test.966824.341.html"},
                                  {tc_group_properties,
                                      [{shuffle,{1457,966824,297184}},
                                       {suite,amp_SUITE},
                                       {name,all},
                                       parallel]},
                                  {tc_group_path,[]},
                                  {data_dir,
                                      "/home/travis/build/esl/MongooseIM/test/ejabberd_tests/tests/amp_SUITE_data/"},
                                  {priv_dir,
                                      "/home/travis/build/esl/MongooseIM/test/ejabberd_tests/ct_report/ct_run.test@testing-gce-087950c9-1dce-4a8c-ba8e-0133df6302ff.2016-03-14_14.46.55/ejabberd_tests.tests.amp_SUITE.logs/run.2016-03-14_14.47.04/log_private/"}],
                                 [{alice,1},{bob,4}],
                                 #Fun<amp_SUITE.9.15361033>],
                                []},
                            {test_server,ts_tc,3,
                                [{file,"test_server.erl"},{line,1429}]},
                            {test_server,run_test_case_eval1,6,
                                [{file,"test_server.erl"},{line,1026}]},
                            {test_server,run_test_case_eval,9,
                                [{file,"test_server.erl"},{line,968}]}]}, [{escalus,
                                                                            fresh_story},
                                                                           {test_server,
                                                                            ts_tc,
                                                                            1429},
                                                                           {test_server,
                                                                            run_test_case_eval1,
                                                                            1026},
                                                                           {test_server,
                                                                            run_test_case_eval,
                                                                            968}]
=== *** FAILED test case 13 of 16 ***
=case          amp_SUITE:initial_service_discovery_test
=logfile       amp_suite.initial_service_discovery_test.966824.349.html
=started       2016-03-14 14:47:04
=ended         2016-03-14 14:47:04
=result        failed: {undef,
                           [{escalus,fresh_story,
                                [[{escalus_event_mgr,<0.2644.0>},
                                  {tc_name,initial_service_discovery_test},
                                  {escalus_cleaner,<0.2641.0>},
                                  {watchdog,<0.2637.0>},
                                  {preset,"odbc_pgsql_mnesia"},
                                  {tc_logfile,
                                      "/home/travis/build/esl/MongooseIM/test/ejabberd_tests/ct_report/ct_run.test@testing-gce-087950c9-1dce-4a8c-ba8e-0133df6302ff.2016-03-14_14.46.55/ejabberd_tests.tests.amp_SUITE.logs/run.2016-03-14_14.47.04/amp_suite.initial_service_discovery_test.966824.349.html"},
                                  {tc_group_properties,
                                      [{shuffle,{1457,966824,297184}},
                                       {suite,amp_SUITE},
                                       {name,all},
                                       parallel]},
                                  {tc_group_path,[]},
                                  {data_dir,
                                      "/home/travis/build/esl/MongooseIM/test/ejabberd_tests/tests/amp_SUITE_data/"},
                                  {priv_dir,
                                      "/home/travis/build/esl/MongooseIM/test/ejabberd_tests/ct_report/ct_run.test@testing-gce-087950c9-1dce-4a8c-ba8e-0133df6302ff.2016-03-14_14.46.55/ejabberd_tests.tests.amp_SUITE.logs/run.2016-03-14_14.47.04/log_private/"}],
                                 [{alice,1}],
                                 #Fun<amp_SUITE.0.15361033>],
                                []},
                            {test_server,ts_tc,3,
                                [{file,"test_server.erl"},{line,1429}]},
                            {test_server,run_test_case_eval1,6,
                                [{file,"test_server.erl"},{line,1026}]},
                            {test_server,run_test_case_eval,9,
                                [{file,"test_server.erl"},{line,968}]}]}, [{escalus,
                                                                            fresh_story},
                                                                           {test_server,
                                                                            ts_tc,
                                                                            1429},
                                                                           {test_server,
                                                                            run_test_case_eval1,
                                                                            1026},
                                                                           {test_server,
                                                                            run_test_case_eval,
                                                                            968}]
=== *** FAILED test case 14 of 16 ***
=case          amp_SUITE:notify_match_resource_other_test
=logfile       amp_suite.notify_match_resource_other_test.966824.343.html
=started       2016-03-14 14:47:04
=ended         2016-03-14 14:47:04
=result        failed: {undef,
                           [{escalus,fresh_story,
                                [[{escalus_event_mgr,<0.2636.0>},
                                  {tc_name,notify_match_resource_other_test},
                                  {escalus_cleaner,<0.2635.0>},
                                  {watchdog,<0.2632.0>},
                                  {preset,"odbc_pgsql_mnesia"},
                                  {tc_logfile,
                                      "/home/travis/build/esl/MongooseIM/test/ejabberd_tests/ct_report/ct_run.test@testing-gce-087950c9-1dce-4a8c-ba8e-0133df6302ff.2016-03-14_14.46.55/ejabberd_tests.tests.amp_SUITE.logs/run.2016-03-14_14.47.04/amp_suite.notify_match_resource_other_test.966824.343.html"},
                                  {tc_group_properties,
                                      [{shuffle,{1457,966824,297184}},
                                       {suite,amp_SUITE},
                                       {name,all},
                                       parallel]},
                                  {tc_group_path,[]},
                                  {data_dir,
                                      "/home/travis/build/esl/MongooseIM/test/ejabberd_tests/tests/amp_SUITE_data/"},
                                  {priv_dir,
                                      "/home/travis/build/esl/MongooseIM/test/ejabberd_tests/ct_report/ct_run.test@testing-gce-087950c9-1dce-4a8c-ba8e-0133df6302ff.2016-03-14_14.46.55/ejabberd_tests.tests.amp_SUITE.logs/run.2016-03-14_14.47.04/log_private/"}],
                                 [{alice,1},{bob,1}],
                                 #Fun<amp_SUITE.10.15361033>],
                                []},
                            {test_server,ts_tc,3,
                                [{file,"test_server.erl"},{line,1429}]},
                            {test_server,run_test_case_eval1,6,
                                [{file,"test_server.erl"},{line,1026}]},
                            {test_server,run_test_case_eval,9,
                                [{file,"test_server.erl"},{line,968}]}]}, [{escalus,
                                                                            fresh_story},
                                                                           {test_server,
                                                                            ts_tc,
                                                                            1429},
                                                                           {test_server,
                                                                            run_test_case_eval1,
                                                                            1026},
                                                                           {test_server,
                                                                            run_test_case_eval,
                                                                            968}]
=== *** FAILED test case 15 of 16 ***
=case          amp_SUITE:notify_deliver_forward_test
=logfile       amp_suite.notify_deliver_forward_test.966824.353.html
=started       2016-03-14 14:47:04
=ended         2016-03-14 14:47:04
=result        failed: {undef,
                           [{escalus,fresh_story,
                                [[{escalus_event_mgr,<0.2646.0>},
                                  {tc_name,notify_deliver_forward_test},
                                  {escalus_cleaner,<0.2643.0>},
                                  {watchdog,<0.2639.0>},
                                  {preset,"odbc_pgsql_mnesia"},
                                  {tc_logfile,
                                      "/home/travis/build/esl/MongooseIM/test/ejabberd_tests/ct_report/ct_run.test@testing-gce-087950c9-1dce-4a8c-ba8e-0133df6302ff.2016-03-14_14.46.55/ejabberd_tests.tests.amp_SUITE.logs/run.2016-03-14_14.47.04/amp_suite.notify_deliver_forward_test.966824.353.html"},
                                  {tc_group_properties,
                                      [{shuffle,{1457,966824,297184}},
                                       {suite,amp_SUITE},
                                       {name,all},
                                       parallel]},
                                  {tc_group_path,[]},
                                  {data_dir,
                                      "/home/travis/build/esl/MongooseIM/test/ejabberd_tests/tests/amp_SUITE_data/"},
                                  {priv_dir,
                                      "/home/travis/build/esl/MongooseIM/test/ejabberd_tests/ct_report/ct_run.test@testing-gce-087950c9-1dce-4a8c-ba8e-0133df6302ff.2016-03-14_14.46.55/ejabberd_tests.tests.amp_SUITE.logs/run.2016-03-14_14.47.04/log_private/"}],
                                 [{alice,1},{bob,1}],
                                 #Fun<amp_SUITE.6.15361033>],
                                []},
                            {test_server,ts_tc,3,
                                [{file,"test_server.erl"},{line,1429}]},
                            {test_server,run_test_case_eval1,6,
                                [{file,"test_server.erl"},{line,1026}]},
                            {test_server,run_test_case_eval,9,
                                [{file,"test_server.erl"},{line,968}]}]}, [{escalus,
                                                                            fresh_story},
                                                                           {test_server,
                                                                            ts_tc,
                                                                            1429},
                                                                           {test_server,
                                                                            run_test_case_eval1,
                                                                            1026},
                                                                           {test_server,
                                                                            run_test_case_eval,
                                                                            968}]
=== *** FAILED test case 16 of 16 ***
=case          ct_framework:end_per_group
=logfile       ct_framework.end_per_group.html
=group_props   [{suite,amp_SUITE},{name,all},parallel,shuffle]
=started       2016-03-14 14:47:04
=ended         2016-03-14 14:47:04
=result        ok
=elapsed       7.1e-5
=group_time    0.124s
=case          amp_SUITE:end_per_suite
=logfile       amp_suite.end_per_suite.html
=started       2016-03-14 14:47:04
=ended         2016-03-14 14:47:04
=result        failed: {undef,
                           [{escalus_fresh,clean,[],[]},
                            {amp_SUITE,end_per_suite,1,
                                [{file,"amp_SUITE.erl"},{line,44}]},
                            {test_server,ts_tc,3,
                                [{file,"test_server.erl"},{line,1429}]},
                            {test_server,run_test_case_eval1,6,
                                [{file,"test_server.erl"},{line,1099}]},
                            {test_server,run_test_case_eval,9,
                                [{file,"test_server.erl"},{line,968}]}]}, [{escalus_fresh,
                                                                            clean},
                                                                           {amp_SUITE,
                                                                            end_per_suite,
                                                                            44},
                                                                           {test_server,
                                                                            ts_tc,
                                                                            1429},
                                                                           {test_server,
                                                                            run_test_case_eval1,
                                                                            1099},
                                                                           {test_server,
                                                                            run_test_case_eval,
                                                                            968}]
=== *** FAILED {amp_SUITE,end_per_suite} ***
=group_time    0.193s
=== TEST COMPLETE, 0 ok, 16 failed of 16 test cases

=finished      2016-03-14 14:47:04
=failed        16
=successful    0
=user_skipped  0
=auto_skipped  0
