=== Suite started at 2016-04-06 19:17:22
=== Starting test, 14 test cases
=cases         14
=user          travis
=host          testing-gce-4119d237-0c2b-446e-a5c5-db9cac82a933
=hosts         testing-gce-4119d237-0c2b-446e-a5c5-db9cac82a933 
=emulator_vsn  5.10.4
=emulator      beam
=otp_release   R16B03
=started       2016-04-06 19:17:22
=case          component_SUITE:init_per_suite
=logfile       component_suite.init_per_suite.html
=started       2016-04-06 19:17:22
=ended         2016-04-06 19:17:22
=result        ok
=elapsed       0.007839
=case          component_SUITE:init_per_group
=logfile       component_suite.init_per_group.html
=group_props   [{name,xep0114_tcp}]
=started       2016-04-06 19:17:22
=ended         2016-04-06 19:17:22
=result        ok
=elapsed       0.002498
=case          component_SUITE:register_one_component
=logfile       component_suite.register_one_component.html
=started       2016-04-06 19:17:22
=ended         2016-04-06 19:17:22
=result        failed: {{badmatch,false},
                        [{escalus_utils,make_jid,1,
                             [{file,"src/escalus_utils.erl"},{line,148}]},
                         {escalus_connection,start,2,
                             [{file,"src/escalus_connection.erl"},{line,109}]},
                         {component_SUITE,connect_component,2,
                             [{file,"component_SUITE.erl"},{line,357}]},
                         {component_SUITE,register_one_component,1,
                             [{file,"component_SUITE.erl"},{line,115}]},
                         {test_server,ts_tc,3,
                             [{file,"test_server.erl"},{line,1360}]},
                         {test_server,run_test_case_eval1,6,
                             [{file,"test_server.erl"},{line,977}]},
                         {test_server,run_test_case_eval,9,
                             [{file,"test_server.erl"},{line,925}]}]}, [{escalus_utils,
                                                                         make_jid,
                                                                         148},
                                                                        {escalus_connection,
                                                                         start,
                                                                         109},
                                                                        {component_SUITE,
                                                                         connect_component,
                                                                         357},
                                                                        {component_SUITE,
                                                                         register_one_component,
                                                                         115},
                                                                        {test_server,
                                                                         ts_tc,
                                                                         1360},
                                                                        {test_server,
                                                                         run_test_case_eval1,
                                                                         977},
                                                                        {test_server,
                                                                         run_test_case_eval,
                                                                         925}]
=== *** FAILED test case 1 of 14 ***
=case          component_SUITE:register_two_components
=logfile       component_suite.register_two_components.html
=started       2016-04-06 19:17:22
=ended         2016-04-06 19:17:22
=result        failed: {{badmatch,false},
                        [{escalus_utils,make_jid,1,
                             [{file,"src/escalus_utils.erl"},{line,148}]},
                         {escalus_connection,start,2,
                             [{file,"src/escalus_connection.erl"},{line,109}]},
                         {component_SUITE,connect_component,2,
                             [{file,"component_SUITE.erl"},{line,357}]},
                         {component_SUITE,register_two_components,1,
                             [{file,"component_SUITE.erl"},{line,141}]},
                         {test_server,ts_tc,3,
                             [{file,"test_server.erl"},{line,1360}]},
                         {test_server,run_test_case_eval1,6,
                             [{file,"test_server.erl"},{line,977}]},
                         {test_server,run_test_case_eval,9,
                             [{file,"test_server.erl"},{line,925}]}]}, [{escalus_utils,
                                                                         make_jid,
                                                                         148},
                                                                        {escalus_connection,
                                                                         start,
                                                                         109},
                                                                        {component_SUITE,
                                                                         connect_component,
                                                                         357},
                                                                        {component_SUITE,
                                                                         register_two_components,
                                                                         141},
                                                                        {test_server,
                                                                         ts_tc,
                                                                         1360},
                                                                        {test_server,
                                                                         run_test_case_eval1,
                                                                         977},
                                                                        {test_server,
                                                                         run_test_case_eval,
                                                                         925}]
=== *** FAILED test case 2 of 14 ***
=case          component_SUITE:try_registering_with_wrong_password
=logfile       component_suite.try_registering_with_wrong_password.html
=started       2016-04-06 19:17:22
=ended         2016-04-06 19:17:22
=result        ok
=elapsed       0.003237
=case          component_SUITE:try_registering_component_twice
=logfile       component_suite.try_registering_component_twice.html
=started       2016-04-06 19:17:22
=ended         2016-04-06 19:17:22
=result        failed: {{badmatch,false},
                        [{escalus_utils,make_jid,1,
                             [{file,"src/escalus_utils.erl"},{line,148}]},
                         {escalus_connection,start,2,
                             [{file,"src/escalus_connection.erl"},{line,109}]},
                         {component_SUITE,connect_component,2,
                             [{file,"component_SUITE.erl"},{line,357}]},
                         {component_SUITE,try_registering_component_twice,1,
                             [{file,"component_SUITE.erl"},{line,198}]},
                         {test_server,ts_tc,3,
                             [{file,"test_server.erl"},{line,1360}]},
                         {test_server,run_test_case_eval1,6,
                             [{file,"test_server.erl"},{line,977}]},
                         {test_server,run_test_case_eval,9,
                             [{file,"test_server.erl"},{line,925}]}]}, [{escalus_utils,
                                                                         make_jid,
                                                                         148},
                                                                        {escalus_connection,
                                                                         start,
                                                                         109},
                                                                        {component_SUITE,
                                                                         connect_component,
                                                                         357},
                                                                        {component_SUITE,
                                                                         try_registering_component_twice,
                                                                         198},
                                                                        {test_server,
                                                                         ts_tc,
                                                                         1360},
                                                                        {test_server,
                                                                         run_test_case_eval1,
                                                                         977},
                                                                        {test_server,
                                                                         run_test_case_eval,
                                                                         925}]
=== *** FAILED test case 4 of 14 ***
=case          component_SUITE:try_registering_existing_host
=logfile       component_suite.try_registering_existing_host.html
=started       2016-04-06 19:17:22
=ended         2016-04-06 19:17:22
=result        ok
=elapsed       0.003757
=case          component_SUITE:disco_components
=logfile       component_suite.disco_components.html
=started       2016-04-06 19:17:22
=ended         2016-04-06 19:17:22
=result        failed: {{badmatch,false},
                        [{escalus_utils,make_jid,1,
                             [{file,"src/escalus_utils.erl"},{line,148}]},
                         {escalus_connection,start,2,
                             [{file,"src/escalus_connection.erl"},{line,109}]},
                         {component_SUITE,connect_component,2,
                             [{file,"component_SUITE.erl"},{line,357}]},
                         {component_SUITE,disco_components,1,
                             [{file,"component_SUITE.erl"},{line,230}]},
                         {test_server,ts_tc,3,
                             [{file,"test_server.erl"},{line,1360}]},
                         {test_server,run_test_case_eval1,6,
                             [{file,"test_server.erl"},{line,977}]},
                         {test_server,run_test_case_eval,9,
                             [{file,"test_server.erl"},{line,925}]}]}, [{escalus_utils,
                                                                         make_jid,
                                                                         148},
                                                                        {escalus_connection,
                                                                         start,
                                                                         109},
                                                                        {component_SUITE,
                                                                         connect_component,
                                                                         357},
                                                                        {component_SUITE,
                                                                         disco_components,
                                                                         230},
                                                                        {test_server,
                                                                         ts_tc,
                                                                         1360},
                                                                        {test_server,
                                                                         run_test_case_eval1,
                                                                         977},
                                                                        {test_server,
                                                                         run_test_case_eval,
                                                                         925}]
=== *** FAILED test case 6 of 14 ***
=case          component_SUITE:end_per_group
=logfile       component_suite.end_per_group.html
=group_props   [{name,xep0114_tcp}]
=started       2016-04-06 19:17:22
=ended         2016-04-06 19:17:22
=result        ok
=elapsed       0.015275
=group_time    0.224s
=case          component_SUITE:init_per_group
=logfile       component_suite.init_per_group.970242.696.html
=group_props   [{name,xep0114_ws}]
=started       2016-04-06 19:17:22
=ended         2016-04-06 19:17:22
=result        ok
=elapsed       0.002531
=case          component_SUITE:register_one_component
=logfile       component_suite.register_one_component.970242.728.html
=started       2016-04-06 19:17:22
=ended         2016-04-06 19:17:22
=result        failed: {{badmatch,false},
                        [{escalus_utils,make_jid,1,
                             [{file,"src/escalus_utils.erl"},{line,148}]},
                         {escalus_connection,start,2,
                             [{file,"src/escalus_connection.erl"},{line,109}]},
                         {component_SUITE,connect_component,2,
                             [{file,"component_SUITE.erl"},{line,357}]},
                         {component_SUITE,register_one_component,1,
                             [{file,"component_SUITE.erl"},{line,115}]},
                         {test_server,ts_tc,3,
                             [{file,"test_server.erl"},{line,1360}]},
                         {test_server,run_test_case_eval1,6,
                             [{file,"test_server.erl"},{line,977}]},
                         {test_server,run_test_case_eval,9,
                             [{file,"test_server.erl"},{line,925}]}]}, [{escalus_utils,
                                                                         make_jid,
                                                                         148},
                                                                        {escalus_connection,
                                                                         start,
                                                                         109},
                                                                        {component_SUITE,
                                                                         connect_component,
                                                                         357},
                                                                        {component_SUITE,
                                                                         register_one_component,
                                                                         115},
                                                                        {test_server,
                                                                         ts_tc,
                                                                         1360},
                                                                        {test_server,
                                                                         run_test_case_eval1,
                                                                         977},
                                                                        {test_server,
                                                                         run_test_case_eval,
                                                                         925}]
=== *** FAILED test case 7 of 14 ***
=case          component_SUITE:register_two_components
=logfile       component_suite.register_two_components.970242.761.html
=started       2016-04-06 19:17:22
=ended         2016-04-06 19:17:22
=result        failed: {{badmatch,false},
                        [{escalus_utils,make_jid,1,
                             [{file,"src/escalus_utils.erl"},{line,148}]},
                         {escalus_connection,start,2,
                             [{file,"src/escalus_connection.erl"},{line,109}]},
                         {component_SUITE,connect_component,2,
                             [{file,"component_SUITE.erl"},{line,357}]},
                         {component_SUITE,register_two_components,1,
                             [{file,"component_SUITE.erl"},{line,141}]},
                         {test_server,ts_tc,3,
                             [{file,"test_server.erl"},{line,1360}]},
                         {test_server,run_test_case_eval1,6,
                             [{file,"test_server.erl"},{line,977}]},
                         {test_server,run_test_case_eval,9,
                             [{file,"test_server.erl"},{line,925}]}]}, [{escalus_utils,
                                                                         make_jid,
                                                                         148},
                                                                        {escalus_connection,
                                                                         start,
                                                                         109},
                                                                        {component_SUITE,
                                                                         connect_component,
                                                                         357},
                                                                        {component_SUITE,
                                                                         register_two_components,
                                                                         141},
                                                                        {test_server,
                                                                         ts_tc,
                                                                         1360},
                                                                        {test_server,
                                                                         run_test_case_eval1,
                                                                         977},
                                                                        {test_server,
                                                                         run_test_case_eval,
                                                                         925}]
=== *** FAILED test case 8 of 14 ***
=case          component_SUITE:try_registering_with_wrong_password
=logfile       component_suite.try_registering_with_wrong_password.970242.792.html
=started       2016-04-06 19:17:22
=ended         2016-04-06 19:17:22
=result        ok
=elapsed       0.003356
=case          component_SUITE:try_registering_component_twice
=logfile       component_suite.try_registering_component_twice.970242.823.html
=started       2016-04-06 19:17:22
=ended         2016-04-06 19:17:22
=result        failed: {{badmatch,false},
                        [{escalus_utils,make_jid,1,
                             [{file,"src/escalus_utils.erl"},{line,148}]},
                         {escalus_connection,start,2,
                             [{file,"src/escalus_connection.erl"},{line,109}]},
                         {component_SUITE,connect_component,2,
                             [{file,"component_SUITE.erl"},{line,357}]},
                         {component_SUITE,try_registering_component_twice,1,
                             [{file,"component_SUITE.erl"},{line,198}]},
                         {test_server,ts_tc,3,
                             [{file,"test_server.erl"},{line,1360}]},
                         {test_server,run_test_case_eval1,6,
                             [{file,"test_server.erl"},{line,977}]},
                         {test_server,run_test_case_eval,9,
                             [{file,"test_server.erl"},{line,925}]}]}, [{escalus_utils,
                                                                         make_jid,
                                                                         148},
                                                                        {escalus_connection,
                                                                         start,
                                                                         109},
                                                                        {component_SUITE,
                                                                         connect_component,
                                                                         357},
                                                                        {component_SUITE,
                                                                         try_registering_component_twice,
                                                                         198},
                                                                        {test_server,
                                                                         ts_tc,
                                                                         1360},
                                                                        {test_server,
                                                                         run_test_case_eval1,
                                                                         977},
                                                                        {test_server,
                                                                         run_test_case_eval,
                                                                         925}]
=== *** FAILED test case 10 of 14 ***
=case          component_SUITE:try_registering_existing_host
=logfile       component_suite.try_registering_existing_host.970242.857.html
=started       2016-04-06 19:17:22
=ended         2016-04-06 19:17:22
=result        ok
=elapsed       0.003677
=case          component_SUITE:disco_components
=logfile       component_suite.disco_components.970242.887.html
=started       2016-04-06 19:17:22
=ended         2016-04-06 19:17:22
=result        failed: {{badmatch,false},
                        [{escalus_utils,make_jid,1,
                             [{file,"src/escalus_utils.erl"},{line,148}]},
                         {escalus_connection,start,2,
                             [{file,"src/escalus_connection.erl"},{line,109}]},
                         {component_SUITE,connect_component,2,
                             [{file,"component_SUITE.erl"},{line,357}]},
                         {component_SUITE,disco_components,1,
                             [{file,"component_SUITE.erl"},{line,230}]},
                         {test_server,ts_tc,3,
                             [{file,"test_server.erl"},{line,1360}]},
                         {test_server,run_test_case_eval1,6,
                             [{file,"test_server.erl"},{line,977}]},
                         {test_server,run_test_case_eval,9,
                             [{file,"test_server.erl"},{line,925}]}]}, [{escalus_utils,
                                                                         make_jid,
                                                                         148},
                                                                        {escalus_connection,
                                                                         start,
                                                                         109},
                                                                        {component_SUITE,
                                                                         connect_component,
                                                                         357},
                                                                        {component_SUITE,
                                                                         disco_components,
                                                                         230},
                                                                        {test_server,
                                                                         ts_tc,
                                                                         1360},
                                                                        {test_server,
                                                                         run_test_case_eval1,
                                                                         977},
                                                                        {test_server,
                                                                         run_test_case_eval,
                                                                         925}]
=== *** FAILED test case 12 of 14 ***
=case          component_SUITE:end_per_group
=logfile       component_suite.end_per_group.970242.924.html
=group_props   [{name,xep0114_ws}]
=started       2016-04-06 19:17:22
=ended         2016-04-06 19:17:22
=result        ok
=elapsed       0.008874
=group_time    0.228s
=case          component_SUITE:init_per_group
=logfile       component_suite.init_per_group.970242.961.html
=group_props   [{name,subdomain}]
=started       2016-04-06 19:17:22
=ended         2016-04-06 19:17:23
=result        ok
=elapsed       0.497199
=case          component_SUITE:register_subdomain
=logfile       component_suite.register_subdomain.html
=started       2016-04-06 19:17:23
=ended         2016-04-06 19:17:23
=result        failed: {{badmatch,false},
                        [{escalus_utils,make_jid,1,
                             [{file,"src/escalus_utils.erl"},{line,148}]},
                         {escalus_connection,start,2,
                             [{file,"src/escalus_connection.erl"},{line,109}]},
                         {component_SUITE,connect_component,2,
                             [{file,"component_SUITE.erl"},{line,357}]},
                         {component_SUITE,register_subdomain,1,
                             [{file,"component_SUITE.erl"},{line,251}]},
                         {test_server,ts_tc,3,
                             [{file,"test_server.erl"},{line,1360}]},
                         {test_server,run_test_case_eval1,6,
                             [{file,"test_server.erl"},{line,977}]},
                         {test_server,run_test_case_eval,9,
                             [{file,"test_server.erl"},{line,925}]}]}, [{escalus_utils,
                                                                         make_jid,
                                                                         148},
                                                                        {escalus_connection,
                                                                         start,
                                                                         109},
                                                                        {component_SUITE,
                                                                         connect_component,
                                                                         357},
                                                                        {component_SUITE,
                                                                         register_subdomain,
                                                                         251},
                                                                        {test_server,
                                                                         ts_tc,
                                                                         1360},
                                                                        {test_server,
                                                                         run_test_case_eval1,
                                                                         977},
                                                                        {test_server,
                                                                         run_test_case_eval,
                                                                         925}]
=== *** FAILED test case 13 of 14 ***
=case          component_SUITE:end_per_group
=logfile       component_suite.end_per_group.970243.522.html
=group_props   [{name,subdomain}]
=started       2016-04-06 19:17:23
=ended         2016-04-06 19:17:30
=result        ok
=elapsed       6.529037
=group_time    0.561s
=case          component_SUITE:init_per_group
=logfile       component_suite.init_per_group.970250.80.html
=group_props   [{name,distributed}]
=started       2016-04-06 19:17:30
=ended         2016-04-06 19:17:36
=result        ok
=elapsed       6.768553
=case          component_SUITE:register_in_cluster
=logfile       component_suite.register_in_cluster.html
=started       2016-04-06 19:17:36
=ended         2016-04-06 19:17:36
=result        failed: {{badmatch,false},
                        [{escalus_utils,make_jid,1,
                             [{file,"src/escalus_utils.erl"},{line,148}]},
                         {escalus_connection,start,2,
                             [{file,"src/escalus_connection.erl"},{line,109}]},
                         {component_SUITE,connect_component,2,
                             [{file,"component_SUITE.erl"},{line,357}]},
                         {component_SUITE,register_in_cluster,1,
                             [{file,"component_SUITE.erl"},{line,283}]},
                         {test_server,ts_tc,3,
                             [{file,"test_server.erl"},{line,1360}]},
                         {test_server,run_test_case_eval1,6,
                             [{file,"test_server.erl"},{line,977}]},
                         {test_server,run_test_case_eval,9,
                             [{file,"test_server.erl"},{line,925}]}]}, [{escalus_utils,
                                                                         make_jid,
                                                                         148},
                                                                        {escalus_connection,
                                                                         start,
                                                                         109},
                                                                        {component_SUITE,
                                                                         connect_component,
                                                                         357},
                                                                        {component_SUITE,
                                                                         register_in_cluster,
                                                                         283},
                                                                        {test_server,
                                                                         ts_tc,
                                                                         1360},
                                                                        {test_server,
                                                                         run_test_case_eval1,
                                                                         977},
                                                                        {test_server,
                                                                         run_test_case_eval,
                                                                         925}]
=== *** FAILED test case 14 of 14 ***
=case          component_SUITE:end_per_group
=logfile       component_suite.end_per_group.970256.911.html
=group_props   [{name,distributed}]
=started       2016-04-06 19:17:36
=ended         2016-04-06 19:17:43
=result        ok
=elapsed       6.691439
=group_time    6.830s
=case          component_SUITE:end_per_suite
=logfile       component_suite.end_per_suite.html
=started       2016-04-06 19:17:43
=ended         2016-04-06 19:17:43
=result        ok
=elapsed       0.001403
=group_time    21.261s
=== TEST COMPLETE, 4 ok, 10 failed of 14 test cases

=finished      2016-04-06 19:17:43
=failed        10
=successful    4
=user_skipped  0
=auto_skipped  0
