=== Suite started at 2016-03-14 14:19:22
=== Starting test, 16 test cases
=cases         16
=user          travis
=host          testing-gce-c5dbaf69-f27c-477e-8cd2-13e209725906
=hosts         testing-gce-c5dbaf69-f27c-477e-8cd2-13e209725906 
=emulator_vsn  6.4
=emulator      beam
=otp_release   17
=started       2016-03-14 14:19:22
=case          amp_SUITE:init_per_suite
=logfile       amp_suite.init_per_suite.html
=started       2016-03-14 14:19:22
=ended         2016-03-14 14:19:22
=result        ok
=elapsed       0.005753
=case          ct_framework:init_per_group
=logfile       ct_framework.init_per_group.html
=group_props   [{suite,amp_SUITE},{name,all},parallel,shuffle]
=started       2016-03-14 14:19:22
=ended         2016-03-14 14:19:22
=result        ok
=elapsed       3.9e-5
=case          amp_SUITE:error_deliver_none_test
=logfile       amp_suite.error_deliver_none_test.965162.997.html
=started       2016-03-14 14:19:22
=ended         2016-03-14 14:19:23
=result        failed: {undef,
                           [{escalus,fresh_story,
                                [[{escalus_event_mgr,<0.2556.0>},
                                  {tc_name,error_deliver_none_test},
                                  {escalus_cleaner,<0.2555.0>},
                                  {watchdog,<0.2554.0>},
                                  {preset,"riak_mnesia"},
                                  {tc_logfile,
                                      "/home/travis/build/esl/MongooseIM/test/ejabberd_tests/ct_report/ct_run.test@testing-gce-c5dbaf69-f27c-477e-8cd2-13e209725906.2016-03-14_14.19.14/ejabberd_tests.tests.amp_SUITE.logs/run.2016-03-14_14.19.22/amp_suite.error_deliver_none_test.965162.997.html"},
                                  {tc_group_properties,
                                      [{shuffle,{1457,965162,970226}},
                                       {suite,amp_SUITE},
                                       {name,all},
                                       parallel]},
                                  {tc_group_path,[]},
                                  {data_dir,
                                      "/home/travis/build/esl/MongooseIM/test/ejabberd_tests/tests/amp_SUITE_data/"},
                                  {priv_dir,
                                      "/home/travis/build/esl/MongooseIM/test/ejabberd_tests/ct_report/ct_run.test@testing-gce-c5dbaf69-f27c-477e-8cd2-13e209725906.2016-03-14_14.19.14/ejabberd_tests.tests.amp_SUITE.logs/run.2016-03-14_14.19.22/log_private/"}],
                                 [{alice,1}],
                                 #Fun<amp_SUITE.13.15361033>],
                                []},
                            {test_server,ts_tc,3,
                                [{file,"test_server.erl"},{line,1429}]},
                            {test_server,run_test_case_eval1,6,
                                [{file,"test_server.erl"},{line,1026}]},
                            {test_server,run_test_case_eval,9,
                                [{file,"test_server.erl"},{line,968}]}]}, [{escalus,
                                                                            fresh_story},
                                                                           {test_server,
                                                                            ts_tc,
                                                                            1429},
                                                                           {test_server,
                                                                            run_test_case_eval1,
                                                                            1026},
                                                                           {test_server,
                                                                            run_test_case_eval,
                                                                            968}]
=== *** FAILED test case 1 of 16 ***
=case          amp_SUITE:actions_and_conditions_discovery_test
=logfile       amp_suite.actions_and_conditions_discovery_test.965163.17.html
=started       2016-03-14 14:19:23
=ended         2016-03-14 14:19:23
=result        failed: {undef,
                           [{escalus,fresh_story,
                                [[{escalus_event_mgr,<0.2609.0>},
                                  {tc_name,
                                      actions_and_conditions_discovery_test},
                                  {escalus_cleaner,<0.2607.0>},
                                  {watchdog,<0.2605.0>},
                                  {preset,"riak_mnesia"},
                                  {tc_logfile,
                                      "/home/travis/build/esl/MongooseIM/test/ejabberd_tests/ct_report/ct_run.test@testing-gce-c5dbaf69-f27c-477e-8cd2-13e209725906.2016-03-14_14.19.14/ejabberd_tests.tests.amp_SUITE.logs/run.2016-03-14_14.19.22/amp_suite.actions_and_conditions_discovery_test.965163.17.html"},
                                  {tc_group_properties,
                                      [{shuffle,{1457,965162,970226}},
                                       {suite,amp_SUITE},
                                       {name,all},
                                       parallel]},
                                  {tc_group_path,[]},
                                  {data_dir,
                                      "/home/travis/build/esl/MongooseIM/test/ejabberd_tests/tests/amp_SUITE_data/"},
                                  {priv_dir,
                                      "/home/travis/build/esl/MongooseIM/test/ejabberd_tests/ct_report/ct_run.test@testing-gce-c5dbaf69-f27c-477e-8cd2-13e209725906.2016-03-14_14.19.14/ejabberd_tests.tests.amp_SUITE.logs/run.2016-03-14_14.19.22/log_private/"}],
                                 [{alice,1}],
                                 #Fun<amp_SUITE.1.15361033>],
                                []},
                            {test_server,ts_tc,3,
                                [{file,"test_server.erl"},{line,1429}]},
                            {test_server,run_test_case_eval1,6,
                                [{file,"test_server.erl"},{line,1026}]},
                            {test_server,run_test_case_eval,9,
                                [{file,"test_server.erl"},{line,968}]}]}, [{escalus,
                                                                            fresh_story},
                                                                           {test_server,
                                                                            ts_tc,
                                                                            1429},
                                                                           {test_server,
                                                                            run_test_case_eval1,
                                                                            1026},
                                                                           {test_server,
                                                                            run_test_case_eval,
                                                                            968}]
=== *** FAILED test case 2 of 16 ***
=case          amp_SUITE:error_deliver_forward_test
=logfile       amp_suite.error_deliver_forward_test.965163.21.html
=started       2016-03-14 14:19:23
=ended         2016-03-14 14:19:23
=result        failed: {undef,
                           [{escalus,fresh_story,
                                [[{escalus_event_mgr,<0.2619.0>},
                                  {tc_name,error_deliver_forward_test},
                                  {escalus_cleaner,<0.2618.0>},
                                  {watchdog,<0.2617.0>},
                                  {preset,"riak_mnesia"},
                                  {tc_logfile,
                                      "/home/travis/build/esl/MongooseIM/test/ejabberd_tests/ct_report/ct_run.test@testing-gce-c5dbaf69-f27c-477e-8cd2-13e209725906.2016-03-14_14.19.14/ejabberd_tests.tests.amp_SUITE.logs/run.2016-03-14_14.19.22/amp_suite.error_deliver_forward_test.965163.21.html"},
                                  {tc_group_properties,
                                      [{shuffle,{1457,965162,970226}},
                                       {suite,amp_SUITE},
                                       {name,all},
                                       parallel]},
                                  {tc_group_path,[]},
                                  {data_dir,
                                      "/home/travis/build/esl/MongooseIM/test/ejabberd_tests/tests/amp_SUITE_data/"},
                                  {priv_dir,
                                      "/home/travis/build/esl/MongooseIM/test/ejabberd_tests/ct_report/ct_run.test@testing-gce-c5dbaf69-f27c-477e-8cd2-13e209725906.2016-03-14_14.19.14/ejabberd_tests.tests.amp_SUITE.logs/run.2016-03-14_14.19.22/log_private/"}],
                                 [{alice,1},{bob,1}],
                                 #Fun<amp_SUITE.12.15361033>],
                                []},
                            {test_server,ts_tc,3,
                                [{file,"test_server.erl"},{line,1429}]},
                            {test_server,run_test_case_eval1,6,
                                [{file,"test_server.erl"},{line,1026}]},
                            {test_server,run_test_case_eval,9,
                                [{file,"test_server.erl"},{line,968}]}]}, [{escalus,
                                                                            fresh_story},
                                                                           {test_server,
                                                                            ts_tc,
                                                                            1429},
                                                                           {test_server,
                                                                            run_test_case_eval1,
                                                                            1026},
                                                                           {test_server,
                                                                            run_test_case_eval,
                                                                            968}]
=== *** FAILED test case 3 of 16 ***
=case          amp_SUITE:notify_deliver_none_test
=logfile       amp_suite.notify_deliver_none_test.965162.999.html
=started       2016-03-14 14:19:23
=ended         2016-03-14 14:19:23
=result        failed: {undef,
                           [{escalus,fresh_story,
                                [[{escalus_event_mgr,<0.2561.0>},
                                  {tc_name,notify_deliver_none_test},
                                  {escalus_cleaner,<0.2560.0>},
                                  {watchdog,<0.2558.0>},
                                  {preset,"riak_mnesia"},
                                  {tc_logfile,
                                      "/home/travis/build/esl/MongooseIM/test/ejabberd_tests/ct_report/ct_run.test@testing-gce-c5dbaf69-f27c-477e-8cd2-13e209725906.2016-03-14_14.19.14/ejabberd_tests.tests.amp_SUITE.logs/run.2016-03-14_14.19.22/amp_suite.notify_deliver_none_test.965162.999.html"},
                                  {tc_group_properties,
                                      [{shuffle,{1457,965162,970226}},
                                       {suite,amp_SUITE},
                                       {name,all},
                                       parallel]},
                                  {tc_group_path,[]},
                                  {data_dir,
                                      "/home/travis/build/esl/MongooseIM/test/ejabberd_tests/tests/amp_SUITE_data/"},
                                  {priv_dir,
                                      "/home/travis/build/esl/MongooseIM/test/ejabberd_tests/ct_report/ct_run.test@testing-gce-c5dbaf69-f27c-477e-8cd2-13e209725906.2016-03-14_14.19.14/ejabberd_tests.tests.amp_SUITE.logs/run.2016-03-14_14.19.22/log_private/"}],
                                 [{alice,1}],
                                 #Fun<amp_SUITE.7.15361033>],
                                []},
                            {test_server,ts_tc,3,
                                [{file,"test_server.erl"},{line,1429}]},
                            {test_server,run_test_case_eval1,6,
                                [{file,"test_server.erl"},{line,1026}]},
                            {test_server,run_test_case_eval,9,
                                [{file,"test_server.erl"},{line,968}]}]}, [{escalus,
                                                                            fresh_story},
                                                                           {test_server,
                                                                            ts_tc,
                                                                            1429},
                                                                           {test_server,
                                                                            run_test_case_eval1,
                                                                            1026},
                                                                           {test_server,
                                                                            run_test_case_eval,
                                                                            968}]
=== *** FAILED test case 4 of 16 ***
=case          amp_SUITE:notify_match_resource_other_test
=logfile       amp_suite.notify_match_resource_other_test.965163.1.html
=started       2016-03-14 14:19:23
=ended         2016-03-14 14:19:23
=result        failed: {undef,
                           [{escalus,fresh_story,
                                [[{escalus_event_mgr,<0.2568.0>},
                                  {tc_name,notify_match_resource_other_test},
                                  {escalus_cleaner,<0.2567.0>},
                                  {watchdog,<0.2566.0>},
                                  {preset,"riak_mnesia"},
                                  {tc_logfile,
                                      "/home/travis/build/esl/MongooseIM/test/ejabberd_tests/ct_report/ct_run.test@testing-gce-c5dbaf69-f27c-477e-8cd2-13e209725906.2016-03-14_14.19.14/ejabberd_tests.tests.amp_SUITE.logs/run.2016-03-14_14.19.22/amp_suite.notify_match_resource_other_test.965163.1.html"},
                                  {tc_group_properties,
                                      [{shuffle,{1457,965162,970226}},
                                       {suite,amp_SUITE},
                                       {name,all},
                                       parallel]},
                                  {tc_group_path,[]},
                                  {data_dir,
                                      "/home/travis/build/esl/MongooseIM/test/ejabberd_tests/tests/amp_SUITE_data/"},
                                  {priv_dir,
                                      "/home/travis/build/esl/MongooseIM/test/ejabberd_tests/ct_report/ct_run.test@testing-gce-c5dbaf69-f27c-477e-8cd2-13e209725906.2016-03-14_14.19.14/ejabberd_tests.tests.amp_SUITE.logs/run.2016-03-14_14.19.22/log_private/"}],
                                 [{alice,1},{bob,1}],
                                 #Fun<amp_SUITE.10.15361033>],
                                []},
                            {test_server,ts_tc,3,
                                [{file,"test_server.erl"},{line,1429}]},
                            {test_server,run_test_case_eval1,6,
                                [{file,"test_server.erl"},{line,1026}]},
                            {test_server,run_test_case_eval,9,
                                [{file,"test_server.erl"},{line,968}]}]}, [{escalus,
                                                                            fresh_story},
                                                                           {test_server,
                                                                            ts_tc,
                                                                            1429},
                                                                           {test_server,
                                                                            run_test_case_eval1,
                                                                            1026},
                                                                           {test_server,
                                                                            run_test_case_eval,
                                                                            968}]
=== *** FAILED test case 5 of 16 ***
=case          amp_SUITE:error_deliver_direct_test
=logfile       amp_suite.error_deliver_direct_test.965163.15.html
=started       2016-03-14 14:19:23
=ended         2016-03-14 14:19:23
=result        failed: {undef,
                           [{escalus,fresh_story,
                                [[{escalus_event_mgr,<0.2613.0>},
                                  {tc_name,error_deliver_direct_test},
                                  {escalus_cleaner,<0.2611.0>},
                                  {watchdog,<0.2606.0>},
                                  {preset,"riak_mnesia"},
                                  {tc_logfile,
                                      "/home/travis/build/esl/MongooseIM/test/ejabberd_tests/ct_report/ct_run.test@testing-gce-c5dbaf69-f27c-477e-8cd2-13e209725906.2016-03-14_14.19.14/ejabberd_tests.tests.amp_SUITE.logs/run.2016-03-14_14.19.22/amp_suite.error_deliver_direct_test.965163.15.html"},
                                  {tc_group_properties,
                                      [{shuffle,{1457,965162,970226}},
                                       {suite,amp_SUITE},
                                       {name,all},
                                       parallel]},
                                  {tc_group_path,[]},
                                  {data_dir,
                                      "/home/travis/build/esl/MongooseIM/test/ejabberd_tests/tests/amp_SUITE_data/"},
                                  {priv_dir,
                                      "/home/travis/build/esl/MongooseIM/test/ejabberd_tests/ct_report/ct_run.test@testing-gce-c5dbaf69-f27c-477e-8cd2-13e209725906.2016-03-14_14.19.14/ejabberd_tests.tests.amp_SUITE.logs/run.2016-03-14_14.19.22/log_private/"}],
                                 [{alice,1},{bob,1}],
                                 #Fun<amp_SUITE.11.15361033>],
                                []},
                            {test_server,ts_tc,3,
                                [{file,"test_server.erl"},{line,1429}]},
                            {test_server,run_test_case_eval1,6,
                                [{file,"test_server.erl"},{line,1026}]},
                            {test_server,run_test_case_eval,9,
                                [{file,"test_server.erl"},{line,968}]}]}, [{escalus,
                                                                            fresh_story},
                                                                           {test_server,
                                                                            ts_tc,
                                                                            1429},
                                                                           {test_server,
                                                                            run_test_case_eval1,
                                                                            1026},
                                                                           {test_server,
                                                                            run_test_case_eval,
                                                                            968}]
=== *** FAILED test case 6 of 16 ***
=case          amp_SUITE:initial_service_discovery_test
=logfile       amp_suite.initial_service_discovery_test.965163.3.html
=started       2016-03-14 14:19:23
=ended         2016-03-14 14:19:23
=result        failed: {undef,
                           [{escalus,fresh_story,
                                [[{escalus_event_mgr,<0.2572.0>},
                                  {tc_name,initial_service_discovery_test},
                                  {escalus_cleaner,<0.2570.0>},
                                  {watchdog,<0.2569.0>},
                                  {preset,"riak_mnesia"},
                                  {tc_logfile,
                                      "/home/travis/build/esl/MongooseIM/test/ejabberd_tests/ct_report/ct_run.test@testing-gce-c5dbaf69-f27c-477e-8cd2-13e209725906.2016-03-14_14.19.14/ejabberd_tests.tests.amp_SUITE.logs/run.2016-03-14_14.19.22/amp_suite.initial_service_discovery_test.965163.3.html"},
                                  {tc_group_properties,
                                      [{shuffle,{1457,965162,970226}},
                                       {suite,amp_SUITE},
                                       {name,all},
                                       parallel]},
                                  {tc_group_path,[]},
                                  {data_dir,
                                      "/home/travis/build/esl/MongooseIM/test/ejabberd_tests/tests/amp_SUITE_data/"},
                                  {priv_dir,
                                      "/home/travis/build/esl/MongooseIM/test/ejabberd_tests/ct_report/ct_run.test@testing-gce-c5dbaf69-f27c-477e-8cd2-13e209725906.2016-03-14_14.19.14/ejabberd_tests.tests.amp_SUITE.logs/run.2016-03-14_14.19.22/log_private/"}],
                                 [{alice,1}],
                                 #Fun<amp_SUITE.0.15361033>],
                                []},
                            {test_server,ts_tc,3,
                                [{file,"test_server.erl"},{line,1429}]},
                            {test_server,run_test_case_eval1,6,
                                [{file,"test_server.erl"},{line,1026}]},
                            {test_server,run_test_case_eval,9,
                                [{file,"test_server.erl"},{line,968}]}]}, [{escalus,
                                                                            fresh_story},
                                                                           {test_server,
                                                                            ts_tc,
                                                                            1429},
                                                                           {test_server,
                                                                            run_test_case_eval1,
                                                                            1026},
                                                                           {test_server,
                                                                            run_test_case_eval,
                                                                            968}]
=== *** FAILED test case 7 of 16 ***
=case          amp_SUITE:error_deliver_doesnt_apply_test
=logfile       amp_suite.error_deliver_doesnt_apply_test.965163.25.html
=started       2016-03-14 14:19:23
=ended         2016-03-14 14:19:23
=result        failed: {undef,
                           [{escalus,fresh_story,
                                [[{escalus_event_mgr,<0.2628.0>},
                                  {tc_name,error_deliver_doesnt_apply_test},
                                  {escalus_cleaner,<0.2627.0>},
                                  {watchdog,<0.2626.0>},
                                  {preset,"riak_mnesia"},
                                  {tc_logfile,
                                      "/home/travis/build/esl/MongooseIM/test/ejabberd_tests/ct_report/ct_run.test@testing-gce-c5dbaf69-f27c-477e-8cd2-13e209725906.2016-03-14_14.19.14/ejabberd_tests.tests.amp_SUITE.logs/run.2016-03-14_14.19.22/amp_suite.error_deliver_doesnt_apply_test.965163.25.html"},
                                  {tc_group_properties,
                                      [{shuffle,{1457,965162,970226}},
                                       {suite,amp_SUITE},
                                       {name,all},
                                       parallel]},
                                  {tc_group_path,[]},
                                  {data_dir,
                                      "/home/travis/build/esl/MongooseIM/test/ejabberd_tests/tests/amp_SUITE_data/"},
                                  {priv_dir,
                                      "/home/travis/build/esl/MongooseIM/test/ejabberd_tests/ct_report/ct_run.test@testing-gce-c5dbaf69-f27c-477e-8cd2-13e209725906.2016-03-14_14.19.14/ejabberd_tests.tests.amp_SUITE.logs/run.2016-03-14_14.19.22/log_private/"}],
                                 [{alice,1},{bob,1}],
                                 #Fun<amp_SUITE.14.15361033>],
                                []},
                            {test_server,ts_tc,3,
                                [{file,"test_server.erl"},{line,1429}]},
                            {test_server,run_test_case_eval1,6,
                                [{file,"test_server.erl"},{line,1026}]},
                            {test_server,run_test_case_eval,9,
                                [{file,"test_server.erl"},{line,968}]}]}, [{escalus,
                                                                            fresh_story},
                                                                           {test_server,
                                                                            ts_tc,
                                                                            1429},
                                                                           {test_server,
                                                                            run_test_case_eval1,
                                                                            1026},
                                                                           {test_server,
                                                                            run_test_case_eval,
                                                                            968}]
=== *** FAILED test case 8 of 16 ***
=case          amp_SUITE:unacceptable_rules_test
=logfile       amp_suite.unacceptable_rules_test.965163.5.html
=started       2016-03-14 14:19:23
=ended         2016-03-14 14:19:23
=result        failed: {undef,
                           [{escalus,fresh_story,
                                [[{escalus_event_mgr,<0.2585.0>},
                                  {tc_name,unacceptable_rules_test},
                                  {escalus_cleaner,<0.2584.0>},
                                  {watchdog,<0.2582.0>},
                                  {preset,"riak_mnesia"},
                                  {tc_logfile,
                                      "/home/travis/build/esl/MongooseIM/test/ejabberd_tests/ct_report/ct_run.test@testing-gce-c5dbaf69-f27c-477e-8cd2-13e209725906.2016-03-14_14.19.14/ejabberd_tests.tests.amp_SUITE.logs/run.2016-03-14_14.19.22/amp_suite.unacceptable_rules_test.965163.5.html"},
                                  {tc_group_properties,
                                      [{shuffle,{1457,965162,970226}},
                                       {suite,amp_SUITE},
                                       {name,all},
                                       parallel]},
                                  {tc_group_path,[]},
                                  {data_dir,
                                      "/home/travis/build/esl/MongooseIM/test/ejabberd_tests/tests/amp_SUITE_data/"},
                                  {priv_dir,
                                      "/home/travis/build/esl/MongooseIM/test/ejabberd_tests/ct_report/ct_run.test@testing-gce-c5dbaf69-f27c-477e-8cd2-13e209725906.2016-03-14_14.19.14/ejabberd_tests.tests.amp_SUITE.logs/run.2016-03-14_14.19.22/log_private/"}],
                                 [{alice,1},{bob,1}],
                                 #Fun<amp_SUITE.4.15361033>],
                                []},
                            {test_server,ts_tc,3,
                                [{file,"test_server.erl"},{line,1429}]},
                            {test_server,run_test_case_eval1,6,
                                [{file,"test_server.erl"},{line,1026}]},
                            {test_server,run_test_case_eval,9,
                                [{file,"test_server.erl"},{line,968}]}]}, [{escalus,
                                                                            fresh_story},
                                                                           {test_server,
                                                                            ts_tc,
                                                                            1429},
                                                                           {test_server,
                                                                            run_test_case_eval1,
                                                                            1026},
                                                                           {test_server,
                                                                            run_test_case_eval,
                                                                            968}]
=== *** FAILED test case 9 of 16 ***
=case          amp_SUITE:notify_deliver_forward_test
=logfile       amp_suite.notify_deliver_forward_test.965163.7.html
=started       2016-03-14 14:19:23
=ended         2016-03-14 14:19:23
=result        failed: {undef,
                           [{escalus,fresh_story,
                                [[{escalus_event_mgr,<0.2579.0>},
                                  {tc_name,notify_deliver_forward_test},
                                  {escalus_cleaner,<0.2578.0>},
                                  {watchdog,<0.2576.0>},
                                  {preset,"riak_mnesia"},
                                  {tc_logfile,
                                      "/home/travis/build/esl/MongooseIM/test/ejabberd_tests/ct_report/ct_run.test@testing-gce-c5dbaf69-f27c-477e-8cd2-13e209725906.2016-03-14_14.19.14/ejabberd_tests.tests.amp_SUITE.logs/run.2016-03-14_14.19.22/amp_suite.notify_deliver_forward_test.965163.7.html"},
                                  {tc_group_properties,
                                      [{shuffle,{1457,965162,970226}},
                                       {suite,amp_SUITE},
                                       {name,all},
                                       parallel]},
                                  {tc_group_path,[]},
                                  {data_dir,
                                      "/home/travis/build/esl/MongooseIM/test/ejabberd_tests/tests/amp_SUITE_data/"},
                                  {priv_dir,
                                      "/home/travis/build/esl/MongooseIM/test/ejabberd_tests/ct_report/ct_run.test@testing-gce-c5dbaf69-f27c-477e-8cd2-13e209725906.2016-03-14_14.19.14/ejabberd_tests.tests.amp_SUITE.logs/run.2016-03-14_14.19.22/log_private/"}],
                                 [{alice,1},{bob,1}],
                                 #Fun<amp_SUITE.6.15361033>],
                                []},
                            {test_server,ts_tc,3,
                                [{file,"test_server.erl"},{line,1429}]},
                            {test_server,run_test_case_eval1,6,
                                [{file,"test_server.erl"},{line,1026}]},
                            {test_server,run_test_case_eval,9,
                                [{file,"test_server.erl"},{line,968}]}]}, [{escalus,
                                                                            fresh_story},
                                                                           {test_server,
                                                                            ts_tc,
                                                                            1429},
                                                                           {test_server,
                                                                            run_test_case_eval1,
                                                                            1026},
                                                                           {test_server,
                                                                            run_test_case_eval,
                                                                            968}]
=== *** FAILED test case 10 of 16 ***
=case          amp_SUITE:last_rule_applies_test
=logfile       amp_suite.last_rule_applies_test.965163.23.html
=started       2016-03-14 14:19:23
=ended         2016-03-14 14:19:23
=result        failed: {undef,
                           [{escalus,fresh_story,
                                [[{escalus_event_mgr,<0.2622.0>},
                                  {tc_name,last_rule_applies_test},
                                  {escalus_cleaner,<0.2621.0>},
                                  {watchdog,<0.2620.0>},
                                  {preset,"riak_mnesia"},
                                  {tc_logfile,
                                      "/home/travis/build/esl/MongooseIM/test/ejabberd_tests/ct_report/ct_run.test@testing-gce-c5dbaf69-f27c-477e-8cd2-13e209725906.2016-03-14_14.19.14/ejabberd_tests.tests.amp_SUITE.logs/run.2016-03-14_14.19.22/amp_suite.last_rule_applies_test.965163.23.html"},
                                  {tc_group_properties,
                                      [{shuffle,{1457,965162,970226}},
                                       {suite,amp_SUITE},
                                       {name,all},
                                       parallel]},
                                  {tc_group_path,[]},
                                  {data_dir,
                                      "/home/travis/build/esl/MongooseIM/test/ejabberd_tests/tests/amp_SUITE_data/"},
                                  {priv_dir,
                                      "/home/travis/build/esl/MongooseIM/test/ejabberd_tests/ct_report/ct_run.test@testing-gce-c5dbaf69-f27c-477e-8cd2-13e209725906.2016-03-14_14.19.14/ejabberd_tests.tests.amp_SUITE.logs/run.2016-03-14_14.19.22/log_private/"}],
                                 [{alice,1},{bob,1}],
                                 #Fun<amp_SUITE.15.15361033>],
                                []},
                            {test_server,ts_tc,3,
                                [{file,"test_server.erl"},{line,1429}]},
                            {test_server,run_test_case_eval1,6,
                                [{file,"test_server.erl"},{line,1026}]},
                            {test_server,run_test_case_eval,9,
                                [{file,"test_server.erl"},{line,968}]}]}, [{escalus,
                                                                            fresh_story},
                                                                           {test_server,
                                                                            ts_tc,
                                                                            1429},
                                                                           {test_server,
                                                                            run_test_case_eval1,
                                                                            1026},
                                                                           {test_server,
                                                                            run_test_case_eval,
                                                                            968}]
=== *** FAILED test case 11 of 16 ***
=case          amp_SUITE:notify_match_resource_any_test
=logfile       amp_suite.notify_match_resource_any_test.965163.9.html
=started       2016-03-14 14:19:23
=ended         2016-03-14 14:19:23
=result        failed: {undef,
                           [{escalus,fresh_story,
                                [[{escalus_event_mgr,<0.2589.0>},
                                  {tc_name,notify_match_resource_any_test},
                                  {escalus_cleaner,<0.2588.0>},
                                  {watchdog,<0.2587.0>},
                                  {preset,"riak_mnesia"},
                                  {tc_logfile,
                                      "/home/travis/build/esl/MongooseIM/test/ejabberd_tests/ct_report/ct_run.test@testing-gce-c5dbaf69-f27c-477e-8cd2-13e209725906.2016-03-14_14.19.14/ejabberd_tests.tests.amp_SUITE.logs/run.2016-03-14_14.19.22/amp_suite.notify_match_resource_any_test.965163.9.html"},
                                  {tc_group_properties,
                                      [{shuffle,{1457,965162,970226}},
                                       {suite,amp_SUITE},
                                       {name,all},
                                       parallel]},
                                  {tc_group_path,[]},
                                  {data_dir,
                                      "/home/travis/build/esl/MongooseIM/test/ejabberd_tests/tests/amp_SUITE_data/"},
                                  {priv_dir,
                                      "/home/travis/build/esl/MongooseIM/test/ejabberd_tests/ct_report/ct_run.test@testing-gce-c5dbaf69-f27c-477e-8cd2-13e209725906.2016-03-14_14.19.14/ejabberd_tests.tests.amp_SUITE.logs/run.2016-03-14_14.19.22/log_private/"}],
                                 [{alice,1},{bob,4}],
                                 #Fun<amp_SUITE.8.15361033>],
                                []},
                            {test_server,ts_tc,3,
                                [{file,"test_server.erl"},{line,1429}]},
                            {test_server,run_test_case_eval1,6,
                                [{file,"test_server.erl"},{line,1026}]},
                            {test_server,run_test_case_eval,9,
                                [{file,"test_server.erl"},{line,968}]}]}, [{escalus,
                                                                            fresh_story},
                                                                           {test_server,
                                                                            ts_tc,
                                                                            1429},
                                                                           {test_server,
                                                                            run_test_case_eval1,
                                                                            1026},
                                                                           {test_server,
                                                                            run_test_case_eval,
                                                                            968}]
=== *** FAILED test case 12 of 16 ***
=case          amp_SUITE:unsupported_conditions_test
=logfile       amp_suite.unsupported_conditions_test.965163.19.html
=started       2016-03-14 14:19:23
=ended         2016-03-14 14:19:23
=result        failed: {undef,
                           [{escalus,fresh_story,
                                [[{escalus_event_mgr,<0.2614.0>},
                                  {tc_name,unsupported_conditions_test},
                                  {escalus_cleaner,<0.2612.0>},
                                  {watchdog,<0.2608.0>},
                                  {preset,"riak_mnesia"},
                                  {tc_logfile,
                                      "/home/travis/build/esl/MongooseIM/test/ejabberd_tests/ct_report/ct_run.test@testing-gce-c5dbaf69-f27c-477e-8cd2-13e209725906.2016-03-14_14.19.14/ejabberd_tests.tests.amp_SUITE.logs/run.2016-03-14_14.19.22/amp_suite.unsupported_conditions_test.965163.19.html"},
                                  {tc_group_properties,
                                      [{shuffle,{1457,965162,970226}},
                                       {suite,amp_SUITE},
                                       {name,all},
                                       parallel]},
                                  {tc_group_path,[]},
                                  {data_dir,
                                      "/home/travis/build/esl/MongooseIM/test/ejabberd_tests/tests/amp_SUITE_data/"},
                                  {priv_dir,
                                      "/home/travis/build/esl/MongooseIM/test/ejabberd_tests/ct_report/ct_run.test@testing-gce-c5dbaf69-f27c-477e-8cd2-13e209725906.2016-03-14_14.19.14/ejabberd_tests.tests.amp_SUITE.logs/run.2016-03-14_14.19.22/log_private/"}],
                                 [{alice,1},{bob,1}],
                                 #Fun<amp_SUITE.3.15361033>],
                                []},
                            {test_server,ts_tc,3,
                                [{file,"test_server.erl"},{line,1429}]},
                            {test_server,run_test_case_eval1,6,
                                [{file,"test_server.erl"},{line,1026}]},
                            {test_server,run_test_case_eval,9,
                                [{file,"test_server.erl"},{line,968}]}]}, [{escalus,
                                                                            fresh_story},
                                                                           {test_server,
                                                                            ts_tc,
                                                                            1429},
                                                                           {test_server,
                                                                            run_test_case_eval1,
                                                                            1026},
                                                                           {test_server,
                                                                            run_test_case_eval,
                                                                            968}]
=== *** FAILED test case 13 of 16 ***
=case          amp_SUITE:unsupported_actions_test
=logfile       amp_suite.unsupported_actions_test.965163.11.html
=started       2016-03-14 14:19:23
=ended         2016-03-14 14:19:23
=result        failed: {undef,
                           [{escalus,fresh_story,
                                [[{escalus_event_mgr,<0.2593.0>},
                                  {tc_name,unsupported_actions_test},
                                  {escalus_cleaner,<0.2592.0>},
                                  {watchdog,<0.2591.0>},
                                  {preset,"riak_mnesia"},
                                  {tc_logfile,
                                      "/home/travis/build/esl/MongooseIM/test/ejabberd_tests/ct_report/ct_run.test@testing-gce-c5dbaf69-f27c-477e-8cd2-13e209725906.2016-03-14_14.19.14/ejabberd_tests.tests.amp_SUITE.logs/run.2016-03-14_14.19.22/amp_suite.unsupported_actions_test.965163.11.html"},
                                  {tc_group_properties,
                                      [{shuffle,{1457,965162,970226}},
                                       {suite,amp_SUITE},
                                       {name,all},
                                       parallel]},
                                  {tc_group_path,[]},
                                  {data_dir,
                                      "/home/travis/build/esl/MongooseIM/test/ejabberd_tests/tests/amp_SUITE_data/"},
                                  {priv_dir,
                                      "/home/travis/build/esl/MongooseIM/test/ejabberd_tests/ct_report/ct_run.test@testing-gce-c5dbaf69-f27c-477e-8cd2-13e209725906.2016-03-14_14.19.14/ejabberd_tests.tests.amp_SUITE.logs/run.2016-03-14_14.19.22/log_private/"}],
                                 [{alice,1},{bob,1}],
                                 #Fun<amp_SUITE.2.15361033>],
                                []},
                            {test_server,ts_tc,3,
                                [{file,"test_server.erl"},{line,1429}]},
                            {test_server,run_test_case_eval1,6,
                                [{file,"test_server.erl"},{line,1026}]},
                            {test_server,run_test_case_eval,9,
                                [{file,"test_server.erl"},{line,968}]}]}, [{escalus,
                                                                            fresh_story},
                                                                           {test_server,
                                                                            ts_tc,
                                                                            1429},
                                                                           {test_server,
                                                                            run_test_case_eval1,
                                                                            1026},
                                                                           {test_server,
                                                                            run_test_case_eval,
                                                                            968}]
=== *** FAILED test case 14 of 16 ***
=case          amp_SUITE:notify_deliver_direct_test
=logfile       amp_suite.notify_deliver_direct_test.965163.27.html
=started       2016-03-14 14:19:23
=ended         2016-03-14 14:19:23
=result        failed: {undef,
                           [{escalus,fresh_story,
                                [[{escalus_event_mgr,<0.2625.0>},
                                  {tc_name,notify_deliver_direct_test},
                                  {escalus_cleaner,<0.2624.0>},
                                  {watchdog,<0.2623.0>},
                                  {preset,"riak_mnesia"},
                                  {tc_logfile,
                                      "/home/travis/build/esl/MongooseIM/test/ejabberd_tests/ct_report/ct_run.test@testing-gce-c5dbaf69-f27c-477e-8cd2-13e209725906.2016-03-14_14.19.14/ejabberd_tests.tests.amp_SUITE.logs/run.2016-03-14_14.19.22/amp_suite.notify_deliver_direct_test.965163.27.html"},
                                  {tc_group_properties,
                                      [{shuffle,{1457,965162,970226}},
                                       {suite,amp_SUITE},
                                       {name,all},
                                       parallel]},
                                  {tc_group_path,[]},
                                  {data_dir,
                                      "/home/travis/build/esl/MongooseIM/test/ejabberd_tests/tests/amp_SUITE_data/"},
                                  {priv_dir,
                                      "/home/travis/build/esl/MongooseIM/test/ejabberd_tests/ct_report/ct_run.test@testing-gce-c5dbaf69-f27c-477e-8cd2-13e209725906.2016-03-14_14.19.14/ejabberd_tests.tests.amp_SUITE.logs/run.2016-03-14_14.19.22/log_private/"}],
                                 [{alice,1},{bob,1}],
                                 #Fun<amp_SUITE.5.15361033>],
                                []},
                            {test_server,ts_tc,3,
                                [{file,"test_server.erl"},{line,1429}]},
                            {test_server,run_test_case_eval1,6,
                                [{file,"test_server.erl"},{line,1026}]},
                            {test_server,run_test_case_eval,9,
                                [{file,"test_server.erl"},{line,968}]}]}, [{escalus,
                                                                            fresh_story},
                                                                           {test_server,
                                                                            ts_tc,
                                                                            1429},
                                                                           {test_server,
                                                                            run_test_case_eval1,
                                                                            1026},
                                                                           {test_server,
                                                                            run_test_case_eval,
                                                                            968}]
=== *** FAILED test case 15 of 16 ***
=case          amp_SUITE:notify_match_resource_exact_test
=logfile       amp_suite.notify_match_resource_exact_test.965163.13.html
=started       2016-03-14 14:19:23
=ended         2016-03-14 14:19:23
=result        failed: {undef,
                           [{escalus,fresh_story,
                                [[{escalus_event_mgr,<0.2601.0>},
                                  {tc_name,notify_match_resource_exact_test},
                                  {escalus_cleaner,<0.2600.0>},
                                  {watchdog,<0.2599.0>},
                                  {preset,"riak_mnesia"},
                                  {tc_logfile,
                                      "/home/travis/build/esl/MongooseIM/test/ejabberd_tests/ct_report/ct_run.test@testing-gce-c5dbaf69-f27c-477e-8cd2-13e209725906.2016-03-14_14.19.14/ejabberd_tests.tests.amp_SUITE.logs/run.2016-03-14_14.19.22/amp_suite.notify_match_resource_exact_test.965163.13.html"},
                                  {tc_group_properties,
                                      [{shuffle,{1457,965162,970226}},
                                       {suite,amp_SUITE},
                                       {name,all},
                                       parallel]},
                                  {tc_group_path,[]},
                                  {data_dir,
                                      "/home/travis/build/esl/MongooseIM/test/ejabberd_tests/tests/amp_SUITE_data/"},
                                  {priv_dir,
                                      "/home/travis/build/esl/MongooseIM/test/ejabberd_tests/ct_report/ct_run.test@testing-gce-c5dbaf69-f27c-477e-8cd2-13e209725906.2016-03-14_14.19.14/ejabberd_tests.tests.amp_SUITE.logs/run.2016-03-14_14.19.22/log_private/"}],
                                 [{alice,1},{bob,4}],
                                 #Fun<amp_SUITE.9.15361033>],
                                []},
                            {test_server,ts_tc,3,
                                [{file,"test_server.erl"},{line,1429}]},
                            {test_server,run_test_case_eval1,6,
                                [{file,"test_server.erl"},{line,1026}]},
                            {test_server,run_test_case_eval,9,
                                [{file,"test_server.erl"},{line,968}]}]}, [{escalus,
                                                                            fresh_story},
                                                                           {test_server,
                                                                            ts_tc,
                                                                            1429},
                                                                           {test_server,
                                                                            run_test_case_eval1,
                                                                            1026},
                                                                           {test_server,
                                                                            run_test_case_eval,
                                                                            968}]
=== *** FAILED test case 16 of 16 ***
=case          ct_framework:end_per_group
=logfile       ct_framework.end_per_group.html
=group_props   [{suite,amp_SUITE},{name,all},parallel,shuffle]
=started       2016-03-14 14:19:23
=ended         2016-03-14 14:19:23
=result        ok
=elapsed       2.5e-5
=group_time    0.114s
=case          amp_SUITE:end_per_suite
=logfile       amp_suite.end_per_suite.html
=started       2016-03-14 14:19:23
=ended         2016-03-14 14:19:23
=result        failed: {undef,
                           [{escalus_fresh,clean,[],[]},
                            {amp_SUITE,end_per_suite,1,
                                [{file,"amp_SUITE.erl"},{line,44}]},
                            {test_server,ts_tc,3,
                                [{file,"test_server.erl"},{line,1429}]},
                            {test_server,run_test_case_eval1,6,
                                [{file,"test_server.erl"},{line,1099}]},
                            {test_server,run_test_case_eval,9,
                                [{file,"test_server.erl"},{line,968}]}]}, [{escalus_fresh,
                                                                            clean},
                                                                           {amp_SUITE,
                                                                            end_per_suite,
                                                                            44},
                                                                           {test_server,
                                                                            ts_tc,
                                                                            1429},
                                                                           {test_server,
                                                                            run_test_case_eval1,
                                                                            1099},
                                                                           {test_server,
                                                                            run_test_case_eval,
                                                                            968}]
=== *** FAILED {amp_SUITE,end_per_suite} ***
=group_time    0.178s
=== TEST COMPLETE, 0 ok, 16 failed of 16 test cases

=finished      2016-03-14 14:19:23
=failed        16
=successful    0
=user_skipped  0
=auto_skipped  0
