=== Suite started at 2016-03-30 06:50:32
=== Starting test, 12 test cases
=cases         12
=user          travis
=host          testing-gce-cb1fa70a-2d9f-4b1d-8f72-b0a73970ed36
=hosts         testing-gce-cb1fa70a-2d9f-4b1d-8f72-b0a73970ed36 
=emulator_vsn  6.4
=emulator      beam
=otp_release   17
=started       2016-03-30 06:50:32
=case          metrics_c2s_SUITE:init_per_suite
=logfile       metrics_c2s_suite.init_per_suite.html
=started       2016-03-30 06:50:32
=ended         2016-03-30 06:50:32
=result        ok
=elapsed       0.014217
=case          metrics_c2s_SUITE:init_per_group
=logfile       metrics_c2s_suite.init_per_group.html
=group_props   [{name,single},sequence]
=started       2016-03-30 06:50:32
=ended         2016-03-30 06:50:32
=result        failed: {failed_to_register,
                           [{escalus_users,verify_creation,1,
                                [{file,"src/escalus_users.erl"},{line,268}]},
                            {lists,foreach,2,[{file,"lists.erl"},{line,1336}]},
                            {escalus_users,create_users_via_xmpp,2,
                                [{file,"src/escalus_users.erl"},{line,100}]},
                            {test_server,ts_tc,3,
                                [{file,"test_server.erl"},{line,1429}]},
                            {test_server,run_test_case_eval1,6,
                                [{file,"test_server.erl"},{line,1099}]},
                            {test_server,run_test_case_eval,9,
                                [{file,"test_server.erl"},{line,968}]}]}, [{escalus_users,
                                                                            verify_creation,
                                                                            268},
                                                                           {lists,
                                                                            foreach,
                                                                            1336},
                                                                           {escalus_users,
                                                                            create_users_via_xmpp,
                                                                            100},
                                                                           {test_server,
                                                                            ts_tc,
                                                                            1429},
                                                                           {test_server,
                                                                            run_test_case_eval1,
                                                                            1099},
                                                                           {test_server,
                                                                            run_test_case_eval,
                                                                            968}]
=== *** FAILED {metrics_c2s_SUITE,init_per_group} ***
=== 
=case          metrics_c2s_SUITE:message_one
=group_props   [{name,"single"}]
=started       2016-03-30 06:50:33
=result        auto_skipped: init_per_group failed
=== *** Skipping test case #1 {metrics_c2s_SUITE,message_one} ***
=== 
=case          metrics_c2s_SUITE:stanza_one
=group_props   [{name,"single"}]
=started       2016-03-30 06:50:33
=result        auto_skipped: init_per_group failed
=== *** Skipping test case #2 {metrics_c2s_SUITE,stanza_one} ***
=== 
=case          metrics_c2s_SUITE:presence_one
=group_props   [{name,"single"}]
=started       2016-03-30 06:50:33
=result        auto_skipped: init_per_group failed
=== *** Skipping test case #3 {metrics_c2s_SUITE,presence_one} ***
=== 
=case          metrics_c2s_SUITE:presence_direct_one
=group_props   [{name,"single"}]
=started       2016-03-30 06:50:33
=result        auto_skipped: init_per_group failed
=== *** Skipping test case #4 {metrics_c2s_SUITE,presence_direct_one} ***
=== 
=case          metrics_c2s_SUITE:iq_one
=group_props   [{name,"single"}]
=started       2016-03-30 06:50:33
=result        auto_skipped: init_per_group failed
=== *** Skipping test case #5 {metrics_c2s_SUITE,iq_one} ***
=== 
=case          metrics_c2s_SUITE:end_per_group
=group_props   [{name,"single"}]
=started       2016-03-30 06:50:33
=result        auto_skipped: init_per_group failed
=== *** Skipping {metrics_c2s_SUITE,end_per_group} ***
=case          metrics_c2s_SUITE:init_per_group
=logfile       metrics_c2s_suite.init_per_group.320633.13.html
=group_props   [{name,multiple},sequence]
=started       2016-03-30 06:50:33
=ended         2016-03-30 06:50:33
=result        failed: {failed_to_register,
                           [{escalus_users,verify_creation,1,
                                [{file,"src/escalus_users.erl"},{line,268}]},
                            {lists,foreach,2,[{file,"lists.erl"},{line,1336}]},
                            {escalus_users,create_users_via_xmpp,2,
                                [{file,"src/escalus_users.erl"},{line,100}]},
                            {test_server,ts_tc,3,
                                [{file,"test_server.erl"},{line,1429}]},
                            {test_server,run_test_case_eval1,6,
                                [{file,"test_server.erl"},{line,1099}]},
                            {test_server,run_test_case_eval,9,
                                [{file,"test_server.erl"},{line,968}]}]}, [{escalus_users,
                                                                            verify_creation,
                                                                            268},
                                                                           {lists,
                                                                            foreach,
                                                                            1336},
                                                                           {escalus_users,
                                                                            create_users_via_xmpp,
                                                                            100},
                                                                           {test_server,
                                                                            ts_tc,
                                                                            1429},
                                                                           {test_server,
                                                                            run_test_case_eval1,
                                                                            1099},
                                                                           {test_server,
                                                                            run_test_case_eval,
                                                                            968}]
=== *** FAILED {metrics_c2s_SUITE,init_per_group} ***
=== 
=case          metrics_c2s_SUITE:messages
=group_props   [{name,"multiple"}]
=started       2016-03-30 06:50:33
=result        auto_skipped: init_per_group failed
=== *** Skipping test case #6 {metrics_c2s_SUITE,messages} ***
=== 
=case          metrics_c2s_SUITE:end_per_group
=group_props   [{name,"multiple"}]
=started       2016-03-30 06:50:33
=result        auto_skipped: init_per_group failed
=== *** Skipping {metrics_c2s_SUITE,end_per_group} ***
=case          metrics_c2s_SUITE:init_per_group
=logfile       metrics_c2s_suite.init_per_group.320633.552.html
=group_props   [{name,drop},sequence]
=started       2016-03-30 06:50:33
=ended         2016-03-30 06:50:34
=result        failed: {failed_to_register,
                           [{escalus_users,verify_creation,1,
                                [{file,"src/escalus_users.erl"},{line,268}]},
                            {lists,foreach,2,[{file,"lists.erl"},{line,1336}]},
                            {escalus_users,create_users_via_xmpp,2,
                                [{file,"src/escalus_users.erl"},{line,100}]},
                            {test_server,ts_tc,3,
                                [{file,"test_server.erl"},{line,1429}]},
                            {test_server,run_test_case_eval1,6,
                                [{file,"test_server.erl"},{line,1099}]},
                            {test_server,run_test_case_eval,9,
                                [{file,"test_server.erl"},{line,968}]}]}, [{escalus_users,
                                                                            verify_creation,
                                                                            268},
                                                                           {lists,
                                                                            foreach,
                                                                            1336},
                                                                           {escalus_users,
                                                                            create_users_via_xmpp,
                                                                            100},
                                                                           {test_server,
                                                                            ts_tc,
                                                                            1429},
                                                                           {test_server,
                                                                            run_test_case_eval1,
                                                                            1099},
                                                                           {test_server,
                                                                            run_test_case_eval,
                                                                            968}]
=== *** FAILED {metrics_c2s_SUITE,init_per_group} ***
=== 
=case          metrics_c2s_SUITE:bounced
=group_props   [{name,"drop"}]
=started       2016-03-30 06:50:34
=result        auto_skipped: init_per_group failed
=== *** Skipping test case #7 {metrics_c2s_SUITE,bounced} ***
=== 
=case          metrics_c2s_SUITE:end_per_group
=group_props   [{name,"drop"}]
=started       2016-03-30 06:50:34
=result        auto_skipped: init_per_group failed
=== *** Skipping {metrics_c2s_SUITE,end_per_group} ***
=case          metrics_c2s_SUITE:init_per_group
=logfile       metrics_c2s_suite.init_per_group.320634.94.html
=group_props   [{name,errors},sequence]
=started       2016-03-30 06:50:34
=ended         2016-03-30 06:50:34
=result        failed: {failed_to_register,
                           [{escalus_users,verify_creation,1,
                                [{file,"src/escalus_users.erl"},{line,268}]},
                            {lists,foreach,2,[{file,"lists.erl"},{line,1336}]},
                            {escalus_users,create_users_via_xmpp,2,
                                [{file,"src/escalus_users.erl"},{line,100}]},
                            {test_server,ts_tc,3,
                                [{file,"test_server.erl"},{line,1429}]},
                            {test_server,run_test_case_eval1,6,
                                [{file,"test_server.erl"},{line,1099}]},
                            {test_server,run_test_case_eval,9,
                                [{file,"test_server.erl"},{line,968}]}]}, [{escalus_users,
                                                                            verify_creation,
                                                                            268},
                                                                           {lists,
                                                                            foreach,
                                                                            1336},
                                                                           {escalus_users,
                                                                            create_users_via_xmpp,
                                                                            100},
                                                                           {test_server,
                                                                            ts_tc,
                                                                            1429},
                                                                           {test_server,
                                                                            run_test_case_eval1,
                                                                            1099},
                                                                           {test_server,
                                                                            run_test_case_eval,
                                                                            968}]
=== *** FAILED {metrics_c2s_SUITE,init_per_group} ***
=== 
=case          metrics_c2s_SUITE:error_total
=group_props   [{name,"errors"}]
=started       2016-03-30 06:50:34
=result        auto_skipped: init_per_group failed
=== *** Skipping test case #8 {metrics_c2s_SUITE,error_total} ***
=== 
=case          metrics_c2s_SUITE:error_mesg
=group_props   [{name,"errors"}]
=started       2016-03-30 06:50:34
=result        auto_skipped: init_per_group failed
=== *** Skipping test case #9 {metrics_c2s_SUITE,error_mesg} ***
=== 
=case          metrics_c2s_SUITE:error_iq
=group_props   [{name,"errors"}]
=started       2016-03-30 06:50:34
=result        auto_skipped: init_per_group failed
=== *** Skipping test case #10 {metrics_c2s_SUITE,error_iq} ***
=== 
=case          metrics_c2s_SUITE:error_presence
=group_props   [{name,"errors"}]
=started       2016-03-30 06:50:34
=result        auto_skipped: init_per_group failed
=== *** Skipping test case #11 {metrics_c2s_SUITE,error_presence} ***
=== 
=case          metrics_c2s_SUITE:end_per_group
=group_props   [{name,"errors"}]
=started       2016-03-30 06:50:34
=result        auto_skipped: init_per_group failed
=== *** Skipping {metrics_c2s_SUITE,end_per_group} ***
=case          metrics_c2s_SUITE:init_per_group
=logfile       metrics_c2s_suite.init_per_group.320634.644.html
=group_props   [{name,count},sequence]
=started       2016-03-30 06:50:34
=ended         2016-03-30 06:50:35
=result        failed: {failed_to_register,
                           [{escalus_users,verify_creation,1,
                                [{file,"src/escalus_users.erl"},{line,268}]},
                            {lists,foreach,2,[{file,"lists.erl"},{line,1336}]},
                            {escalus_users,create_users_via_xmpp,2,
                                [{file,"src/escalus_users.erl"},{line,100}]},
                            {test_server,ts_tc,3,
                                [{file,"test_server.erl"},{line,1429}]},
                            {test_server,run_test_case_eval1,6,
                                [{file,"test_server.erl"},{line,1099}]},
                            {test_server,run_test_case_eval,9,
                                [{file,"test_server.erl"},{line,968}]}]}, [{escalus_users,
                                                                            verify_creation,
                                                                            268},
                                                                           {lists,
                                                                            foreach,
                                                                            1336},
                                                                           {escalus_users,
                                                                            create_users_via_xmpp,
                                                                            100},
                                                                           {test_server,
                                                                            ts_tc,
                                                                            1429},
                                                                           {test_server,
                                                                            run_test_case_eval1,
                                                                            1099},
                                                                           {test_server,
                                                                            run_test_case_eval,
                                                                            968}]
=== *** FAILED {metrics_c2s_SUITE,init_per_group} ***
=== 
=case          metrics_c2s_SUITE:stanza_count
=group_props   [{name,"count"}]
=started       2016-03-30 06:50:35
=result        auto_skipped: init_per_group failed
=== *** Skipping test case #12 {metrics_c2s_SUITE,stanza_count} ***
=== 
=case          metrics_c2s_SUITE:end_per_group
=group_props   [{name,"count"}]
=started       2016-03-30 06:50:35
=result        auto_skipped: init_per_group failed
=== *** Skipping {metrics_c2s_SUITE,end_per_group} ***
=case          metrics_c2s_SUITE:end_per_suite
=logfile       metrics_c2s_suite.end_per_suite.html
=started       2016-03-30 06:50:35
=ended         2016-03-30 06:50:35
=result        ok
=elapsed       0.032761
=group_time    2.790s
=== TEST COMPLETE, 0 ok, 0 failed, 12 skipped of 12 test cases

=finished      2016-03-30 06:50:35
=failed        0
=successful    0
=user_skipped  0
=auto_skipped  12
