=== Suite started at 2016-03-17 14:38:25
=== Starting test, 2 test cases
=cases         2
=user          travis
=host          testing-gce-1c5ca78e-b4cb-4cd9-bf8b-76d7897874a7
=hosts         testing-gce-1c5ca78e-b4cb-4cd9-bf8b-76d7897874a7 
=emulator_vsn  6.4
=emulator      beam
=otp_release   17
=started       2016-03-17 14:38:25
=case          cluster_commands_SUITE:init_per_suite
=logfile       cluster_commands_suite.init_per_suite.html
=started       2016-03-17 14:38:25
=ended         2016-03-17 14:38:26
=result        ok
=elapsed       0.400726
=case          cluster_commands_SUITE:init_per_group
=logfile       cluster_commands_suite.init_per_group.html
=group_props   [{name,clustered}]
=started       2016-03-17 14:38:26
=ended         2016-03-17 14:38:36
=result        failed: {function_clause,
                           [{escalus_users,
                                '-create_users_via_xmpp/2-lc$^0/1-0-',
                                [{by_name,[alice,clusterguy]}],
                                [{file,"src/escalus_users.erl"},{line,99}]},
                            {escalus_users,create_users_via_xmpp,2,
                                [{file,"src/escalus_users.erl"},{line,99}]},
                            {test_server,ts_tc,3,
                                [{file,"test_server.erl"},{line,1429}]},
                            {test_server,run_test_case_eval1,6,
                                [{file,"test_server.erl"},{line,1099}]},
                            {test_server,run_test_case_eval,9,
                                [{file,"test_server.erl"},{line,968}]}]}, [{escalus_users,
                                                                            '-create_users_via_xmpp/2-lc$^0/1-0-',
                                                                            99},
                                                                           {escalus_users,
                                                                            create_users_via_xmpp,
                                                                            99},
                                                                           {test_server,
                                                                            ts_tc,
                                                                            1429},
                                                                           {test_server,
                                                                            run_test_case_eval1,
                                                                            1099},
                                                                           {test_server,
                                                                            run_test_case_eval,
                                                                            968}]
=== *** FAILED {cluster_commands_SUITE,init_per_group} ***
=== 
=case          cluster_commands_SUITE:one_to_one_message
=group_props   [{name,"clustered"}]
=started       2016-03-17 14:38:36
=result        auto_skipped: init_per_group failed
=== *** Skipping test case #1 {cluster_commands_SUITE,one_to_one_message} ***
=== 
=case          cluster_commands_SUITE:end_per_group
=group_props   [{name,"clustered"}]
=started       2016-03-17 14:38:36
=result        auto_skipped: init_per_group failed
=== *** Skipping {cluster_commands_SUITE,end_per_group} ***
=case          cluster_commands_SUITE:init_per_group
=logfile       cluster_commands_suite.init_per_group.225516.523.html
=group_props   [{name,ejabberdctl}]
=started       2016-03-17 14:38:36
=ended         2016-03-17 14:38:43
=result        failed: {{assertMatch_failed,
                            [{module,distributed_helper},
                             {line,43},
                             {expression,"Res3"},
                             {pattern,"\"Node added to cluster\" ++ _"},
                             {value,
                                 "Adding Node to cluster failed:  escript: exception error: no match of right hand side value \n                 {aborted,\n                     {already_exists,schema,ejabberd2@localhost,disc_copies}}\n"}]},
                        [{distributed_helper,'-add_node_to_cluster/1-fun-2-',
                             1,
                             [{file,"distributed_helper.erl"},{line,43}]},
                         {distributed_helper,add_node_to_cluster,1,
                             [{file,"distributed_helper.erl"},{line,43}]},
                         {cluster_commands_SUITE,init_per_group,2,
                             [{file,"cluster_commands_SUITE.erl"},{line,72}]},
                         {test_server,ts_tc,3,
                             [{file,"test_server.erl"},{line,1429}]},
                         {test_server,run_test_case_eval1,6,
                             [{file,"test_server.erl"},{line,1099}]},
                         {test_server,run_test_case_eval,9,
                             [{file,"test_server.erl"},{line,968}]}]}, [{distributed_helper,
                                                                         '-add_node_to_cluster/1-fun-2-',
                                                                         43},
                                                                        {distributed_helper,
                                                                         add_node_to_cluster,
                                                                         43},
                                                                        {cluster_commands_SUITE,
                                                                         init_per_group,
                                                                         72},
                                                                        {test_server,
                                                                         ts_tc,
                                                                         1429},
                                                                        {test_server,
                                                                         run_test_case_eval1,
                                                                         1099},
                                                                        {test_server,
                                                                         run_test_case_eval,
                                                                         968}]
=== *** FAILED {cluster_commands_SUITE,init_per_group} ***
=== 
=case          cluster_commands_SUITE:set_master_test
=group_props   [{name,"ejabberdctl"}]
=started       2016-03-17 14:38:43
=result        auto_skipped: init_per_group failed
=== *** Skipping test case #2 {cluster_commands_SUITE,set_master_test} ***
=== 
=case          cluster_commands_SUITE:end_per_group
=group_props   [{name,"ejabberdctl"}]
=started       2016-03-17 14:38:43
=result        auto_skipped: init_per_group failed
=== *** Skipping {cluster_commands_SUITE,end_per_group} ***
=case          cluster_commands_SUITE:end_per_suite
=logfile       cluster_commands_suite.end_per_suite.html
=started       2016-03-17 14:38:43
=ended         2016-03-17 14:38:43
=result        failed: {{badmatch,{badrpc,nodedown}},
                        [{ejabberd_node_utils,restore_config_file,2,
                             [{file,"ejabberd_node_utils.erl"},{line,92}]},
                         {cluster_commands_SUITE,end_per_suite,1,
                             [{file,"cluster_commands_SUITE.erl"},{line,66}]},
                         {test_server,ts_tc,3,
                             [{file,"test_server.erl"},{line,1429}]},
                         {test_server,run_test_case_eval1,6,
                             [{file,"test_server.erl"},{line,1099}]},
                         {test_server,run_test_case_eval,9,
                             [{file,"test_server.erl"},{line,968}]}]}, [{ejabberd_node_utils,
                                                                         restore_config_file,
                                                                         92},
                                                                        {cluster_commands_SUITE,
                                                                         end_per_suite,
                                                                         66},
                                                                        {test_server,
                                                                         ts_tc,
                                                                         1429},
                                                                        {test_server,
                                                                         run_test_case_eval1,
                                                                         1099},
                                                                        {test_server,
                                                                         run_test_case_eval,
                                                                         968}]
=== *** FAILED {cluster_commands_SUITE,end_per_suite} ***
=group_time    18.080s
=== TEST COMPLETE, 0 ok, 0 failed, 2 skipped of 2 test cases

=finished      2016-03-17 14:38:43
=failed        0
=successful    0
=user_skipped  0
=auto_skipped  2
