=== Suite started at 2016-04-11 21:17:32
=== Starting test, 203 test cases
=cases         203
=user          travis
=host          testing-gce-2c28cbe8-7d5c-4753-af56-8f29e8f310b6
=hosts         testing-gce-2c28cbe8-7d5c-4753-af56-8f29e8f310b6 
=emulator_vsn  6.4
=emulator      beam
=otp_release   17
=started       2016-04-11 21:17:32
=case          mam_SUITE:init_per_suite
=logfile       mam_suite.init_per_suite.html
=started       2016-04-11 21:17:33
=ended         2016-04-11 21:17:33
=result        ok
=elapsed       0.062008
=case          mam_SUITE:init_per_group
=logfile       mam_suite.init_per_group.html
=group_props   [{name,riak_timed_yz_buckets_mam}]
=started       2016-04-11 21:17:33
=ended         2016-04-11 21:17:33
=result        ok
=elapsed       0.134421
=case          mam_SUITE:mam_service_discovery
=logfile       mam_suite.mam_service_discovery.html
=started       2016-04-11 21:17:33
=ended         2016-04-11 21:17:33
=result        ok
=elapsed       0.223795
=case          mam_SUITE:simple_archive_request
=logfile       mam_suite.simple_archive_request.html
=started       2016-04-11 21:17:33
=ended         2016-04-11 21:17:36
=result        failed: {test_case_failed,"Unexpected error IQ."}, [{mam_SUITE,
                                                                    wait_archive_respond_v02,
                                                                    1119},
                                                                   {mam_SUITE,
                                                                    wait_archive_respond_nofin,
                                                                    1108},
                                                                   {mam_SUITE,
                                                                    '-simple_archive_request/1-fun-0-',
                                                                    922},
                                                                   {escalus_story,
                                                                    story,40},
                                                                   {test_server,
                                                                    ts_tc,
                                                                    1429},
                                                                   {test_server,
                                                                    run_test_case_eval1,
                                                                    1026},
                                                                   {test_server,
                                                                    run_test_case_eval,
                                                                    968}]
=== *** FAILED test case 2 of 203 ***
=case          mam_SUITE:range_archive_request
=logfile       mam_suite.range_archive_request.html
=started       2016-04-11 21:17:36
=ended         2016-04-11 21:17:36
=result        failed: {{assertion_failed,assert,is_iq_result,
                         {xmlel,<<"iq">>,
                          [{<<"from">>,<<"alicE@localhost">>},
                           {<<"to">>,<<"alicE@localhost/res1">>},
                           {<<"id">>,<<"37819202e1ad268ac62e3c5a109e2d30">>},
                           {<<"type">>,<<"error">>}],
                          [{xmlel,<<"error">>,
                            [{<<"code">>,<<"500">>},{<<"type">>,<<"wait">>}],
                            [{xmlel,<<"internal-server-error">>,
                              [{<<"xmlns">>,
                                <<"urn:ietf:params:xml:ns:xmpp-stanzas">>}],
                              []}]}]},
                         "<iq from='alicE@localhost' to='alicE@localhost/res1' id='37819202e1ad268ac62e3c5a109e2d30' type='error'><error code='500' type='wait'><internal-server-error xmlns='urn:ietf:params:xml:ns:xmpp-stanzas'/></error></iq>"},
                        [{escalus_new_assert,assert_true,2,
                          [{file,"src/escalus_new_assert.erl"},{line,84}]},
                         {mam_SUITE,'-range_archive_request/1-fun-0-',2,
                          [{file,"mam_SUITE.erl"},{line,1657}]},
                         {escalus_story,story,3,
                          [{file,"src/escalus_story.erl"},{line,40}]},
                         {test_server,ts_tc,3,
                          [{file,"test_server.erl"},{line,1429}]},
                         {test_server,run_test_case_eval1,6,
                          [{file,"test_server.erl"},{line,1026}]},
                         {test_server,run_test_case_eval,9,
                          [{file,"test_server.erl"},{line,968}]}]}, [{escalus_new_assert,
                                                                      assert_true,
                                                                      84},
                                                                     {mam_SUITE,
                                                                      '-range_archive_request/1-fun-0-',
                                                                      1657},
                                                                     {escalus_story,
                                                                      story,
                                                                      40},
                                                                     {test_server,
                                                                      ts_tc,
                                                                      1429},
                                                                     {test_server,
                                                                      run_test_case_eval1,
                                                                      1026},
                                                                     {test_server,
                                                                      run_test_case_eval,
                                                                      968}]
=== *** FAILED test case 3 of 203 ***
=case          mam_SUITE:range_archive_request_not_empty
=logfile       mam_suite.range_archive_request_not_empty.html
=started       2016-04-11 21:17:36
=ended         2016-04-11 21:17:40
=result        failed: {test_case_failed,"Unexpected error IQ."}, [{mam_SUITE,
                                                                    wait_archive_respond_v02,
                                                                    1119},
                                                                   {mam_SUITE,
                                                                    wait_archive_respond_nofin,
                                                                    1108},
                                                                   {mam_SUITE,
                                                                    '-range_archive_request_not_empty/1-fun-0-',
                                                                    1682},
                                                                   {escalus_story,
                                                                    story,40},
                                                                   {test_server,
                                                                    ts_tc,
                                                                    1429},
                                                                   {test_server,
                                                                    run_test_case_eval1,
                                                                    1026},
                                                                   {test_server,
                                                                    run_test_case_eval,
                                                                    968}]
=== *** FAILED test case 4 of 203 ***
=case          mam_SUITE:limit_archive_request
=logfile       mam_suite.limit_archive_request.html
=started       2016-04-11 21:17:40
=ended         2016-04-11 21:17:40
=result        failed: {test_case_failed,"Unexpected error IQ."}, [{mam_SUITE,
                                                                    wait_archive_respond_v02,
                                                                    1119},
                                                                   {mam_SUITE,
                                                                    wait_archive_respond_nofin,
                                                                    1108},
                                                                   {mam_SUITE,
                                                                    '-limit_archive_request/1-fun-0-',
                                                                    1715},
                                                                   {escalus_story,
                                                                    story,40},
                                                                   {test_server,
                                                                    ts_tc,
                                                                    1429},
                                                                   {test_server,
                                                                    run_test_case_eval1,
                                                                    1026},
                                                                   {test_server,
                                                                    run_test_case_eval,
                                                                    968}]
=== *** FAILED test case 5 of 203 ***
=case          mam_SUITE:end_per_group
=logfile       mam_suite.end_per_group.html
=group_props   [{name,riak_timed_yz_buckets_mam}]
=started       2016-04-11 21:17:40
=ended         2016-04-11 21:17:40
=result        ok
=elapsed       0.081217
=group_time    7.318s
=case          mam_SUITE:init_per_group
=logfile       mam_suite.init_per_group.409460.697.html
=group_props   [{name,riak_timed_yz_buckets_mam03}]
=started       2016-04-11 21:17:40
=ended         2016-04-11 21:17:40
=result        ok
=elapsed       0.114422
=case          mam_SUITE:mam_service_discovery
=logfile       mam_suite.mam_service_discovery.409460.839.html
=started       2016-04-11 21:17:40
=ended         2016-04-11 21:17:41
=result        ok
=elapsed       0.213764
=case          mam_SUITE:simple_archive_request
=logfile       mam_suite.simple_archive_request.409461.84.html
=started       2016-04-11 21:17:41
=ended         2016-04-11 21:17:44
=result        failed: {test_case_failed,"Unexpected error IQ."}, [{mam_SUITE,
                                                                    wait_archive_respond_v03,
                                                                    1133},
                                                                   {mam_SUITE,
                                                                    wait_archive_respond_fin,
                                                                    1099},
                                                                   {mam_SUITE,
                                                                    '-simple_archive_request/1-fun-0-',
                                                                    922},
                                                                   {escalus_story,
                                                                    story,40},
                                                                   {test_server,
                                                                    ts_tc,
                                                                    1429},
                                                                   {test_server,
                                                                    run_test_case_eval1,
                                                                    1026},
                                                                   {test_server,
                                                                    run_test_case_eval,
                                                                    968}]
=== *** FAILED test case 7 of 203 ***
=case          mam_SUITE:range_archive_request
=logfile       mam_suite.range_archive_request.409464.41.html
=started       2016-04-11 21:17:44
=ended         2016-04-11 21:17:44
=result        failed: {{assertion_failed,assert,is_iq_result,
                         {xmlel,<<"iq">>,
                          [{<<"from">>,<<"alicE@localhost">>},
                           {<<"to">>,<<"alicE@localhost/res1">>},
                           {<<"id">>,<<"aba7eff7ba59b1637d9a3f6719f3c2a6">>},
                           {<<"type">>,<<"error">>}],
                          [{xmlel,<<"error">>,
                            [{<<"code">>,<<"500">>},{<<"type">>,<<"wait">>}],
                            [{xmlel,<<"internal-server-error">>,
                              [{<<"xmlns">>,
                                <<"urn:ietf:params:xml:ns:xmpp-stanzas">>}],
                              []}]}]},
                         "<iq from='alicE@localhost' to='alicE@localhost/res1' id='aba7eff7ba59b1637d9a3f6719f3c2a6' type='error'><error code='500' type='wait'><internal-server-error xmlns='urn:ietf:params:xml:ns:xmpp-stanzas'/></error></iq>"},
                        [{escalus_new_assert,assert_true,2,
                          [{file,"src/escalus_new_assert.erl"},{line,84}]},
                         {mam_SUITE,'-range_archive_request/1-fun-0-',2,
                          [{file,"mam_SUITE.erl"},{line,1657}]},
                         {escalus_story,story,3,
                          [{file,"src/escalus_story.erl"},{line,40}]},
                         {test_server,ts_tc,3,
                          [{file,"test_server.erl"},{line,1429}]},
                         {test_server,run_test_case_eval1,6,
                          [{file,"test_server.erl"},{line,1026}]},
                         {test_server,run_test_case_eval,9,
                          [{file,"test_server.erl"},{line,968}]}]}, [{escalus_new_assert,
                                                                      assert_true,
                                                                      84},
                                                                     {mam_SUITE,
                                                                      '-range_archive_request/1-fun-0-',
                                                                      1657},
                                                                     {escalus_story,
                                                                      story,
                                                                      40},
                                                                     {test_server,
                                                                      ts_tc,
                                                                      1429},
                                                                     {test_server,
                                                                      run_test_case_eval1,
                                                                      1026},
                                                                     {test_server,
                                                                      run_test_case_eval,
                                                                      968}]
=== *** FAILED test case 8 of 203 ***
=case          mam_SUITE:range_archive_request_not_empty
=logfile       mam_suite.range_archive_request_not_empty.409464.288.html
=started       2016-04-11 21:17:44
=ended         2016-04-11 21:17:47
=result        failed: {test_case_failed,"Unexpected error IQ."}, [{mam_SUITE,
                                                                    wait_archive_respond_v03,
                                                                    1133},
                                                                   {mam_SUITE,
                                                                    wait_archive_respond_fin,
                                                                    1099},
                                                                   {mam_SUITE,
                                                                    '-range_archive_request_not_empty/1-fun-0-',
                                                                    1682},
                                                                   {escalus_story,
                                                                    story,40},
                                                                   {test_server,
                                                                    ts_tc,
                                                                    1429},
                                                                   {test_server,
                                                                    run_test_case_eval1,
                                                                    1026},
                                                                   {test_server,
                                                                    run_test_case_eval,
                                                                    968}]
=== *** FAILED test case 9 of 203 ***
=case          mam_SUITE:limit_archive_request
=logfile       mam_suite.limit_archive_request.409467.749.html
=started       2016-04-11 21:17:47
=ended         2016-04-11 21:17:47
=result        failed: {test_case_failed,"Unexpected error IQ."}, [{mam_SUITE,
                                                                    wait_archive_respond_v03,
                                                                    1133},
                                                                   {mam_SUITE,
                                                                    wait_archive_respond_fin,
                                                                    1099},
                                                                   {mam_SUITE,
                                                                    '-limit_archive_request/1-fun-0-',
                                                                    1715},
                                                                   {escalus_story,
                                                                    story,40},
                                                                   {test_server,
                                                                    ts_tc,
                                                                    1429},
                                                                   {test_server,
                                                                    run_test_case_eval1,
                                                                    1026},
                                                                   {test_server,
                                                                    run_test_case_eval,
                                                                    968}]
=== *** FAILED test case 10 of 203 ***
=case          mam_SUITE:end_per_group
=logfile       mam_suite.end_per_group.409468.3.html
=group_props   [{name,riak_timed_yz_buckets_mam03}]
=started       2016-04-11 21:17:47
=ended         2016-04-11 21:17:48
=result        ok
=elapsed       0.069794
=group_time    7.306s
=case          mam_SUITE:init_per_group
=logfile       mam_suite.init_per_group.409468.104.html
=group_props   [{name,riak_timed_yz_buckets_mam04}]
=started       2016-04-11 21:17:48
=ended         2016-04-11 21:17:48
=result        ok
=elapsed       0.181942
=case          mam_SUITE:mam_service_discovery
=logfile       mam_suite.mam_service_discovery.409468.311.html
=started       2016-04-11 21:17:48
=ended         2016-04-11 21:17:48
=result        ok
=elapsed       0.218921
=case          mam_SUITE:simple_archive_request
=logfile       mam_suite.simple_archive_request.409468.559.html
=started       2016-04-11 21:17:48
=ended         2016-04-11 21:17:51
=result        failed: {test_case_failed,"Unexpected error IQ."}, [{mam_SUITE,
                                                                    wait_archive_respond_v02,
                                                                    1119},
                                                                   {mam_SUITE,
                                                                    wait_archive_respond_nofin,
                                                                    1108},
                                                                   {mam_SUITE,
                                                                    '-simple_archive_request/1-fun-0-',
                                                                    922},
                                                                   {escalus_story,
                                                                    story,40},
                                                                   {test_server,
                                                                    ts_tc,
                                                                    1429},
                                                                   {test_server,
                                                                    run_test_case_eval1,
                                                                    1026},
                                                                   {test_server,
                                                                    run_test_case_eval,
                                                                    968}]
=== *** FAILED test case 12 of 203 ***
=case          mam_SUITE:range_archive_request
=logfile       mam_suite.range_archive_request.409471.533.html
=started       2016-04-11 21:17:51
=ended         2016-04-11 21:17:51
=result        failed: {{assertion_failed,assert,is_iq_result,
                         {xmlel,<<"iq">>,
                          [{<<"from">>,<<"alicE@localhost">>},
                           {<<"to">>,<<"alicE@localhost/res1">>},
                           {<<"id">>,<<"26466cf10207ef90670e5e77360b487d">>},
                           {<<"type">>,<<"error">>}],
                          [{xmlel,<<"error">>,
                            [{<<"code">>,<<"500">>},{<<"type">>,<<"wait">>}],
                            [{xmlel,<<"internal-server-error">>,
                              [{<<"xmlns">>,
                                <<"urn:ietf:params:xml:ns:xmpp-stanzas">>}],
                              []}]}]},
                         "<iq from='alicE@localhost' to='alicE@localhost/res1' id='26466cf10207ef90670e5e77360b487d' type='error'><error code='500' type='wait'><internal-server-error xmlns='urn:ietf:params:xml:ns:xmpp-stanzas'/></error></iq>"},
                        [{escalus_new_assert,assert_true,2,
                          [{file,"src/escalus_new_assert.erl"},{line,84}]},
                         {mam_SUITE,'-range_archive_request/1-fun-0-',2,
                          [{file,"mam_SUITE.erl"},{line,1657}]},
                         {escalus_story,story,3,
                          [{file,"src/escalus_story.erl"},{line,40}]},
                         {test_server,ts_tc,3,
                          [{file,"test_server.erl"},{line,1429}]},
                         {test_server,run_test_case_eval1,6,
                          [{file,"test_server.erl"},{line,1026}]},
                         {test_server,run_test_case_eval,9,
                          [{file,"test_server.erl"},{line,968}]}]}, [{escalus_new_assert,
                                                                      assert_true,
                                                                      84},
                                                                     {mam_SUITE,
                                                                      '-range_archive_request/1-fun-0-',
                                                                      1657},
                                                                     {escalus_story,
                                                                      story,
                                                                      40},
                                                                     {test_server,
                                                                      ts_tc,
                                                                      1429},
                                                                     {test_server,
                                                                      run_test_case_eval1,
                                                                      1026},
                                                                     {test_server,
                                                                      run_test_case_eval,
                                                                      968}]
=== *** FAILED test case 13 of 203 ***
=case          mam_SUITE:range_archive_request_not_empty
=logfile       mam_suite.range_archive_request_not_empty.409471.784.html
=started       2016-04-11 21:17:51
=ended         2016-04-11 21:17:55
=result        failed: {test_case_failed,"Unexpected error IQ."}, [{mam_SUITE,
                                                                    wait_archive_respond_v02,
                                                                    1119},
                                                                   {mam_SUITE,
                                                                    wait_archive_respond_nofin,
                                                                    1108},
                                                                   {mam_SUITE,
                                                                    '-range_archive_request_not_empty/1-fun-0-',
                                                                    1682},
                                                                   {escalus_story,
                                                                    story,40},
                                                                   {test_server,
                                                                    ts_tc,
                                                                    1429},
                                                                   {test_server,
                                                                    run_test_case_eval1,
                                                                    1026},
                                                                   {test_server,
                                                                    run_test_case_eval,
                                                                    968}]
=== *** FAILED test case 14 of 203 ***
=case          mam_SUITE:limit_archive_request
=logfile       mam_suite.limit_archive_request.409475.263.html
=started       2016-04-11 21:17:55
=ended         2016-04-11 21:17:55
=result        failed: {test_case_failed,"Unexpected error IQ."}, [{mam_SUITE,
                                                                    wait_archive_respond_v02,
                                                                    1119},
                                                                   {mam_SUITE,
                                                                    wait_archive_respond_nofin,
                                                                    1108},
                                                                   {mam_SUITE,
                                                                    '-limit_archive_request/1-fun-0-',
                                                                    1715},
                                                                   {escalus_story,
                                                                    story,40},
                                                                   {test_server,
                                                                    ts_tc,
                                                                    1429},
                                                                   {test_server,
                                                                    run_test_case_eval1,
                                                                    1026},
                                                                   {test_server,
                                                                    run_test_case_eval,
                                                                    968}]
=== *** FAILED test case 15 of 203 ***
=case          mam_SUITE:end_per_group
=logfile       mam_suite.end_per_group.409475.522.html
=group_props   [{name,riak_timed_yz_buckets_mam04}]
=started       2016-04-11 21:17:55
=ended         2016-04-11 21:17:55
=result        ok
=elapsed       0.072259
=group_time    7.418s
=case          mam_SUITE:init_per_group
=logfile       mam_suite.init_per_group.409475.623.html
=group_props   [{name,riak_timed_yz_buckets_mam_purge}]
=started       2016-04-11 21:17:55
=ended         2016-04-11 21:17:55
=result        ok
=elapsed       0.17887
=case          mam_SUITE:purge_single_message
=logfile       mam_suite.purge_single_message.html
=started       2016-04-11 21:17:55
=ended         2016-04-11 21:17:58
=result        failed: {test_case_failed,"Unexpected error IQ."}, [{mam_SUITE,
                                                                    wait_archive_respond_v02,
                                                                    1119},
                                                                   {mam_SUITE,
                                                                    wait_archive_respond_nofin,
                                                                    1108},
                                                                   {mam_SUITE,
                                                                    '-purge_single_message/1-fun-0-',
                                                                    1249},
                                                                   {escalus_story,
                                                                    story,40},
                                                                   {test_server,
                                                                    ts_tc,
                                                                    1429},
                                                                   {test_server,
                                                                    run_test_case_eval1,
                                                                    1026},
                                                                   {test_server,
                                                                    run_test_case_eval,
                                                                    968}]
=== *** FAILED test case 16 of 203 ***
=case          mam_SUITE:purge_multiple_messages
=logfile       mam_suite.purge_multiple_messages.html
=started       2016-04-11 21:17:58
=ended         2016-04-11 21:18:01
=result        failed: {test_case_failed,"Unexpected error IQ."}, [{mam_SUITE,
                                                                    wait_archive_respond_v02,
                                                                    1119},
                                                                   {mam_SUITE,
                                                                    wait_archive_respond_nofin,
                                                                    1108},
                                                                   {mam_SUITE,
                                                                    '-purge_multiple_messages/1-fun-0-',
                                                                    1300},
                                                                   {escalus_story,
                                                                    story,40},
                                                                   {test_server,
                                                                    ts_tc,
                                                                    1429},
                                                                   {test_server,
                                                                    run_test_case_eval1,
                                                                    1026},
                                                                   {test_server,
                                                                    run_test_case_eval,
                                                                    968}]
=== *** FAILED test case 17 of 203 ***
=case          mam_SUITE:end_per_group
=logfile       mam_suite.end_per_group.409481.969.html
=group_props   [{name,riak_timed_yz_buckets_mam_purge}]
=started       2016-04-11 21:18:01
=ended         2016-04-11 21:18:02
=result        ok
=elapsed       0.071839
=group_time    6.345s
=case          mam_SUITE:init_per_group
=logfile       mam_suite.init_per_group.409482.71.html
=group_props   [{name,riak_timed_yz_buckets_muc}]
=started       2016-04-11 21:18:02
=ended         2016-04-11 21:18:02
=result        ok
=elapsed       0.104588
=case          mam_SUITE:muc_service_discovery
=logfile       mam_suite.muc_service_discovery.html
=started       2016-04-11 21:18:02
=ended         2016-04-11 21:18:02
=result        ok
=elapsed       0.216599
=case          mam_SUITE:muc_archive_request
=logfile       mam_suite.muc_archive_request.html
=started       2016-04-11 21:18:02
=ended         2016-04-11 21:18:02
=result        failed: {function_clause,
                           [{exml_query,attr,
                                [undefined,<<"by">>,undefined],
                                [{file,"src/exml_query.erl"},{line,83}]},
                            {mam_SUITE,'-muc_archive_request/1-fun-0-',4,
                                [{file,"mam_SUITE.erl"},{line,1335}]},
                            {escalus_story,story,3,
                                [{file,"src/escalus_story.erl"},{line,40}]},
                            {test_server,ts_tc,3,
                                [{file,"test_server.erl"},{line,1429}]},
                            {test_server,run_test_case_eval1,6,
                                [{file,"test_server.erl"},{line,1026}]},
                            {test_server,run_test_case_eval,9,
                                [{file,"test_server.erl"},{line,968}]}]}, [{exml_query,
                                                                            attr,
                                                                            83},
                                                                           {mam_SUITE,
                                                                            '-muc_archive_request/1-fun-0-',
                                                                            1335},
                                                                           {escalus_story,
                                                                            story,
                                                                            40},
                                                                           {test_server,
                                                                            ts_tc,
                                                                            1429},
                                                                           {test_server,
                                                                            run_test_case_eval1,
                                                                            1026},
                                                                           {test_server,
                                                                            run_test_case_eval,
                                                                            968}]
=== *** FAILED test case 19 of 203 ***
=case          mam_SUITE:muc_archive_purge
=logfile       mam_suite.muc_archive_purge.html
=started       2016-04-11 21:18:02
=ended         2016-04-11 21:18:06
=result        ok
=elapsed       3.957533
=case          mam_SUITE:muc_multiple_devices
=logfile       mam_suite.muc_multiple_devices.html
=started       2016-04-11 21:18:06
=ended         2016-04-11 21:18:07
=result        failed: {function_clause,
                           [{exml_query,attr,
                                [undefined,<<"by">>,undefined],
                                [{file,"src/exml_query.erl"},{line,83}]},
                            {mam_SUITE,'-muc_multiple_devices/1-fun-0-',5,
                                [{file,"mam_SUITE.erl"},{line,1441}]},
                            {escalus_story,story,3,
                                [{file,"src/escalus_story.erl"},{line,40}]},
                            {test_server,ts_tc,3,
                                [{file,"test_server.erl"},{line,1429}]},
                            {test_server,run_test_case_eval1,6,
                                [{file,"test_server.erl"},{line,1026}]},
                            {test_server,run_test_case_eval,9,
                                [{file,"test_server.erl"},{line,968}]}]}, [{exml_query,
                                                                            attr,
                                                                            83},
                                                                           {mam_SUITE,
                                                                            '-muc_multiple_devices/1-fun-0-',
                                                                            1441},
                                                                           {escalus_story,
                                                                            story,
                                                                            40},
                                                                           {test_server,
                                                                            ts_tc,
                                                                            1429},
                                                                           {test_server,
                                                                            run_test_case_eval1,
                                                                            1026},
                                                                           {test_server,
                                                                            run_test_case_eval,
                                                                            968}]
=== *** FAILED test case 21 of 203 ***
=case          mam_SUITE:muc_protected_message
=logfile       mam_suite.muc_protected_message.html
=started       2016-04-11 21:18:07
=ended         2016-04-11 21:18:08
=result        failed: {test_case_failed,"Unexpected error IQ."}, [{mam_SUITE,
                                                                    wait_archive_respond_v02,
                                                                    1119},
                                                                   {mam_SUITE,
                                                                    wait_archive_respond_nofin,
                                                                    1108},
                                                                   {mam_SUITE,
                                                                    '-muc_protected_message/1-fun-0-',
                                                                    1494},
                                                                   {escalus_story,
                                                                    story,40},
                                                                   {test_server,
                                                                    ts_tc,
                                                                    1429},
                                                                   {test_server,
                                                                    run_test_case_eval1,
                                                                    1026},
                                                                   {test_server,
                                                                    run_test_case_eval,
                                                                    968}]
=== *** FAILED test case 22 of 203 ***
=case          mam_SUITE:muc_deny_protected_room_access
=logfile       mam_suite.muc_deny_protected_room_access.html
=started       2016-04-11 21:18:08
=ended         2016-04-11 21:18:08
=result        ok
=elapsed       0.433841
=case          mam_SUITE:muc_allow_access_to_owner
=logfile       mam_suite.muc_allow_access_to_owner.html
=started       2016-04-11 21:18:08
=ended         2016-04-11 21:18:09
=result        failed: {test_case_failed,"Unexpected error IQ."}, [{mam_SUITE,
                                                                    wait_archive_respond_v02,
                                                                    1119},
                                                                   {mam_SUITE,
                                                                    wait_archive_respond_nofin,
                                                                    1108},
                                                                   {mam_SUITE,
                                                                    '-muc_allow_access_to_owner/1-fun-0-',
                                                                    1534},
                                                                   {escalus_story,
                                                                    story,40},
                                                                   {test_server,
                                                                    ts_tc,
                                                                    1429},
                                                                   {test_server,
                                                                    run_test_case_eval1,
                                                                    1026},
                                                                   {test_server,
                                                                    run_test_case_eval,
                                                                    968}]
=== *** FAILED test case 24 of 203 ***
=case          mam_SUITE:muc_delete_x_user_in_anon_rooms
=logfile       mam_suite.muc_delete_x_user_in_anon_rooms.html
=started       2016-04-11 21:18:09
=ended         2016-04-11 21:18:12
=result        failed: {test_case_failed,"Unexpected error IQ."}, [{mam_SUITE,
                                                                    wait_archive_respond_v02,
                                                                    1119},
                                                                   {mam_SUITE,
                                                                    wait_archive_respond_nofin,
                                                                    1108},
                                                                   {mam_SUITE,
                                                                    '-muc_delete_x_user_in_anon_rooms/1-fun-0-',
                                                                    1566},
                                                                   {escalus_story,
                                                                    story,40},
                                                                   {test_server,
                                                                    ts_tc,
                                                                    1429},
                                                                   {test_server,
                                                                    run_test_case_eval1,
                                                                    1026},
                                                                   {test_server,
                                                                    run_test_case_eval,
                                                                    968}]
=== *** FAILED test case 25 of 203 ***
=case          mam_SUITE:muc_show_x_user_to_moderators_in_anon_rooms
=logfile       mam_suite.muc_show_x_user_to_moderators_in_anon_rooms.html
=started       2016-04-11 21:18:12
=ended         2016-04-11 21:18:15
=result        failed: {test_case_failed,"Unexpected error IQ."}, [{mam_SUITE,
                                                                    wait_archive_respond_v02,
                                                                    1119},
                                                                   {mam_SUITE,
                                                                    wait_archive_respond_nofin,
                                                                    1108},
                                                                   {mam_SUITE,
                                                                    '-muc_show_x_user_to_moderators_in_anon_rooms/1-fun-0-',
                                                                    1601},
                                                                   {escalus_story,
                                                                    story,40},
                                                                   {test_server,
                                                                    ts_tc,
                                                                    1429},
                                                                   {test_server,
                                                                    run_test_case_eval1,
                                                                    1026},
                                                                   {test_server,
                                                                    run_test_case_eval,
                                                                    968}]
=== *** FAILED test case 26 of 203 ***
=case          mam_SUITE:muc_show_x_user_for_your_own_messages_in_anon_rooms
=logfile       mam_suite.muc_show_x_user_for_your_own_messages_in_anon_rooms.html
=started       2016-04-11 21:18:15
=ended         2016-04-11 21:18:18
=result        failed: {test_case_failed,"Unexpected error IQ."}, [{mam_SUITE,
                                                                    wait_archive_respond_v02,
                                                                    1119},
                                                                   {mam_SUITE,
                                                                    wait_archive_respond_nofin,
                                                                    1108},
                                                                   {mam_SUITE,
                                                                    '-muc_show_x_user_for_your_own_messages_in_anon_rooms/1-fun-0-',
                                                                    1636},
                                                                   {escalus_story,
                                                                    story,40},
                                                                   {test_server,
                                                                    ts_tc,
                                                                    1429},
                                                                   {test_server,
                                                                    run_test_case_eval1,
                                                                    1026},
                                                                   {test_server,
                                                                    run_test_case_eval,
                                                                    968}]
=== *** FAILED test case 27 of 203 ***
=case          mam_SUITE:muc_querying_for_all_messages
=logfile       mam_suite.muc_querying_for_all_messages.html
=started       2016-04-11 21:18:18
=ended         2016-04-11 21:18:23
=result        failed: {test_case_failed,"Unexpected error IQ."}, [{mam_SUITE,
                                                                    wait_archive_respond_v02,
                                                                    1119},
                                                                   {mam_SUITE,
                                                                    wait_archive_respond_nofin,
                                                                    1108},
                                                                   {mam_SUITE,
                                                                    '-muc_querying_for_all_messages/1-fun-0-',
                                                                    959},
                                                                   {escalus_story,
                                                                    story,40},
                                                                   {test_server,
                                                                    ts_tc,
                                                                    1429},
                                                                   {test_server,
                                                                    run_test_case_eval1,
                                                                    1026},
                                                                   {test_server,
                                                                    run_test_case_eval,
                                                                    968}]
=== *** FAILED test case 28 of 203 ***
=case          mam_SUITE:muc_querying_for_all_messages_with_jid
=logfile       mam_suite.muc_querying_for_all_messages_with_jid.html
=started       2016-04-11 21:18:23
=ended         2016-04-11 21:18:26
=result        failed: {test_case_failed,"Unexpected error IQ."}, [{mam_SUITE,
                                                                    wait_archive_respond_v02,
                                                                    1119},
                                                                   {mam_SUITE,
                                                                    wait_archive_respond_nofin,
                                                                    1108},
                                                                   {mam_SUITE,
                                                                    '-muc_querying_for_all_messages_with_jid/1-fun-0-',
                                                                    977},
                                                                   {escalus_story,
                                                                    story,40},
                                                                   {test_server,
                                                                    ts_tc,
                                                                    1429},
                                                                   {test_server,
                                                                    run_test_case_eval1,
                                                                    1026},
                                                                   {test_server,
                                                                    run_test_case_eval,
                                                                    968}]
=== *** FAILED test case 29 of 203 ***
=case          mam_SUITE:end_per_group
=logfile       mam_suite.end_per_group.409506.384.html
=group_props   [{name,riak_timed_yz_buckets_muc}]
=started       2016-04-11 21:18:26
=ended         2016-04-11 21:18:26
=result        ok
=elapsed       0.068311
=group_time    24.313s
=case          mam_SUITE:init_per_group
=logfile       mam_suite.init_per_group.409506.483.html
=group_props   [{name,riak_timed_yz_buckets_muc03}]
=started       2016-04-11 21:18:26
=ended         2016-04-11 21:18:26
=result        ok
=elapsed       0.090234
=case          mam_SUITE:muc_service_discovery
=logfile       mam_suite.muc_service_discovery.409506.599.html
=started       2016-04-11 21:18:26
=ended         2016-04-11 21:18:26
=result        ok
=elapsed       0.213176
=case          mam_SUITE:muc_archive_request
=logfile       mam_suite.muc_archive_request.409506.838.html
=started       2016-04-11 21:18:26
=ended         2016-04-11 21:18:27
=result        failed: {function_clause,
                           [{exml_query,attr,
                                [undefined,<<"by">>,undefined],
                                [{file,"src/exml_query.erl"},{line,83}]},
                            {mam_SUITE,'-muc_archive_request/1-fun-0-',4,
                                [{file,"mam_SUITE.erl"},{line,1335}]},
                            {escalus_story,story,3,
                                [{file,"src/escalus_story.erl"},{line,40}]},
                            {test_server,ts_tc,3,
                                [{file,"test_server.erl"},{line,1429}]},
                            {test_server,run_test_case_eval1,6,
                                [{file,"test_server.erl"},{line,1026}]},
                            {test_server,run_test_case_eval,9,
                                [{file,"test_server.erl"},{line,968}]}]}, [{exml_query,
                                                                            attr,
                                                                            83},
                                                                           {mam_SUITE,
                                                                            '-muc_archive_request/1-fun-0-',
                                                                            1335},
                                                                           {escalus_story,
                                                                            story,
                                                                            40},
                                                                           {test_server,
                                                                            ts_tc,
                                                                            1429},
                                                                           {test_server,
                                                                            run_test_case_eval1,
                                                                            1026},
                                                                           {test_server,
                                                                            run_test_case_eval,
                                                                            968}]
=== *** FAILED test case 31 of 203 ***
=case          mam_SUITE:muc_archive_purge
=logfile       mam_suite.muc_archive_purge.409507.345.html
=started       2016-04-11 21:18:27
=ended         2016-04-11 21:18:31
=result        ok
=elapsed       3.946026
=case          mam_SUITE:muc_multiple_devices
=logfile       mam_suite.muc_multiple_devices.409511.323.html
=started       2016-04-11 21:18:31
=ended         2016-04-11 21:18:32
=result        failed: {function_clause,
                           [{exml_query,attr,
                                [undefined,<<"by">>,undefined],
                                [{file,"src/exml_query.erl"},{line,83}]},
                            {mam_SUITE,'-muc_multiple_devices/1-fun-0-',5,
                                [{file,"mam_SUITE.erl"},{line,1441}]},
                            {escalus_story,story,3,
                                [{file,"src/escalus_story.erl"},{line,40}]},
                            {test_server,ts_tc,3,
                                [{file,"test_server.erl"},{line,1429}]},
                            {test_server,run_test_case_eval1,6,
                                [{file,"test_server.erl"},{line,1026}]},
                            {test_server,run_test_case_eval,9,
                                [{file,"test_server.erl"},{line,968}]}]}, [{exml_query,
                                                                            attr,
                                                                            83},
                                                                           {mam_SUITE,
                                                                            '-muc_multiple_devices/1-fun-0-',
                                                                            1441},
                                                                           {escalus_story,
                                                                            story,
                                                                            40},
                                                                           {test_server,
                                                                            ts_tc,
                                                                            1429},
                                                                           {test_server,
                                                                            run_test_case_eval1,
                                                                            1026},
                                                                           {test_server,
                                                                            run_test_case_eval,
                                                                            968}]
=== *** FAILED test case 33 of 203 ***
=case          mam_SUITE:muc_protected_message
=logfile       mam_suite.muc_protected_message.409512.34.html
=started       2016-04-11 21:18:32
=ended         2016-04-11 21:18:32
=result        failed: {test_case_failed,"Unexpected error IQ."}, [{mam_SUITE,
                                                                    wait_archive_respond_v03,
                                                                    1133},
                                                                   {mam_SUITE,
                                                                    wait_archive_respond_fin,
                                                                    1099},
                                                                   {mam_SUITE,
                                                                    '-muc_protected_message/1-fun-0-',
                                                                    1494},
                                                                   {escalus_story,
                                                                    story,40},
                                                                   {test_server,
                                                                    ts_tc,
                                                                    1429},
                                                                   {test_server,
                                                                    run_test_case_eval1,
                                                                    1026},
                                                                   {test_server,
                                                                    run_test_case_eval,
                                                                    968}]
=== *** FAILED test case 34 of 203 ***
=case          mam_SUITE:muc_deny_protected_room_access
=logfile       mam_suite.muc_deny_protected_room_access.409512.524.html
=started       2016-04-11 21:18:32
=ended         2016-04-11 21:18:32
=result        ok
=elapsed       0.434517
=case          mam_SUITE:muc_allow_access_to_owner
=logfile       mam_suite.muc_allow_access_to_owner.409512.987.html
=started       2016-04-11 21:18:32
=ended         2016-04-11 21:18:33
=result        failed: {test_case_failed,"Unexpected error IQ."}, [{mam_SUITE,
                                                                    wait_archive_respond_v03,
                                                                    1133},
                                                                   {mam_SUITE,
                                                                    wait_archive_respond_fin,
                                                                    1099},
                                                                   {mam_SUITE,
                                                                    '-muc_allow_access_to_owner/1-fun-0-',
                                                                    1534},
                                                                   {escalus_story,
                                                                    story,40},
                                                                   {test_server,
                                                                    ts_tc,
                                                                    1429},
                                                                   {test_server,
                                                                    run_test_case_eval1,
                                                                    1026},
                                                                   {test_server,
                                                                    run_test_case_eval,
                                                                    968}]
=== *** FAILED test case 36 of 203 ***
=case          mam_SUITE:muc_delete_x_user_in_anon_rooms
=logfile       mam_suite.muc_delete_x_user_in_anon_rooms.409513.455.html
=started       2016-04-11 21:18:33
=ended         2016-04-11 21:18:36
=result        failed: {test_case_failed,"Unexpected error IQ."}, [{mam_SUITE,
                                                                    wait_archive_respond_v03,
                                                                    1133},
                                                                   {mam_SUITE,
                                                                    wait_archive_respond_fin,
                                                                    1099},
                                                                   {mam_SUITE,
                                                                    '-muc_delete_x_user_in_anon_rooms/1-fun-0-',
                                                                    1566},
                                                                   {escalus_story,
                                                                    story,40},
                                                                   {test_server,
                                                                    ts_tc,
                                                                    1429},
                                                                   {test_server,
                                                                    run_test_case_eval1,
                                                                    1026},
                                                                   {test_server,
                                                                    run_test_case_eval,
                                                                    968}]
=== *** FAILED test case 37 of 203 ***
=case          mam_SUITE:muc_show_x_user_to_moderators_in_anon_rooms
=logfile       mam_suite.muc_show_x_user_to_moderators_in_anon_rooms.409516.443.html
=started       2016-04-11 21:18:36
=ended         2016-04-11 21:18:39
=result        failed: {test_case_failed,"Unexpected error IQ."}, [{mam_SUITE,
                                                                    wait_archive_respond_v03,
                                                                    1133},
                                                                   {mam_SUITE,
                                                                    wait_archive_respond_fin,
                                                                    1099},
                                                                   {mam_SUITE,
                                                                    '-muc_show_x_user_to_moderators_in_anon_rooms/1-fun-0-',
                                                                    1601},
                                                                   {escalus_story,
                                                                    story,40},
                                                                   {test_server,
                                                                    ts_tc,
                                                                    1429},
                                                                   {test_server,
                                                                    run_test_case_eval1,
                                                                    1026},
                                                                   {test_server,
                                                                    run_test_case_eval,
                                                                    968}]
=== *** FAILED test case 38 of 203 ***
=case          mam_SUITE:muc_show_x_user_for_your_own_messages_in_anon_rooms
=logfile       mam_suite.muc_show_x_user_for_your_own_messages_in_anon_rooms.409519.423.html
=started       2016-04-11 21:18:39
=ended         2016-04-11 21:18:42
=result        failed: {test_case_failed,"Unexpected error IQ."}, [{mam_SUITE,
                                                                    wait_archive_respond_v03,
                                                                    1133},
                                                                   {mam_SUITE,
                                                                    wait_archive_respond_fin,
                                                                    1099},
                                                                   {mam_SUITE,
                                                                    '-muc_show_x_user_for_your_own_messages_in_anon_rooms/1-fun-0-',
                                                                    1636},
                                                                   {escalus_story,
                                                                    story,40},
                                                                   {test_server,
                                                                    ts_tc,
                                                                    1429},
                                                                   {test_server,
                                                                    run_test_case_eval1,
                                                                    1026},
                                                                   {test_server,
                                                                    run_test_case_eval,
                                                                    968}]
=== *** FAILED test case 39 of 203 ***
=case          mam_SUITE:muc_querying_for_all_messages
=logfile       mam_suite.muc_querying_for_all_messages.409522.391.html
=started       2016-04-11 21:18:42
=ended         2016-04-11 21:18:47
=result        failed: {test_case_failed,"Unexpected error IQ."}, [{mam_SUITE,
                                                                    wait_archive_respond_v03,
                                                                    1133},
                                                                   {mam_SUITE,
                                                                    wait_archive_respond_fin,
                                                                    1099},
                                                                   {mam_SUITE,
                                                                    '-muc_querying_for_all_messages/1-fun-0-',
                                                                    959},
                                                                   {escalus_story,
                                                                    story,40},
                                                                   {test_server,
                                                                    ts_tc,
                                                                    1429},
                                                                   {test_server,
                                                                    run_test_case_eval1,
                                                                    1026},
                                                                   {test_server,
                                                                    run_test_case_eval,
                                                                    968}]
=== *** FAILED test case 40 of 203 ***
=case          mam_SUITE:muc_querying_for_all_messages_with_jid
=logfile       mam_suite.muc_querying_for_all_messages_with_jid.409527.699.html
=started       2016-04-11 21:18:47
=ended         2016-04-11 21:18:50
=result        failed: {test_case_failed,"Unexpected error IQ."}, [{mam_SUITE,
                                                                    wait_archive_respond_v03,
                                                                    1133},
                                                                   {mam_SUITE,
                                                                    wait_archive_respond_fin,
                                                                    1099},
                                                                   {mam_SUITE,
                                                                    '-muc_querying_for_all_messages_with_jid/1-fun-0-',
                                                                    977},
                                                                   {escalus_story,
                                                                    story,40},
                                                                   {test_server,
                                                                    ts_tc,
                                                                    1429},
                                                                   {test_server,
                                                                    run_test_case_eval1,
                                                                    1026},
                                                                   {test_server,
                                                                    run_test_case_eval,
                                                                    968}]
=== *** FAILED test case 41 of 203 ***
=case          mam_SUITE:end_per_group
=logfile       mam_suite.end_per_group.409530.722.html
=group_props   [{name,riak_timed_yz_buckets_muc03}]
=started       2016-04-11 21:18:50
=ended         2016-04-11 21:18:50
=result        ok
=elapsed       0.079666
=group_time    24.238s
=case          mam_SUITE:init_per_group
=logfile       mam_suite.init_per_group.409530.831.html
=group_props   [{name,riak_timed_yz_buckets_muc04}]
=started       2016-04-11 21:18:50
=ended         2016-04-11 21:18:50
=result        ok
=elapsed       0.094255
=case          mam_SUITE:muc_service_discovery
=logfile       mam_suite.muc_service_discovery.409530.951.html
=started       2016-04-11 21:18:50
=ended         2016-04-11 21:18:51
=result        ok
=elapsed       0.216305
=case          mam_SUITE:muc_archive_request
=logfile       mam_suite.muc_archive_request.409531.193.html
=started       2016-04-11 21:18:51
=ended         2016-04-11 21:18:51
=result        failed: {function_clause,
                           [{exml_query,attr,
                                [undefined,<<"by">>,undefined],
                                [{file,"src/exml_query.erl"},{line,83}]},
                            {mam_SUITE,'-muc_archive_request/1-fun-0-',4,
                                [{file,"mam_SUITE.erl"},{line,1335}]},
                            {escalus_story,story,3,
                                [{file,"src/escalus_story.erl"},{line,40}]},
                            {test_server,ts_tc,3,
                                [{file,"test_server.erl"},{line,1429}]},
                            {test_server,run_test_case_eval1,6,
                                [{file,"test_server.erl"},{line,1026}]},
                            {test_server,run_test_case_eval,9,
                                [{file,"test_server.erl"},{line,968}]}]}, [{exml_query,
                                                                            attr,
                                                                            83},
                                                                           {mam_SUITE,
                                                                            '-muc_archive_request/1-fun-0-',
                                                                            1335},
                                                                           {escalus_story,
                                                                            story,
                                                                            40},
                                                                           {test_server,
                                                                            ts_tc,
                                                                            1429},
                                                                           {test_server,
                                                                            run_test_case_eval1,
                                                                            1026},
                                                                           {test_server,
                                                                            run_test_case_eval,
                                                                            968}]
=== *** FAILED test case 43 of 203 ***
=case          mam_SUITE:muc_archive_purge
=logfile       mam_suite.muc_archive_purge.409531.712.html
=started       2016-04-11 21:18:51
=ended         2016-04-11 21:18:55
=result        ok
=elapsed       3.946761
=case          mam_SUITE:muc_multiple_devices
=logfile       mam_suite.muc_multiple_devices.409535.695.html
=started       2016-04-11 21:18:55
=ended         2016-04-11 21:18:56
=result        failed: {function_clause,
                           [{exml_query,attr,
                                [undefined,<<"by">>,undefined],
                                [{file,"src/exml_query.erl"},{line,83}]},
                            {mam_SUITE,'-muc_multiple_devices/1-fun-0-',5,
                                [{file,"mam_SUITE.erl"},{line,1441}]},
                            {escalus_story,story,3,
                                [{file,"src/escalus_story.erl"},{line,40}]},
                            {test_server,ts_tc,3,
                                [{file,"test_server.erl"},{line,1429}]},
                            {test_server,run_test_case_eval1,6,
                                [{file,"test_server.erl"},{line,1026}]},
                            {test_server,run_test_case_eval,9,
                                [{file,"test_server.erl"},{line,968}]}]}, [{exml_query,
                                                                            attr,
                                                                            83},
                                                                           {mam_SUITE,
                                                                            '-muc_multiple_devices/1-fun-0-',
                                                                            1441},
                                                                           {escalus_story,
                                                                            story,
                                                                            40},
                                                                           {test_server,
                                                                            ts_tc,
                                                                            1429},
                                                                           {test_server,
                                                                            run_test_case_eval1,
                                                                            1026},
                                                                           {test_server,
                                                                            run_test_case_eval,
                                                                            968}]
=== *** FAILED test case 45 of 203 ***
=case          mam_SUITE:muc_protected_message
=logfile       mam_suite.muc_protected_message.409536.399.html
=started       2016-04-11 21:18:56
=ended         2016-04-11 21:18:56
=result        failed: {test_case_failed,"Unexpected error IQ."}, [{mam_SUITE,
                                                                    wait_archive_respond_v02,
                                                                    1119},
                                                                   {mam_SUITE,
                                                                    wait_archive_respond_nofin,
                                                                    1108},
                                                                   {mam_SUITE,
                                                                    '-muc_protected_message/1-fun-0-',
                                                                    1494},
                                                                   {escalus_story,
                                                                    story,40},
                                                                   {test_server,
                                                                    ts_tc,
                                                                    1429},
                                                                   {test_server,
                                                                    run_test_case_eval1,
                                                                    1026},
                                                                   {test_server,
                                                                    run_test_case_eval,
                                                                    968}]
=== *** FAILED test case 46 of 203 ***
=case          mam_SUITE:muc_deny_protected_room_access
=logfile       mam_suite.muc_deny_protected_room_access.409536.871.html
=started       2016-04-11 21:18:56
=ended         2016-04-11 21:18:57
=result        ok
=elapsed       0.432961
=case          mam_SUITE:muc_allow_access_to_owner
=logfile       mam_suite.muc_allow_access_to_owner.409537.333.html
=started       2016-04-11 21:18:57
=ended         2016-04-11 21:18:57
=result        failed: {test_case_failed,"Unexpected error IQ."}, [{mam_SUITE,
                                                                    wait_archive_respond_v02,
                                                                    1119},
                                                                   {mam_SUITE,
                                                                    wait_archive_respond_nofin,
                                                                    1108},
                                                                   {mam_SUITE,
                                                                    '-muc_allow_access_to_owner/1-fun-0-',
                                                                    1534},
                                                                   {escalus_story,
                                                                    story,40},
                                                                   {test_server,
                                                                    ts_tc,
                                                                    1429},
                                                                   {test_server,
                                                                    run_test_case_eval1,
                                                                    1026},
                                                                   {test_server,
                                                                    run_test_case_eval,
                                                                    968}]
=== *** FAILED test case 48 of 203 ***
=case          mam_SUITE:muc_delete_x_user_in_anon_rooms
=logfile       mam_suite.muc_delete_x_user_in_anon_rooms.409537.795.html
=started       2016-04-11 21:18:57
=ended         2016-04-11 21:19:00
=result        failed: {test_case_failed,"Unexpected error IQ."}, [{mam_SUITE,
                                                                    wait_archive_respond_v02,
                                                                    1119},
                                                                   {mam_SUITE,
                                                                    wait_archive_respond_nofin,
                                                                    1108},
                                                                   {mam_SUITE,
                                                                    '-muc_delete_x_user_in_anon_rooms/1-fun-0-',
                                                                    1566},
                                                                   {escalus_story,
                                                                    story,40},
                                                                   {test_server,
                                                                    ts_tc,
                                                                    1429},
                                                                   {test_server,
                                                                    run_test_case_eval1,
                                                                    1026},
                                                                   {test_server,
                                                                    run_test_case_eval,
                                                                    968}]
=== *** FAILED test case 49 of 203 ***
=case          mam_SUITE:muc_show_x_user_to_moderators_in_anon_rooms
=logfile       mam_suite.muc_show_x_user_to_moderators_in_anon_rooms.409540.779.html
=started       2016-04-11 21:19:00
=ended         2016-04-11 21:19:03
=result        failed: {test_case_failed,"Unexpected error IQ."}, [{mam_SUITE,
                                                                    wait_archive_respond_v02,
                                                                    1119},
                                                                   {mam_SUITE,
                                                                    wait_archive_respond_nofin,
                                                                    1108},
                                                                   {mam_SUITE,
                                                                    '-muc_show_x_user_to_moderators_in_anon_rooms/1-fun-0-',
                                                                    1601},
                                                                   {escalus_story,
                                                                    story,40},
                                                                   {test_server,
                                                                    ts_tc,
                                                                    1429},
                                                                   {test_server,
                                                                    run_test_case_eval1,
                                                                    1026},
                                                                   {test_server,
                                                                    run_test_case_eval,
                                                                    968}]
=== *** FAILED test case 50 of 203 ***
=case          mam_SUITE:muc_show_x_user_for_your_own_messages_in_anon_rooms
=logfile       mam_suite.muc_show_x_user_for_your_own_messages_in_anon_rooms.409543.758.html
=started       2016-04-11 21:19:03
=ended         2016-04-11 21:19:06
=result        failed: {test_case_failed,"Unexpected error IQ."}, [{mam_SUITE,
                                                                    wait_archive_respond_v02,
                                                                    1119},
                                                                   {mam_SUITE,
                                                                    wait_archive_respond_nofin,
                                                                    1108},
                                                                   {mam_SUITE,
                                                                    '-muc_show_x_user_for_your_own_messages_in_anon_rooms/1-fun-0-',
                                                                    1636},
                                                                   {escalus_story,
                                                                    story,40},
                                                                   {test_server,
                                                                    ts_tc,
                                                                    1429},
                                                                   {test_server,
                                                                    run_test_case_eval1,
                                                                    1026},
                                                                   {test_server,
                                                                    run_test_case_eval,
                                                                    968}]
=== *** FAILED test case 51 of 203 ***
=case          mam_SUITE:muc_querying_for_all_messages
=logfile       mam_suite.muc_querying_for_all_messages.409546.730.html
=started       2016-04-11 21:19:06
=ended         2016-04-11 21:19:12
=result        failed: {test_case_failed,"Unexpected error IQ."}, [{mam_SUITE,
                                                                    wait_archive_respond_v02,
                                                                    1119},
                                                                   {mam_SUITE,
                                                                    wait_archive_respond_nofin,
                                                                    1108},
                                                                   {mam_SUITE,
                                                                    '-muc_querying_for_all_messages/1-fun-0-',
                                                                    959},
                                                                   {escalus_story,
                                                                    story,40},
                                                                   {test_server,
                                                                    ts_tc,
                                                                    1429},
                                                                   {test_server,
                                                                    run_test_case_eval1,
                                                                    1026},
                                                                   {test_server,
                                                                    run_test_case_eval,
                                                                    968}]
=== *** FAILED test case 52 of 203 ***
=case          mam_SUITE:muc_querying_for_all_messages_with_jid
=logfile       mam_suite.muc_querying_for_all_messages_with_jid.409552.37.html
=started       2016-04-11 21:19:12
=ended         2016-04-11 21:19:15
=result        failed: {test_case_failed,"Unexpected error IQ."}, [{mam_SUITE,
                                                                    wait_archive_respond_v02,
                                                                    1119},
                                                                   {mam_SUITE,
                                                                    wait_archive_respond_nofin,
                                                                    1108},
                                                                   {mam_SUITE,
                                                                    '-muc_querying_for_all_messages_with_jid/1-fun-0-',
                                                                    977},
                                                                   {escalus_story,
                                                                    story,40},
                                                                   {test_server,
                                                                    ts_tc,
                                                                    1429},
                                                                   {test_server,
                                                                    run_test_case_eval1,
                                                                    1026},
                                                                   {test_server,
                                                                    run_test_case_eval,
                                                                    968}]
=== *** FAILED test case 53 of 203 ***
=case          mam_SUITE:end_per_group
=logfile       mam_suite.end_per_group.409555.58.html
=group_props   [{name,riak_timed_yz_buckets_muc04}]
=started       2016-04-11 21:19:15
=ended         2016-04-11 21:19:15
=result        ok
=elapsed       0.07829
=group_time    24.227s
=case          mam_SUITE:init_per_group
=logfile       mam_suite.init_per_group.409555.168.html
=group_props   [{name,riak_timed_yz_buckets_muc_with_pm}]
=started       2016-04-11 21:19:15
=ended         2016-04-11 21:19:15
=result        ok
=elapsed       0.103856
=case          mam_SUITE:muc_service_discovery
=logfile       mam_suite.muc_service_discovery.409555.297.html
=started       2016-04-11 21:19:15
=ended         2016-04-11 21:19:15
=result        ok
=elapsed       0.217079
=case          mam_SUITE:muc_archive_request
=logfile       mam_suite.muc_archive_request.409555.540.html
=started       2016-04-11 21:19:15
=ended         2016-04-11 21:19:16
=result        failed: {function_clause,
                           [{exml_query,attr,
                                [undefined,<<"by">>,undefined],
                                [{file,"src/exml_query.erl"},{line,83}]},
                            {mam_SUITE,'-muc_archive_request/1-fun-0-',4,
                                [{file,"mam_SUITE.erl"},{line,1335}]},
                            {escalus_story,story,3,
                                [{file,"src/escalus_story.erl"},{line,40}]},
                            {test_server,ts_tc,3,
                                [{file,"test_server.erl"},{line,1429}]},
                            {test_server,run_test_case_eval1,6,
                                [{file,"test_server.erl"},{line,1026}]},
                            {test_server,run_test_case_eval,9,
                                [{file,"test_server.erl"},{line,968}]}]}, [{exml_query,
                                                                            attr,
                                                                            83},
                                                                           {mam_SUITE,
                                                                            '-muc_archive_request/1-fun-0-',
                                                                            1335},
                                                                           {escalus_story,
                                                                            story,
                                                                            40},
                                                                           {test_server,
                                                                            ts_tc,
                                                                            1429},
                                                                           {test_server,
                                                                            run_test_case_eval1,
                                                                            1026},
                                                                           {test_server,
                                                                            run_test_case_eval,
                                                                            968}]
=== *** FAILED test case 55 of 203 ***
=case          mam_SUITE:muc_archive_purge
=logfile       mam_suite.muc_archive_purge.409556.56.html
=started       2016-04-11 21:19:16
=ended         2016-04-11 21:19:20
=result        ok
=elapsed       3.941866
=case          mam_SUITE:muc_multiple_devices
=logfile       mam_suite.muc_multiple_devices.409560.31.html
=started       2016-04-11 21:19:20
=ended         2016-04-11 21:19:20
=result        failed: {function_clause,
                           [{exml_query,attr,
                                [undefined,<<"by">>,undefined],
                                [{file,"src/exml_query.erl"},{line,83}]},
                            {mam_SUITE,'-muc_multiple_devices/1-fun-0-',5,
                                [{file,"mam_SUITE.erl"},{line,1441}]},
                            {escalus_story,story,3,
                                [{file,"src/escalus_story.erl"},{line,40}]},
                            {test_server,ts_tc,3,
                                [{file,"test_server.erl"},{line,1429}]},
                            {test_server,run_test_case_eval1,6,
                                [{file,"test_server.erl"},{line,1026}]},
                            {test_server,run_test_case_eval,9,
                                [{file,"test_server.erl"},{line,968}]}]}, [{exml_query,
                                                                            attr,
                                                                            83},
                                                                           {mam_SUITE,
                                                                            '-muc_multiple_devices/1-fun-0-',
                                                                            1441},
                                                                           {escalus_story,
                                                                            story,
                                                                            40},
                                                                           {test_server,
                                                                            ts_tc,
                                                                            1429},
                                                                           {test_server,
                                                                            run_test_case_eval1,
                                                                            1026},
                                                                           {test_server,
                                                                            run_test_case_eval,
                                                                            968}]
=== *** FAILED test case 57 of 203 ***
=case          mam_SUITE:muc_protected_message
=logfile       mam_suite.muc_protected_message.409560.735.html
=started       2016-04-11 21:19:20
=ended         2016-04-11 21:19:21
=result        failed: {test_case_failed,"Unexpected error IQ."}, [{mam_SUITE,
                                                                    wait_archive_respond_v02,
                                                                    1119},
                                                                   {mam_SUITE,
                                                                    wait_archive_respond_nofin,
                                                                    1108},
                                                                   {mam_SUITE,
                                                                    '-muc_protected_message/1-fun-0-',
                                                                    1494},
                                                                   {escalus_story,
                                                                    story,40},
                                                                   {test_server,
                                                                    ts_tc,
                                                                    1429},
                                                                   {test_server,
                                                                    run_test_case_eval1,
                                                                    1026},
                                                                   {test_server,
                                                                    run_test_case_eval,
                                                                    968}]
=== *** FAILED test case 58 of 203 ***
=case          mam_SUITE:muc_deny_protected_room_access
=logfile       mam_suite.muc_deny_protected_room_access.409561.205.html
=started       2016-04-11 21:19:21
=ended         2016-04-11 21:19:21
=result        ok
=elapsed       0.435119
=case          mam_SUITE:muc_allow_access_to_owner
=logfile       mam_suite.muc_allow_access_to_owner.409561.671.html
=started       2016-04-11 21:19:21
=ended         2016-04-11 21:19:22
=result        failed: {test_case_failed,"Unexpected error IQ."}, [{mam_SUITE,
                                                                    wait_archive_respond_v02,
                                                                    1119},
                                                                   {mam_SUITE,
                                                                    wait_archive_respond_nofin,
                                                                    1108},
                                                                   {mam_SUITE,
                                                                    '-muc_allow_access_to_owner/1-fun-0-',
                                                                    1534},
                                                                   {escalus_story,
                                                                    story,40},
                                                                   {test_server,
                                                                    ts_tc,
                                                                    1429},
                                                                   {test_server,
                                                                    run_test_case_eval1,
                                                                    1026},
                                                                   {test_server,
                                                                    run_test_case_eval,
                                                                    968}]
=== *** FAILED test case 60 of 203 ***
=case          mam_SUITE:muc_delete_x_user_in_anon_rooms
=logfile       mam_suite.muc_delete_x_user_in_anon_rooms.409562.145.html
=started       2016-04-11 21:19:22
=ended         2016-04-11 21:19:25
=result        failed: {test_case_failed,"Unexpected error IQ."}, [{mam_SUITE,
                                                                    wait_archive_respond_v02,
                                                                    1119},
                                                                   {mam_SUITE,
                                                                    wait_archive_respond_nofin,
                                                                    1108},
                                                                   {mam_SUITE,
                                                                    '-muc_delete_x_user_in_anon_rooms/1-fun-0-',
                                                                    1566},
                                                                   {escalus_story,
                                                                    story,40},
                                                                   {test_server,
                                                                    ts_tc,
                                                                    1429},
                                                                   {test_server,
                                                                    run_test_case_eval1,
                                                                    1026},
                                                                   {test_server,
                                                                    run_test_case_eval,
                                                                    968}]
=== *** FAILED test case 61 of 203 ***
=case          mam_SUITE:muc_show_x_user_to_moderators_in_anon_rooms
=logfile       mam_suite.muc_show_x_user_to_moderators_in_anon_rooms.409565.132.html
=started       2016-04-11 21:19:25
=ended         2016-04-11 21:19:28
=result        failed: {test_case_failed,"Unexpected error IQ."}, [{mam_SUITE,
                                                                    wait_archive_respond_v02,
                                                                    1119},
                                                                   {mam_SUITE,
                                                                    wait_archive_respond_nofin,
                                                                    1108},
                                                                   {mam_SUITE,
                                                                    '-muc_show_x_user_to_moderators_in_anon_rooms/1-fun-0-',
                                                                    1601},
                                                                   {escalus_story,
                                                                    story,40},
                                                                   {test_server,
                                                                    ts_tc,
                                                                    1429},
                                                                   {test_server,
                                                                    run_test_case_eval1,
                                                                    1026},
                                                                   {test_server,
                                                                    run_test_case_eval,
                                                                    968}]
=== *** FAILED test case 62 of 203 ***
=case          mam_SUITE:muc_show_x_user_for_your_own_messages_in_anon_rooms
=logfile       mam_suite.muc_show_x_user_for_your_own_messages_in_anon_rooms.409568.117.html
=started       2016-04-11 21:19:28
=ended         2016-04-11 21:19:31
=result        failed: {test_case_failed,"Unexpected error IQ."}, [{mam_SUITE,
                                                                    wait_archive_respond_v02,
                                                                    1119},
                                                                   {mam_SUITE,
                                                                    wait_archive_respond_nofin,
                                                                    1108},
                                                                   {mam_SUITE,
                                                                    '-muc_show_x_user_for_your_own_messages_in_anon_rooms/1-fun-0-',
                                                                    1636},
                                                                   {escalus_story,
                                                                    story,40},
                                                                   {test_server,
                                                                    ts_tc,
                                                                    1429},
                                                                   {test_server,
                                                                    run_test_case_eval1,
                                                                    1026},
                                                                   {test_server,
                                                                    run_test_case_eval,
                                                                    968}]
=== *** FAILED test case 63 of 203 ***
=case          mam_SUITE:muc_querying_for_all_messages
=logfile       mam_suite.muc_querying_for_all_messages.409571.100.html
=started       2016-04-11 21:19:31
=ended         2016-04-11 21:19:36
=result        failed: {test_case_failed,"Unexpected error IQ."}, [{mam_SUITE,
                                                                    wait_archive_respond_v02,
                                                                    1119},
                                                                   {mam_SUITE,
                                                                    wait_archive_respond_nofin,
                                                                    1108},
                                                                   {mam_SUITE,
                                                                    '-muc_querying_for_all_messages/1-fun-0-',
                                                                    959},
                                                                   {escalus_story,
                                                                    story,40},
                                                                   {test_server,
                                                                    ts_tc,
                                                                    1429},
                                                                   {test_server,
                                                                    run_test_case_eval1,
                                                                    1026},
                                                                   {test_server,
                                                                    run_test_case_eval,
                                                                    968}]
=== *** FAILED test case 64 of 203 ***
=case          mam_SUITE:muc_querying_for_all_messages_with_jid
=logfile       mam_suite.muc_querying_for_all_messages_with_jid.409576.414.html
=started       2016-04-11 21:19:36
=ended         2016-04-11 21:19:39
=result        failed: {test_case_failed,"Unexpected error IQ."}, [{mam_SUITE,
                                                                    wait_archive_respond_v02,
                                                                    1119},
                                                                   {mam_SUITE,
                                                                    wait_archive_respond_nofin,
                                                                    1108},
                                                                   {mam_SUITE,
                                                                    '-muc_querying_for_all_messages_with_jid/1-fun-0-',
                                                                    977},
                                                                   {escalus_story,
                                                                    story,40},
                                                                   {test_server,
                                                                    ts_tc,
                                                                    1429},
                                                                   {test_server,
                                                                    run_test_case_eval1,
                                                                    1026},
                                                                   {test_server,
                                                                    run_test_case_eval,
                                                                    968}]
=== *** FAILED test case 65 of 203 ***
=case          mam_SUITE:end_per_group
=logfile       mam_suite.end_per_group.409579.447.html
=group_props   [{name,riak_timed_yz_buckets_muc_with_pm}]
=started       2016-04-11 21:19:39
=ended         2016-04-11 21:19:39
=result        ok
=elapsed       0.078838
=group_time    24.280s
=case          mam_SUITE:init_per_group
=logfile       mam_suite.init_per_group.409579.552.html
=group_props   [{name,riak_timed_yz_buckets_rsm}]
=started       2016-04-11 21:19:39
=ended         2016-04-11 21:19:42
=result        failed: {test_case_failed,"Unexpected error IQ."}, [{mam_SUITE,
                                                                    wait_archive_respond_v02,
                                                                    1119},
                                                                   {mam_SUITE,
                                                                    wait_archive_respond_nofin,
                                                                    1108},
                                                                   {mam_SUITE,
                                                                    '-send_rsm_messages/1-fun-0-',
                                                                    2586},
                                                                   {escalus_story,
                                                                    story,40},
                                                                   {mam_SUITE,
                                                                    send_rsm_messages,
                                                                    2592},
                                                                   {mam_SUITE,
                                                                    init_per_group,
                                                                    390},
                                                                   {test_server,
                                                                    ts_tc,
                                                                    1429}]
=== *** FAILED {mam_SUITE,init_per_group} ***
=== 
=case          mam_SUITE:pagination_first5
=group_props   [{name,"riak_timed_yz_buckets_rsm"}]
=started       2016-04-11 21:19:42
=result        auto_skipped: init_per_group failed
=== *** Skipping test case #66 {mam_SUITE,pagination_first5} ***
=== 
=case          mam_SUITE:pagination_last5
=group_props   [{name,"riak_timed_yz_buckets_rsm"}]
=started       2016-04-11 21:19:42
=result        auto_skipped: init_per_group failed
=== *** Skipping test case #67 {mam_SUITE,pagination_last5} ***
=== 
=case          mam_SUITE:pagination_before10
=group_props   [{name,"riak_timed_yz_buckets_rsm"}]
=started       2016-04-11 21:19:42
=result        auto_skipped: init_per_group failed
=== *** Skipping test case #68 {mam_SUITE,pagination_before10} ***
=== 
=case          mam_SUITE:pagination_after10
=group_props   [{name,"riak_timed_yz_buckets_rsm"}]
=started       2016-04-11 21:19:42
=result        auto_skipped: init_per_group failed
=== *** Skipping test case #69 {mam_SUITE,pagination_after10} ***
=== 
=case          mam_SUITE:pagination_empty_rset
=group_props   [{name,"riak_timed_yz_buckets_rsm"}]
=started       2016-04-11 21:19:42
=result        auto_skipped: init_per_group failed
=== *** Skipping test case #70 {mam_SUITE,pagination_empty_rset} ***
=== 
=case          mam_SUITE:pagination_last_after_id5
=group_props   [{name,"riak_timed_yz_buckets_rsm"}]
=started       2016-04-11 21:19:42
=result        auto_skipped: init_per_group failed
=== *** Skipping test case #71 {mam_SUITE,pagination_last_after_id5} ***
=== 
=case          mam_SUITE:pagination_last_after_id5_before_id11
=group_props   [{name,"riak_timed_yz_buckets_rsm"}]
=started       2016-04-11 21:19:42
=result        auto_skipped: init_per_group failed
=== *** Skipping test case #72 {mam_SUITE,pagination_last_after_id5_before_id11} ***
=== 
=case          mam_SUITE:pagination_simple_before10
=group_props   [{name,"riak_timed_yz_buckets_rsm"}]
=started       2016-04-11 21:19:42
=result        auto_skipped: init_per_group failed
=== *** Skipping test case #73 {mam_SUITE,pagination_simple_before10} ***
=== 
=case          mam_SUITE:pagination_first5_opt_count
=group_props   [{name,"riak_timed_yz_buckets_rsm"}]
=started       2016-04-11 21:19:42
=result        auto_skipped: init_per_group failed
=== *** Skipping test case #74 {mam_SUITE,pagination_first5_opt_count} ***
=== 
=case          mam_SUITE:pagination_last5_opt_count
=group_props   [{name,"riak_timed_yz_buckets_rsm"}]
=started       2016-04-11 21:19:42
=result        auto_skipped: init_per_group failed
=== *** Skipping test case #75 {mam_SUITE,pagination_last5_opt_count} ***
=== 
=case          mam_SUITE:pagination_offset5_opt_count
=group_props   [{name,"riak_timed_yz_buckets_rsm"}]
=started       2016-04-11 21:19:42
=result        auto_skipped: init_per_group failed
=== *** Skipping test case #76 {mam_SUITE,pagination_offset5_opt_count} ***
=== 
=case          mam_SUITE:pagination_first25_opt_count_all
=group_props   [{name,"riak_timed_yz_buckets_rsm"}]
=started       2016-04-11 21:19:42
=result        auto_skipped: init_per_group failed
=== *** Skipping test case #77 {mam_SUITE,pagination_first25_opt_count_all} ***
=== 
=case          mam_SUITE:pagination_last25_opt_count_all
=group_props   [{name,"riak_timed_yz_buckets_rsm"}]
=started       2016-04-11 21:19:42
=result        auto_skipped: init_per_group failed
=== *** Skipping test case #78 {mam_SUITE,pagination_last25_opt_count_all} ***
=== 
=case          mam_SUITE:pagination_offset5_opt_count_all
=group_props   [{name,"riak_timed_yz_buckets_rsm"}]
=started       2016-04-11 21:19:42
=result        auto_skipped: init_per_group failed
=== *** Skipping test case #79 {mam_SUITE,pagination_offset5_opt_count_all} ***
=== 
=case          mam_SUITE:end_per_group
=group_props   [{name,"riak_timed_yz_buckets_rsm"}]
=started       2016-04-11 21:19:42
=result        auto_skipped: init_per_group failed
=== *** Skipping {mam_SUITE,end_per_group} ***
=case          mam_SUITE:init_per_group
=logfile       mam_suite.init_per_group.409582.821.html
=group_props   [{name,riak_timed_yz_buckets_rsm03}]
=started       2016-04-11 21:19:42
=ended         2016-04-11 21:19:46
=result        failed: {test_case_failed,"Unexpected error IQ."}, [{mam_SUITE,
                                                                    wait_archive_respond_v03,
                                                                    1133},
                                                                   {mam_SUITE,
                                                                    wait_archive_respond_fin,
                                                                    1099},
                                                                   {mam_SUITE,
                                                                    '-send_rsm_messages/1-fun-0-',
                                                                    2586},
                                                                   {escalus_story,
                                                                    story,40},
                                                                   {mam_SUITE,
                                                                    send_rsm_messages,
                                                                    2592},
                                                                   {mam_SUITE,
                                                                    init_per_group,
                                                                    390},
                                                                   {test_server,
                                                                    ts_tc,
                                                                    1429}]
=== *** FAILED {mam_SUITE,init_per_group} ***
=== 
=case          mam_SUITE:pagination_first5
=group_props   [{name,"riak_timed_yz_buckets_rsm03"}]
=started       2016-04-11 21:19:46
=result        auto_skipped: init_per_group failed
=== *** Skipping test case #80 {mam_SUITE,pagination_first5} ***
=== 
=case          mam_SUITE:pagination_last5
=group_props   [{name,"riak_timed_yz_buckets_rsm03"}]
=started       2016-04-11 21:19:46
=result        auto_skipped: init_per_group failed
=== *** Skipping test case #81 {mam_SUITE,pagination_last5} ***
=== 
=case          mam_SUITE:pagination_before10
=group_props   [{name,"riak_timed_yz_buckets_rsm03"}]
=started       2016-04-11 21:19:46
=result        auto_skipped: init_per_group failed
=== *** Skipping test case #82 {mam_SUITE,pagination_before10} ***
=== 
=case          mam_SUITE:pagination_after10
=group_props   [{name,"riak_timed_yz_buckets_rsm03"}]
=started       2016-04-11 21:19:46
=result        auto_skipped: init_per_group failed
=== *** Skipping test case #83 {mam_SUITE,pagination_after10} ***
=== 
=case          mam_SUITE:pagination_empty_rset
=group_props   [{name,"riak_timed_yz_buckets_rsm03"}]
=started       2016-04-11 21:19:46
=result        auto_skipped: init_per_group failed
=== *** Skipping test case #84 {mam_SUITE,pagination_empty_rset} ***
=== 
=case          mam_SUITE:pagination_last_after_id5
=group_props   [{name,"riak_timed_yz_buckets_rsm03"}]
=started       2016-04-11 21:19:46
=result        auto_skipped: init_per_group failed
=== *** Skipping test case #85 {mam_SUITE,pagination_last_after_id5} ***
=== 
=case          mam_SUITE:pagination_last_after_id5_before_id11
=group_props   [{name,"riak_timed_yz_buckets_rsm03"}]
=started       2016-04-11 21:19:46
=result        auto_skipped: init_per_group failed
=== *** Skipping test case #86 {mam_SUITE,pagination_last_after_id5_before_id11} ***
=== 
=case          mam_SUITE:pagination_simple_before10
=group_props   [{name,"riak_timed_yz_buckets_rsm03"}]
=started       2016-04-11 21:19:46
=result        auto_skipped: init_per_group failed
=== *** Skipping test case #87 {mam_SUITE,pagination_simple_before10} ***
=== 
=case          mam_SUITE:pagination_first5_opt_count
=group_props   [{name,"riak_timed_yz_buckets_rsm03"}]
=started       2016-04-11 21:19:46
=result        auto_skipped: init_per_group failed
=== *** Skipping test case #88 {mam_SUITE,pagination_first5_opt_count} ***
=== 
=case          mam_SUITE:pagination_last5_opt_count
=group_props   [{name,"riak_timed_yz_buckets_rsm03"}]
=started       2016-04-11 21:19:46
=result        auto_skipped: init_per_group failed
=== *** Skipping test case #89 {mam_SUITE,pagination_last5_opt_count} ***
=== 
=case          mam_SUITE:pagination_offset5_opt_count
=group_props   [{name,"riak_timed_yz_buckets_rsm03"}]
=started       2016-04-11 21:19:46
=result        auto_skipped: init_per_group failed
=== *** Skipping test case #90 {mam_SUITE,pagination_offset5_opt_count} ***
=== 
=case          mam_SUITE:pagination_first25_opt_count_all
=group_props   [{name,"riak_timed_yz_buckets_rsm03"}]
=started       2016-04-11 21:19:46
=result        auto_skipped: init_per_group failed
=== *** Skipping test case #91 {mam_SUITE,pagination_first25_opt_count_all} ***
=== 
=case          mam_SUITE:pagination_last25_opt_count_all
=group_props   [{name,"riak_timed_yz_buckets_rsm03"}]
=started       2016-04-11 21:19:46
=result        auto_skipped: init_per_group failed
=== *** Skipping test case #92 {mam_SUITE,pagination_last25_opt_count_all} ***
=== 
=case          mam_SUITE:pagination_offset5_opt_count_all
=group_props   [{name,"riak_timed_yz_buckets_rsm03"}]
=started       2016-04-11 21:19:46
=result        auto_skipped: init_per_group failed
=== *** Skipping test case #93 {mam_SUITE,pagination_offset5_opt_count_all} ***
=== 
=case          mam_SUITE:end_per_group
=group_props   [{name,"riak_timed_yz_buckets_rsm03"}]
=started       2016-04-11 21:19:46
=result        auto_skipped: init_per_group failed
=== *** Skipping {mam_SUITE,end_per_group} ***
=case          mam_SUITE:init_per_group
=logfile       mam_suite.init_per_group.409586.76.html
=group_props   [{name,riak_timed_yz_buckets_rsm04}]
=started       2016-04-11 21:19:46
=ended         2016-04-11 21:19:49
=result        failed: {test_case_failed,"Unexpected error IQ."}, [{mam_SUITE,
                                                                    wait_archive_respond_v02,
                                                                    1119},
                                                                   {mam_SUITE,
                                                                    wait_archive_respond_nofin,
                                                                    1108},
                                                                   {mam_SUITE,
                                                                    '-send_rsm_messages/1-fun-0-',
                                                                    2586},
                                                                   {escalus_story,
                                                                    story,40},
                                                                   {mam_SUITE,
                                                                    send_rsm_messages,
                                                                    2592},
                                                                   {mam_SUITE,
                                                                    init_per_group,
                                                                    390},
                                                                   {test_server,
                                                                    ts_tc,
                                                                    1429}]
=== *** FAILED {mam_SUITE,init_per_group} ***
=== 
=case          mam_SUITE:pagination_first5
=group_props   [{name,"riak_timed_yz_buckets_rsm04"}]
=started       2016-04-11 21:19:49
=result        auto_skipped: init_per_group failed
=== *** Skipping test case #94 {mam_SUITE,pagination_first5} ***
=== 
=case          mam_SUITE:pagination_last5
=group_props   [{name,"riak_timed_yz_buckets_rsm04"}]
=started       2016-04-11 21:19:49
=result        auto_skipped: init_per_group failed
=== *** Skipping test case #95 {mam_SUITE,pagination_last5} ***
=== 
=case          mam_SUITE:pagination_before10
=group_props   [{name,"riak_timed_yz_buckets_rsm04"}]
=started       2016-04-11 21:19:49
=result        auto_skipped: init_per_group failed
=== *** Skipping test case #96 {mam_SUITE,pagination_before10} ***
=== 
=case          mam_SUITE:pagination_after10
=group_props   [{name,"riak_timed_yz_buckets_rsm04"}]
=started       2016-04-11 21:19:49
=result        auto_skipped: init_per_group failed
=== *** Skipping test case #97 {mam_SUITE,pagination_after10} ***
=== 
=case          mam_SUITE:pagination_empty_rset
=group_props   [{name,"riak_timed_yz_buckets_rsm04"}]
=started       2016-04-11 21:19:49
=result        auto_skipped: init_per_group failed
=== *** Skipping test case #98 {mam_SUITE,pagination_empty_rset} ***
=== 
=case          mam_SUITE:pagination_last_after_id5
=group_props   [{name,"riak_timed_yz_buckets_rsm04"}]
=started       2016-04-11 21:19:49
=result        auto_skipped: init_per_group failed
=== *** Skipping test case #99 {mam_SUITE,pagination_last_after_id5} ***
=== 
=case          mam_SUITE:pagination_last_after_id5_before_id11
=group_props   [{name,"riak_timed_yz_buckets_rsm04"}]
=started       2016-04-11 21:19:49
=result        auto_skipped: init_per_group failed
=== *** Skipping test case #100 {mam_SUITE,pagination_last_after_id5_before_id11} ***
=== 
=case          mam_SUITE:pagination_simple_before10
=group_props   [{name,"riak_timed_yz_buckets_rsm04"}]
=started       2016-04-11 21:19:49
=result        auto_skipped: init_per_group failed
=== *** Skipping test case #101 {mam_SUITE,pagination_simple_before10} ***
=== 
=case          mam_SUITE:pagination_first5_opt_count
=group_props   [{name,"riak_timed_yz_buckets_rsm04"}]
=started       2016-04-11 21:19:49
=result        auto_skipped: init_per_group failed
=== *** Skipping test case #102 {mam_SUITE,pagination_first5_opt_count} ***
=== 
=case          mam_SUITE:pagination_last5_opt_count
=group_props   [{name,"riak_timed_yz_buckets_rsm04"}]
=started       2016-04-11 21:19:49
=result        auto_skipped: init_per_group failed
=== *** Skipping test case #103 {mam_SUITE,pagination_last5_opt_count} ***
=== 
=case          mam_SUITE:pagination_offset5_opt_count
=group_props   [{name,"riak_timed_yz_buckets_rsm04"}]
=started       2016-04-11 21:19:49
=result        auto_skipped: init_per_group failed
=== *** Skipping test case #104 {mam_SUITE,pagination_offset5_opt_count} ***
=== 
=case          mam_SUITE:pagination_first25_opt_count_all
=group_props   [{name,"riak_timed_yz_buckets_rsm04"}]
=started       2016-04-11 21:19:49
=result        auto_skipped: init_per_group failed
=== *** Skipping test case #105 {mam_SUITE,pagination_first25_opt_count_all} ***
=== 
=case          mam_SUITE:pagination_last25_opt_count_all
=group_props   [{name,"riak_timed_yz_buckets_rsm04"}]
=started       2016-04-11 21:19:49
=result        auto_skipped: init_per_group failed
=== *** Skipping test case #106 {mam_SUITE,pagination_last25_opt_count_all} ***
=== 
=case          mam_SUITE:pagination_offset5_opt_count_all
=group_props   [{name,"riak_timed_yz_buckets_rsm04"}]
=started       2016-04-11 21:19:49
=result        auto_skipped: init_per_group failed
=== *** Skipping test case #107 {mam_SUITE,pagination_offset5_opt_count_all} ***
=== 
=case          mam_SUITE:end_per_group
=group_props   [{name,"riak_timed_yz_buckets_rsm04"}]
=started       2016-04-11 21:19:49
=result        auto_skipped: init_per_group failed
=== *** Skipping {mam_SUITE,end_per_group} ***
=case          mam_SUITE:init_per_group
=logfile       mam_suite.init_per_group.409589.333.html
=group_props   [{name,riak_timed_yz_buckets_with_rsm}]
=started       2016-04-11 21:19:49
=ended         2016-04-11 21:19:52
=result        failed: {test_case_failed,"Unexpected error IQ."}, [{mam_SUITE,
                                                                    wait_archive_respond_v02,
                                                                    1119},
                                                                   {mam_SUITE,
                                                                    wait_archive_respond_nofin,
                                                                    1108},
                                                                   {mam_SUITE,
                                                                    '-send_rsm_messages/1-fun-0-',
                                                                    2586},
                                                                   {escalus_story,
                                                                    story,40},
                                                                   {mam_SUITE,
                                                                    send_rsm_messages,
                                                                    2592},
                                                                   {mam_SUITE,
                                                                    init_per_group,
                                                                    390},
                                                                   {test_server,
                                                                    ts_tc,
                                                                    1429}]
=== *** FAILED {mam_SUITE,init_per_group} ***
=== 
=case          mam_SUITE:pagination_first5
=group_props   [{name,"riak_timed_yz_buckets_with_rsm"}]
=started       2016-04-11 21:19:52
=result        auto_skipped: init_per_group failed
=== *** Skipping test case #108 {mam_SUITE,pagination_first5} ***
=== 
=case          mam_SUITE:pagination_last5
=group_props   [{name,"riak_timed_yz_buckets_with_rsm"}]
=started       2016-04-11 21:19:52
=result        auto_skipped: init_per_group failed
=== *** Skipping test case #109 {mam_SUITE,pagination_last5} ***
=== 
=case          mam_SUITE:pagination_before10
=group_props   [{name,"riak_timed_yz_buckets_with_rsm"}]
=started       2016-04-11 21:19:52
=result        auto_skipped: init_per_group failed
=== *** Skipping test case #110 {mam_SUITE,pagination_before10} ***
=== 
=case          mam_SUITE:pagination_after10
=group_props   [{name,"riak_timed_yz_buckets_with_rsm"}]
=started       2016-04-11 21:19:52
=result        auto_skipped: init_per_group failed
=== *** Skipping test case #111 {mam_SUITE,pagination_after10} ***
=== 
=case          mam_SUITE:pagination_empty_rset
=group_props   [{name,"riak_timed_yz_buckets_with_rsm"}]
=started       2016-04-11 21:19:52
=result        auto_skipped: init_per_group failed
=== *** Skipping test case #112 {mam_SUITE,pagination_empty_rset} ***
=== 
=case          mam_SUITE:pagination_last_after_id5
=group_props   [{name,"riak_timed_yz_buckets_with_rsm"}]
=started       2016-04-11 21:19:52
=result        auto_skipped: init_per_group failed
=== *** Skipping test case #113 {mam_SUITE,pagination_last_after_id5} ***
=== 
=case          mam_SUITE:pagination_last_after_id5_before_id11
=group_props   [{name,"riak_timed_yz_buckets_with_rsm"}]
=started       2016-04-11 21:19:52
=result        auto_skipped: init_per_group failed
=== *** Skipping test case #114 {mam_SUITE,pagination_last_after_id5_before_id11} ***
=== 
=case          mam_SUITE:pagination_simple_before10
=group_props   [{name,"riak_timed_yz_buckets_with_rsm"}]
=started       2016-04-11 21:19:52
=result        auto_skipped: init_per_group failed
=== *** Skipping test case #115 {mam_SUITE,pagination_simple_before10} ***
=== 
=case          mam_SUITE:pagination_first5_opt_count
=group_props   [{name,"riak_timed_yz_buckets_with_rsm"}]
=started       2016-04-11 21:19:52
=result        auto_skipped: init_per_group failed
=== *** Skipping test case #116 {mam_SUITE,pagination_first5_opt_count} ***
=== 
=case          mam_SUITE:pagination_last5_opt_count
=group_props   [{name,"riak_timed_yz_buckets_with_rsm"}]
=started       2016-04-11 21:19:52
=result        auto_skipped: init_per_group failed
=== *** Skipping test case #117 {mam_SUITE,pagination_last5_opt_count} ***
=== 
=case          mam_SUITE:pagination_offset5_opt_count
=group_props   [{name,"riak_timed_yz_buckets_with_rsm"}]
=started       2016-04-11 21:19:52
=result        auto_skipped: init_per_group failed
=== *** Skipping test case #118 {mam_SUITE,pagination_offset5_opt_count} ***
=== 
=case          mam_SUITE:pagination_first25_opt_count_all
=group_props   [{name,"riak_timed_yz_buckets_with_rsm"}]
=started       2016-04-11 21:19:52
=result        auto_skipped: init_per_group failed
=== *** Skipping test case #119 {mam_SUITE,pagination_first25_opt_count_all} ***
=== 
=case          mam_SUITE:pagination_last25_opt_count_all
=group_props   [{name,"riak_timed_yz_buckets_with_rsm"}]
=started       2016-04-11 21:19:52
=result        auto_skipped: init_per_group failed
=== *** Skipping test case #120 {mam_SUITE,pagination_last25_opt_count_all} ***
=== 
=case          mam_SUITE:pagination_offset5_opt_count_all
=group_props   [{name,"riak_timed_yz_buckets_with_rsm"}]
=started       2016-04-11 21:19:52
=result        auto_skipped: init_per_group failed
=== *** Skipping test case #121 {mam_SUITE,pagination_offset5_opt_count_all} ***
=== 
=case          mam_SUITE:end_per_group
=group_props   [{name,"riak_timed_yz_buckets_with_rsm"}]
=started       2016-04-11 21:19:52
=result        auto_skipped: init_per_group failed
=== *** Skipping {mam_SUITE,end_per_group} ***
=case          mam_SUITE:init_per_group
=logfile       mam_suite.init_per_group.409592.607.html
=group_props   [{name,riak_timed_yz_buckets_with_rsm03}]
=started       2016-04-11 21:19:52
=ended         2016-04-11 21:19:55
=result        failed: {test_case_failed,"Unexpected error IQ."}, [{mam_SUITE,
                                                                    wait_archive_respond_v03,
                                                                    1133},
                                                                   {mam_SUITE,
                                                                    wait_archive_respond_fin,
                                                                    1099},
                                                                   {mam_SUITE,
                                                                    '-send_rsm_messages/1-fun-0-',
                                                                    2586},
                                                                   {escalus_story,
                                                                    story,40},
                                                                   {mam_SUITE,
                                                                    send_rsm_messages,
                                                                    2592},
                                                                   {mam_SUITE,
                                                                    init_per_group,
                                                                    390},
                                                                   {test_server,
                                                                    ts_tc,
                                                                    1429}]
=== *** FAILED {mam_SUITE,init_per_group} ***
=== 
=case          mam_SUITE:pagination_first5
=group_props   [{name,"riak_timed_yz_buckets_with_rsm03"}]
=started       2016-04-11 21:19:55
=result        auto_skipped: init_per_group failed
=== *** Skipping test case #122 {mam_SUITE,pagination_first5} ***
=== 
=case          mam_SUITE:pagination_last5
=group_props   [{name,"riak_timed_yz_buckets_with_rsm03"}]
=started       2016-04-11 21:19:55
=result        auto_skipped: init_per_group failed
=== *** Skipping test case #123 {mam_SUITE,pagination_last5} ***
=== 
=case          mam_SUITE:pagination_before10
=group_props   [{name,"riak_timed_yz_buckets_with_rsm03"}]
=started       2016-04-11 21:19:55
=result        auto_skipped: init_per_group failed
=== *** Skipping test case #124 {mam_SUITE,pagination_before10} ***
=== 
=case          mam_SUITE:pagination_after10
=group_props   [{name,"riak_timed_yz_buckets_with_rsm03"}]
=started       2016-04-11 21:19:55
=result        auto_skipped: init_per_group failed
=== *** Skipping test case #125 {mam_SUITE,pagination_after10} ***
=== 
=case          mam_SUITE:pagination_empty_rset
=group_props   [{name,"riak_timed_yz_buckets_with_rsm03"}]
=started       2016-04-11 21:19:55
=result        auto_skipped: init_per_group failed
=== *** Skipping test case #126 {mam_SUITE,pagination_empty_rset} ***
=== 
=case          mam_SUITE:pagination_last_after_id5
=group_props   [{name,"riak_timed_yz_buckets_with_rsm03"}]
=started       2016-04-11 21:19:55
=result        auto_skipped: init_per_group failed
=== *** Skipping test case #127 {mam_SUITE,pagination_last_after_id5} ***
=== 
=case          mam_SUITE:pagination_last_after_id5_before_id11
=group_props   [{name,"riak_timed_yz_buckets_with_rsm03"}]
=started       2016-04-11 21:19:55
=result        auto_skipped: init_per_group failed
=== *** Skipping test case #128 {mam_SUITE,pagination_last_after_id5_before_id11} ***
=== 
=case          mam_SUITE:pagination_simple_before10
=group_props   [{name,"riak_timed_yz_buckets_with_rsm03"}]
=started       2016-04-11 21:19:55
=result        auto_skipped: init_per_group failed
=== *** Skipping test case #129 {mam_SUITE,pagination_simple_before10} ***
=== 
=case          mam_SUITE:pagination_first5_opt_count
=group_props   [{name,"riak_timed_yz_buckets_with_rsm03"}]
=started       2016-04-11 21:19:55
=result        auto_skipped: init_per_group failed
=== *** Skipping test case #130 {mam_SUITE,pagination_first5_opt_count} ***
=== 
=case          mam_SUITE:pagination_last5_opt_count
=group_props   [{name,"riak_timed_yz_buckets_with_rsm03"}]
=started       2016-04-11 21:19:55
=result        auto_skipped: init_per_group failed
=== *** Skipping test case #131 {mam_SUITE,pagination_last5_opt_count} ***
=== 
=case          mam_SUITE:pagination_offset5_opt_count
=group_props   [{name,"riak_timed_yz_buckets_with_rsm03"}]
=started       2016-04-11 21:19:55
=result        auto_skipped: init_per_group failed
=== *** Skipping test case #132 {mam_SUITE,pagination_offset5_opt_count} ***
=== 
=case          mam_SUITE:pagination_first25_opt_count_all
=group_props   [{name,"riak_timed_yz_buckets_with_rsm03"}]
=started       2016-04-11 21:19:55
=result        auto_skipped: init_per_group failed
=== *** Skipping test case #133 {mam_SUITE,pagination_first25_opt_count_all} ***
=== 
=case          mam_SUITE:pagination_last25_opt_count_all
=group_props   [{name,"riak_timed_yz_buckets_with_rsm03"}]
=started       2016-04-11 21:19:55
=result        auto_skipped: init_per_group failed
=== *** Skipping test case #134 {mam_SUITE,pagination_last25_opt_count_all} ***
=== 
=case          mam_SUITE:pagination_offset5_opt_count_all
=group_props   [{name,"riak_timed_yz_buckets_with_rsm03"}]
=started       2016-04-11 21:19:55
=result        auto_skipped: init_per_group failed
=== *** Skipping test case #135 {mam_SUITE,pagination_offset5_opt_count_all} ***
=== 
=case          mam_SUITE:end_per_group
=group_props   [{name,"riak_timed_yz_buckets_with_rsm03"}]
=started       2016-04-11 21:19:55
=result        auto_skipped: init_per_group failed
=== *** Skipping {mam_SUITE,end_per_group} ***
=case          mam_SUITE:init_per_group
=logfile       mam_suite.init_per_group.409595.867.html
=group_props   [{name,riak_timed_yz_buckets_with_rsm04}]
=started       2016-04-11 21:19:55
=ended         2016-04-11 21:19:59
=result        failed: {test_case_failed,"Unexpected error IQ."}, [{mam_SUITE,
                                                                    wait_archive_respond_v02,
                                                                    1119},
                                                                   {mam_SUITE,
                                                                    wait_archive_respond_nofin,
                                                                    1108},
                                                                   {mam_SUITE,
                                                                    '-send_rsm_messages/1-fun-0-',
                                                                    2586},
                                                                   {escalus_story,
                                                                    story,40},
                                                                   {mam_SUITE,
                                                                    send_rsm_messages,
                                                                    2592},
                                                                   {mam_SUITE,
                                                                    init_per_group,
                                                                    390},
                                                                   {test_server,
                                                                    ts_tc,
                                                                    1429}]
=== *** FAILED {mam_SUITE,init_per_group} ***
=== 
=case          mam_SUITE:pagination_first5
=group_props   [{name,"riak_timed_yz_buckets_with_rsm04"}]
=started       2016-04-11 21:19:59
=result        auto_skipped: init_per_group failed
=== *** Skipping test case #136 {mam_SUITE,pagination_first5} ***
=== 
=case          mam_SUITE:pagination_last5
=group_props   [{name,"riak_timed_yz_buckets_with_rsm04"}]
=started       2016-04-11 21:19:59
=result        auto_skipped: init_per_group failed
=== *** Skipping test case #137 {mam_SUITE,pagination_last5} ***
=== 
=case          mam_SUITE:pagination_before10
=group_props   [{name,"riak_timed_yz_buckets_with_rsm04"}]
=started       2016-04-11 21:19:59
=result        auto_skipped: init_per_group failed
=== *** Skipping test case #138 {mam_SUITE,pagination_before10} ***
=== 
=case          mam_SUITE:pagination_after10
=group_props   [{name,"riak_timed_yz_buckets_with_rsm04"}]
=started       2016-04-11 21:19:59
=result        auto_skipped: init_per_group failed
=== *** Skipping test case #139 {mam_SUITE,pagination_after10} ***
=== 
=case          mam_SUITE:pagination_empty_rset
=group_props   [{name,"riak_timed_yz_buckets_with_rsm04"}]
=started       2016-04-11 21:19:59
=result        auto_skipped: init_per_group failed
=== *** Skipping test case #140 {mam_SUITE,pagination_empty_rset} ***
=== 
=case          mam_SUITE:pagination_last_after_id5
=group_props   [{name,"riak_timed_yz_buckets_with_rsm04"}]
=started       2016-04-11 21:19:59
=result        auto_skipped: init_per_group failed
=== *** Skipping test case #141 {mam_SUITE,pagination_last_after_id5} ***
=== 
=case          mam_SUITE:pagination_last_after_id5_before_id11
=group_props   [{name,"riak_timed_yz_buckets_with_rsm04"}]
=started       2016-04-11 21:19:59
=result        auto_skipped: init_per_group failed
=== *** Skipping test case #142 {mam_SUITE,pagination_last_after_id5_before_id11} ***
=== 
=case          mam_SUITE:pagination_simple_before10
=group_props   [{name,"riak_timed_yz_buckets_with_rsm04"}]
=started       2016-04-11 21:19:59
=result        auto_skipped: init_per_group failed
=== *** Skipping test case #143 {mam_SUITE,pagination_simple_before10} ***
=== 
=case          mam_SUITE:pagination_first5_opt_count
=group_props   [{name,"riak_timed_yz_buckets_with_rsm04"}]
=started       2016-04-11 21:19:59
=result        auto_skipped: init_per_group failed
=== *** Skipping test case #144 {mam_SUITE,pagination_first5_opt_count} ***
=== 
=case          mam_SUITE:pagination_last5_opt_count
=group_props   [{name,"riak_timed_yz_buckets_with_rsm04"}]
=started       2016-04-11 21:19:59
=result        auto_skipped: init_per_group failed
=== *** Skipping test case #145 {mam_SUITE,pagination_last5_opt_count} ***
=== 
=case          mam_SUITE:pagination_offset5_opt_count
=group_props   [{name,"riak_timed_yz_buckets_with_rsm04"}]
=started       2016-04-11 21:19:59
=result        auto_skipped: init_per_group failed
=== *** Skipping test case #146 {mam_SUITE,pagination_offset5_opt_count} ***
=== 
=case          mam_SUITE:pagination_first25_opt_count_all
=group_props   [{name,"riak_timed_yz_buckets_with_rsm04"}]
=started       2016-04-11 21:19:59
=result        auto_skipped: init_per_group failed
=== *** Skipping test case #147 {mam_SUITE,pagination_first25_opt_count_all} ***
=== 
=case          mam_SUITE:pagination_last25_opt_count_all
=group_props   [{name,"riak_timed_yz_buckets_with_rsm04"}]
=started       2016-04-11 21:19:59
=result        auto_skipped: init_per_group failed
=== *** Skipping test case #148 {mam_SUITE,pagination_last25_opt_count_all} ***
=== 
=case          mam_SUITE:pagination_offset5_opt_count_all
=group_props   [{name,"riak_timed_yz_buckets_with_rsm04"}]
=started       2016-04-11 21:19:59
=result        auto_skipped: init_per_group failed
=== *** Skipping test case #149 {mam_SUITE,pagination_offset5_opt_count_all} ***
=== 
=case          mam_SUITE:end_per_group
=group_props   [{name,"riak_timed_yz_buckets_with_rsm04"}]
=started       2016-04-11 21:19:59
=result        auto_skipped: init_per_group failed
=== *** Skipping {mam_SUITE,end_per_group} ***
=case          mam_SUITE:init_per_group
=logfile       mam_suite.init_per_group.409599.114.html
=group_props   [{name,riak_timed_yz_buckets_muc_rsm}]
=started       2016-04-11 21:19:59
=ended         2016-04-11 21:20:02
=result        failed: {test_case_failed,"Unexpected error IQ."}, [{mam_SUITE,
                                                                    wait_archive_respond_v02,
                                                                    1119},
                                                                   {mam_SUITE,
                                                                    wait_archive_respond_nofin,
                                                                    1108},
                                                                   {mam_SUITE,
                                                                    '-send_muc_rsm_messages/1-fun-0-',
                                                                    2558},
                                                                   {escalus_story,
                                                                    story,40},
                                                                   {mam_SUITE,
                                                                    send_muc_rsm_messages,
                                                                    2564},
                                                                   {mam_SUITE,
                                                                    init_state,
                                                                    660},
                                                                   {mam_SUITE,
                                                                    init_per_group,
                                                                    390}]
=== *** FAILED {mam_SUITE,init_per_group} ***
=== 
=case          mam_SUITE:pagination_first5
=group_props   [{name,"riak_timed_yz_buckets_muc_rsm"}]
=started       2016-04-11 21:20:02
=result        auto_skipped: init_per_group failed
=== *** Skipping test case #150 {mam_SUITE,pagination_first5} ***
=== 
=case          mam_SUITE:pagination_last5
=group_props   [{name,"riak_timed_yz_buckets_muc_rsm"}]
=started       2016-04-11 21:20:02
=result        auto_skipped: init_per_group failed
=== *** Skipping test case #151 {mam_SUITE,pagination_last5} ***
=== 
=case          mam_SUITE:pagination_before10
=group_props   [{name,"riak_timed_yz_buckets_muc_rsm"}]
=started       2016-04-11 21:20:02
=result        auto_skipped: init_per_group failed
=== *** Skipping test case #152 {mam_SUITE,pagination_before10} ***
=== 
=case          mam_SUITE:pagination_after10
=group_props   [{name,"riak_timed_yz_buckets_muc_rsm"}]
=started       2016-04-11 21:20:02
=result        auto_skipped: init_per_group failed
=== *** Skipping test case #153 {mam_SUITE,pagination_after10} ***
=== 
=case          mam_SUITE:pagination_empty_rset
=group_props   [{name,"riak_timed_yz_buckets_muc_rsm"}]
=started       2016-04-11 21:20:02
=result        auto_skipped: init_per_group failed
=== *** Skipping test case #154 {mam_SUITE,pagination_empty_rset} ***
=== 
=case          mam_SUITE:pagination_last_after_id5
=group_props   [{name,"riak_timed_yz_buckets_muc_rsm"}]
=started       2016-04-11 21:20:02
=result        auto_skipped: init_per_group failed
=== *** Skipping test case #155 {mam_SUITE,pagination_last_after_id5} ***
=== 
=case          mam_SUITE:pagination_last_after_id5_before_id11
=group_props   [{name,"riak_timed_yz_buckets_muc_rsm"}]
=started       2016-04-11 21:20:02
=result        auto_skipped: init_per_group failed
=== *** Skipping test case #156 {mam_SUITE,pagination_last_after_id5_before_id11} ***
=== 
=case          mam_SUITE:pagination_simple_before10
=group_props   [{name,"riak_timed_yz_buckets_muc_rsm"}]
=started       2016-04-11 21:20:02
=result        auto_skipped: init_per_group failed
=== *** Skipping test case #157 {mam_SUITE,pagination_simple_before10} ***
=== 
=case          mam_SUITE:pagination_first5_opt_count
=group_props   [{name,"riak_timed_yz_buckets_muc_rsm"}]
=started       2016-04-11 21:20:02
=result        auto_skipped: init_per_group failed
=== *** Skipping test case #158 {mam_SUITE,pagination_first5_opt_count} ***
=== 
=case          mam_SUITE:pagination_last5_opt_count
=group_props   [{name,"riak_timed_yz_buckets_muc_rsm"}]
=started       2016-04-11 21:20:02
=result        auto_skipped: init_per_group failed
=== *** Skipping test case #159 {mam_SUITE,pagination_last5_opt_count} ***
=== 
=case          mam_SUITE:pagination_offset5_opt_count
=group_props   [{name,"riak_timed_yz_buckets_muc_rsm"}]
=started       2016-04-11 21:20:02
=result        auto_skipped: init_per_group failed
=== *** Skipping test case #160 {mam_SUITE,pagination_offset5_opt_count} ***
=== 
=case          mam_SUITE:pagination_first25_opt_count_all
=group_props   [{name,"riak_timed_yz_buckets_muc_rsm"}]
=started       2016-04-11 21:20:02
=result        auto_skipped: init_per_group failed
=== *** Skipping test case #161 {mam_SUITE,pagination_first25_opt_count_all} ***
=== 
=case          mam_SUITE:pagination_last25_opt_count_all
=group_props   [{name,"riak_timed_yz_buckets_muc_rsm"}]
=started       2016-04-11 21:20:02
=result        auto_skipped: init_per_group failed
=== *** Skipping test case #162 {mam_SUITE,pagination_last25_opt_count_all} ***
=== 
=case          mam_SUITE:pagination_offset5_opt_count_all
=group_props   [{name,"riak_timed_yz_buckets_muc_rsm"}]
=started       2016-04-11 21:20:02
=result        auto_skipped: init_per_group failed
=== *** Skipping test case #163 {mam_SUITE,pagination_offset5_opt_count_all} ***
=== 
=case          mam_SUITE:end_per_group
=group_props   [{name,"riak_timed_yz_buckets_muc_rsm"}]
=started       2016-04-11 21:20:02
=result        auto_skipped: init_per_group failed
=== *** Skipping {mam_SUITE,end_per_group} ***
=case          mam_SUITE:init_per_group
=logfile       mam_suite.init_per_group.409602.281.html
=group_props   [{name,riak_timed_yz_buckets_muc_rsm03}]
=started       2016-04-11 21:20:02
=ended         2016-04-11 21:20:05
=result        failed: {test_case_failed,"Unexpected error IQ."}, [{mam_SUITE,
                                                                    wait_archive_respond_v02,
                                                                    1119},
                                                                   {mam_SUITE,
                                                                    wait_archive_respond_nofin,
                                                                    1108},
                                                                   {mam_SUITE,
                                                                    '-send_muc_rsm_messages/1-fun-0-',
                                                                    2558},
                                                                   {escalus_story,
                                                                    story,40},
                                                                   {mam_SUITE,
                                                                    send_muc_rsm_messages,
                                                                    2564},
                                                                   {mam_SUITE,
                                                                    init_state,
                                                                    660},
                                                                   {mam_SUITE,
                                                                    init_state,
                                                                    652}]
=== *** FAILED {mam_SUITE,init_per_group} ***
=== 
=case          mam_SUITE:pagination_first5
=group_props   [{name,"riak_timed_yz_buckets_muc_rsm03"}]
=started       2016-04-11 21:20:05
=result        auto_skipped: init_per_group failed
=== *** Skipping test case #164 {mam_SUITE,pagination_first5} ***
=== 
=case          mam_SUITE:pagination_last5
=group_props   [{name,"riak_timed_yz_buckets_muc_rsm03"}]
=started       2016-04-11 21:20:05
=result        auto_skipped: init_per_group failed
=== *** Skipping test case #165 {mam_SUITE,pagination_last5} ***
=== 
=case          mam_SUITE:pagination_before10
=group_props   [{name,"riak_timed_yz_buckets_muc_rsm03"}]
=started       2016-04-11 21:20:05
=result        auto_skipped: init_per_group failed
=== *** Skipping test case #166 {mam_SUITE,pagination_before10} ***
=== 
=case          mam_SUITE:pagination_after10
=group_props   [{name,"riak_timed_yz_buckets_muc_rsm03"}]
=started       2016-04-11 21:20:05
=result        auto_skipped: init_per_group failed
=== *** Skipping test case #167 {mam_SUITE,pagination_after10} ***
=== 
=case          mam_SUITE:pagination_empty_rset
=group_props   [{name,"riak_timed_yz_buckets_muc_rsm03"}]
=started       2016-04-11 21:20:05
=result        auto_skipped: init_per_group failed
=== *** Skipping test case #168 {mam_SUITE,pagination_empty_rset} ***
=== 
=case          mam_SUITE:pagination_last_after_id5
=group_props   [{name,"riak_timed_yz_buckets_muc_rsm03"}]
=started       2016-04-11 21:20:05
=result        auto_skipped: init_per_group failed
=== *** Skipping test case #169 {mam_SUITE,pagination_last_after_id5} ***
=== 
=case          mam_SUITE:pagination_last_after_id5_before_id11
=group_props   [{name,"riak_timed_yz_buckets_muc_rsm03"}]
=started       2016-04-11 21:20:05
=result        auto_skipped: init_per_group failed
=== *** Skipping test case #170 {mam_SUITE,pagination_last_after_id5_before_id11} ***
=== 
=case          mam_SUITE:pagination_simple_before10
=group_props   [{name,"riak_timed_yz_buckets_muc_rsm03"}]
=started       2016-04-11 21:20:05
=result        auto_skipped: init_per_group failed
=== *** Skipping test case #171 {mam_SUITE,pagination_simple_before10} ***
=== 
=case          mam_SUITE:pagination_first5_opt_count
=group_props   [{name,"riak_timed_yz_buckets_muc_rsm03"}]
=started       2016-04-11 21:20:05
=result        auto_skipped: init_per_group failed
=== *** Skipping test case #172 {mam_SUITE,pagination_first5_opt_count} ***
=== 
=case          mam_SUITE:pagination_last5_opt_count
=group_props   [{name,"riak_timed_yz_buckets_muc_rsm03"}]
=started       2016-04-11 21:20:05
=result        auto_skipped: init_per_group failed
=== *** Skipping test case #173 {mam_SUITE,pagination_last5_opt_count} ***
=== 
=case          mam_SUITE:pagination_offset5_opt_count
=group_props   [{name,"riak_timed_yz_buckets_muc_rsm03"}]
=started       2016-04-11 21:20:05
=result        auto_skipped: init_per_group failed
=== *** Skipping test case #174 {mam_SUITE,pagination_offset5_opt_count} ***
=== 
=case          mam_SUITE:pagination_first25_opt_count_all
=group_props   [{name,"riak_timed_yz_buckets_muc_rsm03"}]
=started       2016-04-11 21:20:05
=result        auto_skipped: init_per_group failed
=== *** Skipping test case #175 {mam_SUITE,pagination_first25_opt_count_all} ***
=== 
=case          mam_SUITE:pagination_last25_opt_count_all
=group_props   [{name,"riak_timed_yz_buckets_muc_rsm03"}]
=started       2016-04-11 21:20:05
=result        auto_skipped: init_per_group failed
=== *** Skipping test case #176 {mam_SUITE,pagination_last25_opt_count_all} ***
=== 
=case          mam_SUITE:pagination_offset5_opt_count_all
=group_props   [{name,"riak_timed_yz_buckets_muc_rsm03"}]
=started       2016-04-11 21:20:05
=result        auto_skipped: init_per_group failed
=== *** Skipping test case #177 {mam_SUITE,pagination_offset5_opt_count_all} ***
=== 
=case          mam_SUITE:end_per_group
=group_props   [{name,"riak_timed_yz_buckets_muc_rsm03"}]
=started       2016-04-11 21:20:05
=result        auto_skipped: init_per_group failed
=== *** Skipping {mam_SUITE,end_per_group} ***
=case          mam_SUITE:init_per_group
=logfile       mam_suite.init_per_group.409605.428.html
=group_props   [{name,riak_timed_yz_buckets_muc_rsm04}]
=started       2016-04-11 21:20:05
=ended         2016-04-11 21:20:08
=result        failed: {test_case_failed,"Unexpected error IQ."}, [{mam_SUITE,
                                                                    wait_archive_respond_v02,
                                                                    1119},
                                                                   {mam_SUITE,
                                                                    wait_archive_respond_nofin,
                                                                    1108},
                                                                   {mam_SUITE,
                                                                    '-send_muc_rsm_messages/1-fun-0-',
                                                                    2558},
                                                                   {escalus_story,
                                                                    story,40},
                                                                   {mam_SUITE,
                                                                    send_muc_rsm_messages,
                                                                    2564},
                                                                   {mam_SUITE,
                                                                    init_state,
                                                                    660},
                                                                   {mam_SUITE,
                                                                    init_state,
                                                                    655}]
=== *** FAILED {mam_SUITE,init_per_group} ***
=== 
=case          mam_SUITE:pagination_first5
=group_props   [{name,"riak_timed_yz_buckets_muc_rsm04"}]
=started       2016-04-11 21:20:08
=result        auto_skipped: init_per_group failed
=== *** Skipping test case #178 {mam_SUITE,pagination_first5} ***
=== 
=case          mam_SUITE:pagination_last5
=group_props   [{name,"riak_timed_yz_buckets_muc_rsm04"}]
=started       2016-04-11 21:20:08
=result        auto_skipped: init_per_group failed
=== *** Skipping test case #179 {mam_SUITE,pagination_last5} ***
=== 
=case          mam_SUITE:pagination_before10
=group_props   [{name,"riak_timed_yz_buckets_muc_rsm04"}]
=started       2016-04-11 21:20:08
=result        auto_skipped: init_per_group failed
=== *** Skipping test case #180 {mam_SUITE,pagination_before10} ***
=== 
=case          mam_SUITE:pagination_after10
=group_props   [{name,"riak_timed_yz_buckets_muc_rsm04"}]
=started       2016-04-11 21:20:08
=result        auto_skipped: init_per_group failed
=== *** Skipping test case #181 {mam_SUITE,pagination_after10} ***
=== 
=case          mam_SUITE:pagination_empty_rset
=group_props   [{name,"riak_timed_yz_buckets_muc_rsm04"}]
=started       2016-04-11 21:20:08
=result        auto_skipped: init_per_group failed
=== *** Skipping test case #182 {mam_SUITE,pagination_empty_rset} ***
=== 
=case          mam_SUITE:pagination_last_after_id5
=group_props   [{name,"riak_timed_yz_buckets_muc_rsm04"}]
=started       2016-04-11 21:20:08
=result        auto_skipped: init_per_group failed
=== *** Skipping test case #183 {mam_SUITE,pagination_last_after_id5} ***
=== 
=case          mam_SUITE:pagination_last_after_id5_before_id11
=group_props   [{name,"riak_timed_yz_buckets_muc_rsm04"}]
=started       2016-04-11 21:20:08
=result        auto_skipped: init_per_group failed
=== *** Skipping test case #184 {mam_SUITE,pagination_last_after_id5_before_id11} ***
=== 
=case          mam_SUITE:pagination_simple_before10
=group_props   [{name,"riak_timed_yz_buckets_muc_rsm04"}]
=started       2016-04-11 21:20:08
=result        auto_skipped: init_per_group failed
=== *** Skipping test case #185 {mam_SUITE,pagination_simple_before10} ***
=== 
=case          mam_SUITE:pagination_first5_opt_count
=group_props   [{name,"riak_timed_yz_buckets_muc_rsm04"}]
=started       2016-04-11 21:20:08
=result        auto_skipped: init_per_group failed
=== *** Skipping test case #186 {mam_SUITE,pagination_first5_opt_count} ***
=== 
=case          mam_SUITE:pagination_last5_opt_count
=group_props   [{name,"riak_timed_yz_buckets_muc_rsm04"}]
=started       2016-04-11 21:20:08
=result        auto_skipped: init_per_group failed
=== *** Skipping test case #187 {mam_SUITE,pagination_last5_opt_count} ***
=== 
=case          mam_SUITE:pagination_offset5_opt_count
=group_props   [{name,"riak_timed_yz_buckets_muc_rsm04"}]
=started       2016-04-11 21:20:08
=result        auto_skipped: init_per_group failed
=== *** Skipping test case #188 {mam_SUITE,pagination_offset5_opt_count} ***
=== 
=case          mam_SUITE:pagination_first25_opt_count_all
=group_props   [{name,"riak_timed_yz_buckets_muc_rsm04"}]
=started       2016-04-11 21:20:08
=result        auto_skipped: init_per_group failed
=== *** Skipping test case #189 {mam_SUITE,pagination_first25_opt_count_all} ***
=== 
=case          mam_SUITE:pagination_last25_opt_count_all
=group_props   [{name,"riak_timed_yz_buckets_muc_rsm04"}]
=started       2016-04-11 21:20:08
=result        auto_skipped: init_per_group failed
=== *** Skipping test case #190 {mam_SUITE,pagination_last25_opt_count_all} ***
=== 
=case          mam_SUITE:pagination_offset5_opt_count_all
=group_props   [{name,"riak_timed_yz_buckets_muc_rsm04"}]
=started       2016-04-11 21:20:08
=result        auto_skipped: init_per_group failed
=== *** Skipping test case #191 {mam_SUITE,pagination_offset5_opt_count_all} ***
=== 
=case          mam_SUITE:end_per_group
=group_props   [{name,"riak_timed_yz_buckets_muc_rsm04"}]
=started       2016-04-11 21:20:08
=result        auto_skipped: init_per_group failed
=== *** Skipping {mam_SUITE,end_per_group} ***
=case          mam_SUITE:init_per_group
=logfile       mam_suite.init_per_group.409608.583.html
=group_props   [{name,riak_timed_yz_buckets_bootstrapped}]
=started       2016-04-11 21:20:08
=ended         2016-04-11 21:20:08
=result        ok
=elapsed       0.182434
=case          mam_SUITE:purge_old_single_message
=logfile       mam_suite.purge_old_single_message.html
=started       2016-04-11 21:20:08
=ended         2016-04-11 21:20:12
=result        failed: {test_case_failed,"Unexpected error IQ."}, [{mam_SUITE,
                                                                    wait_archive_respond_v02,
                                                                    1119},
                                                                   {mam_SUITE,
                                                                    wait_archive_respond_nofin,
                                                                    1108},
                                                                   {mam_SUITE,
                                                                    '-purge_old_single_message/1-fun-0-',
                                                                    1268},
                                                                   {escalus_story,
                                                                    story,40},
                                                                   {test_server,
                                                                    ts_tc,
                                                                    1429},
                                                                   {test_server,
                                                                    run_test_case_eval1,
                                                                    1026},
                                                                   {test_server,
                                                                    run_test_case_eval,
                                                                    968}]
=== *** FAILED test case 192 of 203 ***
=case          mam_SUITE:querying_for_all_messages_with_jid
=logfile       mam_suite.querying_for_all_messages_with_jid.html
=started       2016-04-11 21:20:12
=ended         2016-04-11 21:20:15
=result        failed: {test_case_failed,"Unexpected error IQ."}, [{mam_SUITE,
                                                                    wait_archive_respond_v02,
                                                                    1119},
                                                                   {mam_SUITE,
                                                                    wait_archive_respond_nofin,
                                                                    1108},
                                                                   {mam_SUITE,
                                                                    '-querying_for_all_messages_with_jid/1-fun-0-',
                                                                    943},
                                                                   {escalus_story,
                                                                    story,40},
                                                                   {test_server,
                                                                    ts_tc,
                                                                    1429},
                                                                   {test_server,
                                                                    run_test_case_eval1,
                                                                    1026},
                                                                   {test_server,
                                                                    run_test_case_eval,
                                                                    968}]
=== *** FAILED test case 193 of 203 ***
=case          mam_SUITE:end_per_group
=logfile       mam_suite.end_per_group.409615.716.html
=group_props   [{name,riak_timed_yz_buckets_bootstrapped}]
=started       2016-04-11 21:20:15
=ended         2016-04-11 21:20:15
=result        ok
=elapsed       0.062446
=group_time    7.134s
=case          mam_SUITE:init_per_group
=logfile       mam_suite.init_per_group.409615.805.html
=group_props   [{name,riak_timed_yz_buckets_archived}]
=started       2016-04-11 21:20:15
=ended         2016-04-11 21:20:16
=result        ok
=elapsed       0.185499
=case          mam_SUITE:archived
=logfile       mam_suite.archived.html
=started       2016-04-11 21:20:16
=ended         2016-04-11 21:20:16
=result        failed: {function_clause,
                           [{exml_query,attr,
                                [undefined,<<"by">>,undefined],
                                [{file,"src/exml_query.erl"},{line,83}]},
                            {mam_SUITE,'-archived/1-fun-0-',4,
                                [{file,"mam_SUITE.erl"},{line,996}]},
                            {escalus_story,story,3,
                                [{file,"src/escalus_story.erl"},{line,40}]},
                            {test_server,ts_tc,3,
                                [{file,"test_server.erl"},{line,1429}]},
                            {test_server,run_test_case_eval1,6,
                                [{file,"test_server.erl"},{line,1026}]},
                            {test_server,run_test_case_eval,9,
                                [{file,"test_server.erl"},{line,968}]}]}, [{exml_query,
                                                                            attr,
                                                                            83},
                                                                           {mam_SUITE,
                                                                            '-archived/1-fun-0-',
                                                                            996},
                                                                           {escalus_story,
                                                                            story,
                                                                            40},
                                                                           {test_server,
                                                                            ts_tc,
                                                                            1429},
                                                                           {test_server,
                                                                            run_test_case_eval1,
                                                                            1026},
                                                                           {test_server,
                                                                            run_test_case_eval,
                                                                            968}]
=== *** FAILED test case 194 of 203 ***
=case          mam_SUITE:strip_archived
=logfile       mam_suite.strip_archived.html
=started       2016-04-11 21:20:16
=ended         2016-04-11 21:20:19
=result        failed: {test_case_failed,"Unexpected error IQ."}, [{mam_SUITE,
                                                                    wait_archive_respond_v02,
                                                                    1119},
                                                                   {mam_SUITE,
                                                                    wait_archive_respond_nofin,
                                                                    1108},
                                                                   {mam_SUITE,
                                                                    '-strip_archived/1-fun-0-',
                                                                    1060},
                                                                   {escalus_story,
                                                                    story,40},
                                                                   {test_server,
                                                                    ts_tc,
                                                                    1429},
                                                                   {test_server,
                                                                    run_test_case_eval1,
                                                                    1026},
                                                                   {test_server,
                                                                    run_test_case_eval,
                                                                    968}]
=== *** FAILED test case 195 of 203 ***
=case          mam_SUITE:filter_forwarded
=logfile       mam_suite.filter_forwarded.html
=started       2016-04-11 21:20:19
=ended         2016-04-11 21:20:22
=result        failed: {test_case_failed,"Unexpected error IQ."}, [{mam_SUITE,
                                                                    wait_archive_respond_v02,
                                                                    1119},
                                                                   {mam_SUITE,
                                                                    wait_archive_respond_nofin,
                                                                    1108},
                                                                   {mam_SUITE,
                                                                    '-filter_forwarded/1-fun-0-',
                                                                    1027},
                                                                   {escalus_story,
                                                                    story,40},
                                                                   {test_server,
                                                                    ts_tc,
                                                                    1429},
                                                                   {test_server,
                                                                    run_test_case_eval1,
                                                                    1026},
                                                                   {test_server,
                                                                    run_test_case_eval,
                                                                    968}]
=== *** FAILED test case 196 of 203 ***
=case          mam_SUITE:end_per_group
=logfile       mam_suite.end_per_group.409622.713.html
=group_props   [{name,riak_timed_yz_buckets_archived}]
=started       2016-04-11 21:20:22
=ended         2016-04-11 21:20:22
=result        ok
=elapsed       0.070693
=group_time    6.908s
=case          mam_SUITE:init_per_group
=logfile       mam_suite.init_per_group.409622.810.html
=group_props   [{name,riak_timed_yz_buckets_policy_violation}]
=started       2016-04-11 21:20:22
=ended         2016-04-11 21:20:23
=result        ok
=elapsed       0.179263
=case          mam_SUITE:policy_violation
=logfile       mam_suite.policy_violation.html
=started       2016-04-11 21:20:23
=ended         2016-04-11 21:20:26
=result        failed: {test_case_failed,
                           "ASSERT EQUAL\n\tExpected <<\"policy-violation\">>\n\tValue <<\"internal-server-error\">>\n"}, [{mam_SUITE,
                                                                                                                            '-policy_violation/1-fun-0-',
                                                                                                                            1186},
                                                                                                                           {escalus_story,
                                                                                                                            story,
                                                                                                                            40},
                                                                                                                           {test_server,
                                                                                                                            ts_tc,
                                                                                                                            1429},
                                                                                                                           {test_server,
                                                                                                                            run_test_case_eval1,
                                                                                                                            1026},
                                                                                                                           {test_server,
                                                                                                                            run_test_case_eval,
                                                                                                                            968}]
=== *** FAILED test case 197 of 203 ***
=case          mam_SUITE:end_per_group
=logfile       mam_suite.end_per_group.409626.222.html
=group_props   [{name,riak_timed_yz_buckets_policy_violation}]
=started       2016-04-11 21:20:26
=ended         2016-04-11 21:20:26
=result        ok
=elapsed       0.069507
=group_time    3.411s
=case          mam_SUITE:init_per_group
=logfile       mam_suite.init_per_group.409626.319.html
=group_props   [{name,riak_timed_yz_buckets_nostore}]
=started       2016-04-11 21:20:26
=ended         2016-04-11 21:20:26
=result        ok
=elapsed       0.175154
=case          mam_SUITE:offline_message
=logfile       mam_suite.offline_message.html
=started       2016-04-11 21:20:26
=ended         2016-04-11 21:20:32
=result        failed: {test_case_failed,"Unexpected error IQ."}, [{mam_SUITE,
                                                                    wait_archive_respond_v02,
                                                                    1119},
                                                                   {mam_SUITE,
                                                                    wait_archive_respond_nofin,
                                                                    1108},
                                                                   {mam_SUITE,
                                                                    offline_message,
                                                                    1220},
                                                                   {test_server,
                                                                    ts_tc,
                                                                    1429},
                                                                   {test_server,
                                                                    run_test_case_eval1,
                                                                    1026},
                                                                   {test_server,
                                                                    run_test_case_eval,
                                                                    968}]
=== *** FAILED test case 198 of 203 ***
=case          mam_SUITE:nostore_hint
=logfile       mam_suite.nostore_hint.html
=started       2016-04-11 21:20:32
=ended         2016-04-11 21:20:35
=result        failed: {test_case_failed,"Unexpected error IQ."}, [{mam_SUITE,
                                                                    wait_archive_respond_v02,
                                                                    1119},
                                                                   {mam_SUITE,
                                                                    wait_archive_respond_nofin,
                                                                    1108},
                                                                   {mam_SUITE,
                                                                    '-nostore_hint/1-fun-0-',
                                                                    1237},
                                                                   {escalus_story,
                                                                    story,40},
                                                                   {test_server,
                                                                    ts_tc,
                                                                    1429},
                                                                   {test_server,
                                                                    run_test_case_eval1,
                                                                    1026},
                                                                   {test_server,
                                                                    run_test_case_eval,
                                                                    968}]
=== *** FAILED test case 199 of 203 ***
=case          mam_SUITE:end_per_group
=logfile       mam_suite.end_per_group.409635.491.html
=group_props   [{name,riak_timed_yz_buckets_nostore}]
=started       2016-04-11 21:20:35
=ended         2016-04-11 21:20:35
=result        ok
=elapsed       0.068844
=group_time    9.172s
=case          mam_SUITE:init_per_group
=logfile       mam_suite.init_per_group.409635.586.html
=group_props   [{name,riak_timed_yz_buckets_prefs_cases}]
=started       2016-04-11 21:20:35
=ended         2016-04-11 21:20:35
=result        ok
=elapsed       0.182937
=case          mam_SUITE:prefs_set_request
=logfile       mam_suite.prefs_set_request.html
=started       2016-04-11 21:20:35
=ended         2016-04-11 21:20:35
=result        skipped: "prefs not implemented for riak"
=== *** SKIPPED test case 200 of 203 ***
=case          mam_SUITE:prefs_set_cdata_request
=logfile       mam_suite.prefs_set_cdata_request.html
=started       2016-04-11 21:20:35
=ended         2016-04-11 21:20:35
=result        skipped: "prefs not implemented for riak"
=== *** SKIPPED test case 201 of 203 ***
=case          mam_SUITE:run_prefs_cases
=logfile       mam_suite.run_prefs_cases.html
=started       2016-04-11 21:20:35
=ended         2016-04-11 21:20:39
=result        failed: {test_case_failed,"Unexpected error IQ."}, [{mam_SUITE,
                                                                    wait_archive_respond_v02,
                                                                    1119},
                                                                   {mam_SUITE,
                                                                    wait_archive_respond_nofin,
                                                                    1108},
                                                                   {mam_SUITE,
                                                                    get_all_messages,
                                                                    3031},
                                                                   {mam_SUITE,
                                                                    '-run_prefs_cases/1-fun-0-',
                                                                    2965},
                                                                   {escalus_story,
                                                                    story,40},
                                                                   {test_server,
                                                                    ts_tc,
                                                                    1429},
                                                                   {test_server,
                                                                    run_test_case_eval1,
                                                                    1026}]
=== *** FAILED test case 202 of 203 ***
=case          mam_SUITE:run_set_and_get_prefs_cases
=logfile       mam_suite.run_set_and_get_prefs_cases.html
=started       2016-04-11 21:20:39
=ended         2016-04-11 21:20:39
=result        ok
=elapsed       0.42878
=case          mam_SUITE:end_per_group
=logfile       mam_suite.end_per_group.409639.838.html
=group_props   [{name,riak_timed_yz_buckets_prefs_cases}]
=started       2016-04-11 21:20:39
=ended         2016-04-11 21:20:39
=result        ok
=elapsed       0.101682
=group_time    4.252s
=case          mam_SUITE:end_per_suite
=logfile       mam_suite.end_per_suite.html
=started       2016-04-11 21:20:39
=ended         2016-04-11 21:20:40
=result        ok
=elapsed       0.003323
=group_time    186.816s
=== TEST COMPLETE, 16 ok, 59 failed, 128 skipped of 203 test cases

=finished      2016-04-11 21:20:40
=failed        59
=successful    16
=user_skipped  2
=auto_skipped  126
